<?xml version="1.0" encoding="utf-8"?>
<TestRun id="27e459b8-2610-42ad-b8a9-e13ac68b7956" name="JG@DESKTOP-1304CKW 2025-09-21 20:36:06" runUser="DESKTOP-1304CKW\JG" xmlns="http://microsoft.com/schemas/VisualStudio/TeamTest/2010">
  <Times creation="2025-09-21T20:36:06.1731483-04:00" queuing="2025-09-21T20:36:06.1731485-04:00" start="2025-09-21T20:36:05.7883537-04:00" finish="2025-09-21T20:36:06.2200491-04:00" />
  <TestSettings name="default" id="bc50bcbd-3037-45d2-a387-364c6f716974">
    <Deployment runDeploymentRoot="JG_DESKTOP-1304CKW_2025-09-21_20_36_06" />
  </TestSettings>
  <Results>
    <UnitTestResult executionId="6661b5ed-db27-4656-b046-e6186026b4fd" testId="ea01fe68-6181-ad45-8034-2c8bbf6d21d3" testName="validate_oneGo_returnsReceiptString" computerName="DESKTOP-1304CKW" duration="00:00:00.0027682" startTime="2025-09-21T20:36:06.1531904-04:00" endTime="2025-09-21T20:36:06.1560898-04:00" testType="13cdc9d9-ddb5-4fa4-a97d-d965ccfc6d4b" outcome="Passed" testListId="8c84fa94-04c1-424b-9868-57a2d4851a1d" relativeResultsDirectory="6661b5ed-db27-4656-b046-e6186026b4fd" />
    <UnitTestResult executionId="32511b47-c397-4e60-83e5-7706e5ae6f25" testId="ec476349-50aa-b34b-91c9-d9dae68ad857" testName="validate_addBeverage_returnList" computerName="DESKTOP-1304CKW" duration="00:00:00.0003140" startTime="2025-09-21T20:36:06.1426013-04:00" endTime="2025-09-21T20:36:06.1429993-04:00" testType="13cdc9d9-ddb5-4fa4-a97d-d965ccfc6d4b" outcome="Passed" testListId="8c84fa94-04c1-424b-9868-57a2d4851a1d" relativeResultsDirectory="32511b47-c397-4e60-83e5-7706e5ae6f25" />
    <UnitTestResult executionId="dc3c2b5b-6a02-40d6-b622-de4edd8498eb" testId="0ce33c1c-508e-938f-348f-d3424a2d1dff" testName="validate_priceAccuracyCheck_returnsDecimal" computerName="DESKTOP-1304CKW" duration="00:00:00.0001759" startTime="2025-09-21T20:36:06.1476071-04:00" endTime="2025-09-21T20:36:06.1478865-04:00" testType="13cdc9d9-ddb5-4fa4-a97d-d965ccfc6d4b" outcome="Passed" testListId="8c84fa94-04c1-424b-9868-57a2d4851a1d" relativeResultsDirectory="dc3c2b5b-6a02-40d6-b622-de4edd8498eb" />
    <UnitTestResult executionId="6a4aeda9-43d1-4256-ba18-353d9a020520" testId="1f1c733d-46a1-51a1-40bc-fc63e95fbd4a" testName="check_plantMilkAllegenFlag_returnsEmptyList" computerName="DESKTOP-1304CKW" duration="00:00:00.0000876" startTime="2025-09-21T20:36:06.1132908-04:00" endTime="2025-09-21T20:36:06.1134600-04:00" testType="13cdc9d9-ddb5-4fa4-a97d-d965ccfc6d4b" outcome="Passed" testListId="8c84fa94-04c1-424b-9868-57a2d4851a1d" relativeResultsDirectory="6a4aeda9-43d1-4256-ba18-353d9a020520" />
    <UnitTestResult executionId="71dfffbe-e242-4833-9937-14dd7b50b751" testId="36010a2c-850b-174f-54b5-80641612d7ab" testName="invalid_minimumShots_returnsFailureFlag" computerName="DESKTOP-1304CKW" duration="00:00:00.0001367" startTime="2025-09-21T20:36:06.1358901-04:00" endTime="2025-09-21T20:36:06.1360820-04:00" testType="13cdc9d9-ddb5-4fa4-a97d-d965ccfc6d4b" outcome="Passed" testListId="8c84fa94-04c1-424b-9868-57a2d4851a1d" relativeResultsDirectory="71dfffbe-e242-4833-9937-14dd7b50b751" />
    <UnitTestResult executionId="15fbf6f6-42ae-4088-9ac9-4c3e016d1660" testId="d7f2bd3b-8ae5-052d-9eed-b32d1161442f" testName="invalid_beverageList_returnsDecimal" computerName="DESKTOP-1304CKW" duration="00:00:00.0001090" startTime="2025-09-21T20:36:06.1484688-04:00" endTime="2025-09-21T20:36:06.1486251-04:00" testType="13cdc9d9-ddb5-4fa4-a97d-d965ccfc6d4b" outcome="Passed" testListId="8c84fa94-04c1-424b-9868-57a2d4851a1d" relativeResultsDirectory="15fbf6f6-42ae-4088-9ac9-4c3e016d1660" />
    <UnitTestResult executionId="c6066987-cbbe-4208-848d-37881f079596" testId="390679b4-c47c-97a6-8411-4aecfef0859d" testName="errorCheck_baseDrinkNotPresent_returnsTrue" computerName="DESKTOP-1304CKW" duration="00:00:00.0000737" startTime="2025-09-21T20:36:06.1470820-04:00" endTime="2025-09-21T20:36:06.1472117-04:00" testType="13cdc9d9-ddb5-4fa4-a97d-d965ccfc6d4b" outcome="Passed" testListId="8c84fa94-04c1-424b-9868-57a2d4851a1d" relativeResultsDirectory="c6066987-cbbe-4208-848d-37881f079596" />
    <UnitTestResult executionId="b9547019-f785-477f-98d1-58ee97e2e5e2" testId="606ef3a1-3997-4db2-0085-4bcb828b7299" testName="validate_happyHourOnColdDrink_returnsNoDiscount" computerName="DESKTOP-1304CKW" duration="00:00:00.0001018" startTime="2025-09-21T20:36:06.1519897-04:00" endTime="2025-09-21T20:36:06.1521692-04:00" testType="13cdc9d9-ddb5-4fa4-a97d-d965ccfc6d4b" outcome="Passed" testListId="8c84fa94-04c1-424b-9868-57a2d4851a1d" relativeResultsDirectory="b9547019-f785-477f-98d1-58ee97e2e5e2" />
    <UnitTestResult executionId="6a386198-00a7-4812-ba28-5d349ad6cf8c" testId="e56a46cd-6e7b-7362-63ca-10db6895a1ef" testName="invalid_size_returnsFailureflag" computerName="DESKTOP-1304CKW" duration="00:00:00.0001275" startTime="2025-09-21T20:36:06.1367313-04:00" endTime="2025-09-21T20:36:06.1369213-04:00" testType="13cdc9d9-ddb5-4fa4-a97d-d965ccfc6d4b" outcome="Passed" testListId="8c84fa94-04c1-424b-9868-57a2d4851a1d" relativeResultsDirectory="6a386198-00a7-4812-ba28-5d349ad6cf8c" />
    <UnitTestResult executionId="a3761fd2-9d60-4d31-b807-5602093fa77b" testId="ad68016f-2397-a5b2-ddb5-873ba2e96ea0" testName="valid_enums_returnsCloset" computerName="DESKTOP-1304CKW" duration="00:00:00.0001444" startTime="2025-09-21T20:36:06.1561122-04:00" endTime="2025-09-21T20:36:06.1563443-04:00" testType="13cdc9d9-ddb5-4fa4-a97d-d965ccfc6d4b" outcome="Passed" testListId="8c84fa94-04c1-424b-9868-57a2d4851a1d" relativeResultsDirectory="a3761fd2-9d60-4d31-b807-5602093fa77b" />
    <UnitTestResult executionId="f99ed890-1569-4f6a-a965-a545bf750fa7" testId="65fec8e7-95d7-1798-3572-31a04b19530c" testName="validate_selectsBOGOWhenBetterDeal_returnsBOGODiscount" computerName="DESKTOP-1304CKW" duration="00:00:00.0001886" startTime="2025-09-21T20:36:06.1510439-04:00" endTime="2025-09-21T20:36:06.1512917-04:00" testType="13cdc9d9-ddb5-4fa4-a97d-d965ccfc6d4b" outcome="Passed" testListId="8c84fa94-04c1-424b-9868-57a2d4851a1d" relativeResultsDirectory="f99ed890-1569-4f6a-a965-a545bf750fa7" />
    <UnitTestResult executionId="75736cf2-d4f9-4748-9c71-07156db0b165" testId="7b48ba01-5945-d7ac-ebab-80cc260f0d4a" testName="check_VeryHotKidFriendly_returnsFalse" computerName="DESKTOP-1304CKW" duration="00:00:00.0000979" startTime="2025-09-21T20:36:06.1131439-04:00" endTime="2025-09-21T20:36:06.1132740-04:00" testType="13cdc9d9-ddb5-4fa4-a97d-d965ccfc6d4b" outcome="Passed" testListId="8c84fa94-04c1-424b-9868-57a2d4851a1d" relativeResultsDirectory="75736cf2-d4f9-4748-9c71-07156db0b165" />
    <UnitTestResult executionId="38d5c4f2-b02b-48fc-b65c-f06254472d16" testId="1c6110d1-3e41-4d5c-377b-c77d31945bb1" testName="validate_roundValueToNickle_returnsDecimal" computerName="DESKTOP-1304CKW" duration="00:00:00.0000852" startTime="2025-09-21T20:36:06.1483179-04:00" endTime="2025-09-21T20:36:06.1484506-04:00" testType="13cdc9d9-ddb5-4fa4-a97d-d965ccfc6d4b" outcome="Passed" testListId="8c84fa94-04c1-424b-9868-57a2d4851a1d" relativeResultsDirectory="38d5c4f2-b02b-48fc-b65c-f06254472d16" />
    <UnitTestResult executionId="56b5ea41-f40c-4210-93cd-5bb3054ffd16" testId="a43d519d-2109-109a-b451-69921fbbcf5f" testName="validate_syrupsNotValid_returnsTrue" computerName="DESKTOP-1304CKW" duration="00:00:00.0000544" startTime="2025-09-21T20:36:06.1454399-04:00" endTime="2025-09-21T20:36:06.1455381-04:00" testType="13cdc9d9-ddb5-4fa4-a97d-d965ccfc6d4b" outcome="Passed" testListId="8c84fa94-04c1-424b-9868-57a2d4851a1d" relativeResultsDirectory="56b5ea41-f40c-4210-93cd-5bb3054ffd16" />
    <UnitTestResult executionId="f0be276f-7822-4d60-acee-34b90251206a" testId="8cde6510-60ec-3359-52b7-be0d7e4fe308" testName="check_plantMilkAllegenFlag_returnsList" computerName="DESKTOP-1304CKW" duration="00:00:00.0051826" startTime="2025-09-21T20:36:06.0920441-04:00" endTime="2025-09-21T20:36:06.1089000-04:00" testType="13cdc9d9-ddb5-4fa4-a97d-d965ccfc6d4b" outcome="Passed" testListId="8c84fa94-04c1-424b-9868-57a2d4851a1d" relativeResultsDirectory="f0be276f-7822-4d60-acee-34b90251206a" />
    <UnitTestResult executionId="4170d52e-7052-4d8d-a774-f10735550527" testId="6dd57b3a-8c69-15a5-c750-a55449d280f1" testName="errorCheck_oneStringListNull_returnsStringList" computerName="DESKTOP-1304CKW" duration="00:00:00.0000568" startTime="2025-09-21T20:36:06.1571740-04:00" endTime="2025-09-21T20:36:06.1572647-04:00" testType="13cdc9d9-ddb5-4fa4-a97d-d965ccfc6d4b" outcome="Passed" testListId="8c84fa94-04c1-424b-9868-57a2d4851a1d" relativeResultsDirectory="4170d52e-7052-4d8d-a774-f10735550527" />
    <UnitTestResult executionId="c0a690f6-ed2d-4ab6-995c-19a4dfb32e53" testId="f0339a23-4439-35e7-eed6-e862427f24bc" testName="validate_OrderPriceCalculationWithDiscount_returnsDecimal" computerName="DESKTOP-1304CKW" duration="00:00:00.0003394" startTime="2025-09-21T20:36:06.1479074-04:00" endTime="2025-09-21T20:36:06.1482931-04:00" testType="13cdc9d9-ddb5-4fa4-a97d-d965ccfc6d4b" outcome="Passed" testListId="8c84fa94-04c1-424b-9868-57a2d4851a1d" relativeResultsDirectory="c0a690f6-ed2d-4ab6-995c-19a4dfb32e53" />
    <UnitTestResult executionId="99c03ea5-6c47-4f0e-8a37-dca69e6a95a8" testId="c80102e6-670b-1527-6f18-0068aba9f673" testName="errorCheck_milkNoneShotsMoreThan0_returnsTrue" computerName="DESKTOP-1304CKW" duration="00:00:00.0000297" startTime="2025-09-21T20:36:06.1475072-04:00" endTime="2025-09-21T20:36:06.1475917-04:00" testType="13cdc9d9-ddb5-4fa4-a97d-d965ccfc6d4b" outcome="Passed" testListId="8c84fa94-04c1-424b-9868-57a2d4851a1d" relativeResultsDirectory="99c03ea5-6c47-4f0e-8a37-dca69e6a95a8" />
    <UnitTestResult executionId="02c26855-7452-48e2-bd10-ddb3ac5e2a31" testId="ff429328-86e1-bfe1-0aea-aa87ae3082f9" testName="validate_dedupeStringList_returnsStringList" computerName="DESKTOP-1304CKW" duration="00:00:00.0000911" startTime="2025-09-21T20:36:06.1566360-04:00" endTime="2025-09-21T20:36:06.1568405-04:00" testType="13cdc9d9-ddb5-4fa4-a97d-d965ccfc6d4b" outcome="Passed" testListId="8c84fa94-04c1-424b-9868-57a2d4851a1d" relativeResultsDirectory="02c26855-7452-48e2-bd10-ddb3ac5e2a31" />
    <UnitTestResult executionId="9db1c78a-e8f6-421e-ab99-faeb08901c6c" testId="76f28a51-6c6e-f112-dcba-bb316d5f2b0d" testName="validate_bogoOnCheaperDrink_returnsDiscount" computerName="DESKTOP-1304CKW" duration="00:00:00.0005499" startTime="2025-09-21T20:36:06.1503931-04:00" endTime="2025-09-21T20:36:06.1510211-04:00" testType="13cdc9d9-ddb5-4fa4-a97d-d965ccfc6d4b" outcome="Passed" testListId="8c84fa94-04c1-424b-9868-57a2d4851a1d" relativeResultsDirectory="9db1c78a-e8f6-421e-ab99-faeb08901c6c" />
    <UnitTestResult executionId="9a1875d4-198d-4052-a91a-f55cca8370fe" testId="d97dafe4-57d6-bac9-6b7b-2615f318c993" testName="validate_roundValueToNickleRoundUp_returnsDecimal" computerName="DESKTOP-1304CKW" duration="00:00:00.0000751" startTime="2025-09-21T20:36:06.1494045-04:00" endTime="2025-09-21T20:36:06.1495638-04:00" testType="13cdc9d9-ddb5-4fa4-a97d-d965ccfc6d4b" outcome="Passed" testListId="8c84fa94-04c1-424b-9868-57a2d4851a1d" relativeResultsDirectory="9a1875d4-198d-4052-a91a-f55cca8370fe" />
    <UnitTestResult executionId="d64f5c88-f840-4b36-943e-d087df65cbc3" testId="c2b880c4-6aa3-a22e-c26b-92d66c839b56" testName="validate_addDiscountEmptyBeverages_returnDiscountOBJ" computerName="DESKTOP-1304CKW" duration="00:00:00.0000714" startTime="2025-09-21T20:36:06.1439847-04:00" endTime="2025-09-21T20:36:06.1440970-04:00" testType="13cdc9d9-ddb5-4fa4-a97d-d965ccfc6d4b" outcome="Passed" testListId="8c84fa94-04c1-424b-9868-57a2d4851a1d" relativeResultsDirectory="d64f5c88-f840-4b36-943e-d087df65cbc3" />
    <UnitTestResult executionId="bbcb32e7-f173-4e34-aff6-bd8eb94865d0" testId="8fa8cb8a-b2fb-0012-f716-122e7992943f" testName="validate_toppingsNotValid_returnsTrue" computerName="DESKTOP-1304CKW" duration="00:00:00.0000408" startTime="2025-09-21T20:36:06.1458242-04:00" endTime="2025-09-21T20:36:06.1458893-04:00" testType="13cdc9d9-ddb5-4fa4-a97d-d965ccfc6d4b" outcome="Passed" testListId="8c84fa94-04c1-424b-9868-57a2d4851a1d" relativeResultsDirectory="bbcb32e7-f173-4e34-aff6-bd8eb94865d0" />
    <UnitTestResult executionId="a5e16bd7-667b-4e7d-af0b-6b27be5f0d10" testId="86c9001e-ba01-1836-ae0f-c054a0d569cd" testName="check_vegan_returnsTrue" computerName="DESKTOP-1304CKW" duration="00:00:00.0001261" startTime="2025-09-21T20:36:06.1125620-04:00" endTime="2025-09-21T20:36:06.1127271-04:00" testType="13cdc9d9-ddb5-4fa4-a97d-d965ccfc6d4b" outcome="Passed" testListId="8c84fa94-04c1-424b-9868-57a2d4851a1d" relativeResultsDirectory="a5e16bd7-667b-4e7d-af0b-6b27be5f0d10" />
    <UnitTestResult executionId="527a3592-cad4-4b17-bbd8-7ed2c0bdf200" testId="b2e73580-fd80-1e2e-5c34-05f7ff670fb0" testName="invalid_maxSyrups_returnsFailureFlag" computerName="DESKTOP-1304CKW" duration="00:00:00.0001422" startTime="2025-09-21T20:36:06.1362621-04:00" endTime="2025-09-21T20:36:06.1364963-04:00" testType="13cdc9d9-ddb5-4fa4-a97d-d965ccfc6d4b" outcome="Passed" testListId="8c84fa94-04c1-424b-9868-57a2d4851a1d" relativeResultsDirectory="527a3592-cad4-4b17-bbd8-7ed2c0bdf200" />
    <UnitTestResult executionId="13592c4e-1ce4-4f3c-ae65-61af5ff0a797" testId="29a04268-c10a-2726-9088-840fd26aaeb7" testName="validate_roundValueToNickleRoundDown_returnsDecimal" computerName="DESKTOP-1304CKW" duration="00:00:00.0000501" startTime="2025-09-21T20:36:06.1486484-04:00" endTime="2025-09-21T20:36:06.1487498-04:00" testType="13cdc9d9-ddb5-4fa4-a97d-d965ccfc6d4b" outcome="Passed" testListId="8c84fa94-04c1-424b-9868-57a2d4851a1d" relativeResultsDirectory="13592c4e-1ce4-4f3c-ae65-61af5ff0a797" />
    <UnitTestResult executionId="70811361-07dd-4662-bbfe-96b8d9140ace" testId="91166a69-5c0c-0669-c2f4-fb5ab83f0226" testName="valid_drink_returnsDrink" computerName="DESKTOP-1304CKW" duration="00:00:00.0013870" startTime="2025-09-21T20:36:06.1334139-04:00" endTime="2025-09-21T20:36:06.1349745-04:00" testType="13cdc9d9-ddb5-4fa4-a97d-d965ccfc6d4b" outcome="Passed" testListId="8c84fa94-04c1-424b-9868-57a2d4851a1d" relativeResultsDirectory="70811361-07dd-4662-bbfe-96b8d9140ace" />
    <UnitTestResult executionId="e3de54a4-97d0-4e3c-b8bc-7b59cc01b782" testId="ab321578-5fae-6152-9e60-b19e9102f5a7" testName="validate_milkValid_returnsFalse" computerName="DESKTOP-1304CKW" duration="00:00:00.0000203" startTime="2025-09-21T20:36:06.1457756-04:00" endTime="2025-09-21T20:36:06.1458169-04:00" testType="13cdc9d9-ddb5-4fa4-a97d-d965ccfc6d4b" outcome="Passed" testListId="8c84fa94-04c1-424b-9868-57a2d4851a1d" relativeResultsDirectory="e3de54a4-97d0-4e3c-b8bc-7b59cc01b782" />
    <UnitTestResult executionId="54a194a8-8305-4208-92e9-643a233e011d" testId="81c3a416-88ce-0ce5-401b-48796f1bcebb" testName="validate_toppingsNotPresent_returnsFalse" computerName="DESKTOP-1304CKW" duration="00:00:00.0001222" startTime="2025-09-21T20:36:06.1451111-04:00" endTime="2025-09-21T20:36:06.1452732-04:00" testType="13cdc9d9-ddb5-4fa4-a97d-d965ccfc6d4b" outcome="Passed" testListId="8c84fa94-04c1-424b-9868-57a2d4851a1d" relativeResultsDirectory="54a194a8-8305-4208-92e9-643a233e011d" />
    <UnitTestResult executionId="154c1459-a01a-4426-97c4-c85c20aa332a" testId="cfa437dc-fb89-9caa-bc15-10ed2aac71f3" testName="validate_addName_returnString" computerName="DESKTOP-1304CKW" duration="00:00:00.0001027" startTime="2025-09-21T20:36:06.1430212-04:00" endTime="2025-09-21T20:36:06.1431769-04:00" testType="13cdc9d9-ddb5-4fa4-a97d-d965ccfc6d4b" outcome="Passed" testListId="8c84fa94-04c1-424b-9868-57a2d4851a1d" relativeResultsDirectory="154c1459-a01a-4426-97c4-c85c20aa332a" />
    <UnitTestResult executionId="8ff05574-dd28-443e-88dc-148d5d1fe76a" testId="4e7e537f-273c-0576-b102-48f72bf5e3fc" testName="vlaidate_happyHourOnRoomTempDrink_returnsNoDiscount" computerName="DESKTOP-1304CKW" duration="00:00:00.0001285" startTime="2025-09-21T20:36:06.1517770-04:00" endTime="2025-09-21T20:36:06.1519706-04:00" testType="13cdc9d9-ddb5-4fa4-a97d-d965ccfc6d4b" outcome="Passed" testListId="8c84fa94-04c1-424b-9868-57a2d4851a1d" relativeResultsDirectory="8ff05574-dd28-443e-88dc-148d5d1fe76a" />
    <UnitTestResult executionId="f61e81f6-0b05-4d5b-8fe5-f6557ae906a3" testId="d4e3120b-08d4-c80d-778e-bdae34940869" testName="invalid_temp_returnsFailureflag" computerName="DESKTOP-1304CKW" duration="00:00:00.0000995" startTime="2025-09-21T20:36:06.1369410-04:00" endTime="2025-09-21T20:36:06.1371074-04:00" testType="13cdc9d9-ddb5-4fa4-a97d-d965ccfc6d4b" outcome="Passed" testListId="8c84fa94-04c1-424b-9868-57a2d4851a1d" relativeResultsDirectory="f61e81f6-0b05-4d5b-8fe5-f6557ae906a3" />
    <UnitTestResult executionId="6eb8cd08-7702-4502-87f5-6913120c55e7" testId="a03437ff-13ac-0403-894a-f8a80581a194" testName="errorCheck_emptyListDedupe_returnsStringList" computerName="DESKTOP-1304CKW" duration="00:00:00.0000699" startTime="2025-09-21T20:36:06.1568612-04:00" endTime="2025-09-21T20:36:06.1569808-04:00" testType="13cdc9d9-ddb5-4fa4-a97d-d965ccfc6d4b" outcome="Passed" testListId="8c84fa94-04c1-424b-9868-57a2d4851a1d" relativeResultsDirectory="6eb8cd08-7702-4502-87f5-6913120c55e7" />
    <UnitTestResult executionId="0f9bbbea-5863-46d8-bd10-9de6065b4972" testId="26e6f5f7-81e9-6de1-6e9b-b7c4c8544665" testName="invalid_baseDrink_returnsFailureFlag" computerName="DESKTOP-1304CKW" duration="00:00:00.0001320" startTime="2025-09-21T20:36:06.1365165-04:00" endTime="2025-09-21T20:36:06.1367115-04:00" testType="13cdc9d9-ddb5-4fa4-a97d-d965ccfc6d4b" outcome="Passed" testListId="8c84fa94-04c1-424b-9868-57a2d4851a1d" relativeResultsDirectory="0f9bbbea-5863-46d8-bd10-9de6065b4972" />
    <UnitTestResult executionId="f952909b-ef3d-4dcc-9241-7fa9eac74348" testId="0755c290-2d7a-da8f-474d-5a7613517775" testName="check_lessThanVeryHotOrEspressoKidFriendly_returnsTrue" computerName="DESKTOP-1304CKW" duration="00:00:00.0004075" startTime="2025-09-21T20:36:06.1116479-04:00" endTime="2025-09-21T20:36:06.1121794-04:00" testType="13cdc9d9-ddb5-4fa4-a97d-d965ccfc6d4b" outcome="Passed" testListId="8c84fa94-04c1-424b-9868-57a2d4851a1d" relativeResultsDirectory="f952909b-ef3d-4dcc-9241-7fa9eac74348" />
    <UnitTestResult executionId="43b0146c-cc3d-497a-883b-0fbf69b81970" testId="6aa4eab6-3d85-abf2-6b59-2abc3ef9b765" testName="validate_syrupsNotPresent_returnsFalse" computerName="DESKTOP-1304CKW" duration="00:00:00.0000850" startTime="2025-09-21T20:36:06.1448726-04:00" endTime="2025-09-21T20:36:06.1450895-04:00" testType="13cdc9d9-ddb5-4fa4-a97d-d965ccfc6d4b" outcome="Passed" testListId="8c84fa94-04c1-424b-9868-57a2d4851a1d" relativeResultsDirectory="43b0146c-cc3d-497a-883b-0fbf69b81970" />
    <UnitTestResult executionId="600a3f00-27d9-4245-b324-5d9f98e573c8" testId="adc9a5d9-e39c-d2b1-eb70-979d26d63e37" testName="validate_selectsHappyHourWhenBetterDeal_returnsHappyHourDiscount" computerName="DESKTOP-1304CKW" duration="00:00:00.0001782" startTime="2025-09-21T20:36:06.1513130-04:00" endTime="2025-09-21T20:36:06.1515364-04:00" testType="13cdc9d9-ddb5-4fa4-a97d-d965ccfc6d4b" outcome="Passed" testListId="8c84fa94-04c1-424b-9868-57a2d4851a1d" relativeResultsDirectory="600a3f00-27d9-4245-b324-5d9f98e573c8" />
    <UnitTestResult executionId="073e1c77-83a8-4823-9e8f-a78e1ad17d8a" testId="bcf43e7e-deda-420e-d5c5-4930529f323a" testName="validate_getTempString_returnString" computerName="DESKTOP-1304CKW" duration="00:00:00.0002197" startTime="2025-09-21T20:36:06.1355585-04:00" endTime="2025-09-21T20:36:06.1358670-04:00" testType="13cdc9d9-ddb5-4fa4-a97d-d965ccfc6d4b" outcome="Passed" testListId="8c84fa94-04c1-424b-9868-57a2d4851a1d" relativeResultsDirectory="073e1c77-83a8-4823-9e8f-a78e1ad17d8a" />
    <UnitTestResult executionId="4a71f7f4-71a0-4178-9449-965414d7deb3" testId="1a882987-184d-9b4b-13c4-9582d56028c1" testName="validate_addDiscount_returnDiscountOBJ" computerName="DESKTOP-1304CKW" duration="00:00:00.0003620" startTime="2025-09-21T20:36:06.1431982-04:00" endTime="2025-09-21T20:36:06.1436038-04:00" testType="13cdc9d9-ddb5-4fa4-a97d-d965ccfc6d4b" outcome="Passed" testListId="8c84fa94-04c1-424b-9868-57a2d4851a1d" relativeResultsDirectory="4a71f7f4-71a0-4178-9449-965414d7deb3" />
    <UnitTestResult executionId="492285c1-4551-432b-9fcf-35d60a6085d0" testId="3aba5a6b-2278-fa39-6c62-a9c5c4fd7c2c" testName="check_vegan_returnsFalse" computerName="DESKTOP-1304CKW" duration="00:00:00.0000753" startTime="2025-09-21T20:36:06.1128846-04:00" endTime="2025-09-21T20:36:06.1129936-04:00" testType="13cdc9d9-ddb5-4fa4-a97d-d965ccfc6d4b" outcome="Passed" testListId="8c84fa94-04c1-424b-9868-57a2d4851a1d" relativeResultsDirectory="492285c1-4551-432b-9fcf-35d60a6085d0" />
    <UnitTestResult executionId="e32b6333-1222-4a2c-be9c-fcc782c14a0f" testId="01744df6-beda-edad-8b22-dde861449816" testName="check_EspressoKidFriendly_returnsFalse" computerName="DESKTOP-1304CKW" duration="00:00:00.0001021" startTime="2025-09-21T20:36:06.1130041-04:00" endTime="2025-09-21T20:36:06.1131322-04:00" testType="13cdc9d9-ddb5-4fa4-a97d-d965ccfc6d4b" outcome="Passed" testListId="8c84fa94-04c1-424b-9868-57a2d4851a1d" relativeResultsDirectory="e32b6333-1222-4a2c-be9c-fcc782c14a0f" />
    <UnitTestResult executionId="d06a45d6-b6e9-423f-be8c-005e3de049a4" testId="6981742b-2dcf-eef9-06b5-35e81e577ce0" testName="invalid_maximumShots_returnsFailureFlag" computerName="DESKTOP-1304CKW" duration="00:00:00.0001040" startTime="2025-09-21T20:36:06.1361042-04:00" endTime="2025-09-21T20:36:06.1362496-04:00" testType="13cdc9d9-ddb5-4fa4-a97d-d965ccfc6d4b" outcome="Passed" testListId="8c84fa94-04c1-424b-9868-57a2d4851a1d" relativeResultsDirectory="d06a45d6-b6e9-423f-be8c-005e3de049a4" />
    <UnitTestResult executionId="339245ac-398f-453f-b5b7-7f8184d324f2" testId="e739f344-c1cc-8572-8980-befca5b7bdcc" testName="validate_happyHourOnVeryHotDrink_returnsDiscount" computerName="DESKTOP-1304CKW" duration="00:00:00.0002818" startTime="2025-09-21T20:36:06.1500005-04:00" endTime="2025-09-21T20:36:06.1503384-04:00" testType="13cdc9d9-ddb5-4fa4-a97d-d965ccfc6d4b" outcome="Passed" testListId="8c84fa94-04c1-424b-9868-57a2d4851a1d" relativeResultsDirectory="339245ac-398f-453f-b5b7-7f8184d324f2" />
    <UnitTestResult executionId="c945ad7d-a9c9-4037-b820-23eaf75bf393" testId="1ffcd684-6212-bd4c-0e17-9ea4fac907d1" testName="errorCheck_shotsAboveMaximum_returnsTrue" computerName="DESKTOP-1304CKW" duration="00:00:00.0000356" startTime="2025-09-21T20:36:06.1473975-04:00" endTime="2025-09-21T20:36:06.1474908-04:00" testType="13cdc9d9-ddb5-4fa4-a97d-d965ccfc6d4b" outcome="Passed" testListId="8c84fa94-04c1-424b-9868-57a2d4851a1d" relativeResultsDirectory="c945ad7d-a9c9-4037-b820-23eaf75bf393" />
    <UnitTestResult executionId="7e9dfcf2-d97c-4557-91be-15ed3abe386b" testId="7b5f8fd9-7465-02da-6f82-9286c6f835af" testName="validate_happyHourOnHotDrink_returnsDiscount" computerName="DESKTOP-1304CKW" duration="00:00:00.0002411" startTime="2025-09-21T20:36:06.1495889-04:00" endTime="2025-09-21T20:36:06.1499732-04:00" testType="13cdc9d9-ddb5-4fa4-a97d-d965ccfc6d4b" outcome="Passed" testListId="8c84fa94-04c1-424b-9868-57a2d4851a1d" relativeResultsDirectory="7e9dfcf2-d97c-4557-91be-15ed3abe386b" />
    <UnitTestResult executionId="939af16f-349f-467d-9b7e-23f3347c0437" testId="73cf283a-78ec-961f-48df-fbc7e3516eb5" testName="invalid_toppingsOption_returnsFailureFlag" computerName="DESKTOP-1304CKW" duration="00:00:00.0001471" startTime="2025-09-21T20:36:06.1385675-04:00" endTime="2025-09-21T20:36:06.1387693-04:00" testType="13cdc9d9-ddb5-4fa4-a97d-d965ccfc6d4b" outcome="Passed" testListId="8c84fa94-04c1-424b-9868-57a2d4851a1d" relativeResultsDirectory="939af16f-349f-467d-9b7e-23f3347c0437" />
    <UnitTestResult executionId="20f241ea-c354-41b3-92f4-1606b6aeb734" testId="88b2a1ce-4620-8046-545c-a65300dfd894" testName="validate_getSizeString_returnsString" computerName="DESKTOP-1304CKW" duration="00:00:00.0004626" startTime="2025-09-21T20:36:06.1350096-04:00" endTime="2025-09-21T20:36:06.1355334-04:00" testType="13cdc9d9-ddb5-4fa4-a97d-d965ccfc6d4b" outcome="Passed" testListId="8c84fa94-04c1-424b-9868-57a2d4851a1d" relativeResultsDirectory="20f241ea-c354-41b3-92f4-1606b6aeb734" />
    <UnitTestResult executionId="ce454497-117a-4434-8069-58c0635c0c19" testId="0ebb6e1f-31d3-354b-a0aa-51ab6c0d5337" testName="errorCheck_emptyEnum_returnsString" computerName="DESKTOP-1304CKW" duration="00:00:00.0000899" startTime="2025-09-21T20:36:06.1569992-04:00" endTime="2025-09-21T20:36:06.1571525-04:00" testType="13cdc9d9-ddb5-4fa4-a97d-d965ccfc6d4b" outcome="Passed" testListId="8c84fa94-04c1-424b-9868-57a2d4851a1d" relativeResultsDirectory="ce454497-117a-4434-8069-58c0635c0c19" />
    <UnitTestResult executionId="59d9d29c-67b4-4976-8b64-2578a4628bf1" testId="a1294d06-7eb4-9936-43a9-e6dc65d4cf9c" testName="validate_toppingsValid_returnsFalse" computerName="DESKTOP-1304CKW" duration="00:00:00.0000993" startTime="2025-09-21T20:36:06.1460314-04:00" endTime="2025-09-21T20:36:06.1462015-04:00" testType="13cdc9d9-ddb5-4fa4-a97d-d965ccfc6d4b" outcome="Passed" testListId="8c84fa94-04c1-424b-9868-57a2d4851a1d" relativeResultsDirectory="59d9d29c-67b4-4976-8b64-2578a4628bf1" />
    <UnitTestResult executionId="50ec8087-6510-407d-9999-4d5649b1d895" testId="b4511c17-f324-9c7b-e4b9-62dc7ac749cc" testName="errorCheck_shotsBelowMinimum_returnsTrue" computerName="DESKTOP-1304CKW" duration="00:00:00.0000457" startTime="2025-09-21T20:36:06.1472338-04:00" endTime="2025-09-21T20:36:06.1473569-04:00" testType="13cdc9d9-ddb5-4fa4-a97d-d965ccfc6d4b" outcome="Passed" testListId="8c84fa94-04c1-424b-9868-57a2d4851a1d" relativeResultsDirectory="50ec8087-6510-407d-9999-4d5649b1d895" />
    <UnitTestResult executionId="e7168afe-25bf-49b6-91e3-ec0e71dba82b" testId="b6208d68-0f12-103a-f1ed-6bd8e0d86462" testName="validate_addDate_returnString" computerName="DESKTOP-1304CKW" duration="00:00:00.0036186" startTime="2025-09-21T20:36:06.1387890-04:00" endTime="2025-09-21T20:36:06.1425293-04:00" testType="13cdc9d9-ddb5-4fa4-a97d-d965ccfc6d4b" outcome="Passed" testListId="8c84fa94-04c1-424b-9868-57a2d4851a1d" relativeResultsDirectory="e7168afe-25bf-49b6-91e3-ec0e71dba82b" />
    <UnitTestResult executionId="dc9419b9-367f-4332-ae36-cc77269d9630" testId="a9a099fe-cea2-d000-34e0-09339dfe85db" testName="validate_milkNotValid_returnsTrue" computerName="DESKTOP-1304CKW" duration="00:00:00.0000299" startTime="2025-09-21T20:36:06.1457058-04:00" endTime="2025-09-21T20:36:06.1457671-04:00" testType="13cdc9d9-ddb5-4fa4-a97d-d965ccfc6d4b" outcome="Passed" testListId="8c84fa94-04c1-424b-9868-57a2d4851a1d" relativeResultsDirectory="dc9419b9-367f-4332-ae36-cc77269d9630" />
    <UnitTestResult executionId="da2fe95f-eb84-49bf-9b5b-c15c9a6373fd" testId="6290c944-d86a-fa9e-aff6-fb0747057ff5" testName="validate_syrupsValid_returnsFalse" computerName="DESKTOP-1304CKW" duration="00:00:00.0000449" startTime="2025-09-21T20:36:06.1455814-04:00" endTime="2025-09-21T20:36:06.1456868-04:00" testType="13cdc9d9-ddb5-4fa4-a97d-d965ccfc6d4b" outcome="Passed" testListId="8c84fa94-04c1-424b-9868-57a2d4851a1d" relativeResultsDirectory="da2fe95f-eb84-49bf-9b5b-c15c9a6373fd" />
    <UnitTestResult executionId="fba2cfdf-9a2c-43b9-9e8c-1ccc61ec0007" testId="18813b9d-33a0-a669-175f-b209bfe13a67" testName="validate_bogoOnEqualDrink_returnsDiscount" computerName="DESKTOP-1304CKW" duration="00:00:00.0001346" startTime="2025-09-21T20:36:06.1515567-04:00" endTime="2025-09-21T20:36:06.1517321-04:00" testType="13cdc9d9-ddb5-4fa4-a97d-d965ccfc6d4b" outcome="Passed" testListId="8c84fa94-04c1-424b-9868-57a2d4851a1d" relativeResultsDirectory="fba2cfdf-9a2c-43b9-9e8c-1ccc61ec0007" />
    <UnitTestResult executionId="2cdcfc28-5028-46ed-a6ff-7baf1b8c0d6f" testId="c9b7a728-1074-59ef-5688-9829b30b5869" testName="errorCheck_twoStringListsNull_returnsStringList" computerName="DESKTOP-1304CKW" duration="00:00:00.0000707" startTime="2025-09-21T20:36:06.1572755-04:00" endTime="2025-09-21T20:36:06.1579464-04:00" testType="13cdc9d9-ddb5-4fa4-a97d-d965ccfc6d4b" outcome="Passed" testListId="8c84fa94-04c1-424b-9868-57a2d4851a1d" relativeResultsDirectory="2cdcfc28-5028-46ed-a6ff-7baf1b8c0d6f" />
    <UnitTestResult executionId="b118f0bb-eacd-416b-919a-e1f6cd3e64e5" testId="39048f2d-7369-2ba0-4d0f-0a33eae532cc" testName="validate_happyHourOnVeryColdDrink_returnsNoDiscount" computerName="DESKTOP-1304CKW" duration="00:00:00.0001347" startTime="2025-09-21T20:36:06.1529802-04:00" endTime="2025-09-21T20:36:06.1531670-04:00" testType="13cdc9d9-ddb5-4fa4-a97d-d965ccfc6d4b" outcome="Passed" testListId="8c84fa94-04c1-424b-9868-57a2d4851a1d" relativeResultsDirectory="b118f0bb-eacd-416b-919a-e1f6cd3e64e5" />
    <UnitTestResult executionId="166c4249-9988-40ce-b113-cd41b8b9b3bb" testId="226c32f5-84c0-5cd7-f6db-d0fc7c3dbba0" testName="validate_milkNotPresent_returnsTrue" computerName="DESKTOP-1304CKW" duration="00:00:00.0000445" startTime="2025-09-21T20:36:06.1452989-04:00" endTime="2025-09-21T20:36:06.1454100-04:00" testType="13cdc9d9-ddb5-4fa4-a97d-d965ccfc6d4b" outcome="Passed" testListId="8c84fa94-04c1-424b-9868-57a2d4851a1d" relativeResultsDirectory="166c4249-9988-40ce-b113-cd41b8b9b3bb" />
    <UnitTestResult executionId="abd620fa-3a20-487e-b011-606e248c68a6" testId="a2fdabb8-6c71-faeb-d05b-e20b9f69e43c" testName="check_decaf_returnsFalse" computerName="DESKTOP-1304CKW" duration="00:00:00.0000928" startTime="2025-09-21T20:36:06.1127403-04:00" endTime="2025-09-21T20:36:06.1128670-04:00" testType="13cdc9d9-ddb5-4fa4-a97d-d965ccfc6d4b" outcome="Passed" testListId="8c84fa94-04c1-424b-9868-57a2d4851a1d" relativeResultsDirectory="abd620fa-3a20-487e-b011-606e248c68a6" />
    <UnitTestResult executionId="d6d9cb18-3aa0-472c-8882-ec12714998f7" testId="f6996d56-dee7-1208-1ebb-d1b04eab1776" testName="invalid_syrupOption_returnsFailureFlag" computerName="DESKTOP-1304CKW" duration="00:00:00.0001367" startTime="2025-09-21T20:36:06.1383512-04:00" endTime="2025-09-21T20:36:06.1385470-04:00" testType="13cdc9d9-ddb5-4fa4-a97d-d965ccfc6d4b" outcome="Passed" testListId="8c84fa94-04c1-424b-9868-57a2d4851a1d" relativeResultsDirectory="d6d9cb18-3aa0-472c-8882-ec12714998f7" />
    <UnitTestResult executionId="870479e5-d1ee-4698-8cbd-5097057ca950" testId="96b958e7-8f0d-ca71-c658-be341d7792c1" testName="invalid_milkOption_returnsFailureFlag" computerName="DESKTOP-1304CKW" duration="00:00:00.0001685" startTime="2025-09-21T20:36:06.1380706-04:00" endTime="2025-09-21T20:36:06.1383295-04:00" testType="13cdc9d9-ddb5-4fa4-a97d-d965ccfc6d4b" outcome="Passed" testListId="8c84fa94-04c1-424b-9868-57a2d4851a1d" relativeResultsDirectory="870479e5-d1ee-4698-8cbd-5097057ca950" />
    <UnitTestResult executionId="7793b21f-db70-478b-948a-382ffbc8f6e6" testId="3636ac50-4684-ff80-ffbd-a0f946c7bf9f" testName="checkError_MaximumDrinkCountReached_returnError" computerName="DESKTOP-1304CKW" duration="00:00:00.0002419" startTime="2025-09-21T20:36:06.1436257-04:00" endTime="2025-09-21T20:36:06.1439633-04:00" testType="13cdc9d9-ddb5-4fa4-a97d-d965ccfc6d4b" outcome="Passed" testListId="8c84fa94-04c1-424b-9868-57a2d4851a1d" relativeResultsDirectory="7793b21f-db70-478b-948a-382ffbc8f6e6" />
    <UnitTestResult executionId="8126d7b7-1e98-464e-8e66-6fa86fa458bb" testId="1f512e9b-311f-fc1b-3818-46cc7b30a98e" testName="check_decaf_returnsTrue" computerName="DESKTOP-1304CKW" duration="00:00:00.0001321" startTime="2025-09-21T20:36:06.1123435-04:00" endTime="2025-09-21T20:36:06.1125420-04:00" testType="13cdc9d9-ddb5-4fa4-a97d-d965ccfc6d4b" outcome="Passed" testListId="8c84fa94-04c1-424b-9868-57a2d4851a1d" relativeResultsDirectory="8126d7b7-1e98-464e-8e66-6fa86fa458bb" />
    <UnitTestResult executionId="9ab44595-5632-4672-87fa-fb02aac1cb49" testId="76518acd-d921-4ac8-099b-3cd2b190ab20" testName="valid_twoStringLists_returnsStringList" computerName="DESKTOP-1304CKW" duration="00:00:00.0001588" startTime="2025-09-21T20:36:06.1563948-04:00" endTime="2025-09-21T20:36:06.1566065-04:00" testType="13cdc9d9-ddb5-4fa4-a97d-d965ccfc6d4b" outcome="Passed" testListId="8c84fa94-04c1-424b-9868-57a2d4851a1d" relativeResultsDirectory="9ab44595-5632-4672-87fa-fb02aac1cb49" />
  </Results>
  <TestDefinitions>
    <UnitTest name="check_plantMilkAllegenFlag_returnsList" storage="d:\programming\school\semester-3\software-quality-i-testing-tools-and-methodologies\asn1\coffeeorder.tests\bin\debug\net8.0\coffeeorder.tests.dll" id="8cde6510-60ec-3359-52b7-be0d7e4fe308">
      <Execution id="f0be276f-7822-4d60-acee-34b90251206a" />
      <TestMethod codeBase="D:\Programming\School\Semester-3\Software-Quality-I-Testing-Tools-and-Methodologies\ASN1\CoffeeOrder.Tests\bin\Debug\net8.0\CoffeeOrder.Tests.dll" adapterTypeName="executor://mstestadapter/v2" className="CoffeeOrder.Tests.BeverageClassifierTests" name="check_plantMilkAllegenFlag_returnsList" />
    </UnitTest>
    <UnitTest name="validate_OrderPriceCalculationWithDiscount_returnsDecimal" storage="d:\programming\school\semester-3\software-quality-i-testing-tools-and-methodologies\asn1\coffeeorder.tests\bin\debug\net8.0\coffeeorder.tests.dll" id="f0339a23-4439-35e7-eed6-e862427f24bc">
      <Execution id="c0a690f6-ed2d-4ab6-995c-19a4dfb32e53" />
      <TestMethod codeBase="D:\Programming\School\Semester-3\Software-Quality-I-Testing-Tools-and-Methodologies\ASN1\CoffeeOrder.Tests\bin\Debug\net8.0\CoffeeOrder.Tests.dll" adapterTypeName="executor://mstestadapter/v2" className="CoffeeOrder.Tests.PriceCalculatorTests" name="validate_OrderPriceCalculationWithDiscount_returnsDecimal" />
    </UnitTest>
    <UnitTest name="invalid_beverageList_returnsDecimal" storage="d:\programming\school\semester-3\software-quality-i-testing-tools-and-methodologies\asn1\coffeeorder.tests\bin\debug\net8.0\coffeeorder.tests.dll" id="d7f2bd3b-8ae5-052d-9eed-b32d1161442f">
      <Execution id="15fbf6f6-42ae-4088-9ac9-4c3e016d1660" />
      <TestMethod codeBase="D:\Programming\School\Semester-3\Software-Quality-I-Testing-Tools-and-Methodologies\ASN1\CoffeeOrder.Tests\bin\Debug\net8.0\CoffeeOrder.Tests.dll" adapterTypeName="executor://mstestadapter/v2" className="CoffeeOrder.Tests.PriceCalculatorTests" name="invalid_beverageList_returnsDecimal" />
    </UnitTest>
    <UnitTest name="invalid_minimumShots_returnsFailureFlag" storage="d:\programming\school\semester-3\software-quality-i-testing-tools-and-methodologies\asn1\coffeeorder.tests\bin\debug\net8.0\coffeeorder.tests.dll" id="36010a2c-850b-174f-54b5-80641612d7ab">
      <Execution id="71dfffbe-e242-4833-9937-14dd7b50b751" />
      <TestMethod codeBase="D:\Programming\School\Semester-3\Software-Quality-I-Testing-Tools-and-Methodologies\ASN1\CoffeeOrder.Tests\bin\Debug\net8.0\CoffeeOrder.Tests.dll" adapterTypeName="executor://mstestadapter/v2" className="CoffeeOrder.Tests.BeverageTests" name="invalid_minimumShots_returnsFailureFlag" />
    </UnitTest>
    <UnitTest name="check_plantMilkAllegenFlag_returnsEmptyList" storage="d:\programming\school\semester-3\software-quality-i-testing-tools-and-methodologies\asn1\coffeeorder.tests\bin\debug\net8.0\coffeeorder.tests.dll" id="1f1c733d-46a1-51a1-40bc-fc63e95fbd4a">
      <Execution id="6a4aeda9-43d1-4256-ba18-353d9a020520" />
      <TestMethod codeBase="D:\Programming\School\Semester-3\Software-Quality-I-Testing-Tools-and-Methodologies\ASN1\CoffeeOrder.Tests\bin\Debug\net8.0\CoffeeOrder.Tests.dll" adapterTypeName="executor://mstestadapter/v2" className="CoffeeOrder.Tests.BeverageClassifierTests" name="check_plantMilkAllegenFlag_returnsEmptyList" />
    </UnitTest>
    <UnitTest name="validate_roundValueToNickle_returnsDecimal" storage="d:\programming\school\semester-3\software-quality-i-testing-tools-and-methodologies\asn1\coffeeorder.tests\bin\debug\net8.0\coffeeorder.tests.dll" id="1c6110d1-3e41-4d5c-377b-c77d31945bb1">
      <Execution id="38d5c4f2-b02b-48fc-b65c-f06254472d16" />
      <TestMethod codeBase="D:\Programming\School\Semester-3\Software-Quality-I-Testing-Tools-and-Methodologies\ASN1\CoffeeOrder.Tests\bin\Debug\net8.0\CoffeeOrder.Tests.dll" adapterTypeName="executor://mstestadapter/v2" className="CoffeeOrder.Tests.PriceCalculatorTests" name="validate_roundValueToNickle_returnsDecimal" />
    </UnitTest>
    <UnitTest name="invalid_maxSyrups_returnsFailureFlag" storage="d:\programming\school\semester-3\software-quality-i-testing-tools-and-methodologies\asn1\coffeeorder.tests\bin\debug\net8.0\coffeeorder.tests.dll" id="b2e73580-fd80-1e2e-5c34-05f7ff670fb0">
      <Execution id="527a3592-cad4-4b17-bbd8-7ed2c0bdf200" />
      <TestMethod codeBase="D:\Programming\School\Semester-3\Software-Quality-I-Testing-Tools-and-Methodologies\ASN1\CoffeeOrder.Tests\bin\Debug\net8.0\CoffeeOrder.Tests.dll" adapterTypeName="executor://mstestadapter/v2" className="CoffeeOrder.Tests.BeverageTests" name="invalid_maxSyrups_returnsFailureFlag" />
    </UnitTest>
    <UnitTest name="validate_happyHourOnHotDrink_returnsDiscount" storage="d:\programming\school\semester-3\software-quality-i-testing-tools-and-methodologies\asn1\coffeeorder.tests\bin\debug\net8.0\coffeeorder.tests.dll" id="7b5f8fd9-7465-02da-6f82-9286c6f835af">
      <Execution id="7e9dfcf2-d97c-4557-91be-15ed3abe386b" />
      <TestMethod codeBase="D:\Programming\School\Semester-3\Software-Quality-I-Testing-Tools-and-Methodologies\ASN1\CoffeeOrder.Tests\bin\Debug\net8.0\CoffeeOrder.Tests.dll" adapterTypeName="executor://mstestadapter/v2" className="CoffeeOrder.Tests.PromotionHelperTests" name="validate_happyHourOnHotDrink_returnsDiscount" />
    </UnitTest>
    <UnitTest name="check_vegan_returnsTrue" storage="d:\programming\school\semester-3\software-quality-i-testing-tools-and-methodologies\asn1\coffeeorder.tests\bin\debug\net8.0\coffeeorder.tests.dll" id="86c9001e-ba01-1836-ae0f-c054a0d569cd">
      <Execution id="a5e16bd7-667b-4e7d-af0b-6b27be5f0d10" />
      <TestMethod codeBase="D:\Programming\School\Semester-3\Software-Quality-I-Testing-Tools-and-Methodologies\ASN1\CoffeeOrder.Tests\bin\Debug\net8.0\CoffeeOrder.Tests.dll" adapterTypeName="executor://mstestadapter/v2" className="CoffeeOrder.Tests.BeverageClassifierTests" name="check_vegan_returnsTrue" />
    </UnitTest>
    <UnitTest name="checkError_MaximumDrinkCountReached_returnError" storage="d:\programming\school\semester-3\software-quality-i-testing-tools-and-methodologies\asn1\coffeeorder.tests\bin\debug\net8.0\coffeeorder.tests.dll" id="3636ac50-4684-ff80-ffbd-a0f946c7bf9f">
      <Execution id="7793b21f-db70-478b-948a-382ffbc8f6e6" />
      <TestMethod codeBase="D:\Programming\School\Semester-3\Software-Quality-I-Testing-Tools-and-Methodologies\ASN1\CoffeeOrder.Tests\bin\Debug\net8.0\CoffeeOrder.Tests.dll" adapterTypeName="executor://mstestadapter/v2" className="CoffeeOrder.Tests.OrderTests" name="checkError_MaximumDrinkCountReached_returnError" />
    </UnitTest>
    <UnitTest name="errorCheck_twoStringListsNull_returnsStringList" storage="d:\programming\school\semester-3\software-quality-i-testing-tools-and-methodologies\asn1\coffeeorder.tests\bin\debug\net8.0\coffeeorder.tests.dll" id="c9b7a728-1074-59ef-5688-9829b30b5869">
      <Execution id="2cdcfc28-5028-46ed-a6ff-7baf1b8c0d6f" />
      <TestMethod codeBase="D:\Programming\School\Semester-3\Software-Quality-I-Testing-Tools-and-Methodologies\ASN1\CoffeeOrder.Tests\bin\Debug\net8.0\CoffeeOrder.Tests.dll" adapterTypeName="executor://mstestadapter/v2" className="CoffeeOrder.Tests.utilTESTS" name="errorCheck_twoStringListsNull_returnsStringList" />
    </UnitTest>
    <UnitTest name="validate_toppingsValid_returnsFalse" storage="d:\programming\school\semester-3\software-quality-i-testing-tools-and-methodologies\asn1\coffeeorder.tests\bin\debug\net8.0\coffeeorder.tests.dll" id="a1294d06-7eb4-9936-43a9-e6dc65d4cf9c">
      <Execution id="59d9d29c-67b4-4976-8b64-2578a4628bf1" />
      <TestMethod codeBase="D:\Programming\School\Semester-3\Software-Quality-I-Testing-Tools-and-Methodologies\ASN1\CoffeeOrder.Tests\bin\Debug\net8.0\CoffeeOrder.Tests.dll" adapterTypeName="executor://mstestadapter/v2" className="CoffeeOrder.Tests.OrderValidatorTests" name="validate_toppingsValid_returnsFalse" />
    </UnitTest>
    <UnitTest name="validate_happyHourOnVeryHotDrink_returnsDiscount" storage="d:\programming\school\semester-3\software-quality-i-testing-tools-and-methodologies\asn1\coffeeorder.tests\bin\debug\net8.0\coffeeorder.tests.dll" id="e739f344-c1cc-8572-8980-befca5b7bdcc">
      <Execution id="339245ac-398f-453f-b5b7-7f8184d324f2" />
      <TestMethod codeBase="D:\Programming\School\Semester-3\Software-Quality-I-Testing-Tools-and-Methodologies\ASN1\CoffeeOrder.Tests\bin\Debug\net8.0\CoffeeOrder.Tests.dll" adapterTypeName="executor://mstestadapter/v2" className="CoffeeOrder.Tests.PromotionHelperTests" name="validate_happyHourOnVeryHotDrink_returnsDiscount" />
    </UnitTest>
    <UnitTest name="errorCheck_shotsAboveMaximum_returnsTrue" storage="d:\programming\school\semester-3\software-quality-i-testing-tools-and-methodologies\asn1\coffeeorder.tests\bin\debug\net8.0\coffeeorder.tests.dll" id="1ffcd684-6212-bd4c-0e17-9ea4fac907d1">
      <Execution id="c945ad7d-a9c9-4037-b820-23eaf75bf393" />
      <TestMethod codeBase="D:\Programming\School\Semester-3\Software-Quality-I-Testing-Tools-and-Methodologies\ASN1\CoffeeOrder.Tests\bin\Debug\net8.0\CoffeeOrder.Tests.dll" adapterTypeName="executor://mstestadapter/v2" className="CoffeeOrder.Tests.OrderValidatorTests" name="errorCheck_shotsAboveMaximum_returnsTrue" />
    </UnitTest>
    <UnitTest name="validate_roundValueToNickleRoundUp_returnsDecimal" storage="d:\programming\school\semester-3\software-quality-i-testing-tools-and-methodologies\asn1\coffeeorder.tests\bin\debug\net8.0\coffeeorder.tests.dll" id="d97dafe4-57d6-bac9-6b7b-2615f318c993">
      <Execution id="9a1875d4-198d-4052-a91a-f55cca8370fe" />
      <TestMethod codeBase="D:\Programming\School\Semester-3\Software-Quality-I-Testing-Tools-and-Methodologies\ASN1\CoffeeOrder.Tests\bin\Debug\net8.0\CoffeeOrder.Tests.dll" adapterTypeName="executor://mstestadapter/v2" className="CoffeeOrder.Tests.PriceCalculatorTests" name="validate_roundValueToNickleRoundUp_returnsDecimal" />
    </UnitTest>
    <UnitTest name="validate_bogoOnCheaperDrink_returnsDiscount" storage="d:\programming\school\semester-3\software-quality-i-testing-tools-and-methodologies\asn1\coffeeorder.tests\bin\debug\net8.0\coffeeorder.tests.dll" id="76f28a51-6c6e-f112-dcba-bb316d5f2b0d">
      <Execution id="9db1c78a-e8f6-421e-ab99-faeb08901c6c" />
      <TestMethod codeBase="D:\Programming\School\Semester-3\Software-Quality-I-Testing-Tools-and-Methodologies\ASN1\CoffeeOrder.Tests\bin\Debug\net8.0\CoffeeOrder.Tests.dll" adapterTypeName="executor://mstestadapter/v2" className="CoffeeOrder.Tests.PromotionHelperTests" name="validate_bogoOnCheaperDrink_returnsDiscount" />
    </UnitTest>
    <UnitTest name="invalid_maximumShots_returnsFailureFlag" storage="d:\programming\school\semester-3\software-quality-i-testing-tools-and-methodologies\asn1\coffeeorder.tests\bin\debug\net8.0\coffeeorder.tests.dll" id="6981742b-2dcf-eef9-06b5-35e81e577ce0">
      <Execution id="d06a45d6-b6e9-423f-be8c-005e3de049a4" />
      <TestMethod codeBase="D:\Programming\School\Semester-3\Software-Quality-I-Testing-Tools-and-Methodologies\ASN1\CoffeeOrder.Tests\bin\Debug\net8.0\CoffeeOrder.Tests.dll" adapterTypeName="executor://mstestadapter/v2" className="CoffeeOrder.Tests.BeverageTests" name="invalid_maximumShots_returnsFailureFlag" />
    </UnitTest>
    <UnitTest name="validate_selectsHappyHourWhenBetterDeal_returnsHappyHourDiscount" storage="d:\programming\school\semester-3\software-quality-i-testing-tools-and-methodologies\asn1\coffeeorder.tests\bin\debug\net8.0\coffeeorder.tests.dll" id="adc9a5d9-e39c-d2b1-eb70-979d26d63e37">
      <Execution id="600a3f00-27d9-4245-b324-5d9f98e573c8" />
      <TestMethod codeBase="D:\Programming\School\Semester-3\Software-Quality-I-Testing-Tools-and-Methodologies\ASN1\CoffeeOrder.Tests\bin\Debug\net8.0\CoffeeOrder.Tests.dll" adapterTypeName="executor://mstestadapter/v2" className="CoffeeOrder.Tests.PromotionHelperTests" name="validate_selectsHappyHourWhenBetterDeal_returnsHappyHourDiscount" />
    </UnitTest>
    <UnitTest name="validate_addDate_returnString" storage="d:\programming\school\semester-3\software-quality-i-testing-tools-and-methodologies\asn1\coffeeorder.tests\bin\debug\net8.0\coffeeorder.tests.dll" id="b6208d68-0f12-103a-f1ed-6bd8e0d86462">
      <Execution id="e7168afe-25bf-49b6-91e3-ec0e71dba82b" />
      <TestMethod codeBase="D:\Programming\School\Semester-3\Software-Quality-I-Testing-Tools-and-Methodologies\ASN1\CoffeeOrder.Tests\bin\Debug\net8.0\CoffeeOrder.Tests.dll" adapterTypeName="executor://mstestadapter/v2" className="CoffeeOrder.Tests.OrderTests" name="validate_addDate_returnString" />
    </UnitTest>
    <UnitTest name="validate_getTempString_returnString" storage="d:\programming\school\semester-3\software-quality-i-testing-tools-and-methodologies\asn1\coffeeorder.tests\bin\debug\net8.0\coffeeorder.tests.dll" id="bcf43e7e-deda-420e-d5c5-4930529f323a">
      <Execution id="073e1c77-83a8-4823-9e8f-a78e1ad17d8a" />
      <TestMethod codeBase="D:\Programming\School\Semester-3\Software-Quality-I-Testing-Tools-and-Methodologies\ASN1\CoffeeOrder.Tests\bin\Debug\net8.0\CoffeeOrder.Tests.dll" adapterTypeName="executor://mstestadapter/v2" className="CoffeeOrder.Tests.BeverageTests" name="validate_getTempString_returnString" />
    </UnitTest>
    <UnitTest name="invalid_milkOption_returnsFailureFlag" storage="d:\programming\school\semester-3\software-quality-i-testing-tools-and-methodologies\asn1\coffeeorder.tests\bin\debug\net8.0\coffeeorder.tests.dll" id="96b958e7-8f0d-ca71-c658-be341d7792c1">
      <Execution id="870479e5-d1ee-4698-8cbd-5097057ca950" />
      <TestMethod codeBase="D:\Programming\School\Semester-3\Software-Quality-I-Testing-Tools-and-Methodologies\ASN1\CoffeeOrder.Tests\bin\Debug\net8.0\CoffeeOrder.Tests.dll" adapterTypeName="executor://mstestadapter/v2" className="CoffeeOrder.Tests.BeverageTests" name="invalid_milkOption_returnsFailureFlag" />
    </UnitTest>
    <UnitTest name="invalid_syrupOption_returnsFailureFlag" storage="d:\programming\school\semester-3\software-quality-i-testing-tools-and-methodologies\asn1\coffeeorder.tests\bin\debug\net8.0\coffeeorder.tests.dll" id="f6996d56-dee7-1208-1ebb-d1b04eab1776">
      <Execution id="d6d9cb18-3aa0-472c-8882-ec12714998f7" />
      <TestMethod codeBase="D:\Programming\School\Semester-3\Software-Quality-I-Testing-Tools-and-Methodologies\ASN1\CoffeeOrder.Tests\bin\Debug\net8.0\CoffeeOrder.Tests.dll" adapterTypeName="executor://mstestadapter/v2" className="CoffeeOrder.Tests.BeverageTests" name="invalid_syrupOption_returnsFailureFlag" />
    </UnitTest>
    <UnitTest name="validate_milkNotPresent_returnsTrue" storage="d:\programming\school\semester-3\software-quality-i-testing-tools-and-methodologies\asn1\coffeeorder.tests\bin\debug\net8.0\coffeeorder.tests.dll" id="226c32f5-84c0-5cd7-f6db-d0fc7c3dbba0">
      <Execution id="166c4249-9988-40ce-b113-cd41b8b9b3bb" />
      <TestMethod codeBase="D:\Programming\School\Semester-3\Software-Quality-I-Testing-Tools-and-Methodologies\ASN1\CoffeeOrder.Tests\bin\Debug\net8.0\CoffeeOrder.Tests.dll" adapterTypeName="executor://mstestadapter/v2" className="CoffeeOrder.Tests.OrderValidatorTests" name="validate_milkNotPresent_returnsTrue" />
    </UnitTest>
    <UnitTest name="errorCheck_emptyListDedupe_returnsStringList" storage="d:\programming\school\semester-3\software-quality-i-testing-tools-and-methodologies\asn1\coffeeorder.tests\bin\debug\net8.0\coffeeorder.tests.dll" id="a03437ff-13ac-0403-894a-f8a80581a194">
      <Execution id="6eb8cd08-7702-4502-87f5-6913120c55e7" />
      <TestMethod codeBase="D:\Programming\School\Semester-3\Software-Quality-I-Testing-Tools-and-Methodologies\ASN1\CoffeeOrder.Tests\bin\Debug\net8.0\CoffeeOrder.Tests.dll" adapterTypeName="executor://mstestadapter/v2" className="CoffeeOrder.Tests.utilTESTS" name="errorCheck_emptyListDedupe_returnsStringList" />
    </UnitTest>
    <UnitTest name="errorCheck_emptyEnum_returnsString" storage="d:\programming\school\semester-3\software-quality-i-testing-tools-and-methodologies\asn1\coffeeorder.tests\bin\debug\net8.0\coffeeorder.tests.dll" id="0ebb6e1f-31d3-354b-a0aa-51ab6c0d5337">
      <Execution id="ce454497-117a-4434-8069-58c0635c0c19" />
      <TestMethod codeBase="D:\Programming\School\Semester-3\Software-Quality-I-Testing-Tools-and-Methodologies\ASN1\CoffeeOrder.Tests\bin\Debug\net8.0\CoffeeOrder.Tests.dll" adapterTypeName="executor://mstestadapter/v2" className="CoffeeOrder.Tests.utilTESTS" name="errorCheck_emptyEnum_returnsString" />
    </UnitTest>
    <UnitTest name="validate_addName_returnString" storage="d:\programming\school\semester-3\software-quality-i-testing-tools-and-methodologies\asn1\coffeeorder.tests\bin\debug\net8.0\coffeeorder.tests.dll" id="cfa437dc-fb89-9caa-bc15-10ed2aac71f3">
      <Execution id="154c1459-a01a-4426-97c4-c85c20aa332a" />
      <TestMethod codeBase="D:\Programming\School\Semester-3\Software-Quality-I-Testing-Tools-and-Methodologies\ASN1\CoffeeOrder.Tests\bin\Debug\net8.0\CoffeeOrder.Tests.dll" adapterTypeName="executor://mstestadapter/v2" className="CoffeeOrder.Tests.OrderTests" name="validate_addName_returnString" />
    </UnitTest>
    <UnitTest name="validate_bogoOnEqualDrink_returnsDiscount" storage="d:\programming\school\semester-3\software-quality-i-testing-tools-and-methodologies\asn1\coffeeorder.tests\bin\debug\net8.0\coffeeorder.tests.dll" id="18813b9d-33a0-a669-175f-b209bfe13a67">
      <Execution id="fba2cfdf-9a2c-43b9-9e8c-1ccc61ec0007" />
      <TestMethod codeBase="D:\Programming\School\Semester-3\Software-Quality-I-Testing-Tools-and-Methodologies\ASN1\CoffeeOrder.Tests\bin\Debug\net8.0\CoffeeOrder.Tests.dll" adapterTypeName="executor://mstestadapter/v2" className="CoffeeOrder.Tests.PromotionHelperTests" name="validate_bogoOnEqualDrink_returnsDiscount" />
    </UnitTest>
    <UnitTest name="validate_roundValueToNickleRoundDown_returnsDecimal" storage="d:\programming\school\semester-3\software-quality-i-testing-tools-and-methodologies\asn1\coffeeorder.tests\bin\debug\net8.0\coffeeorder.tests.dll" id="29a04268-c10a-2726-9088-840fd26aaeb7">
      <Execution id="13592c4e-1ce4-4f3c-ae65-61af5ff0a797" />
      <TestMethod codeBase="D:\Programming\School\Semester-3\Software-Quality-I-Testing-Tools-and-Methodologies\ASN1\CoffeeOrder.Tests\bin\Debug\net8.0\CoffeeOrder.Tests.dll" adapterTypeName="executor://mstestadapter/v2" className="CoffeeOrder.Tests.PriceCalculatorTests" name="validate_roundValueToNickleRoundDown_returnsDecimal" />
    </UnitTest>
    <UnitTest name="validate_toppingsNotValid_returnsTrue" storage="d:\programming\school\semester-3\software-quality-i-testing-tools-and-methodologies\asn1\coffeeorder.tests\bin\debug\net8.0\coffeeorder.tests.dll" id="8fa8cb8a-b2fb-0012-f716-122e7992943f">
      <Execution id="bbcb32e7-f173-4e34-aff6-bd8eb94865d0" />
      <TestMethod codeBase="D:\Programming\School\Semester-3\Software-Quality-I-Testing-Tools-and-Methodologies\ASN1\CoffeeOrder.Tests\bin\Debug\net8.0\CoffeeOrder.Tests.dll" adapterTypeName="executor://mstestadapter/v2" className="CoffeeOrder.Tests.OrderValidatorTests" name="validate_toppingsNotValid_returnsTrue" />
    </UnitTest>
    <UnitTest name="invalid_baseDrink_returnsFailureFlag" storage="d:\programming\school\semester-3\software-quality-i-testing-tools-and-methodologies\asn1\coffeeorder.tests\bin\debug\net8.0\coffeeorder.tests.dll" id="26e6f5f7-81e9-6de1-6e9b-b7c4c8544665">
      <Execution id="0f9bbbea-5863-46d8-bd10-9de6065b4972" />
      <TestMethod codeBase="D:\Programming\School\Semester-3\Software-Quality-I-Testing-Tools-and-Methodologies\ASN1\CoffeeOrder.Tests\bin\Debug\net8.0\CoffeeOrder.Tests.dll" adapterTypeName="executor://mstestadapter/v2" className="CoffeeOrder.Tests.BeverageTests" name="invalid_baseDrink_returnsFailureFlag" />
    </UnitTest>
    <UnitTest name="invalid_temp_returnsFailureflag" storage="d:\programming\school\semester-3\software-quality-i-testing-tools-and-methodologies\asn1\coffeeorder.tests\bin\debug\net8.0\coffeeorder.tests.dll" id="d4e3120b-08d4-c80d-778e-bdae34940869">
      <Execution id="f61e81f6-0b05-4d5b-8fe5-f6557ae906a3" />
      <TestMethod codeBase="D:\Programming\School\Semester-3\Software-Quality-I-Testing-Tools-and-Methodologies\ASN1\CoffeeOrder.Tests\bin\Debug\net8.0\CoffeeOrder.Tests.dll" adapterTypeName="executor://mstestadapter/v2" className="CoffeeOrder.Tests.BeverageTests" name="invalid_temp_returnsFailureflag" />
    </UnitTest>
    <UnitTest name="validate_addDiscount_returnDiscountOBJ" storage="d:\programming\school\semester-3\software-quality-i-testing-tools-and-methodologies\asn1\coffeeorder.tests\bin\debug\net8.0\coffeeorder.tests.dll" id="1a882987-184d-9b4b-13c4-9582d56028c1">
      <Execution id="4a71f7f4-71a0-4178-9449-965414d7deb3" />
      <TestMethod codeBase="D:\Programming\School\Semester-3\Software-Quality-I-Testing-Tools-and-Methodologies\ASN1\CoffeeOrder.Tests\bin\Debug\net8.0\CoffeeOrder.Tests.dll" adapterTypeName="executor://mstestadapter/v2" className="CoffeeOrder.Tests.OrderTests" name="validate_addDiscount_returnDiscountOBJ" />
    </UnitTest>
    <UnitTest name="validate_addDiscountEmptyBeverages_returnDiscountOBJ" storage="d:\programming\school\semester-3\software-quality-i-testing-tools-and-methodologies\asn1\coffeeorder.tests\bin\debug\net8.0\coffeeorder.tests.dll" id="c2b880c4-6aa3-a22e-c26b-92d66c839b56">
      <Execution id="d64f5c88-f840-4b36-943e-d087df65cbc3" />
      <TestMethod codeBase="D:\Programming\School\Semester-3\Software-Quality-I-Testing-Tools-and-Methodologies\ASN1\CoffeeOrder.Tests\bin\Debug\net8.0\CoffeeOrder.Tests.dll" adapterTypeName="executor://mstestadapter/v2" className="CoffeeOrder.Tests.OrderTests" name="validate_addDiscountEmptyBeverages_returnDiscountOBJ" />
    </UnitTest>
    <UnitTest name="validate_priceAccuracyCheck_returnsDecimal" storage="d:\programming\school\semester-3\software-quality-i-testing-tools-and-methodologies\asn1\coffeeorder.tests\bin\debug\net8.0\coffeeorder.tests.dll" id="0ce33c1c-508e-938f-348f-d3424a2d1dff">
      <Execution id="dc3c2b5b-6a02-40d6-b622-de4edd8498eb" />
      <TestMethod codeBase="D:\Programming\School\Semester-3\Software-Quality-I-Testing-Tools-and-Methodologies\ASN1\CoffeeOrder.Tests\bin\Debug\net8.0\CoffeeOrder.Tests.dll" adapterTypeName="executor://mstestadapter/v2" className="CoffeeOrder.Tests.PriceCalculatorTests" name="validate_priceAccuracyCheck_returnsDecimal" />
    </UnitTest>
    <UnitTest name="check_lessThanVeryHotOrEspressoKidFriendly_returnsTrue" storage="d:\programming\school\semester-3\software-quality-i-testing-tools-and-methodologies\asn1\coffeeorder.tests\bin\debug\net8.0\coffeeorder.tests.dll" id="0755c290-2d7a-da8f-474d-5a7613517775">
      <Execution id="f952909b-ef3d-4dcc-9241-7fa9eac74348" />
      <TestMethod codeBase="D:\Programming\School\Semester-3\Software-Quality-I-Testing-Tools-and-Methodologies\ASN1\CoffeeOrder.Tests\bin\Debug\net8.0\CoffeeOrder.Tests.dll" adapterTypeName="executor://mstestadapter/v2" className="CoffeeOrder.Tests.BeverageClassifierTests" name="check_lessThanVeryHotOrEspressoKidFriendly_returnsTrue" />
    </UnitTest>
    <UnitTest name="validate_selectsBOGOWhenBetterDeal_returnsBOGODiscount" storage="d:\programming\school\semester-3\software-quality-i-testing-tools-and-methodologies\asn1\coffeeorder.tests\bin\debug\net8.0\coffeeorder.tests.dll" id="65fec8e7-95d7-1798-3572-31a04b19530c">
      <Execution id="f99ed890-1569-4f6a-a965-a545bf750fa7" />
      <TestMethod codeBase="D:\Programming\School\Semester-3\Software-Quality-I-Testing-Tools-and-Methodologies\ASN1\CoffeeOrder.Tests\bin\Debug\net8.0\CoffeeOrder.Tests.dll" adapterTypeName="executor://mstestadapter/v2" className="CoffeeOrder.Tests.PromotionHelperTests" name="validate_selectsBOGOWhenBetterDeal_returnsBOGODiscount" />
    </UnitTest>
    <UnitTest name="validate_happyHourOnVeryColdDrink_returnsNoDiscount" storage="d:\programming\school\semester-3\software-quality-i-testing-tools-and-methodologies\asn1\coffeeorder.tests\bin\debug\net8.0\coffeeorder.tests.dll" id="39048f2d-7369-2ba0-4d0f-0a33eae532cc">
      <Execution id="b118f0bb-eacd-416b-919a-e1f6cd3e64e5" />
      <TestMethod codeBase="D:\Programming\School\Semester-3\Software-Quality-I-Testing-Tools-and-Methodologies\ASN1\CoffeeOrder.Tests\bin\Debug\net8.0\CoffeeOrder.Tests.dll" adapterTypeName="executor://mstestadapter/v2" className="CoffeeOrder.Tests.PromotionHelperTests" name="validate_happyHourOnVeryColdDrink_returnsNoDiscount" />
    </UnitTest>
    <UnitTest name="errorCheck_milkNoneShotsMoreThan0_returnsTrue" storage="d:\programming\school\semester-3\software-quality-i-testing-tools-and-methodologies\asn1\coffeeorder.tests\bin\debug\net8.0\coffeeorder.tests.dll" id="c80102e6-670b-1527-6f18-0068aba9f673">
      <Execution id="99c03ea5-6c47-4f0e-8a37-dca69e6a95a8" />
      <TestMethod codeBase="D:\Programming\School\Semester-3\Software-Quality-I-Testing-Tools-and-Methodologies\ASN1\CoffeeOrder.Tests\bin\Debug\net8.0\CoffeeOrder.Tests.dll" adapterTypeName="executor://mstestadapter/v2" className="CoffeeOrder.Tests.OrderValidatorTests" name="errorCheck_milkNoneShotsMoreThan0_returnsTrue" />
    </UnitTest>
    <UnitTest name="validate_syrupsNotValid_returnsTrue" storage="d:\programming\school\semester-3\software-quality-i-testing-tools-and-methodologies\asn1\coffeeorder.tests\bin\debug\net8.0\coffeeorder.tests.dll" id="a43d519d-2109-109a-b451-69921fbbcf5f">
      <Execution id="56b5ea41-f40c-4210-93cd-5bb3054ffd16" />
      <TestMethod codeBase="D:\Programming\School\Semester-3\Software-Quality-I-Testing-Tools-and-Methodologies\ASN1\CoffeeOrder.Tests\bin\Debug\net8.0\CoffeeOrder.Tests.dll" adapterTypeName="executor://mstestadapter/v2" className="CoffeeOrder.Tests.OrderValidatorTests" name="validate_syrupsNotValid_returnsTrue" />
    </UnitTest>
    <UnitTest name="check_vegan_returnsFalse" storage="d:\programming\school\semester-3\software-quality-i-testing-tools-and-methodologies\asn1\coffeeorder.tests\bin\debug\net8.0\coffeeorder.tests.dll" id="3aba5a6b-2278-fa39-6c62-a9c5c4fd7c2c">
      <Execution id="492285c1-4551-432b-9fcf-35d60a6085d0" />
      <TestMethod codeBase="D:\Programming\School\Semester-3\Software-Quality-I-Testing-Tools-and-Methodologies\ASN1\CoffeeOrder.Tests\bin\Debug\net8.0\CoffeeOrder.Tests.dll" adapterTypeName="executor://mstestadapter/v2" className="CoffeeOrder.Tests.BeverageClassifierTests" name="check_vegan_returnsFalse" />
    </UnitTest>
    <UnitTest name="validate_syrupsValid_returnsFalse" storage="d:\programming\school\semester-3\software-quality-i-testing-tools-and-methodologies\asn1\coffeeorder.tests\bin\debug\net8.0\coffeeorder.tests.dll" id="6290c944-d86a-fa9e-aff6-fb0747057ff5">
      <Execution id="da2fe95f-eb84-49bf-9b5b-c15c9a6373fd" />
      <TestMethod codeBase="D:\Programming\School\Semester-3\Software-Quality-I-Testing-Tools-and-Methodologies\ASN1\CoffeeOrder.Tests\bin\Debug\net8.0\CoffeeOrder.Tests.dll" adapterTypeName="executor://mstestadapter/v2" className="CoffeeOrder.Tests.OrderValidatorTests" name="validate_syrupsValid_returnsFalse" />
    </UnitTest>
    <UnitTest name="vlaidate_happyHourOnRoomTempDrink_returnsNoDiscount" storage="d:\programming\school\semester-3\software-quality-i-testing-tools-and-methodologies\asn1\coffeeorder.tests\bin\debug\net8.0\coffeeorder.tests.dll" id="4e7e537f-273c-0576-b102-48f72bf5e3fc">
      <Execution id="8ff05574-dd28-443e-88dc-148d5d1fe76a" />
      <TestMethod codeBase="D:\Programming\School\Semester-3\Software-Quality-I-Testing-Tools-and-Methodologies\ASN1\CoffeeOrder.Tests\bin\Debug\net8.0\CoffeeOrder.Tests.dll" adapterTypeName="executor://mstestadapter/v2" className="CoffeeOrder.Tests.PromotionHelperTests" name="vlaidate_happyHourOnRoomTempDrink_returnsNoDiscount" />
    </UnitTest>
    <UnitTest name="validate_getSizeString_returnsString" storage="d:\programming\school\semester-3\software-quality-i-testing-tools-and-methodologies\asn1\coffeeorder.tests\bin\debug\net8.0\coffeeorder.tests.dll" id="88b2a1ce-4620-8046-545c-a65300dfd894">
      <Execution id="20f241ea-c354-41b3-92f4-1606b6aeb734" />
      <TestMethod codeBase="D:\Programming\School\Semester-3\Software-Quality-I-Testing-Tools-and-Methodologies\ASN1\CoffeeOrder.Tests\bin\Debug\net8.0\CoffeeOrder.Tests.dll" adapterTypeName="executor://mstestadapter/v2" className="CoffeeOrder.Tests.BeverageTests" name="validate_getSizeString_returnsString" />
    </UnitTest>
    <UnitTest name="errorCheck_baseDrinkNotPresent_returnsTrue" storage="d:\programming\school\semester-3\software-quality-i-testing-tools-and-methodologies\asn1\coffeeorder.tests\bin\debug\net8.0\coffeeorder.tests.dll" id="390679b4-c47c-97a6-8411-4aecfef0859d">
      <Execution id="c6066987-cbbe-4208-848d-37881f079596" />
      <TestMethod codeBase="D:\Programming\School\Semester-3\Software-Quality-I-Testing-Tools-and-Methodologies\ASN1\CoffeeOrder.Tests\bin\Debug\net8.0\CoffeeOrder.Tests.dll" adapterTypeName="executor://mstestadapter/v2" className="CoffeeOrder.Tests.OrderValidatorTests" name="errorCheck_baseDrinkNotPresent_returnsTrue" />
    </UnitTest>
    <UnitTest name="check_VeryHotKidFriendly_returnsFalse" storage="d:\programming\school\semester-3\software-quality-i-testing-tools-and-methodologies\asn1\coffeeorder.tests\bin\debug\net8.0\coffeeorder.tests.dll" id="7b48ba01-5945-d7ac-ebab-80cc260f0d4a">
      <Execution id="75736cf2-d4f9-4748-9c71-07156db0b165" />
      <TestMethod codeBase="D:\Programming\School\Semester-3\Software-Quality-I-Testing-Tools-and-Methodologies\ASN1\CoffeeOrder.Tests\bin\Debug\net8.0\CoffeeOrder.Tests.dll" adapterTypeName="executor://mstestadapter/v2" className="CoffeeOrder.Tests.BeverageClassifierTests" name="check_VeryHotKidFriendly_returnsFalse" />
    </UnitTest>
    <UnitTest name="validate_milkValid_returnsFalse" storage="d:\programming\school\semester-3\software-quality-i-testing-tools-and-methodologies\asn1\coffeeorder.tests\bin\debug\net8.0\coffeeorder.tests.dll" id="ab321578-5fae-6152-9e60-b19e9102f5a7">
      <Execution id="e3de54a4-97d0-4e3c-b8bc-7b59cc01b782" />
      <TestMethod codeBase="D:\Programming\School\Semester-3\Software-Quality-I-Testing-Tools-and-Methodologies\ASN1\CoffeeOrder.Tests\bin\Debug\net8.0\CoffeeOrder.Tests.dll" adapterTypeName="executor://mstestadapter/v2" className="CoffeeOrder.Tests.OrderValidatorTests" name="validate_milkValid_returnsFalse" />
    </UnitTest>
    <UnitTest name="validate_dedupeStringList_returnsStringList" storage="d:\programming\school\semester-3\software-quality-i-testing-tools-and-methodologies\asn1\coffeeorder.tests\bin\debug\net8.0\coffeeorder.tests.dll" id="ff429328-86e1-bfe1-0aea-aa87ae3082f9">
      <Execution id="02c26855-7452-48e2-bd10-ddb3ac5e2a31" />
      <TestMethod codeBase="D:\Programming\School\Semester-3\Software-Quality-I-Testing-Tools-and-Methodologies\ASN1\CoffeeOrder.Tests\bin\Debug\net8.0\CoffeeOrder.Tests.dll" adapterTypeName="executor://mstestadapter/v2" className="CoffeeOrder.Tests.utilTESTS" name="validate_dedupeStringList_returnsStringList" />
    </UnitTest>
    <UnitTest name="validate_happyHourOnColdDrink_returnsNoDiscount" storage="d:\programming\school\semester-3\software-quality-i-testing-tools-and-methodologies\asn1\coffeeorder.tests\bin\debug\net8.0\coffeeorder.tests.dll" id="606ef3a1-3997-4db2-0085-4bcb828b7299">
      <Execution id="b9547019-f785-477f-98d1-58ee97e2e5e2" />
      <TestMethod codeBase="D:\Programming\School\Semester-3\Software-Quality-I-Testing-Tools-and-Methodologies\ASN1\CoffeeOrder.Tests\bin\Debug\net8.0\CoffeeOrder.Tests.dll" adapterTypeName="executor://mstestadapter/v2" className="CoffeeOrder.Tests.PromotionHelperTests" name="validate_happyHourOnColdDrink_returnsNoDiscount" />
    </UnitTest>
    <UnitTest name="validate_toppingsNotPresent_returnsFalse" storage="d:\programming\school\semester-3\software-quality-i-testing-tools-and-methodologies\asn1\coffeeorder.tests\bin\debug\net8.0\coffeeorder.tests.dll" id="81c3a416-88ce-0ce5-401b-48796f1bcebb">
      <Execution id="54a194a8-8305-4208-92e9-643a233e011d" />
      <TestMethod codeBase="D:\Programming\School\Semester-3\Software-Quality-I-Testing-Tools-and-Methodologies\ASN1\CoffeeOrder.Tests\bin\Debug\net8.0\CoffeeOrder.Tests.dll" adapterTypeName="executor://mstestadapter/v2" className="CoffeeOrder.Tests.OrderValidatorTests" name="validate_toppingsNotPresent_returnsFalse" />
    </UnitTest>
    <UnitTest name="check_EspressoKidFriendly_returnsFalse" storage="d:\programming\school\semester-3\software-quality-i-testing-tools-and-methodologies\asn1\coffeeorder.tests\bin\debug\net8.0\coffeeorder.tests.dll" id="01744df6-beda-edad-8b22-dde861449816">
      <Execution id="e32b6333-1222-4a2c-be9c-fcc782c14a0f" />
      <TestMethod codeBase="D:\Programming\School\Semester-3\Software-Quality-I-Testing-Tools-and-Methodologies\ASN1\CoffeeOrder.Tests\bin\Debug\net8.0\CoffeeOrder.Tests.dll" adapterTypeName="executor://mstestadapter/v2" className="CoffeeOrder.Tests.BeverageClassifierTests" name="check_EspressoKidFriendly_returnsFalse" />
    </UnitTest>
    <UnitTest name="validate_oneGo_returnsReceiptString" storage="d:\programming\school\semester-3\software-quality-i-testing-tools-and-methodologies\asn1\coffeeorder.tests\bin\debug\net8.0\coffeeorder.tests.dll" id="ea01fe68-6181-ad45-8034-2c8bbf6d21d3">
      <Execution id="6661b5ed-db27-4656-b046-e6186026b4fd" />
      <TestMethod codeBase="D:\Programming\School\Semester-3\Software-Quality-I-Testing-Tools-and-Methodologies\ASN1\CoffeeOrder.Tests\bin\Debug\net8.0\CoffeeOrder.Tests.dll" adapterTypeName="executor://mstestadapter/v2" className="CoffeeOrder.Tests.ReceiptFormatterTests" name="validate_oneGo_returnsReceiptString" />
    </UnitTest>
    <UnitTest name="errorCheck_shotsBelowMinimum_returnsTrue" storage="d:\programming\school\semester-3\software-quality-i-testing-tools-and-methodologies\asn1\coffeeorder.tests\bin\debug\net8.0\coffeeorder.tests.dll" id="b4511c17-f324-9c7b-e4b9-62dc7ac749cc">
      <Execution id="50ec8087-6510-407d-9999-4d5649b1d895" />
      <TestMethod codeBase="D:\Programming\School\Semester-3\Software-Quality-I-Testing-Tools-and-Methodologies\ASN1\CoffeeOrder.Tests\bin\Debug\net8.0\CoffeeOrder.Tests.dll" adapterTypeName="executor://mstestadapter/v2" className="CoffeeOrder.Tests.OrderValidatorTests" name="errorCheck_shotsBelowMinimum_returnsTrue" />
    </UnitTest>
    <UnitTest name="invalid_toppingsOption_returnsFailureFlag" storage="d:\programming\school\semester-3\software-quality-i-testing-tools-and-methodologies\asn1\coffeeorder.tests\bin\debug\net8.0\coffeeorder.tests.dll" id="73cf283a-78ec-961f-48df-fbc7e3516eb5">
      <Execution id="939af16f-349f-467d-9b7e-23f3347c0437" />
      <TestMethod codeBase="D:\Programming\School\Semester-3\Software-Quality-I-Testing-Tools-and-Methodologies\ASN1\CoffeeOrder.Tests\bin\Debug\net8.0\CoffeeOrder.Tests.dll" adapterTypeName="executor://mstestadapter/v2" className="CoffeeOrder.Tests.BeverageTests" name="invalid_toppingsOption_returnsFailureFlag" />
    </UnitTest>
    <UnitTest name="check_decaf_returnsTrue" storage="d:\programming\school\semester-3\software-quality-i-testing-tools-and-methodologies\asn1\coffeeorder.tests\bin\debug\net8.0\coffeeorder.tests.dll" id="1f512e9b-311f-fc1b-3818-46cc7b30a98e">
      <Execution id="8126d7b7-1e98-464e-8e66-6fa86fa458bb" />
      <TestMethod codeBase="D:\Programming\School\Semester-3\Software-Quality-I-Testing-Tools-and-Methodologies\ASN1\CoffeeOrder.Tests\bin\Debug\net8.0\CoffeeOrder.Tests.dll" adapterTypeName="executor://mstestadapter/v2" className="CoffeeOrder.Tests.BeverageClassifierTests" name="check_decaf_returnsTrue" />
    </UnitTest>
    <UnitTest name="validate_milkNotValid_returnsTrue" storage="d:\programming\school\semester-3\software-quality-i-testing-tools-and-methodologies\asn1\coffeeorder.tests\bin\debug\net8.0\coffeeorder.tests.dll" id="a9a099fe-cea2-d000-34e0-09339dfe85db">
      <Execution id="dc9419b9-367f-4332-ae36-cc77269d9630" />
      <TestMethod codeBase="D:\Programming\School\Semester-3\Software-Quality-I-Testing-Tools-and-Methodologies\ASN1\CoffeeOrder.Tests\bin\Debug\net8.0\CoffeeOrder.Tests.dll" adapterTypeName="executor://mstestadapter/v2" className="CoffeeOrder.Tests.OrderValidatorTests" name="validate_milkNotValid_returnsTrue" />
    </UnitTest>
    <UnitTest name="invalid_size_returnsFailureflag" storage="d:\programming\school\semester-3\software-quality-i-testing-tools-and-methodologies\asn1\coffeeorder.tests\bin\debug\net8.0\coffeeorder.tests.dll" id="e56a46cd-6e7b-7362-63ca-10db6895a1ef">
      <Execution id="6a386198-00a7-4812-ba28-5d349ad6cf8c" />
      <TestMethod codeBase="D:\Programming\School\Semester-3\Software-Quality-I-Testing-Tools-and-Methodologies\ASN1\CoffeeOrder.Tests\bin\Debug\net8.0\CoffeeOrder.Tests.dll" adapterTypeName="executor://mstestadapter/v2" className="CoffeeOrder.Tests.BeverageTests" name="invalid_size_returnsFailureflag" />
    </UnitTest>
    <UnitTest name="errorCheck_oneStringListNull_returnsStringList" storage="d:\programming\school\semester-3\software-quality-i-testing-tools-and-methodologies\asn1\coffeeorder.tests\bin\debug\net8.0\coffeeorder.tests.dll" id="6dd57b3a-8c69-15a5-c750-a55449d280f1">
      <Execution id="4170d52e-7052-4d8d-a774-f10735550527" />
      <TestMethod codeBase="D:\Programming\School\Semester-3\Software-Quality-I-Testing-Tools-and-Methodologies\ASN1\CoffeeOrder.Tests\bin\Debug\net8.0\CoffeeOrder.Tests.dll" adapterTypeName="executor://mstestadapter/v2" className="CoffeeOrder.Tests.utilTESTS" name="errorCheck_oneStringListNull_returnsStringList" />
    </UnitTest>
    <UnitTest name="validate_addBeverage_returnList" storage="d:\programming\school\semester-3\software-quality-i-testing-tools-and-methodologies\asn1\coffeeorder.tests\bin\debug\net8.0\coffeeorder.tests.dll" id="ec476349-50aa-b34b-91c9-d9dae68ad857">
      <Execution id="32511b47-c397-4e60-83e5-7706e5ae6f25" />
      <TestMethod codeBase="D:\Programming\School\Semester-3\Software-Quality-I-Testing-Tools-and-Methodologies\ASN1\CoffeeOrder.Tests\bin\Debug\net8.0\CoffeeOrder.Tests.dll" adapterTypeName="executor://mstestadapter/v2" className="CoffeeOrder.Tests.OrderTests" name="validate_addBeverage_returnList" />
    </UnitTest>
    <UnitTest name="check_decaf_returnsFalse" storage="d:\programming\school\semester-3\software-quality-i-testing-tools-and-methodologies\asn1\coffeeorder.tests\bin\debug\net8.0\coffeeorder.tests.dll" id="a2fdabb8-6c71-faeb-d05b-e20b9f69e43c">
      <Execution id="abd620fa-3a20-487e-b011-606e248c68a6" />
      <TestMethod codeBase="D:\Programming\School\Semester-3\Software-Quality-I-Testing-Tools-and-Methodologies\ASN1\CoffeeOrder.Tests\bin\Debug\net8.0\CoffeeOrder.Tests.dll" adapterTypeName="executor://mstestadapter/v2" className="CoffeeOrder.Tests.BeverageClassifierTests" name="check_decaf_returnsFalse" />
    </UnitTest>
    <UnitTest name="valid_enums_returnsCloset" storage="d:\programming\school\semester-3\software-quality-i-testing-tools-and-methodologies\asn1\coffeeorder.tests\bin\debug\net8.0\coffeeorder.tests.dll" id="ad68016f-2397-a5b2-ddb5-873ba2e96ea0">
      <Execution id="a3761fd2-9d60-4d31-b807-5602093fa77b" />
      <TestMethod codeBase="D:\Programming\School\Semester-3\Software-Quality-I-Testing-Tools-and-Methodologies\ASN1\CoffeeOrder.Tests\bin\Debug\net8.0\CoffeeOrder.Tests.dll" adapterTypeName="executor://mstestadapter/v2" className="CoffeeOrder.Tests.utilTESTS" name="valid_enums_returnsCloset" />
    </UnitTest>
    <UnitTest name="valid_twoStringLists_returnsStringList" storage="d:\programming\school\semester-3\software-quality-i-testing-tools-and-methodologies\asn1\coffeeorder.tests\bin\debug\net8.0\coffeeorder.tests.dll" id="76518acd-d921-4ac8-099b-3cd2b190ab20">
      <Execution id="9ab44595-5632-4672-87fa-fb02aac1cb49" />
      <TestMethod codeBase="D:\Programming\School\Semester-3\Software-Quality-I-Testing-Tools-and-Methodologies\ASN1\CoffeeOrder.Tests\bin\Debug\net8.0\CoffeeOrder.Tests.dll" adapterTypeName="executor://mstestadapter/v2" className="CoffeeOrder.Tests.utilTESTS" name="valid_twoStringLists_returnsStringList" />
    </UnitTest>
    <UnitTest name="valid_drink_returnsDrink" storage="d:\programming\school\semester-3\software-quality-i-testing-tools-and-methodologies\asn1\coffeeorder.tests\bin\debug\net8.0\coffeeorder.tests.dll" id="91166a69-5c0c-0669-c2f4-fb5ab83f0226">
      <Execution id="70811361-07dd-4662-bbfe-96b8d9140ace" />
      <TestMethod codeBase="D:\Programming\School\Semester-3\Software-Quality-I-Testing-Tools-and-Methodologies\ASN1\CoffeeOrder.Tests\bin\Debug\net8.0\CoffeeOrder.Tests.dll" adapterTypeName="executor://mstestadapter/v2" className="CoffeeOrder.Tests.BeverageTests" name="valid_drink_returnsDrink" />
    </UnitTest>
    <UnitTest name="validate_syrupsNotPresent_returnsFalse" storage="d:\programming\school\semester-3\software-quality-i-testing-tools-and-methodologies\asn1\coffeeorder.tests\bin\debug\net8.0\coffeeorder.tests.dll" id="6aa4eab6-3d85-abf2-6b59-2abc3ef9b765">
      <Execution id="43b0146c-cc3d-497a-883b-0fbf69b81970" />
      <TestMethod codeBase="D:\Programming\School\Semester-3\Software-Quality-I-Testing-Tools-and-Methodologies\ASN1\CoffeeOrder.Tests\bin\Debug\net8.0\CoffeeOrder.Tests.dll" adapterTypeName="executor://mstestadapter/v2" className="CoffeeOrder.Tests.OrderValidatorTests" name="validate_syrupsNotPresent_returnsFalse" />
    </UnitTest>
  </TestDefinitions>
  <TestEntries>
    <TestEntry testId="ea01fe68-6181-ad45-8034-2c8bbf6d21d3" executionId="6661b5ed-db27-4656-b046-e6186026b4fd" testListId="8c84fa94-04c1-424b-9868-57a2d4851a1d" />
    <TestEntry testId="ec476349-50aa-b34b-91c9-d9dae68ad857" executionId="32511b47-c397-4e60-83e5-7706e5ae6f25" testListId="8c84fa94-04c1-424b-9868-57a2d4851a1d" />
    <TestEntry testId="0ce33c1c-508e-938f-348f-d3424a2d1dff" executionId="dc3c2b5b-6a02-40d6-b622-de4edd8498eb" testListId="8c84fa94-04c1-424b-9868-57a2d4851a1d" />
    <TestEntry testId="1f1c733d-46a1-51a1-40bc-fc63e95fbd4a" executionId="6a4aeda9-43d1-4256-ba18-353d9a020520" testListId="8c84fa94-04c1-424b-9868-57a2d4851a1d" />
    <TestEntry testId="36010a2c-850b-174f-54b5-80641612d7ab" executionId="71dfffbe-e242-4833-9937-14dd7b50b751" testListId="8c84fa94-04c1-424b-9868-57a2d4851a1d" />
    <TestEntry testId="d7f2bd3b-8ae5-052d-9eed-b32d1161442f" executionId="15fbf6f6-42ae-4088-9ac9-4c3e016d1660" testListId="8c84fa94-04c1-424b-9868-57a2d4851a1d" />
    <TestEntry testId="390679b4-c47c-97a6-8411-4aecfef0859d" executionId="c6066987-cbbe-4208-848d-37881f079596" testListId="8c84fa94-04c1-424b-9868-57a2d4851a1d" />
    <TestEntry testId="606ef3a1-3997-4db2-0085-4bcb828b7299" executionId="b9547019-f785-477f-98d1-58ee97e2e5e2" testListId="8c84fa94-04c1-424b-9868-57a2d4851a1d" />
    <TestEntry testId="e56a46cd-6e7b-7362-63ca-10db6895a1ef" executionId="6a386198-00a7-4812-ba28-5d349ad6cf8c" testListId="8c84fa94-04c1-424b-9868-57a2d4851a1d" />
    <TestEntry testId="ad68016f-2397-a5b2-ddb5-873ba2e96ea0" executionId="a3761fd2-9d60-4d31-b807-5602093fa77b" testListId="8c84fa94-04c1-424b-9868-57a2d4851a1d" />
    <TestEntry testId="65fec8e7-95d7-1798-3572-31a04b19530c" executionId="f99ed890-1569-4f6a-a965-a545bf750fa7" testListId="8c84fa94-04c1-424b-9868-57a2d4851a1d" />
    <TestEntry testId="7b48ba01-5945-d7ac-ebab-80cc260f0d4a" executionId="75736cf2-d4f9-4748-9c71-07156db0b165" testListId="8c84fa94-04c1-424b-9868-57a2d4851a1d" />
    <TestEntry testId="1c6110d1-3e41-4d5c-377b-c77d31945bb1" executionId="38d5c4f2-b02b-48fc-b65c-f06254472d16" testListId="8c84fa94-04c1-424b-9868-57a2d4851a1d" />
    <TestEntry testId="a43d519d-2109-109a-b451-69921fbbcf5f" executionId="56b5ea41-f40c-4210-93cd-5bb3054ffd16" testListId="8c84fa94-04c1-424b-9868-57a2d4851a1d" />
    <TestEntry testId="8cde6510-60ec-3359-52b7-be0d7e4fe308" executionId="f0be276f-7822-4d60-acee-34b90251206a" testListId="8c84fa94-04c1-424b-9868-57a2d4851a1d" />
    <TestEntry testId="6dd57b3a-8c69-15a5-c750-a55449d280f1" executionId="4170d52e-7052-4d8d-a774-f10735550527" testListId="8c84fa94-04c1-424b-9868-57a2d4851a1d" />
    <TestEntry testId="f0339a23-4439-35e7-eed6-e862427f24bc" executionId="c0a690f6-ed2d-4ab6-995c-19a4dfb32e53" testListId="8c84fa94-04c1-424b-9868-57a2d4851a1d" />
    <TestEntry testId="c80102e6-670b-1527-6f18-0068aba9f673" executionId="99c03ea5-6c47-4f0e-8a37-dca69e6a95a8" testListId="8c84fa94-04c1-424b-9868-57a2d4851a1d" />
    <TestEntry testId="ff429328-86e1-bfe1-0aea-aa87ae3082f9" executionId="02c26855-7452-48e2-bd10-ddb3ac5e2a31" testListId="8c84fa94-04c1-424b-9868-57a2d4851a1d" />
    <TestEntry testId="76f28a51-6c6e-f112-dcba-bb316d5f2b0d" executionId="9db1c78a-e8f6-421e-ab99-faeb08901c6c" testListId="8c84fa94-04c1-424b-9868-57a2d4851a1d" />
    <TestEntry testId="d97dafe4-57d6-bac9-6b7b-2615f318c993" executionId="9a1875d4-198d-4052-a91a-f55cca8370fe" testListId="8c84fa94-04c1-424b-9868-57a2d4851a1d" />
    <TestEntry testId="c2b880c4-6aa3-a22e-c26b-92d66c839b56" executionId="d64f5c88-f840-4b36-943e-d087df65cbc3" testListId="8c84fa94-04c1-424b-9868-57a2d4851a1d" />
    <TestEntry testId="8fa8cb8a-b2fb-0012-f716-122e7992943f" executionId="bbcb32e7-f173-4e34-aff6-bd8eb94865d0" testListId="8c84fa94-04c1-424b-9868-57a2d4851a1d" />
    <TestEntry testId="86c9001e-ba01-1836-ae0f-c054a0d569cd" executionId="a5e16bd7-667b-4e7d-af0b-6b27be5f0d10" testListId="8c84fa94-04c1-424b-9868-57a2d4851a1d" />
    <TestEntry testId="b2e73580-fd80-1e2e-5c34-05f7ff670fb0" executionId="527a3592-cad4-4b17-bbd8-7ed2c0bdf200" testListId="8c84fa94-04c1-424b-9868-57a2d4851a1d" />
    <TestEntry testId="29a04268-c10a-2726-9088-840fd26aaeb7" executionId="13592c4e-1ce4-4f3c-ae65-61af5ff0a797" testListId="8c84fa94-04c1-424b-9868-57a2d4851a1d" />
    <TestEntry testId="91166a69-5c0c-0669-c2f4-fb5ab83f0226" executionId="70811361-07dd-4662-bbfe-96b8d9140ace" testListId="8c84fa94-04c1-424b-9868-57a2d4851a1d" />
    <TestEntry testId="ab321578-5fae-6152-9e60-b19e9102f5a7" executionId="e3de54a4-97d0-4e3c-b8bc-7b59cc01b782" testListId="8c84fa94-04c1-424b-9868-57a2d4851a1d" />
    <TestEntry testId="81c3a416-88ce-0ce5-401b-48796f1bcebb" executionId="54a194a8-8305-4208-92e9-643a233e011d" testListId="8c84fa94-04c1-424b-9868-57a2d4851a1d" />
    <TestEntry testId="cfa437dc-fb89-9caa-bc15-10ed2aac71f3" executionId="154c1459-a01a-4426-97c4-c85c20aa332a" testListId="8c84fa94-04c1-424b-9868-57a2d4851a1d" />
    <TestEntry testId="4e7e537f-273c-0576-b102-48f72bf5e3fc" executionId="8ff05574-dd28-443e-88dc-148d5d1fe76a" testListId="8c84fa94-04c1-424b-9868-57a2d4851a1d" />
    <TestEntry testId="d4e3120b-08d4-c80d-778e-bdae34940869" executionId="f61e81f6-0b05-4d5b-8fe5-f6557ae906a3" testListId="8c84fa94-04c1-424b-9868-57a2d4851a1d" />
    <TestEntry testId="a03437ff-13ac-0403-894a-f8a80581a194" executionId="6eb8cd08-7702-4502-87f5-6913120c55e7" testListId="8c84fa94-04c1-424b-9868-57a2d4851a1d" />
    <TestEntry testId="26e6f5f7-81e9-6de1-6e9b-b7c4c8544665" executionId="0f9bbbea-5863-46d8-bd10-9de6065b4972" testListId="8c84fa94-04c1-424b-9868-57a2d4851a1d" />
    <TestEntry testId="0755c290-2d7a-da8f-474d-5a7613517775" executionId="f952909b-ef3d-4dcc-9241-7fa9eac74348" testListId="8c84fa94-04c1-424b-9868-57a2d4851a1d" />
    <TestEntry testId="6aa4eab6-3d85-abf2-6b59-2abc3ef9b765" executionId="43b0146c-cc3d-497a-883b-0fbf69b81970" testListId="8c84fa94-04c1-424b-9868-57a2d4851a1d" />
    <TestEntry testId="adc9a5d9-e39c-d2b1-eb70-979d26d63e37" executionId="600a3f00-27d9-4245-b324-5d9f98e573c8" testListId="8c84fa94-04c1-424b-9868-57a2d4851a1d" />
    <TestEntry testId="bcf43e7e-deda-420e-d5c5-4930529f323a" executionId="073e1c77-83a8-4823-9e8f-a78e1ad17d8a" testListId="8c84fa94-04c1-424b-9868-57a2d4851a1d" />
    <TestEntry testId="1a882987-184d-9b4b-13c4-9582d56028c1" executionId="4a71f7f4-71a0-4178-9449-965414d7deb3" testListId="8c84fa94-04c1-424b-9868-57a2d4851a1d" />
    <TestEntry testId="3aba5a6b-2278-fa39-6c62-a9c5c4fd7c2c" executionId="492285c1-4551-432b-9fcf-35d60a6085d0" testListId="8c84fa94-04c1-424b-9868-57a2d4851a1d" />
    <TestEntry testId="01744df6-beda-edad-8b22-dde861449816" executionId="e32b6333-1222-4a2c-be9c-fcc782c14a0f" testListId="8c84fa94-04c1-424b-9868-57a2d4851a1d" />
    <TestEntry testId="6981742b-2dcf-eef9-06b5-35e81e577ce0" executionId="d06a45d6-b6e9-423f-be8c-005e3de049a4" testListId="8c84fa94-04c1-424b-9868-57a2d4851a1d" />
    <TestEntry testId="e739f344-c1cc-8572-8980-befca5b7bdcc" executionId="339245ac-398f-453f-b5b7-7f8184d324f2" testListId="8c84fa94-04c1-424b-9868-57a2d4851a1d" />
    <TestEntry testId="1ffcd684-6212-bd4c-0e17-9ea4fac907d1" executionId="c945ad7d-a9c9-4037-b820-23eaf75bf393" testListId="8c84fa94-04c1-424b-9868-57a2d4851a1d" />
    <TestEntry testId="7b5f8fd9-7465-02da-6f82-9286c6f835af" executionId="7e9dfcf2-d97c-4557-91be-15ed3abe386b" testListId="8c84fa94-04c1-424b-9868-57a2d4851a1d" />
    <TestEntry testId="73cf283a-78ec-961f-48df-fbc7e3516eb5" executionId="939af16f-349f-467d-9b7e-23f3347c0437" testListId="8c84fa94-04c1-424b-9868-57a2d4851a1d" />
    <TestEntry testId="88b2a1ce-4620-8046-545c-a65300dfd894" executionId="20f241ea-c354-41b3-92f4-1606b6aeb734" testListId="8c84fa94-04c1-424b-9868-57a2d4851a1d" />
    <TestEntry testId="0ebb6e1f-31d3-354b-a0aa-51ab6c0d5337" executionId="ce454497-117a-4434-8069-58c0635c0c19" testListId="8c84fa94-04c1-424b-9868-57a2d4851a1d" />
    <TestEntry testId="a1294d06-7eb4-9936-43a9-e6dc65d4cf9c" executionId="59d9d29c-67b4-4976-8b64-2578a4628bf1" testListId="8c84fa94-04c1-424b-9868-57a2d4851a1d" />
    <TestEntry testId="b4511c17-f324-9c7b-e4b9-62dc7ac749cc" executionId="50ec8087-6510-407d-9999-4d5649b1d895" testListId="8c84fa94-04c1-424b-9868-57a2d4851a1d" />
    <TestEntry testId="b6208d68-0f12-103a-f1ed-6bd8e0d86462" executionId="e7168afe-25bf-49b6-91e3-ec0e71dba82b" testListId="8c84fa94-04c1-424b-9868-57a2d4851a1d" />
    <TestEntry testId="a9a099fe-cea2-d000-34e0-09339dfe85db" executionId="dc9419b9-367f-4332-ae36-cc77269d9630" testListId="8c84fa94-04c1-424b-9868-57a2d4851a1d" />
    <TestEntry testId="6290c944-d86a-fa9e-aff6-fb0747057ff5" executionId="da2fe95f-eb84-49bf-9b5b-c15c9a6373fd" testListId="8c84fa94-04c1-424b-9868-57a2d4851a1d" />
    <TestEntry testId="18813b9d-33a0-a669-175f-b209bfe13a67" executionId="fba2cfdf-9a2c-43b9-9e8c-1ccc61ec0007" testListId="8c84fa94-04c1-424b-9868-57a2d4851a1d" />
    <TestEntry testId="c9b7a728-1074-59ef-5688-9829b30b5869" executionId="2cdcfc28-5028-46ed-a6ff-7baf1b8c0d6f" testListId="8c84fa94-04c1-424b-9868-57a2d4851a1d" />
    <TestEntry testId="39048f2d-7369-2ba0-4d0f-0a33eae532cc" executionId="b118f0bb-eacd-416b-919a-e1f6cd3e64e5" testListId="8c84fa94-04c1-424b-9868-57a2d4851a1d" />
    <TestEntry testId="226c32f5-84c0-5cd7-f6db-d0fc7c3dbba0" executionId="166c4249-9988-40ce-b113-cd41b8b9b3bb" testListId="8c84fa94-04c1-424b-9868-57a2d4851a1d" />
    <TestEntry testId="a2fdabb8-6c71-faeb-d05b-e20b9f69e43c" executionId="abd620fa-3a20-487e-b011-606e248c68a6" testListId="8c84fa94-04c1-424b-9868-57a2d4851a1d" />
    <TestEntry testId="f6996d56-dee7-1208-1ebb-d1b04eab1776" executionId="d6d9cb18-3aa0-472c-8882-ec12714998f7" testListId="8c84fa94-04c1-424b-9868-57a2d4851a1d" />
    <TestEntry testId="96b958e7-8f0d-ca71-c658-be341d7792c1" executionId="870479e5-d1ee-4698-8cbd-5097057ca950" testListId="8c84fa94-04c1-424b-9868-57a2d4851a1d" />
    <TestEntry testId="3636ac50-4684-ff80-ffbd-a0f946c7bf9f" executionId="7793b21f-db70-478b-948a-382ffbc8f6e6" testListId="8c84fa94-04c1-424b-9868-57a2d4851a1d" />
    <TestEntry testId="1f512e9b-311f-fc1b-3818-46cc7b30a98e" executionId="8126d7b7-1e98-464e-8e66-6fa86fa458bb" testListId="8c84fa94-04c1-424b-9868-57a2d4851a1d" />
    <TestEntry testId="76518acd-d921-4ac8-099b-3cd2b190ab20" executionId="9ab44595-5632-4672-87fa-fb02aac1cb49" testListId="8c84fa94-04c1-424b-9868-57a2d4851a1d" />
  </TestEntries>
  <TestLists>
    <TestList name="Results Not in a List" id="8c84fa94-04c1-424b-9868-57a2d4851a1d" />
    <TestList name="All Loaded Results" id="19431567-8539-422a-85d7-44ee4e166bda" />
  </TestLists>
  <ResultSummary outcome="Completed">
    <Counters total="63" executed="63" passed="63" failed="0" error="0" timeout="0" aborted="0" inconclusive="0" passedButRunAborted="0" notRunnable="0" notExecuted="0" disconnected="0" warning="0" completed="0" inProgress="0" pending="0" />
  </ResultSummary>
</TestRun>