<?xml version="1.0" encoding="utf-8"?>
<TestRun id="901f549f-9386-4cbb-9c0c-5d719241809c" name="JG@DESKTOP-1304CKW 2025-09-12 00:12:35" runUser="DESKTOP-1304CKW\JG" xmlns="http://microsoft.com/schemas/VisualStudio/TeamTest/2010">
  <Times creation="2025-09-12T00:12:35.6591908-04:00" queuing="2025-09-12T00:12:35.6591909-04:00" start="2025-09-12T00:12:35.2901030-04:00" finish="2025-09-12T00:12:35.6961316-04:00" />
  <TestSettings name="default" id="a4b3b263-e550-4b89-9976-6720c220c899">
    <Deployment runDeploymentRoot="JG_DESKTOP-1304CKW_2025-09-12_00_12_35" />
  </TestSettings>
  <Results>
    <UnitTestResult executionId="ce96becf-c902-484a-8491-e5364971ef72" testId="d97dafe4-57d6-bac9-6b7b-2615f318c993" testName="validate_roundValueToNickleRoundUp_returnsDecimal" computerName="DESKTOP-1304CKW" duration="00:00:00.0001628" startTime="2025-09-12T00:12:35.6513187-04:00" endTime="2025-09-12T00:12:35.6515324-04:00" testType="13cdc9d9-ddb5-4fa4-a97d-d965ccfc6d4b" outcome="Failed" testListId="8c84fa94-04c1-424b-9868-57a2d4851a1d" relativeResultsDirectory="ce96becf-c902-484a-8491-e5364971ef72">
      <Output>
        <ErrorInfo>
          <Message>Assert.AreEqual failed. Expected:&lt;3.75&gt;. Actual:&lt;0.0&gt;. </Message>
          <StackTrace>   at CoffeeOrder.Tests.PriceCalculatorTests.validate_roundValueToNickleRoundUp_returnsDecimal() in D:\Programming\School\03\Software-Quality-I-Testing-Tools-and-Methodologies\ASN1\CoffeeOrder.Tests\PriceCalculatorTests.cs:line 123&#xD;
   at System.RuntimeMethodHandle.InvokeMethod(Object target, Void** arguments, Signature sig, Boolean isConstructor)&#xD;
   at System.Reflection.MethodBaseInvoker.InvokeWithNoArgs(Object obj, BindingFlags invokeAttr)&#xD;
</StackTrace>
        </ErrorInfo>
      </Output>
    </UnitTestResult>
    <UnitTestResult executionId="90acdfbc-d169-4d29-94c6-69c86e258ae4" testId="ec476349-50aa-b34b-91c9-d9dae68ad857" testName="validate_addBeverage_returnList" computerName="DESKTOP-1304CKW" duration="00:00:00.0029268" startTime="2025-09-12T00:12:35.6417478-04:00" endTime="2025-09-12T00:12:35.6447975-04:00" testType="13cdc9d9-ddb5-4fa4-a97d-d965ccfc6d4b" outcome="Failed" testListId="8c84fa94-04c1-424b-9868-57a2d4851a1d" relativeResultsDirectory="90acdfbc-d169-4d29-94c6-69c86e258ae4">
      <Output>
        <ErrorInfo>
          <Message>Assert.AreEqual failed. Expected:&lt;2&gt;. Actual:&lt;0&gt;. </Message>
          <StackTrace>   at CoffeeOrder.Tests.OrderTests.validate_addBeverage_returnList() in D:\Programming\School\03\Software-Quality-I-Testing-Tools-and-Methodologies\ASN1\CoffeeOrder.Tests\OrderTEST.cs:line 60&#xD;
   at System.RuntimeMethodHandle.InvokeMethod(Object target, Void** arguments, Signature sig, Boolean isConstructor)&#xD;
   at System.Reflection.MethodBaseInvoker.InvokeWithNoArgs(Object obj, BindingFlags invokeAttr)&#xD;
</StackTrace>
        </ErrorInfo>
      </Output>
    </UnitTestResult>
    <UnitTestResult executionId="d5a63407-c9b0-4124-be77-c7e70233a8f2" testId="91166a69-5c0c-0669-c2f4-fb5ab83f0226" testName="valid_drink_returnsDrink" computerName="DESKTOP-1304CKW" duration="00:00:00.0689155" startTime="2025-09-12T00:12:35.5626692-04:00" endTime="2025-09-12T00:12:35.6437321-04:00" testType="13cdc9d9-ddb5-4fa4-a97d-d965ccfc6d4b" outcome="Failed" testListId="8c84fa94-04c1-424b-9868-57a2d4851a1d" relativeResultsDirectory="d5a63407-c9b0-4124-be77-c7e70233a8f2">
      <Output>
        <ErrorInfo>
          <Message>Assert.AreEqual failed. Expected:&lt;3.80&gt;. Actual:&lt;0&gt;. </Message>
          <StackTrace>   at CoffeeOrder.Tests.BeverageTests.valid_drink_returnsDrink() in D:\Programming\School\03\Software-Quality-I-Testing-Tools-and-Methodologies\ASN1\CoffeeOrder.Tests\BeverageTEST.cs:line 56&#xD;
   at System.RuntimeMethodHandle.InvokeMethod(Object target, Void** arguments, Signature sig, Boolean isConstructor)&#xD;
   at System.Reflection.MethodBaseInvoker.InvokeWithNoArgs(Object obj, BindingFlags invokeAttr)&#xD;
</StackTrace>
        </ErrorInfo>
      </Output>
    </UnitTestResult>
    <UnitTestResult executionId="f10dacc8-b8d9-488f-838e-bf34881db904" testId="f0339a23-4439-35e7-eed6-e862427f24bc" testName="validate_OrderPriceCalculationWithDiscount_returnsDecimal" computerName="DESKTOP-1304CKW" duration="00:00:00.0003179" startTime="2025-09-12T00:12:35.6500432-04:00" endTime="2025-09-12T00:12:35.6504332-04:00" testType="13cdc9d9-ddb5-4fa4-a97d-d965ccfc6d4b" outcome="Failed" testListId="8c84fa94-04c1-424b-9868-57a2d4851a1d" relativeResultsDirectory="f10dacc8-b8d9-488f-838e-bf34881db904">
      <Output>
        <ErrorInfo>
          <Message>Assert.AreEqual failed. Expected:&lt;2.55&gt;. Actual:&lt;0.0&gt;. </Message>
          <StackTrace>   at CoffeeOrder.Tests.PriceCalculatorTests.validate_OrderPriceCalculationWithDiscount_returnsDecimal() in D:\Programming\School\03\Software-Quality-I-Testing-Tools-and-Methodologies\ASN1\CoffeeOrder.Tests\PriceCalculatorTests.cs:line 69&#xD;
   at System.RuntimeMethodHandle.InvokeMethod(Object target, Void** arguments, Signature sig, Boolean isConstructor)&#xD;
   at System.Reflection.MethodBaseInvoker.InvokeWithNoArgs(Object obj, BindingFlags invokeAttr)&#xD;
</StackTrace>
        </ErrorInfo>
      </Output>
    </UnitTestResult>
    <UnitTestResult executionId="87bc2954-2920-4139-9815-496a29042daa" testId="76518acd-d921-4ac8-099b-3cd2b190ab20" testName="valid_twoStringLists_returnsStringList" computerName="DESKTOP-1304CKW" duration="00:00:00.0003401" startTime="2025-09-12T00:12:35.6531612-04:00" endTime="2025-09-12T00:12:35.6536226-04:00" testType="13cdc9d9-ddb5-4fa4-a97d-d965ccfc6d4b" outcome="Failed" testListId="8c84fa94-04c1-424b-9868-57a2d4851a1d" relativeResultsDirectory="87bc2954-2920-4139-9815-496a29042daa">
      <Output>
        <ErrorInfo>
          <Message>Test method CoffeeOrder.Tests.utilTESTS.valid_twoStringLists_returnsStringList threw exception: &#xD;
System.ArgumentOutOfRangeException: Index was out of range. Must be non-negative and less than the size of the collection. (Parameter 'index')</Message>
          <StackTrace>    at System.Collections.Generic.List`1.get_Item(Int32 index)&#xD;
   at CoffeeOrder.Tests.utilTESTS.valid_twoStringLists_returnsStringList() in D:\Programming\School\03\Software-Quality-I-Testing-Tools-and-Methodologies\ASN1\CoffeeOrder.Tests\utilTESTS.cs:line 39&#xD;
   at System.RuntimeMethodHandle.InvokeMethod(Object target, Void** arguments, Signature sig, Boolean isConstructor)&#xD;
   at System.Reflection.MethodBaseInvoker.InvokeWithNoArgs(Object obj, BindingFlags invokeAttr)&#xD;
</StackTrace>
        </ErrorInfo>
      </Output>
    </UnitTestResult>
    <UnitTestResult executionId="b365f9a9-2e9f-41fc-9299-52407125f797" testId="6aa4eab6-3d85-abf2-6b59-2abc3ef9b765" testName="validate_syrupsNotPresent_returnsFalse" computerName="DESKTOP-1304CKW" duration="00:00:00.0001459" startTime="2025-09-12T00:12:35.6473959-04:00" endTime="2025-09-12T00:12:35.6476434-04:00" testType="13cdc9d9-ddb5-4fa4-a97d-d965ccfc6d4b" outcome="Passed" testListId="8c84fa94-04c1-424b-9868-57a2d4851a1d" relativeResultsDirectory="b365f9a9-2e9f-41fc-9299-52407125f797" />
    <UnitTestResult executionId="ea24592b-6b78-448f-9cc9-a63681250cd4" testId="3636ac50-4684-ff80-ffbd-a0f946c7bf9f" testName="checkError_MaximumDrinkCountReached_returnError" computerName="DESKTOP-1304CKW" duration="00:00:00.0003457" startTime="2025-09-12T00:12:35.6473773-04:00" endTime="2025-09-12T00:12:35.6478081-04:00" testType="13cdc9d9-ddb5-4fa4-a97d-d965ccfc6d4b" outcome="Failed" testListId="8c84fa94-04c1-424b-9868-57a2d4851a1d" relativeResultsDirectory="ea24592b-6b78-448f-9cc9-a63681250cd4">
      <Output>
        <ErrorInfo>
          <Message>Assert.IsFalse failed. </Message>
          <StackTrace>   at CoffeeOrder.Tests.OrderTests.checkError_MaximumDrinkCountReached_returnError() in D:\Programming\School\03\Software-Quality-I-Testing-Tools-and-Methodologies\ASN1\CoffeeOrder.Tests\OrderTEST.cs:line 151&#xD;
   at System.RuntimeMethodHandle.InvokeMethod(Object target, Void** arguments, Signature sig, Boolean isConstructor)&#xD;
   at System.Reflection.MethodBaseInvoker.InvokeWithNoArgs(Object obj, BindingFlags invokeAttr)&#xD;
</StackTrace>
        </ErrorInfo>
      </Output>
    </UnitTestResult>
    <UnitTestResult executionId="b7f189e7-3ec0-4fcf-8bce-18d2f2576baa" testId="a53b57bb-21f7-01e1-c028-aea17045935c" testName="validate_discountsValid_returnsTrue" computerName="DESKTOP-1304CKW" duration="00:00:00.0025269" startTime="2025-09-12T00:12:35.6518039-04:00" endTime="2025-09-12T00:12:35.6544822-04:00" testType="13cdc9d9-ddb5-4fa4-a97d-d965ccfc6d4b" outcome="Failed" testListId="8c84fa94-04c1-424b-9868-57a2d4851a1d" relativeResultsDirectory="b7f189e7-3ec0-4fcf-8bce-18d2f2576baa">
      <Output>
        <ErrorInfo>
          <Message>StringAssert.Contains failed. String '' does not contain string 'BUY ONE GET ONE FREE SAME PRICE OR CHEAPER'. .</Message>
          <StackTrace>   at CoffeeOrder.Tests.ReceiptFormatterTests.validate_discountsValid_returnsTrue() in D:\Programming\School\03\Software-Quality-I-Testing-Tools-and-Methodologies\ASN1\CoffeeOrder.Tests\ReceiptFormatterTEST.cs:line 81&#xD;
   at System.RuntimeMethodHandle.InvokeMethod(Object target, Void** arguments, Signature sig, Boolean isConstructor)&#xD;
   at System.Reflection.MethodBaseInvoker.InvokeWithNoArgs(Object obj, BindingFlags invokeAttr)&#xD;
</StackTrace>
        </ErrorInfo>
      </Output>
    </UnitTestResult>
    <UnitTestResult executionId="aee64e6c-3667-4559-8624-7570de0362b8" testId="a2fdabb8-6c71-faeb-d05b-e20b9f69e43c" testName="check_decaf_returnsFalse" computerName="DESKTOP-1304CKW" duration="00:00:00.0617468" startTime="2025-09-12T00:12:35.5626636-04:00" endTime="2025-09-12T00:12:35.6382122-04:00" testType="13cdc9d9-ddb5-4fa4-a97d-d965ccfc6d4b" outcome="Passed" testListId="8c84fa94-04c1-424b-9868-57a2d4851a1d" relativeResultsDirectory="aee64e6c-3667-4559-8624-7570de0362b8" />
    <UnitTestResult executionId="f5428f7f-dbf1-4d1b-81bc-05e9fa72de0e" testId="29a04268-c10a-2726-9088-840fd26aaeb7" testName="validate_roundValueToNickleRoundDown_returnsDecimal" computerName="DESKTOP-1304CKW" duration="00:00:00.0001898" startTime="2025-09-12T00:12:35.6505162-04:00" endTime="2025-09-12T00:12:35.6507582-04:00" testType="13cdc9d9-ddb5-4fa4-a97d-d965ccfc6d4b" outcome="Failed" testListId="8c84fa94-04c1-424b-9868-57a2d4851a1d" relativeResultsDirectory="f5428f7f-dbf1-4d1b-81bc-05e9fa72de0e">
      <Output>
        <ErrorInfo>
          <Message>Assert.AreEqual failed. Expected:&lt;3.70&gt;. Actual:&lt;0.0&gt;. </Message>
          <StackTrace>   at CoffeeOrder.Tests.PriceCalculatorTests.validate_roundValueToNickleRoundDown_returnsDecimal() in D:\Programming\School\03\Software-Quality-I-Testing-Tools-and-Methodologies\ASN1\CoffeeOrder.Tests\PriceCalculatorTests.cs:line 110&#xD;
   at System.RuntimeMethodHandle.InvokeMethod(Object target, Void** arguments, Signature sig, Boolean isConstructor)&#xD;
   at System.Reflection.MethodBaseInvoker.InvokeWithNoArgs(Object obj, BindingFlags invokeAttr)&#xD;
</StackTrace>
        </ErrorInfo>
      </Output>
    </UnitTestResult>
    <UnitTestResult executionId="907380cc-47ab-406d-8bbf-2480c5bb43c7" testId="cfa437dc-fb89-9caa-bc15-10ed2aac71f3" testName="validate_addName_returnString" computerName="DESKTOP-1304CKW" duration="00:00:00.0002100" startTime="2025-09-12T00:12:35.6494012-04:00" endTime="2025-09-12T00:12:35.6496965-04:00" testType="13cdc9d9-ddb5-4fa4-a97d-d965ccfc6d4b" outcome="Passed" testListId="8c84fa94-04c1-424b-9868-57a2d4851a1d" relativeResultsDirectory="907380cc-47ab-406d-8bbf-2480c5bb43c7" />
    <UnitTestResult executionId="45e2740c-c833-4295-8a6c-cae577b956ca" testId="26e6f5f7-81e9-6de1-6e9b-b7c4c8544665" testName="invalid_baseDrink_returnsFailureFlag" computerName="DESKTOP-1304CKW" duration="00:00:00.0579868" startTime="2025-09-12T00:12:35.5783407-04:00" endTime="2025-09-12T00:12:35.6381781-04:00" testType="13cdc9d9-ddb5-4fa4-a97d-d965ccfc6d4b" outcome="Passed" testListId="8c84fa94-04c1-424b-9868-57a2d4851a1d" relativeResultsDirectory="45e2740c-c833-4295-8a6c-cae577b956ca" />
    <UnitTestResult executionId="e58647b2-ed7c-4e28-972e-37bbeabf4072" testId="1f1c733d-46a1-51a1-40bc-fc63e95fbd4a" testName="check_plantMilkAllegenFlag_returnsEmptyList" computerName="DESKTOP-1304CKW" duration="00:00:00.0617594" startTime="2025-09-12T00:12:35.5625634-04:00" endTime="2025-09-12T00:12:35.6382223-04:00" testType="13cdc9d9-ddb5-4fa4-a97d-d965ccfc6d4b" outcome="Passed" testListId="8c84fa94-04c1-424b-9868-57a2d4851a1d" relativeResultsDirectory="e58647b2-ed7c-4e28-972e-37bbeabf4072" />
    <UnitTestResult executionId="b0e34b91-4fbe-4b8c-9f36-950c322e38c4" testId="e56a46cd-6e7b-7362-63ca-10db6895a1ef" testName="invalid_size_returnsFailureflag" computerName="DESKTOP-1304CKW" duration="00:00:00.0579127" startTime="2025-09-12T00:12:35.5783601-04:00" endTime="2025-09-12T00:12:35.6382300-04:00" testType="13cdc9d9-ddb5-4fa4-a97d-d965ccfc6d4b" outcome="Passed" testListId="8c84fa94-04c1-424b-9868-57a2d4851a1d" relativeResultsDirectory="b0e34b91-4fbe-4b8c-9f36-950c322e38c4" />
    <UnitTestResult executionId="5d09379f-d031-44d4-88ac-43d63b5c1472" testId="3e9d5650-9907-ea94-dd28-1d726631d370" testName="validate_lineItemsValid_returnTrue" computerName="DESKTOP-1304CKW" duration="00:00:00.0024979" startTime="2025-09-12T00:12:35.6517941-04:00" endTime="2025-09-12T00:12:35.6544458-04:00" testType="13cdc9d9-ddb5-4fa4-a97d-d965ccfc6d4b" outcome="Failed" testListId="8c84fa94-04c1-424b-9868-57a2d4851a1d" relativeResultsDirectory="5d09379f-d031-44d4-88ac-43d63b5c1472">
      <Output>
        <ErrorInfo>
          <Message>StringAssert.Contains failed. String '' does not contain string 'Latte'. .</Message>
          <StackTrace>   at CoffeeOrder.Tests.ReceiptFormatterTests.validate_lineItemsValid_returnTrue() in D:\Programming\School\03\Software-Quality-I-Testing-Tools-and-Methodologies\ASN1\CoffeeOrder.Tests\ReceiptFormatterTEST.cs:line 61&#xD;
   at System.RuntimeMethodHandle.InvokeMethod(Object target, Void** arguments, Signature sig, Boolean isConstructor)&#xD;
   at System.Reflection.MethodBaseInvoker.InvokeWithNoArgs(Object obj, BindingFlags invokeAttr)&#xD;
</StackTrace>
        </ErrorInfo>
      </Output>
    </UnitTestResult>
    <UnitTestResult executionId="6212cf5a-3cc9-445c-9ee5-fd651c37d3c4" testId="1ffcd684-6212-bd4c-0e17-9ea4fac907d1" testName="errorCheck_shotsAboveMaximum_returnsTrue" computerName="DESKTOP-1304CKW" duration="00:00:00.0000507" startTime="2025-09-12T00:12:35.6505570-04:00" endTime="2025-09-12T00:12:35.6506559-04:00" testType="13cdc9d9-ddb5-4fa4-a97d-d965ccfc6d4b" outcome="Passed" testListId="8c84fa94-04c1-424b-9868-57a2d4851a1d" relativeResultsDirectory="6212cf5a-3cc9-445c-9ee5-fd651c37d3c4" />
    <UnitTestResult executionId="53157b24-5366-4043-b5e2-3666eda7cd0e" testId="c80102e6-670b-1527-6f18-0068aba9f673" testName="errorCheck_milkNoneShotsMoreThan0_returnsTrue" computerName="DESKTOP-1304CKW" duration="00:00:00.0000784" startTime="2025-09-12T00:12:35.6505807-04:00" endTime="2025-09-12T00:12:35.6507494-04:00" testType="13cdc9d9-ddb5-4fa4-a97d-d965ccfc6d4b" outcome="Passed" testListId="8c84fa94-04c1-424b-9868-57a2d4851a1d" relativeResultsDirectory="53157b24-5366-4043-b5e2-3666eda7cd0e" />
    <UnitTestResult executionId="bb3a1dcc-de89-48e4-b714-2b0b7cfb7b78" testId="73cf283a-78ec-961f-48df-fbc7e3516eb5" testName="invalid_toppingsOption_returnsFailureFlag" computerName="DESKTOP-1304CKW" duration="00:00:00.0001470" startTime="2025-09-12T00:12:35.6417122-04:00" endTime="2025-09-12T00:12:35.6419616-04:00" testType="13cdc9d9-ddb5-4fa4-a97d-d965ccfc6d4b" outcome="Passed" testListId="8c84fa94-04c1-424b-9868-57a2d4851a1d" relativeResultsDirectory="bb3a1dcc-de89-48e4-b714-2b0b7cfb7b78" />
    <UnitTestResult executionId="4168aae4-c264-4bdf-ac8d-3355fca8a8f3" testId="86c9001e-ba01-1836-ae0f-c054a0d569cd" testName="check_vegan_returnsTrue" computerName="DESKTOP-1304CKW" duration="00:00:00.0689151" startTime="2025-09-12T00:12:35.5626903-04:00" endTime="2025-09-12T00:12:35.6437346-04:00" testType="13cdc9d9-ddb5-4fa4-a97d-d965ccfc6d4b" outcome="Failed" testListId="8c84fa94-04c1-424b-9868-57a2d4851a1d" relativeResultsDirectory="4168aae4-c264-4bdf-ac8d-3355fca8a8f3">
      <Output>
        <ErrorInfo>
          <Message>Assert.AreEqual failed. Expected:&lt;True&gt;. Actual:&lt;False&gt;. </Message>
          <StackTrace>   at CoffeeOrder.Tests.BeverageClassifierTests.check_vegan_returnsTrue() in D:\Programming\School\03\Software-Quality-I-Testing-Tools-and-Methodologies\ASN1\CoffeeOrder.Tests\BeverageClassifierTEST.cs:line 132&#xD;
   at System.RuntimeMethodHandle.InvokeMethod(Object target, Void** arguments, Signature sig, Boolean isConstructor)&#xD;
   at System.Reflection.MethodBaseInvoker.InvokeWithNoArgs(Object obj, BindingFlags invokeAttr)&#xD;
</StackTrace>
        </ErrorInfo>
      </Output>
    </UnitTestResult>
    <UnitTestResult executionId="b3e6b227-7dc6-461d-bc07-0c16de998f75" testId="c9b7a728-1074-59ef-5688-9829b30b5869" testName="errorCheck_twoStringListsNull_returnsStringList" computerName="DESKTOP-1304CKW" duration="00:00:00.0001223" startTime="2025-09-12T00:12:35.6542841-04:00" endTime="2025-09-12T00:12:35.6544695-04:00" testType="13cdc9d9-ddb5-4fa4-a97d-d965ccfc6d4b" outcome="Passed" testListId="8c84fa94-04c1-424b-9868-57a2d4851a1d" relativeResultsDirectory="b3e6b227-7dc6-461d-bc07-0c16de998f75" />
    <UnitTestResult executionId="5a008ced-8fba-4df1-8916-cc9c6b713689" testId="4e7e537f-273c-0576-b102-48f72bf5e3fc" testName="vlaidate_happyHourOnRoomTempDrink_returnsNoDiscount" computerName="DESKTOP-1304CKW" duration="00:00:00.0001460" startTime="2025-09-12T00:12:35.6513208-04:00" endTime="2025-09-12T00:12:35.6515140-04:00" testType="13cdc9d9-ddb5-4fa4-a97d-d965ccfc6d4b" outcome="Passed" testListId="8c84fa94-04c1-424b-9868-57a2d4851a1d" relativeResultsDirectory="5a008ced-8fba-4df1-8916-cc9c6b713689" />
    <UnitTestResult executionId="b7a758a5-a070-4659-8beb-07fdac85d832" testId="39048f2d-7369-2ba0-4d0f-0a33eae532cc" testName="validate_happyHourOnVeryColdDrink_returnsNoDiscount" computerName="DESKTOP-1304CKW" duration="00:00:00.0001376" startTime="2025-09-12T00:12:35.6517971-04:00" endTime="2025-09-12T00:12:35.6519811-04:00" testType="13cdc9d9-ddb5-4fa4-a97d-d965ccfc6d4b" outcome="Passed" testListId="8c84fa94-04c1-424b-9868-57a2d4851a1d" relativeResultsDirectory="b7a758a5-a070-4659-8beb-07fdac85d832" />
    <UnitTestResult executionId="aca18d43-70ea-4212-97f6-df9c4bdf608a" testId="6290c944-d86a-fa9e-aff6-fb0747057ff5" testName="validate_syrupsValid_returnsFalse" computerName="DESKTOP-1304CKW" duration="00:00:00.0002423" startTime="2025-09-12T00:12:35.6483310-04:00" endTime="2025-09-12T00:12:35.6486263-04:00" testType="13cdc9d9-ddb5-4fa4-a97d-d965ccfc6d4b" outcome="Failed" testListId="8c84fa94-04c1-424b-9868-57a2d4851a1d" relativeResultsDirectory="aca18d43-70ea-4212-97f6-df9c4bdf608a">
      <Output>
        <ErrorInfo>
          <Message>Assert.IsFalse failed. </Message>
          <StackTrace>   at CoffeeOrder.Tests.OrderValidatorTests.validate_syrupsValid_returnsFalse() in D:\Programming\School\03\Software-Quality-I-Testing-Tools-and-Methodologies\ASN1\CoffeeOrder.Tests\OrderValidatorTEST.cs:line 83&#xD;
   at System.RuntimeMethodHandle.InvokeMethod(Object target, Void** arguments, Signature sig, Boolean isConstructor)&#xD;
   at System.Reflection.MethodBaseInvoker.InvokeWithNoArgs(Object obj, BindingFlags invokeAttr)&#xD;
</StackTrace>
        </ErrorInfo>
      </Output>
    </UnitTestResult>
    <UnitTestResult executionId="27ec4402-6bda-46a7-891e-d99be8d48615" testId="96b958e7-8f0d-ca71-c658-be341d7792c1" testName="invalid_milkOption_returnsFailureFlag" computerName="DESKTOP-1304CKW" duration="00:00:00.0579911" startTime="2025-09-12T00:12:35.5783883-04:00" endTime="2025-09-12T00:12:35.6382374-04:00" testType="13cdc9d9-ddb5-4fa4-a97d-d965ccfc6d4b" outcome="Passed" testListId="8c84fa94-04c1-424b-9868-57a2d4851a1d" relativeResultsDirectory="27ec4402-6bda-46a7-891e-d99be8d48615" />
    <UnitTestResult executionId="5bc00de7-1b73-4a49-be45-a4bd9a6253a6" testId="8fa8cb8a-b2fb-0012-f716-122e7992943f" testName="validate_toppingsNotValid_returnsTrue" computerName="DESKTOP-1304CKW" duration="00:00:00.0001004" startTime="2025-09-12T00:12:35.6483714-04:00" endTime="2025-09-12T00:12:35.6485340-04:00" testType="13cdc9d9-ddb5-4fa4-a97d-d965ccfc6d4b" outcome="Passed" testListId="8c84fa94-04c1-424b-9868-57a2d4851a1d" relativeResultsDirectory="5bc00de7-1b73-4a49-be45-a4bd9a6253a6" />
    <UnitTestResult executionId="76600058-71f6-49a6-b407-c2b5ccbf1194" testId="15ac5632-9dc1-3615-440a-47451ec30d55" testName="validate_totalsValid_returnsTrue" computerName="DESKTOP-1304CKW" duration="00:00:00.0021489" startTime="2025-09-12T00:12:35.6522351-04:00" endTime="2025-09-12T00:12:35.6544505-04:00" testType="13cdc9d9-ddb5-4fa4-a97d-d965ccfc6d4b" outcome="Failed" testListId="8c84fa94-04c1-424b-9868-57a2d4851a1d" relativeResultsDirectory="76600058-71f6-49a6-b407-c2b5ccbf1194">
      <Output>
        <ErrorInfo>
          <Message>StringAssert.Contains failed. String '' does not contain string '3.80'. .</Message>
          <StackTrace>   at CoffeeOrder.Tests.ReceiptFormatterTests.validate_totalsValid_returnsTrue() in D:\Programming\School\03\Software-Quality-I-Testing-Tools-and-Methodologies\ASN1\CoffeeOrder.Tests\ReceiptFormatterTEST.cs:line 119&#xD;
   at System.RuntimeMethodHandle.InvokeMethod(Object target, Void** arguments, Signature sig, Boolean isConstructor)&#xD;
   at System.Reflection.MethodBaseInvoker.InvokeWithNoArgs(Object obj, BindingFlags invokeAttr)&#xD;
</StackTrace>
        </ErrorInfo>
      </Output>
    </UnitTestResult>
    <UnitTestResult executionId="f8aada3e-12d0-4505-b4ef-24fc89d6513b" testId="8cde6510-60ec-3359-52b7-be0d7e4fe308" testName="check_plantMilkAllegenFlag_returnsList" computerName="DESKTOP-1304CKW" duration="00:00:00.0689076" startTime="2025-09-12T00:12:35.5625479-04:00" endTime="2025-09-12T00:12:35.6437857-04:00" testType="13cdc9d9-ddb5-4fa4-a97d-d965ccfc6d4b" outcome="Failed" testListId="8c84fa94-04c1-424b-9868-57a2d4851a1d" relativeResultsDirectory="f8aada3e-12d0-4505-b4ef-24fc89d6513b">
      <Output>
        <ErrorInfo>
          <Message>Test method CoffeeOrder.Tests.BeverageClassifierTests.check_plantMilkAllegenFlag_returnsList threw exception: &#xD;
System.ArgumentOutOfRangeException: Index was out of range. Must be non-negative and less than the size of the collection. (Parameter 'index')</Message>
          <StackTrace>    at System.Collections.Generic.List`1.get_Item(Int32 index)&#xD;
   at CoffeeOrder.Tests.BeverageClassifierTests.check_plantMilkAllegenFlag_returnsList() in D:\Programming\School\03\Software-Quality-I-Testing-Tools-and-Methodologies\ASN1\CoffeeOrder.Tests\BeverageClassifierTEST.cs:line 37&#xD;
   at System.RuntimeMethodHandle.InvokeMethod(Object target, Void** arguments, Signature sig, Boolean isConstructor)&#xD;
   at System.Reflection.MethodBaseInvoker.InvokeWithNoArgs(Object obj, BindingFlags invokeAttr)&#xD;
</StackTrace>
        </ErrorInfo>
      </Output>
    </UnitTestResult>
    <UnitTestResult executionId="aa4fc7dd-0c21-428c-87b7-686d284ef6b7" testId="b126bb39-a729-03b9-3fe9-cbb1f98763e7" testName="validate_isVeganIncluded_returnsTrue" computerName="DESKTOP-1304CKW" duration="00:00:00.0001926" startTime="2025-09-12T00:12:35.6542463-04:00" endTime="2025-09-12T00:12:35.6545336-04:00" testType="13cdc9d9-ddb5-4fa4-a97d-d965ccfc6d4b" outcome="Passed" testListId="8c84fa94-04c1-424b-9868-57a2d4851a1d" relativeResultsDirectory="aa4fc7dd-0c21-428c-87b7-686d284ef6b7" />
    <UnitTestResult executionId="174e58fe-0a0d-43c7-b627-03c95b00fb7f" testId="a22668dd-3ae2-d772-9f10-70f4339f5d81" testName="validate_nameIncluded_returnsTrue" computerName="DESKTOP-1304CKW" duration="00:00:00.0021582" startTime="2025-09-12T00:12:35.6522755-04:00" endTime="2025-09-12T00:12:35.6544882-04:00" testType="13cdc9d9-ddb5-4fa4-a97d-d965ccfc6d4b" outcome="Failed" testListId="8c84fa94-04c1-424b-9868-57a2d4851a1d" relativeResultsDirectory="174e58fe-0a0d-43c7-b627-03c95b00fb7f">
      <Output>
        <ErrorInfo>
          <Message>StringAssert.Contains failed. String '' does not contain string 'Test Name'. .</Message>
          <StackTrace>   at CoffeeOrder.Tests.ReceiptFormatterTests.validate_nameIncluded_returnsTrue() in D:\Programming\School\03\Software-Quality-I-Testing-Tools-and-Methodologies\ASN1\CoffeeOrder.Tests\ReceiptFormatterTEST.cs:line 175&#xD;
   at System.RuntimeMethodHandle.InvokeMethod(Object target, Void** arguments, Signature sig, Boolean isConstructor)&#xD;
   at System.Reflection.MethodBaseInvoker.InvokeWithNoArgs(Object obj, BindingFlags invokeAttr)&#xD;
</StackTrace>
        </ErrorInfo>
      </Output>
    </UnitTestResult>
    <UnitTestResult executionId="25c98b0c-b201-4e74-a902-6bee23d3827a" testId="a43d519d-2109-109a-b451-69921fbbcf5f" testName="validate_syrupsNotValid_returnsTrue" computerName="DESKTOP-1304CKW" duration="00:00:00.0000632" startTime="2025-09-12T00:12:35.6505448-04:00" endTime="2025-09-12T00:12:35.6506585-04:00" testType="13cdc9d9-ddb5-4fa4-a97d-d965ccfc6d4b" outcome="Passed" testListId="8c84fa94-04c1-424b-9868-57a2d4851a1d" relativeResultsDirectory="25c98b0c-b201-4e74-a902-6bee23d3827a" />
    <UnitTestResult executionId="ccc25834-38b4-4939-87ac-3c8599671aa0" testId="e739f344-c1cc-8572-8980-befca5b7bdcc" testName="validate_happyHourOnVeryHotDrink_returnsDiscount" computerName="DESKTOP-1304CKW" duration="00:00:00.0003078" startTime="2025-09-12T00:12:35.6505596-04:00" endTime="2025-09-12T00:12:35.6509352-04:00" testType="13cdc9d9-ddb5-4fa4-a97d-d965ccfc6d4b" outcome="Failed" testListId="8c84fa94-04c1-424b-9868-57a2d4851a1d" relativeResultsDirectory="ccc25834-38b4-4939-87ac-3c8599671aa0">
      <Output>
        <ErrorInfo>
          <Message>Assert.AreEqual failed. Expected:&lt;0.75&gt;. Actual:&lt;0&gt;. </Message>
          <StackTrace>   at CoffeeOrder.Tests.PromotionHelperTests.validate_happyHourOnVeryHotDrink_returnsDiscount() in D:\Programming\School\03\Software-Quality-I-Testing-Tools-and-Methodologies\ASN1\CoffeeOrder.Tests\PromotionHelperTEST.cs:line 72&#xD;
   at System.RuntimeMethodHandle.InvokeMethod(Object target, Void** arguments, Signature sig, Boolean isConstructor)&#xD;
   at System.Reflection.MethodBaseInvoker.InvokeWithNoArgs(Object obj, BindingFlags invokeAttr)&#xD;
</StackTrace>
        </ErrorInfo>
      </Output>
    </UnitTestResult>
    <UnitTestResult executionId="966c4322-11c2-4f9d-8b86-460734e74fb4" testId="1c6110d1-3e41-4d5c-377b-c77d31945bb1" testName="validate_roundValueToNickle_returnsDecimal" computerName="DESKTOP-1304CKW" duration="00:00:00.0002968" startTime="2025-09-12T00:12:35.6500577-04:00" endTime="2025-09-12T00:12:35.6504245-04:00" testType="13cdc9d9-ddb5-4fa4-a97d-d965ccfc6d4b" outcome="Failed" testListId="8c84fa94-04c1-424b-9868-57a2d4851a1d" relativeResultsDirectory="966c4322-11c2-4f9d-8b86-460734e74fb4">
      <Output>
        <ErrorInfo>
          <Message>Assert.AreEqual failed. Expected:&lt;3.70&gt;. Actual:&lt;0.0&gt;. </Message>
          <StackTrace>   at CoffeeOrder.Tests.PriceCalculatorTests.validate_roundValueToNickle_returnsDecimal() in D:\Programming\School\03\Software-Quality-I-Testing-Tools-and-Methodologies\ASN1\CoffeeOrder.Tests\PriceCalculatorTests.cs:line 82&#xD;
   at System.RuntimeMethodHandle.InvokeMethod(Object target, Void** arguments, Signature sig, Boolean isConstructor)&#xD;
   at System.Reflection.MethodBaseInvoker.InvokeWithNoArgs(Object obj, BindingFlags invokeAttr)&#xD;
</StackTrace>
        </ErrorInfo>
      </Output>
    </UnitTestResult>
    <UnitTestResult executionId="045d014f-1ec9-4a21-a9a6-5432fb272a0c" testId="a9a099fe-cea2-d000-34e0-09339dfe85db" testName="validate_milkNotValid_returnsTrue" computerName="DESKTOP-1304CKW" duration="00:00:00.0000989" startTime="2025-09-12T00:12:35.6483591-04:00" endTime="2025-09-12T00:12:35.6485151-04:00" testType="13cdc9d9-ddb5-4fa4-a97d-d965ccfc6d4b" outcome="Passed" testListId="8c84fa94-04c1-424b-9868-57a2d4851a1d" relativeResultsDirectory="045d014f-1ec9-4a21-a9a6-5432fb272a0c" />
    <UnitTestResult executionId="3e0799b4-7c94-4a5e-9f82-cf624a778598" testId="1a882987-184d-9b4b-13c4-9582d56028c1" testName="validate_addDiscount_returnDiscountOBJ" computerName="DESKTOP-1304CKW" duration="00:00:00.0002778" startTime="2025-09-12T00:12:35.6494100-04:00" endTime="2025-09-12T00:12:35.6497393-04:00" testType="13cdc9d9-ddb5-4fa4-a97d-d965ccfc6d4b" outcome="Failed" testListId="8c84fa94-04c1-424b-9868-57a2d4851a1d" relativeResultsDirectory="3e0799b4-7c94-4a5e-9f82-cf624a778598">
      <Output>
        <ErrorInfo>
          <Message>Assert.AreEqual failed. Expected:&lt;0.75&gt;. Actual:&lt;0&gt;. </Message>
          <StackTrace>   at CoffeeOrder.Tests.OrderTests.validate_addDiscount_returnDiscountOBJ() in D:\Programming\School\03\Software-Quality-I-Testing-Tools-and-Methodologies\ASN1\CoffeeOrder.Tests\OrderTEST.cs:line 110&#xD;
   at System.RuntimeMethodHandle.InvokeMethod(Object target, Void** arguments, Signature sig, Boolean isConstructor)&#xD;
   at System.Reflection.MethodBaseInvoker.InvokeWithNoArgs(Object obj, BindingFlags invokeAttr)&#xD;
</StackTrace>
        </ErrorInfo>
      </Output>
    </UnitTestResult>
    <UnitTestResult executionId="90fd166f-78dc-49e7-ba05-9f26032f62e8" testId="ff429328-86e1-bfe1-0aea-aa87ae3082f9" testName="validate_dedupeStringList_returnsStringList" computerName="DESKTOP-1304CKW" duration="00:00:00.0002882" startTime="2025-09-12T00:12:35.6531626-04:00" endTime="2025-09-12T00:12:35.6535393-04:00" testType="13cdc9d9-ddb5-4fa4-a97d-d965ccfc6d4b" outcome="Failed" testListId="8c84fa94-04c1-424b-9868-57a2d4851a1d" relativeResultsDirectory="90fd166f-78dc-49e7-ba05-9f26032f62e8">
      <Output>
        <ErrorInfo>
          <Message>Assert.AreEqual failed. Expected:&lt;index1&gt;. Actual:&lt;index0&gt;. </Message>
          <StackTrace>   at CoffeeOrder.Tests.utilTESTS.validate_dedupeStringList_returnsStringList() in D:\Programming\School\03\Software-Quality-I-Testing-Tools-and-Methodologies\ASN1\CoffeeOrder.Tests\utilTESTS.cs:line 58&#xD;
   at System.RuntimeMethodHandle.InvokeMethod(Object target, Void** arguments, Signature sig, Boolean isConstructor)&#xD;
   at System.Reflection.MethodBaseInvoker.InvokeWithNoArgs(Object obj, BindingFlags invokeAttr)&#xD;
</StackTrace>
        </ErrorInfo>
      </Output>
    </UnitTestResult>
    <UnitTestResult executionId="17b26f24-39cb-4a07-a00b-7b0586849eb6" testId="d7f2bd3b-8ae5-052d-9eed-b32d1161442f" testName="invalid_beverageList_returnsDecimal" computerName="DESKTOP-1304CKW" duration="00:00:00.0001734" startTime="2025-09-12T00:12:35.6500829-04:00" endTime="2025-09-12T00:12:35.6503124-04:00" testType="13cdc9d9-ddb5-4fa4-a97d-d965ccfc6d4b" outcome="Passed" testListId="8c84fa94-04c1-424b-9868-57a2d4851a1d" relativeResultsDirectory="17b26f24-39cb-4a07-a00b-7b0586849eb6" />
    <UnitTestResult executionId="a7fe2f03-51c2-4b0f-b04e-fdcd3f4a5546" testId="a1294d06-7eb4-9936-43a9-e6dc65d4cf9c" testName="validate_toppingsValid_returnsFalse" computerName="DESKTOP-1304CKW" duration="00:00:00.0000675" startTime="2025-09-12T00:12:35.6494500-04:00" endTime="2025-09-12T00:12:35.6495690-04:00" testType="13cdc9d9-ddb5-4fa4-a97d-d965ccfc6d4b" outcome="Passed" testListId="8c84fa94-04c1-424b-9868-57a2d4851a1d" relativeResultsDirectory="a7fe2f03-51c2-4b0f-b04e-fdcd3f4a5546" />
    <UnitTestResult executionId="995de413-370b-4792-ba63-862698df20c8" testId="bcf43e7e-deda-420e-d5c5-4930529f323a" testName="validate_getTempString_returnString" computerName="DESKTOP-1304CKW" duration="00:00:00.0580224" startTime="2025-09-12T00:12:35.5782692-04:00" endTime="2025-09-12T00:12:35.6381895-04:00" testType="13cdc9d9-ddb5-4fa4-a97d-d965ccfc6d4b" outcome="Passed" testListId="8c84fa94-04c1-424b-9868-57a2d4851a1d" relativeResultsDirectory="995de413-370b-4792-ba63-862698df20c8" />
    <UnitTestResult executionId="638e0a60-bd22-4a46-812b-8a4a4e33201c" testId="de98bbb0-3935-ebb3-d450-d98360f18e06" testName="validate_validDOC_retunsTrue" computerName="DESKTOP-1304CKW" duration="00:00:00.0022086" startTime="2025-09-12T00:12:35.6522677-04:00" endTime="2025-09-12T00:12:35.6545312-04:00" testType="13cdc9d9-ddb5-4fa4-a97d-d965ccfc6d4b" outcome="Failed" testListId="8c84fa94-04c1-424b-9868-57a2d4851a1d" relativeResultsDirectory="638e0a60-bd22-4a46-812b-8a4a4e33201c">
      <Output>
        <ErrorInfo>
          <Message>StringAssert.Contains failed. String '' does not contain string '2025-09-12 001'. .</Message>
          <StackTrace>   at CoffeeOrder.Tests.ReceiptFormatterTests.validate_validDOC_retunsTrue() in D:\Programming\School\03\Software-Quality-I-Testing-Tools-and-Methodologies\ASN1\CoffeeOrder.Tests\ReceiptFormatterTEST.cs:line 157&#xD;
   at System.RuntimeMethodHandle.InvokeMethod(Object target, Void** arguments, Signature sig, Boolean isConstructor)&#xD;
   at System.Reflection.MethodBaseInvoker.InvokeWithNoArgs(Object obj, BindingFlags invokeAttr)&#xD;
</StackTrace>
        </ErrorInfo>
      </Output>
    </UnitTestResult>
    <UnitTestResult executionId="80b860c2-72e8-4a0a-bb51-102ec996f1d6" testId="ad68016f-2397-a5b2-ddb5-873ba2e96ea0" testName="valid_enums_returnsCloset" computerName="DESKTOP-1304CKW" duration="00:00:00.0001822" startTime="2025-09-12T00:12:35.6531473-04:00" endTime="2025-09-12T00:12:35.6534382-04:00" testType="13cdc9d9-ddb5-4fa4-a97d-d965ccfc6d4b" outcome="Passed" testListId="8c84fa94-04c1-424b-9868-57a2d4851a1d" relativeResultsDirectory="80b860c2-72e8-4a0a-bb51-102ec996f1d6" />
    <UnitTestResult executionId="c202fae1-a326-4283-9543-5291e7e41c74" testId="7b5f8fd9-7465-02da-6f82-9286c6f835af" testName="validate_happyHourOnHotDrink_returnsDiscount" computerName="DESKTOP-1304CKW" duration="00:00:00.0002984" startTime="2025-09-12T00:12:35.6505484-04:00" endTime="2025-09-12T00:12:35.6509252-04:00" testType="13cdc9d9-ddb5-4fa4-a97d-d965ccfc6d4b" outcome="Failed" testListId="8c84fa94-04c1-424b-9868-57a2d4851a1d" relativeResultsDirectory="c202fae1-a326-4283-9543-5291e7e41c74">
      <Output>
        <ErrorInfo>
          <Message>Assert.AreEqual failed. Expected:&lt;0.75&gt;. Actual:&lt;0&gt;. </Message>
          <StackTrace>   at CoffeeOrder.Tests.PromotionHelperTests.validate_happyHourOnHotDrink_returnsDiscount() in D:\Programming\School\03\Software-Quality-I-Testing-Tools-and-Methodologies\ASN1\CoffeeOrder.Tests\PromotionHelperTEST.cs:line 38&#xD;
   at System.RuntimeMethodHandle.InvokeMethod(Object target, Void** arguments, Signature sig, Boolean isConstructor)&#xD;
   at System.Reflection.MethodBaseInvoker.InvokeWithNoArgs(Object obj, BindingFlags invokeAttr)&#xD;
</StackTrace>
        </ErrorInfo>
      </Output>
    </UnitTestResult>
    <UnitTestResult executionId="c8dcfc92-5efe-443c-ad47-9d1897206b36" testId="3aba5a6b-2278-fa39-6c62-a9c5c4fd7c2c" testName="check_vegan_returnsFalse" computerName="DESKTOP-1304CKW" duration="00:00:00.0617649" startTime="2025-09-12T00:12:35.5626756-04:00" endTime="2025-09-12T00:12:35.6381970-04:00" testType="13cdc9d9-ddb5-4fa4-a97d-d965ccfc6d4b" outcome="Passed" testListId="8c84fa94-04c1-424b-9868-57a2d4851a1d" relativeResultsDirectory="c8dcfc92-5efe-443c-ad47-9d1897206b36" />
    <UnitTestResult executionId="d37eac0d-91d4-49ea-a85f-bbe52f38b759" testId="f6996d56-dee7-1208-1ebb-d1b04eab1776" testName="invalid_syrupOption_returnsFailureFlag" computerName="DESKTOP-1304CKW" duration="00:00:00.0002573" startTime="2025-09-12T00:12:35.6483732-04:00" endTime="2025-09-12T00:12:35.6486859-04:00" testType="13cdc9d9-ddb5-4fa4-a97d-d965ccfc6d4b" outcome="Failed" testListId="8c84fa94-04c1-424b-9868-57a2d4851a1d" relativeResultsDirectory="d37eac0d-91d4-49ea-a85f-bbe52f38b759">
      <Output>
        <ErrorInfo>
          <Message>Assert.AreEqual failed. Expected:&lt;Invalid Syrup Option&gt;. Actual:&lt;Invalid Syrups Option&gt;. </Message>
          <StackTrace>   at CoffeeOrder.Tests.BeverageTests.invalid_syrupOption_returnsFailureFlag() in D:\Programming\School\03\Software-Quality-I-Testing-Tools-and-Methodologies\ASN1\CoffeeOrder.Tests\BeverageTEST.cs:line 373&#xD;
   at System.RuntimeMethodHandle.InvokeMethod(Object target, Void** arguments, Signature sig, Boolean isConstructor)&#xD;
   at System.Reflection.MethodBaseInvoker.InvokeWithNoArgs(Object obj, BindingFlags invokeAttr)&#xD;
</StackTrace>
        </ErrorInfo>
      </Output>
    </UnitTestResult>
    <UnitTestResult executionId="1a734287-73fb-4117-9913-553e6bd7609d" testId="b2e73580-fd80-1e2e-5c34-05f7ff670fb0" testName="invalid_maxSyrups_returnsFailureFlag" computerName="DESKTOP-1304CKW" duration="00:00:00.0579876" startTime="2025-09-12T00:12:35.5783225-04:00" endTime="2025-09-12T00:12:35.6381738-04:00" testType="13cdc9d9-ddb5-4fa4-a97d-d965ccfc6d4b" outcome="Passed" testListId="8c84fa94-04c1-424b-9868-57a2d4851a1d" relativeResultsDirectory="1a734287-73fb-4117-9913-553e6bd7609d" />
    <UnitTestResult executionId="768da668-aa9e-4c26-9767-c96fa9190b75" testId="2fb89158-ea33-9e6d-d44e-b51cc81d8f42" testName="validate_warningsValid_returnsTrue" computerName="DESKTOP-1304CKW" duration="00:00:00.0021652" startTime="2025-09-12T00:12:35.6522619-04:00" endTime="2025-09-12T00:12:35.6544861-04:00" testType="13cdc9d9-ddb5-4fa4-a97d-d965ccfc6d4b" outcome="Failed" testListId="8c84fa94-04c1-424b-9868-57a2d4851a1d" relativeResultsDirectory="768da668-aa9e-4c26-9767-c96fa9190b75">
      <Output>
        <ErrorInfo>
          <Message>StringAssert.Contains failed. String '' does not contain string 'Dairy'. .</Message>
          <StackTrace>   at CoffeeOrder.Tests.ReceiptFormatterTests.validate_warningsValid_returnsTrue() in D:\Programming\School\03\Software-Quality-I-Testing-Tools-and-Methodologies\ASN1\CoffeeOrder.Tests\ReceiptFormatterTEST.cs:line 137&#xD;
   at System.RuntimeMethodHandle.InvokeMethod(Object target, Void** arguments, Signature sig, Boolean isConstructor)&#xD;
   at System.Reflection.MethodBaseInvoker.InvokeWithNoArgs(Object obj, BindingFlags invokeAttr)&#xD;
</StackTrace>
        </ErrorInfo>
      </Output>
    </UnitTestResult>
    <UnitTestResult executionId="df7f1c43-e42b-414e-a836-e08cb2aa4d2f" testId="d4e3120b-08d4-c80d-778e-bdae34940869" testName="invalid_temp_returnsFailureflag" computerName="DESKTOP-1304CKW" duration="00:00:00.0579631" startTime="2025-09-12T00:12:35.5783778-04:00" endTime="2025-09-12T00:12:35.6382171-04:00" testType="13cdc9d9-ddb5-4fa4-a97d-d965ccfc6d4b" outcome="Passed" testListId="8c84fa94-04c1-424b-9868-57a2d4851a1d" relativeResultsDirectory="df7f1c43-e42b-414e-a836-e08cb2aa4d2f" />
    <UnitTestResult executionId="f420b6c9-c9ee-4dd6-ba13-aed73c68bdd4" testId="0ce33c1c-508e-938f-348f-d3424a2d1dff" testName="validate_priceAccuracyCheck_returnsDecimal" computerName="DESKTOP-1304CKW" duration="00:00:00.0003212" startTime="2025-09-12T00:12:35.6500339-04:00" endTime="2025-09-12T00:12:35.6504406-04:00" testType="13cdc9d9-ddb5-4fa4-a97d-d965ccfc6d4b" outcome="Failed" testListId="8c84fa94-04c1-424b-9868-57a2d4851a1d" relativeResultsDirectory="f420b6c9-c9ee-4dd6-ba13-aed73c68bdd4">
      <Output>
        <ErrorInfo>
          <Message>Assert.AreEqual failed. Expected:&lt;3.20&gt;. Actual:&lt;0.0&gt;. </Message>
          <StackTrace>   at CoffeeOrder.Tests.PriceCalculatorTests.validate_priceAccuracyCheck_returnsDecimal() in D:\Programming\School\03\Software-Quality-I-Testing-Tools-and-Methodologies\ASN1\CoffeeOrder.Tests\PriceCalculatorTests.cs:line 34&#xD;
   at System.RuntimeMethodHandle.InvokeMethod(Object target, Void** arguments, Signature sig, Boolean isConstructor)&#xD;
   at System.Reflection.MethodBaseInvoker.InvokeWithNoArgs(Object obj, BindingFlags invokeAttr)&#xD;
</StackTrace>
        </ErrorInfo>
      </Output>
    </UnitTestResult>
    <UnitTestResult executionId="e1738959-a8ba-4b65-8244-6617c44e6cae" testId="0755c290-2d7a-da8f-474d-5a7613517775" testName="check_lessThanVeryHotOrEspressoKidFriendly_returnsTrue" computerName="DESKTOP-1304CKW" duration="00:00:00.0617589" startTime="2025-09-12T00:12:35.5626050-04:00" endTime="2025-09-12T00:12:35.6381950-04:00" testType="13cdc9d9-ddb5-4fa4-a97d-d965ccfc6d4b" outcome="Passed" testListId="8c84fa94-04c1-424b-9868-57a2d4851a1d" relativeResultsDirectory="e1738959-a8ba-4b65-8244-6617c44e6cae" />
    <UnitTestResult executionId="f19679cb-a02c-4b9d-8f49-60ffbce2a119" testId="88b2a1ce-4620-8046-545c-a65300dfd894" testName="validate_getSizeString_returnsString" computerName="DESKTOP-1304CKW" duration="00:00:00.0580217" startTime="2025-09-12T00:12:35.5782570-04:00" endTime="2025-09-12T00:12:35.6381788-04:00" testType="13cdc9d9-ddb5-4fa4-a97d-d965ccfc6d4b" outcome="Passed" testListId="8c84fa94-04c1-424b-9868-57a2d4851a1d" relativeResultsDirectory="f19679cb-a02c-4b9d-8f49-60ffbce2a119" />
    <UnitTestResult executionId="3b426223-fc49-43ce-b854-28fb6a1a3e96" testId="aa1edbe8-fa66-6029-34fb-eb6f51f0b00c" testName="validate_isKidFriendlyIncluded_returnsTrue" computerName="DESKTOP-1304CKW" duration="00:00:00.0002668" startTime="2025-09-12T00:12:35.6542812-04:00" endTime="2025-09-12T00:12:35.6546321-04:00" testType="13cdc9d9-ddb5-4fa4-a97d-d965ccfc6d4b" outcome="Failed" testListId="8c84fa94-04c1-424b-9868-57a2d4851a1d" relativeResultsDirectory="3b426223-fc49-43ce-b854-28fb6a1a3e96">
      <Output>
        <ErrorInfo>
          <Message>StringAssert.Contains failed. String 'ORDER FOR: Test Name&#xD;
' does not contain string 'Is Kid Friendly'. .</Message>
          <StackTrace>   at CoffeeOrder.Tests.ReceiptFormatterTests.validate_isKidFriendlyIncluded_returnsTrue() in D:\Programming\School\03\Software-Quality-I-Testing-Tools-and-Methodologies\ASN1\CoffeeOrder.Tests\ReceiptFormatterTEST.cs:line 211&#xD;
   at System.RuntimeMethodHandle.InvokeMethod(Object target, Void** arguments, Signature sig, Boolean isConstructor)&#xD;
   at System.Reflection.MethodBaseInvoker.InvokeWithNoArgs(Object obj, BindingFlags invokeAttr)&#xD;
</StackTrace>
        </ErrorInfo>
      </Output>
    </UnitTestResult>
    <UnitTestResult executionId="8bec6183-7a78-4fd6-897f-76db0bf226eb" testId="adc9a5d9-e39c-d2b1-eb70-979d26d63e37" testName="validate_selectsHappyHourWhenBetterDeal_returnsHappyHourDiscount" computerName="DESKTOP-1304CKW" duration="00:00:00.0002703" startTime="2025-09-12T00:12:35.6512976-04:00" endTime="2025-09-12T00:12:35.6516140-04:00" testType="13cdc9d9-ddb5-4fa4-a97d-d965ccfc6d4b" outcome="Failed" testListId="8c84fa94-04c1-424b-9868-57a2d4851a1d" relativeResultsDirectory="8bec6183-7a78-4fd6-897f-76db0bf226eb">
      <Output>
        <ErrorInfo>
          <Message>Assert.AreEqual failed. Expected:&lt;1.70&gt;. Actual:&lt;0&gt;. </Message>
          <StackTrace>   at CoffeeOrder.Tests.PromotionHelperTests.validate_selectsHappyHourWhenBetterDeal_returnsHappyHourDiscount() in D:\Programming\School\03\Software-Quality-I-Testing-Tools-and-Methodologies\ASN1\CoffeeOrder.Tests\PromotionHelperTEST.cs:line 212&#xD;
   at System.RuntimeMethodHandle.InvokeMethod(Object target, Void** arguments, Signature sig, Boolean isConstructor)&#xD;
   at System.Reflection.MethodBaseInvoker.InvokeWithNoArgs(Object obj, BindingFlags invokeAttr)&#xD;
</StackTrace>
        </ErrorInfo>
      </Output>
    </UnitTestResult>
    <UnitTestResult executionId="c2aecdcc-48aa-4c8f-84a9-d2ff7e913097" testId="3313cf34-71ee-c09c-02d6-9c1d00a654d2" testName="validate_subTotalsValid_returnsTrue" computerName="DESKTOP-1304CKW" duration="00:00:00.0024631" startTime="2025-09-12T00:12:35.6518113-04:00" endTime="2025-09-12T00:12:35.6544144-04:00" testType="13cdc9d9-ddb5-4fa4-a97d-d965ccfc6d4b" outcome="Failed" testListId="8c84fa94-04c1-424b-9868-57a2d4851a1d" relativeResultsDirectory="c2aecdcc-48aa-4c8f-84a9-d2ff7e913097">
      <Output>
        <ErrorInfo>
          <Message>StringAssert.Contains failed. String '' does not contain string '7.60'. .</Message>
          <StackTrace>   at CoffeeOrder.Tests.ReceiptFormatterTests.validate_subTotalsValid_returnsTrue() in D:\Programming\School\03\Software-Quality-I-Testing-Tools-and-Methodologies\ASN1\CoffeeOrder.Tests\ReceiptFormatterTEST.cs:line 101&#xD;
   at System.RuntimeMethodHandle.InvokeMethod(Object target, Void** arguments, Signature sig, Boolean isConstructor)&#xD;
   at System.Reflection.MethodBaseInvoker.InvokeWithNoArgs(Object obj, BindingFlags invokeAttr)&#xD;
</StackTrace>
        </ErrorInfo>
      </Output>
    </UnitTestResult>
    <UnitTestResult executionId="1c9f5a01-c212-4c3d-bfee-7828e90e2903" testId="6dd57b3a-8c69-15a5-c750-a55449d280f1" testName="errorCheck_oneStringListNull_returnsStringList" computerName="DESKTOP-1304CKW" duration="00:00:00.0002725" startTime="2025-09-12T00:12:35.6542409-04:00" endTime="2025-09-12T00:12:35.6545796-04:00" testType="13cdc9d9-ddb5-4fa4-a97d-d965ccfc6d4b" outcome="Failed" testListId="8c84fa94-04c1-424b-9868-57a2d4851a1d" relativeResultsDirectory="1c9f5a01-c212-4c3d-bfee-7828e90e2903">
      <Output>
        <ErrorInfo>
          <Message>Assert.AreEqual failed. Expected:&lt;1&gt;. Actual:&lt;0&gt;. </Message>
          <StackTrace>   at CoffeeOrder.Tests.utilTESTS.errorCheck_oneStringListNull_returnsStringList() in D:\Programming\School\03\Software-Quality-I-Testing-Tools-and-Methodologies\ASN1\CoffeeOrder.Tests\utilTESTS.cs:line 103&#xD;
   at System.RuntimeMethodHandle.InvokeMethod(Object target, Void** arguments, Signature sig, Boolean isConstructor)&#xD;
   at System.Reflection.MethodBaseInvoker.InvokeWithNoArgs(Object obj, BindingFlags invokeAttr)&#xD;
</StackTrace>
        </ErrorInfo>
      </Output>
    </UnitTestResult>
    <UnitTestResult executionId="61eb972e-cb78-4917-b341-6cb4ea835c69" testId="b6208d68-0f12-103a-f1ed-6bd8e0d86462" testName="validate_addDate_returnString" computerName="DESKTOP-1304CKW" duration="00:00:00.0025553" startTime="2025-09-12T00:12:35.6417275-04:00" endTime="2025-09-12T00:12:35.6443992-04:00" testType="13cdc9d9-ddb5-4fa4-a97d-d965ccfc6d4b" outcome="Passed" testListId="8c84fa94-04c1-424b-9868-57a2d4851a1d" relativeResultsDirectory="61eb972e-cb78-4917-b341-6cb4ea835c69" />
    <UnitTestResult executionId="3d6939b6-be46-400e-93e0-e6cebdc000f3" testId="36010a2c-850b-174f-54b5-80641612d7ab" testName="invalid_minimumShots_returnsFailureFlag" computerName="DESKTOP-1304CKW" duration="00:00:00.0580533" startTime="2025-09-12T00:12:35.5782827-04:00" endTime="2025-09-12T00:12:35.6382386-04:00" testType="13cdc9d9-ddb5-4fa4-a97d-d965ccfc6d4b" outcome="Passed" testListId="8c84fa94-04c1-424b-9868-57a2d4851a1d" relativeResultsDirectory="3d6939b6-be46-400e-93e0-e6cebdc000f3" />
    <UnitTestResult executionId="1759acc0-768e-4dde-b659-a6bfb64585f6" testId="65fec8e7-95d7-1798-3572-31a04b19530c" testName="validate_selectsBOGOWhenBetterDeal_returnsBOGODiscount" computerName="DESKTOP-1304CKW" duration="00:00:00.0002936" startTime="2025-09-12T00:12:35.6512862-04:00" endTime="2025-09-12T00:12:35.6516297-04:00" testType="13cdc9d9-ddb5-4fa4-a97d-d965ccfc6d4b" outcome="Failed" testListId="8c84fa94-04c1-424b-9868-57a2d4851a1d" relativeResultsDirectory="1759acc0-768e-4dde-b659-a6bfb64585f6">
      <Output>
        <ErrorInfo>
          <Message>Assert.AreEqual failed. Expected:&lt;2.45&gt;. Actual:&lt;0&gt;. </Message>
          <StackTrace>   at CoffeeOrder.Tests.PromotionHelperTests.validate_selectsBOGOWhenBetterDeal_returnsBOGODiscount() in D:\Programming\School\03\Software-Quality-I-Testing-Tools-and-Methodologies\ASN1\CoffeeOrder.Tests\PromotionHelperTEST.cs:line 163&#xD;
   at System.RuntimeMethodHandle.InvokeMethod(Object target, Void** arguments, Signature sig, Boolean isConstructor)&#xD;
   at System.Reflection.MethodBaseInvoker.InvokeWithNoArgs(Object obj, BindingFlags invokeAttr)&#xD;
</StackTrace>
        </ErrorInfo>
      </Output>
    </UnitTestResult>
    <UnitTestResult executionId="047c4f98-b26b-42ea-87a2-b6f5af514be7" testId="349befe2-6334-bdb7-8beb-47af4b2fc182" testName="validate_isDecafIncluded_returnsTrue" computerName="DESKTOP-1304CKW" duration="00:00:00.0009696" startTime="2025-09-12T00:12:35.6531096-04:00" endTime="2025-09-12T00:12:35.6541529-04:00" testType="13cdc9d9-ddb5-4fa4-a97d-d965ccfc6d4b" outcome="Failed" testListId="8c84fa94-04c1-424b-9868-57a2d4851a1d" relativeResultsDirectory="047c4f98-b26b-42ea-87a2-b6f5af514be7">
      <Output>
        <ErrorInfo>
          <Message>Test method CoffeeOrder.Tests.ReceiptFormatterTests.validate_isDecafIncluded_returnsTrue threw exception: &#xD;
System.ArgumentOutOfRangeException: Index was out of range. Must be non-negative and less than or equal to the size of the collection. (Parameter 'chunkLength')</Message>
          <StackTrace>    at System.Text.StringBuilder.ToString()&#xD;
   at CoffeeOrder.Tests.ReceiptFormatterTests.validate_isDecafIncluded_returnsTrue() in D:\Programming\School\03\Software-Quality-I-Testing-Tools-and-Methodologies\ASN1\CoffeeOrder.Tests\ReceiptFormatterTEST.cs:line 189&#xD;
   at System.RuntimeMethodHandle.InvokeMethod(Object target, Void** arguments, Signature sig, Boolean isConstructor)&#xD;
   at System.Reflection.MethodBaseInvoker.InvokeWithNoArgs(Object obj, BindingFlags invokeAttr)&#xD;
</StackTrace>
        </ErrorInfo>
      </Output>
    </UnitTestResult>
    <UnitTestResult executionId="447c69f9-ac16-4d51-8555-ace57b08f4a9" testId="c2b880c4-6aa3-a22e-c26b-92d66c839b56" testName="validate_addDiscountEmptyBeverages_returnDiscountOBJ" computerName="DESKTOP-1304CKW" duration="00:00:00.0004581" startTime="2025-09-12T00:12:35.6473786-04:00" endTime="2025-09-12T00:12:35.6479210-04:00" testType="13cdc9d9-ddb5-4fa4-a97d-d965ccfc6d4b" outcome="Failed" testListId="8c84fa94-04c1-424b-9868-57a2d4851a1d" relativeResultsDirectory="447c69f9-ac16-4d51-8555-ace57b08f4a9">
      <Output>
        <ErrorInfo>
          <Message>Assert.AreEqual failed. Expected:&lt;&gt;. Actual:&lt;(null)&gt;. </Message>
          <StackTrace>   at CoffeeOrder.Tests.OrderTests.validate_addDiscountEmptyBeverages_returnDiscountOBJ() in D:\Programming\School\03\Software-Quality-I-Testing-Tools-and-Methodologies\ASN1\CoffeeOrder.Tests\OrderTEST.cs:line 169&#xD;
   at System.RuntimeMethodHandle.InvokeMethod(Object target, Void** arguments, Signature sig, Boolean isConstructor)&#xD;
   at System.Reflection.MethodBaseInvoker.InvokeWithNoArgs(Object obj, BindingFlags invokeAttr)&#xD;
</StackTrace>
        </ErrorInfo>
      </Output>
    </UnitTestResult>
    <UnitTestResult executionId="c234c83f-8144-41e9-9cc6-046a2c7bc250" testId="01744df6-beda-edad-8b22-dde861449816" testName="check_EspressoKidFriendly_returnsFalse" computerName="DESKTOP-1304CKW" duration="00:00:00.0617479" startTime="2025-09-12T00:12:35.5626128-04:00" endTime="2025-09-12T00:12:35.6381812-04:00" testType="13cdc9d9-ddb5-4fa4-a97d-d965ccfc6d4b" outcome="Passed" testListId="8c84fa94-04c1-424b-9868-57a2d4851a1d" relativeResultsDirectory="c234c83f-8144-41e9-9cc6-046a2c7bc250" />
    <UnitTestResult executionId="8d6dfa4b-d9ca-42fe-a51a-31c78ae7bf81" testId="0ebb6e1f-31d3-354b-a0aa-51ab6c0d5337" testName="errorCheck_emptyEnum_returnsString" computerName="DESKTOP-1304CKW" duration="00:00:00.0001500" startTime="2025-09-12T00:12:35.6542736-04:00" endTime="2025-09-12T00:12:35.6544945-04:00" testType="13cdc9d9-ddb5-4fa4-a97d-d965ccfc6d4b" outcome="Passed" testListId="8c84fa94-04c1-424b-9868-57a2d4851a1d" relativeResultsDirectory="8d6dfa4b-d9ca-42fe-a51a-31c78ae7bf81" />
    <UnitTestResult executionId="1b817325-a003-4d41-a678-4ccf3d4e5afe" testId="6981742b-2dcf-eef9-06b5-35e81e577ce0" testName="invalid_maximumShots_returnsFailureFlag" computerName="DESKTOP-1304CKW" duration="00:00:00.0579958" startTime="2025-09-12T00:12:35.5783007-04:00" endTime="2025-09-12T00:12:35.6381737-04:00" testType="13cdc9d9-ddb5-4fa4-a97d-d965ccfc6d4b" outcome="Passed" testListId="8c84fa94-04c1-424b-9868-57a2d4851a1d" relativeResultsDirectory="1b817325-a003-4d41-a678-4ccf3d4e5afe" />
    <UnitTestResult executionId="67b7383b-92c8-499e-96d8-cab2ff16bf58" testId="a03437ff-13ac-0403-894a-f8a80581a194" testName="errorCheck_emptyListDedupe_returnsStringList" computerName="DESKTOP-1304CKW" duration="00:00:00.0001347" startTime="2025-09-12T00:12:35.6532229-04:00" endTime="2025-09-12T00:12:35.6534174-04:00" testType="13cdc9d9-ddb5-4fa4-a97d-d965ccfc6d4b" outcome="Passed" testListId="8c84fa94-04c1-424b-9868-57a2d4851a1d" relativeResultsDirectory="67b7383b-92c8-499e-96d8-cab2ff16bf58" />
    <UnitTestResult executionId="4627bce8-2087-45a1-8d74-d1a8703800b4" testId="ab321578-5fae-6152-9e60-b19e9102f5a7" testName="validate_milkValid_returnsFalse" computerName="DESKTOP-1304CKW" duration="00:00:00.0002255" startTime="2025-09-12T00:12:35.6483631-04:00" endTime="2025-09-12T00:12:35.6486465-04:00" testType="13cdc9d9-ddb5-4fa4-a97d-d965ccfc6d4b" outcome="Passed" testListId="8c84fa94-04c1-424b-9868-57a2d4851a1d" relativeResultsDirectory="4627bce8-2087-45a1-8d74-d1a8703800b4" />
    <UnitTestResult executionId="3d9a40d2-b1f6-49c9-8c0e-f1c26b0b5f16" testId="7b48ba01-5945-d7ac-ebab-80cc260f0d4a" testName="check_VeryHotKidFriendly_returnsFalse" computerName="DESKTOP-1304CKW" duration="00:00:00.0580161" startTime="2025-09-12T00:12:35.5782427-04:00" endTime="2025-09-12T00:12:35.6382014-04:00" testType="13cdc9d9-ddb5-4fa4-a97d-d965ccfc6d4b" outcome="Passed" testListId="8c84fa94-04c1-424b-9868-57a2d4851a1d" relativeResultsDirectory="3d9a40d2-b1f6-49c9-8c0e-f1c26b0b5f16" />
    <UnitTestResult executionId="6b03adf3-1027-4388-abbf-0cc86676fe32" testId="de00b13d-e1f4-2480-99c4-21dc76d2a8b6" testName="validate_milkNotPresent_returnsFalse" computerName="DESKTOP-1304CKW" duration="00:00:00.0081401" startTime="2025-09-12T00:12:35.6483014-04:00" endTime="2025-09-12T00:12:35.6565128-04:00" testType="13cdc9d9-ddb5-4fa4-a97d-d965ccfc6d4b" outcome="Failed" testListId="8c84fa94-04c1-424b-9868-57a2d4851a1d" relativeResultsDirectory="6b03adf3-1027-4388-abbf-0cc86676fe32">
      <Output>
        <ErrorInfo>
          <Message>Test method CoffeeOrder.Tests.OrderValidatorTests.validate_milkNotPresent_returnsFalse threw exception: &#xD;
System.ArgumentNullException: Value cannot be null. (Parameter 'value')</Message>
          <StackTrace>    at System.String.Contains(String value)&#xD;
   at OrderValidator.&lt;&gt;c__DisplayClass5_0.&lt;checkMilk&gt;b__0(String str) in D:\Programming\School\03\Software-Quality-I-Testing-Tools-and-Methodologies\ASN1\CoffeeOrder\OrderValidator.cs:line 89&#xD;
   at System.Linq.Enumerable.Any[TSource](IEnumerable`1 source, Func`2 predicate)&#xD;
   at OrderValidator.checkMilk(String milk) in D:\Programming\School\03\Software-Quality-I-Testing-Tools-and-Methodologies\ASN1\CoffeeOrder\OrderValidator.cs:line 89&#xD;
   at CoffeeOrder.Tests.OrderValidatorTests.validate_milkNotPresent_returnsFalse() in D:\Programming\School\03\Software-Quality-I-Testing-Tools-and-Methodologies\ASN1\CoffeeOrder.Tests\OrderValidatorTEST.cs:line 42&#xD;
   at System.RuntimeMethodHandle.InvokeMethod(Object target, Void** arguments, Signature sig, Boolean isConstructor)&#xD;
   at System.Reflection.MethodBaseInvoker.InvokeWithNoArgs(Object obj, BindingFlags invokeAttr)&#xD;
</StackTrace>
        </ErrorInfo>
      </Output>
    </UnitTestResult>
    <UnitTestResult executionId="87678901-25e6-4aaf-b115-58c36b48e9e3" testId="b4511c17-f324-9c7b-e4b9-62dc7ac749cc" testName="errorCheck_shotsBelowMinimum_returnsTrue" computerName="DESKTOP-1304CKW" duration="00:00:00.0000515" startTime="2025-09-12T00:12:35.6495274-04:00" endTime="2025-09-12T00:12:35.6496283-04:00" testType="13cdc9d9-ddb5-4fa4-a97d-d965ccfc6d4b" outcome="Passed" testListId="8c84fa94-04c1-424b-9868-57a2d4851a1d" relativeResultsDirectory="87678901-25e6-4aaf-b115-58c36b48e9e3" />
    <UnitTestResult executionId="6ce941d0-627e-41e6-af9a-8474e22b947f" testId="390679b4-c47c-97a6-8411-4aecfef0859d" testName="errorCheck_baseDrinkNotPresent_returnsTrue" computerName="DESKTOP-1304CKW" duration="00:00:00.0069475" startTime="2025-09-12T00:12:35.6495020-04:00" endTime="2025-09-12T00:12:35.6571104-04:00" testType="13cdc9d9-ddb5-4fa4-a97d-d965ccfc6d4b" outcome="Failed" testListId="8c84fa94-04c1-424b-9868-57a2d4851a1d" relativeResultsDirectory="6ce941d0-627e-41e6-af9a-8474e22b947f">
      <Output>
        <ErrorInfo>
          <Message>Test method CoffeeOrder.Tests.OrderValidatorTests.errorCheck_baseDrinkNotPresent_returnsTrue threw exception: &#xD;
System.ArgumentNullException: Value cannot be null. (Parameter 'value')</Message>
          <StackTrace>    at System.String.Contains(String value)&#xD;
   at OrderValidator.&lt;&gt;c__DisplayClass4_0.&lt;checkBaseDrink&gt;b__0(String str) in D:\Programming\School\03\Software-Quality-I-Testing-Tools-and-Methodologies\ASN1\CoffeeOrder\OrderValidator.cs:line 79&#xD;
   at System.Linq.Enumerable.Any[TSource](IEnumerable`1 source, Func`2 predicate)&#xD;
   at OrderValidator.checkBaseDrink(String baseDrink) in D:\Programming\School\03\Software-Quality-I-Testing-Tools-and-Methodologies\ASN1\CoffeeOrder\OrderValidator.cs:line 79&#xD;
   at CoffeeOrder.Tests.OrderValidatorTests.errorCheck_baseDrinkNotPresent_returnsTrue() in D:\Programming\School\03\Software-Quality-I-Testing-Tools-and-Methodologies\ASN1\CoffeeOrder.Tests\OrderValidatorTEST.cs:line 147&#xD;
   at System.RuntimeMethodHandle.InvokeMethod(Object target, Void** arguments, Signature sig, Boolean isConstructor)&#xD;
   at System.Reflection.MethodBaseInvoker.InvokeWithNoArgs(Object obj, BindingFlags invokeAttr)&#xD;
</StackTrace>
        </ErrorInfo>
      </Output>
    </UnitTestResult>
    <UnitTestResult executionId="1e98dfca-112f-4a04-b6a6-2f12b9015b32" testId="606ef3a1-3997-4db2-0085-4bcb828b7299" testName="validate_happyHourOnColdDrink_returnsNoDiscount" computerName="DESKTOP-1304CKW" duration="00:00:00.0001438" startTime="2025-09-12T00:12:35.6517598-04:00" endTime="2025-09-12T00:12:35.6519550-04:00" testType="13cdc9d9-ddb5-4fa4-a97d-d965ccfc6d4b" outcome="Passed" testListId="8c84fa94-04c1-424b-9868-57a2d4851a1d" relativeResultsDirectory="1e98dfca-112f-4a04-b6a6-2f12b9015b32" />
    <UnitTestResult executionId="7216c1fc-6a9a-477e-bd0b-09a017773b6d" testId="76f28a51-6c6e-f112-dcba-bb316d5f2b0d" testName="validate_bogoOnCheaperDrink_returnsDiscount" computerName="DESKTOP-1304CKW" duration="00:00:00.0003535" startTime="2025-09-12T00:12:35.6505833-04:00" endTime="2025-09-12T00:12:35.6509840-04:00" testType="13cdc9d9-ddb5-4fa4-a97d-d965ccfc6d4b" outcome="Failed" testListId="8c84fa94-04c1-424b-9868-57a2d4851a1d" relativeResultsDirectory="7216c1fc-6a9a-477e-bd0b-09a017773b6d">
      <Output>
        <ErrorInfo>
          <Message>Assert.AreEqual failed. Expected:&lt;2.45&gt;. Actual:&lt;0&gt;. </Message>
          <StackTrace>   at CoffeeOrder.Tests.PromotionHelperTests.validate_bogoOnCheaperDrink_returnsDiscount() in D:\Programming\School\03\Software-Quality-I-Testing-Tools-and-Methodologies\ASN1\CoffeeOrder.Tests\PromotionHelperTEST.cs:line 117&#xD;
   at System.RuntimeMethodHandle.InvokeMethod(Object target, Void** arguments, Signature sig, Boolean isConstructor)&#xD;
   at System.Reflection.MethodBaseInvoker.InvokeWithNoArgs(Object obj, BindingFlags invokeAttr)&#xD;
</StackTrace>
        </ErrorInfo>
      </Output>
    </UnitTestResult>
    <UnitTestResult executionId="312ecc34-dda7-4ef8-b102-913a5a112593" testId="18813b9d-33a0-a669-175f-b209bfe13a67" testName="validate_bogoOnEqualDrink_returnsDiscount" computerName="DESKTOP-1304CKW" duration="00:00:00.0002777" startTime="2025-09-12T00:12:35.6513095-04:00" endTime="2025-09-12T00:12:35.6516342-04:00" testType="13cdc9d9-ddb5-4fa4-a97d-d965ccfc6d4b" outcome="Failed" testListId="8c84fa94-04c1-424b-9868-57a2d4851a1d" relativeResultsDirectory="312ecc34-dda7-4ef8-b102-913a5a112593">
      <Output>
        <ErrorInfo>
          <Message>Assert.AreEqual failed. Expected:&lt;3.80&gt;. Actual:&lt;0&gt;. </Message>
          <StackTrace>   at CoffeeOrder.Tests.PromotionHelperTests.validate_bogoOnEqualDrink_returnsDiscount() in D:\Programming\School\03\Software-Quality-I-Testing-Tools-and-Methodologies\ASN1\CoffeeOrder.Tests\PromotionHelperTEST.cs:line 257&#xD;
   at System.RuntimeMethodHandle.InvokeMethod(Object target, Void** arguments, Signature sig, Boolean isConstructor)&#xD;
   at System.Reflection.MethodBaseInvoker.InvokeWithNoArgs(Object obj, BindingFlags invokeAttr)&#xD;
</StackTrace>
        </ErrorInfo>
      </Output>
    </UnitTestResult>
    <UnitTestResult executionId="b1d58c92-d1f5-4a7b-bfd6-461874134600" testId="1f512e9b-311f-fc1b-3818-46cc7b30a98e" testName="check_decaf_returnsTrue" computerName="DESKTOP-1304CKW" duration="00:00:00.0617418" startTime="2025-09-12T00:12:35.5626831-04:00" endTime="2025-09-12T00:12:35.6381788-04:00" testType="13cdc9d9-ddb5-4fa4-a97d-d965ccfc6d4b" outcome="Passed" testListId="8c84fa94-04c1-424b-9868-57a2d4851a1d" relativeResultsDirectory="b1d58c92-d1f5-4a7b-bfd6-461874134600" />
    <UnitTestResult executionId="e29fd063-b04f-4245-b72e-85e479ee7d57" testId="81c3a416-88ce-0ce5-401b-48796f1bcebb" testName="validate_toppingsNotPresent_returnsFalse" computerName="DESKTOP-1304CKW" duration="00:00:00.0001415" startTime="2025-09-12T00:12:35.6474130-04:00" endTime="2025-09-12T00:12:35.6476393-04:00" testType="13cdc9d9-ddb5-4fa4-a97d-d965ccfc6d4b" outcome="Passed" testListId="8c84fa94-04c1-424b-9868-57a2d4851a1d" relativeResultsDirectory="e29fd063-b04f-4245-b72e-85e479ee7d57" />
  </Results>
  <TestDefinitions>
    <UnitTest name="validate_happyHourOnColdDrink_returnsNoDiscount" storage="d:\programming\school\03\software-quality-i-testing-tools-and-methodologies\asn1\coffeeorder.tests\bin\debug\net8.0\coffeeorder.tests.dll" id="606ef3a1-3997-4db2-0085-4bcb828b7299">
      <Execution id="1e98dfca-112f-4a04-b6a6-2f12b9015b32" />
      <TestMethod codeBase="D:\Programming\School\03\Software-Quality-I-Testing-Tools-and-Methodologies\ASN1\CoffeeOrder.Tests\bin\Debug\net8.0\CoffeeOrder.Tests.dll" adapterTypeName="executor://mstestadapter/v2" className="CoffeeOrder.Tests.PromotionHelperTests" name="validate_happyHourOnColdDrink_returnsNoDiscount" />
    </UnitTest>
    <UnitTest name="validate_getTempString_returnString" storage="d:\programming\school\03\software-quality-i-testing-tools-and-methodologies\asn1\coffeeorder.tests\bin\debug\net8.0\coffeeorder.tests.dll" id="bcf43e7e-deda-420e-d5c5-4930529f323a">
      <Execution id="995de413-370b-4792-ba63-862698df20c8" />
      <TestMethod codeBase="D:\Programming\School\03\Software-Quality-I-Testing-Tools-and-Methodologies\ASN1\CoffeeOrder.Tests\bin\Debug\net8.0\CoffeeOrder.Tests.dll" adapterTypeName="executor://mstestadapter/v2" className="CoffeeOrder.Tests.BeverageTests" name="validate_getTempString_returnString" />
    </UnitTest>
    <UnitTest name="validate_roundValueToNickle_returnsDecimal" storage="d:\programming\school\03\software-quality-i-testing-tools-and-methodologies\asn1\coffeeorder.tests\bin\debug\net8.0\coffeeorder.tests.dll" id="1c6110d1-3e41-4d5c-377b-c77d31945bb1">
      <Execution id="966c4322-11c2-4f9d-8b86-460734e74fb4" />
      <TestMethod codeBase="D:\Programming\School\03\Software-Quality-I-Testing-Tools-and-Methodologies\ASN1\CoffeeOrder.Tests\bin\Debug\net8.0\CoffeeOrder.Tests.dll" adapterTypeName="executor://mstestadapter/v2" className="CoffeeOrder.Tests.PriceCalculatorTests" name="validate_roundValueToNickle_returnsDecimal" />
    </UnitTest>
    <UnitTest name="check_decaf_returnsFalse" storage="d:\programming\school\03\software-quality-i-testing-tools-and-methodologies\asn1\coffeeorder.tests\bin\debug\net8.0\coffeeorder.tests.dll" id="a2fdabb8-6c71-faeb-d05b-e20b9f69e43c">
      <Execution id="aee64e6c-3667-4559-8624-7570de0362b8" />
      <TestMethod codeBase="D:\Programming\School\03\Software-Quality-I-Testing-Tools-and-Methodologies\ASN1\CoffeeOrder.Tests\bin\Debug\net8.0\CoffeeOrder.Tests.dll" adapterTypeName="executor://mstestadapter/v2" className="CoffeeOrder.Tests.BeverageClassifierTests" name="check_decaf_returnsFalse" />
    </UnitTest>
    <UnitTest name="check_VeryHotKidFriendly_returnsFalse" storage="d:\programming\school\03\software-quality-i-testing-tools-and-methodologies\asn1\coffeeorder.tests\bin\debug\net8.0\coffeeorder.tests.dll" id="7b48ba01-5945-d7ac-ebab-80cc260f0d4a">
      <Execution id="3d9a40d2-b1f6-49c9-8c0e-f1c26b0b5f16" />
      <TestMethod codeBase="D:\Programming\School\03\Software-Quality-I-Testing-Tools-and-Methodologies\ASN1\CoffeeOrder.Tests\bin\Debug\net8.0\CoffeeOrder.Tests.dll" adapterTypeName="executor://mstestadapter/v2" className="CoffeeOrder.Tests.BeverageClassifierTests" name="check_VeryHotKidFriendly_returnsFalse" />
    </UnitTest>
    <UnitTest name="validate_addDiscount_returnDiscountOBJ" storage="d:\programming\school\03\software-quality-i-testing-tools-and-methodologies\asn1\coffeeorder.tests\bin\debug\net8.0\coffeeorder.tests.dll" id="1a882987-184d-9b4b-13c4-9582d56028c1">
      <Execution id="3e0799b4-7c94-4a5e-9f82-cf624a778598" />
      <TestMethod codeBase="D:\Programming\School\03\Software-Quality-I-Testing-Tools-and-Methodologies\ASN1\CoffeeOrder.Tests\bin\Debug\net8.0\CoffeeOrder.Tests.dll" adapterTypeName="executor://mstestadapter/v2" className="CoffeeOrder.Tests.OrderTests" name="validate_addDiscount_returnDiscountOBJ" />
    </UnitTest>
    <UnitTest name="validate_bogoOnCheaperDrink_returnsDiscount" storage="d:\programming\school\03\software-quality-i-testing-tools-and-methodologies\asn1\coffeeorder.tests\bin\debug\net8.0\coffeeorder.tests.dll" id="76f28a51-6c6e-f112-dcba-bb316d5f2b0d">
      <Execution id="7216c1fc-6a9a-477e-bd0b-09a017773b6d" />
      <TestMethod codeBase="D:\Programming\School\03\Software-Quality-I-Testing-Tools-and-Methodologies\ASN1\CoffeeOrder.Tests\bin\Debug\net8.0\CoffeeOrder.Tests.dll" adapterTypeName="executor://mstestadapter/v2" className="CoffeeOrder.Tests.PromotionHelperTests" name="validate_bogoOnCheaperDrink_returnsDiscount" />
    </UnitTest>
    <UnitTest name="validate_subTotalsValid_returnsTrue" storage="d:\programming\school\03\software-quality-i-testing-tools-and-methodologies\asn1\coffeeorder.tests\bin\debug\net8.0\coffeeorder.tests.dll" id="3313cf34-71ee-c09c-02d6-9c1d00a654d2">
      <Execution id="c2aecdcc-48aa-4c8f-84a9-d2ff7e913097" />
      <TestMethod codeBase="D:\Programming\School\03\Software-Quality-I-Testing-Tools-and-Methodologies\ASN1\CoffeeOrder.Tests\bin\Debug\net8.0\CoffeeOrder.Tests.dll" adapterTypeName="executor://mstestadapter/v2" className="CoffeeOrder.Tests.ReceiptFormatterTests" name="validate_subTotalsValid_returnsTrue" />
    </UnitTest>
    <UnitTest name="validate_totalsValid_returnsTrue" storage="d:\programming\school\03\software-quality-i-testing-tools-and-methodologies\asn1\coffeeorder.tests\bin\debug\net8.0\coffeeorder.tests.dll" id="15ac5632-9dc1-3615-440a-47451ec30d55">
      <Execution id="76600058-71f6-49a6-b407-c2b5ccbf1194" />
      <TestMethod codeBase="D:\Programming\School\03\Software-Quality-I-Testing-Tools-and-Methodologies\ASN1\CoffeeOrder.Tests\bin\Debug\net8.0\CoffeeOrder.Tests.dll" adapterTypeName="executor://mstestadapter/v2" className="CoffeeOrder.Tests.ReceiptFormatterTests" name="validate_totalsValid_returnsTrue" />
    </UnitTest>
    <UnitTest name="invalid_minimumShots_returnsFailureFlag" storage="d:\programming\school\03\software-quality-i-testing-tools-and-methodologies\asn1\coffeeorder.tests\bin\debug\net8.0\coffeeorder.tests.dll" id="36010a2c-850b-174f-54b5-80641612d7ab">
      <Execution id="3d6939b6-be46-400e-93e0-e6cebdc000f3" />
      <TestMethod codeBase="D:\Programming\School\03\Software-Quality-I-Testing-Tools-and-Methodologies\ASN1\CoffeeOrder.Tests\bin\Debug\net8.0\CoffeeOrder.Tests.dll" adapterTypeName="executor://mstestadapter/v2" className="CoffeeOrder.Tests.BeverageTests" name="invalid_minimumShots_returnsFailureFlag" />
    </UnitTest>
    <UnitTest name="errorCheck_milkNoneShotsMoreThan0_returnsTrue" storage="d:\programming\school\03\software-quality-i-testing-tools-and-methodologies\asn1\coffeeorder.tests\bin\debug\net8.0\coffeeorder.tests.dll" id="c80102e6-670b-1527-6f18-0068aba9f673">
      <Execution id="53157b24-5366-4043-b5e2-3666eda7cd0e" />
      <TestMethod codeBase="D:\Programming\School\03\Software-Quality-I-Testing-Tools-and-Methodologies\ASN1\CoffeeOrder.Tests\bin\Debug\net8.0\CoffeeOrder.Tests.dll" adapterTypeName="executor://mstestadapter/v2" className="CoffeeOrder.Tests.OrderValidatorTests" name="errorCheck_milkNoneShotsMoreThan0_returnsTrue" />
    </UnitTest>
    <UnitTest name="validate_selectsBOGOWhenBetterDeal_returnsBOGODiscount" storage="d:\programming\school\03\software-quality-i-testing-tools-and-methodologies\asn1\coffeeorder.tests\bin\debug\net8.0\coffeeorder.tests.dll" id="65fec8e7-95d7-1798-3572-31a04b19530c">
      <Execution id="1759acc0-768e-4dde-b659-a6bfb64585f6" />
      <TestMethod codeBase="D:\Programming\School\03\Software-Quality-I-Testing-Tools-and-Methodologies\ASN1\CoffeeOrder.Tests\bin\Debug\net8.0\CoffeeOrder.Tests.dll" adapterTypeName="executor://mstestadapter/v2" className="CoffeeOrder.Tests.PromotionHelperTests" name="validate_selectsBOGOWhenBetterDeal_returnsBOGODiscount" />
    </UnitTest>
    <UnitTest name="validate_isDecafIncluded_returnsTrue" storage="d:\programming\school\03\software-quality-i-testing-tools-and-methodologies\asn1\coffeeorder.tests\bin\debug\net8.0\coffeeorder.tests.dll" id="349befe2-6334-bdb7-8beb-47af4b2fc182">
      <Execution id="047c4f98-b26b-42ea-87a2-b6f5af514be7" />
      <TestMethod codeBase="D:\Programming\School\03\Software-Quality-I-Testing-Tools-and-Methodologies\ASN1\CoffeeOrder.Tests\bin\Debug\net8.0\CoffeeOrder.Tests.dll" adapterTypeName="executor://mstestadapter/v2" className="CoffeeOrder.Tests.ReceiptFormatterTests" name="validate_isDecafIncluded_returnsTrue" />
    </UnitTest>
    <UnitTest name="errorCheck_oneStringListNull_returnsStringList" storage="d:\programming\school\03\software-quality-i-testing-tools-and-methodologies\asn1\coffeeorder.tests\bin\debug\net8.0\coffeeorder.tests.dll" id="6dd57b3a-8c69-15a5-c750-a55449d280f1">
      <Execution id="1c9f5a01-c212-4c3d-bfee-7828e90e2903" />
      <TestMethod codeBase="D:\Programming\School\03\Software-Quality-I-Testing-Tools-and-Methodologies\ASN1\CoffeeOrder.Tests\bin\Debug\net8.0\CoffeeOrder.Tests.dll" adapterTypeName="executor://mstestadapter/v2" className="CoffeeOrder.Tests.utilTESTS" name="errorCheck_oneStringListNull_returnsStringList" />
    </UnitTest>
    <UnitTest name="errorCheck_baseDrinkNotPresent_returnsTrue" storage="d:\programming\school\03\software-quality-i-testing-tools-and-methodologies\asn1\coffeeorder.tests\bin\debug\net8.0\coffeeorder.tests.dll" id="390679b4-c47c-97a6-8411-4aecfef0859d">
      <Execution id="6ce941d0-627e-41e6-af9a-8474e22b947f" />
      <TestMethod codeBase="D:\Programming\School\03\Software-Quality-I-Testing-Tools-and-Methodologies\ASN1\CoffeeOrder.Tests\bin\Debug\net8.0\CoffeeOrder.Tests.dll" adapterTypeName="executor://mstestadapter/v2" className="CoffeeOrder.Tests.OrderValidatorTests" name="errorCheck_baseDrinkNotPresent_returnsTrue" />
    </UnitTest>
    <UnitTest name="validate_addBeverage_returnList" storage="d:\programming\school\03\software-quality-i-testing-tools-and-methodologies\asn1\coffeeorder.tests\bin\debug\net8.0\coffeeorder.tests.dll" id="ec476349-50aa-b34b-91c9-d9dae68ad857">
      <Execution id="90acdfbc-d169-4d29-94c6-69c86e258ae4" />
      <TestMethod codeBase="D:\Programming\School\03\Software-Quality-I-Testing-Tools-and-Methodologies\ASN1\CoffeeOrder.Tests\bin\Debug\net8.0\CoffeeOrder.Tests.dll" adapterTypeName="executor://mstestadapter/v2" className="CoffeeOrder.Tests.OrderTests" name="validate_addBeverage_returnList" />
    </UnitTest>
    <UnitTest name="check_lessThanVeryHotOrEspressoKidFriendly_returnsTrue" storage="d:\programming\school\03\software-quality-i-testing-tools-and-methodologies\asn1\coffeeorder.tests\bin\debug\net8.0\coffeeorder.tests.dll" id="0755c290-2d7a-da8f-474d-5a7613517775">
      <Execution id="e1738959-a8ba-4b65-8244-6617c44e6cae" />
      <TestMethod codeBase="D:\Programming\School\03\Software-Quality-I-Testing-Tools-and-Methodologies\ASN1\CoffeeOrder.Tests\bin\Debug\net8.0\CoffeeOrder.Tests.dll" adapterTypeName="executor://mstestadapter/v2" className="CoffeeOrder.Tests.BeverageClassifierTests" name="check_lessThanVeryHotOrEspressoKidFriendly_returnsTrue" />
    </UnitTest>
    <UnitTest name="validate_discountsValid_returnsTrue" storage="d:\programming\school\03\software-quality-i-testing-tools-and-methodologies\asn1\coffeeorder.tests\bin\debug\net8.0\coffeeorder.tests.dll" id="a53b57bb-21f7-01e1-c028-aea17045935c">
      <Execution id="b7f189e7-3ec0-4fcf-8bce-18d2f2576baa" />
      <TestMethod codeBase="D:\Programming\School\03\Software-Quality-I-Testing-Tools-and-Methodologies\ASN1\CoffeeOrder.Tests\bin\Debug\net8.0\CoffeeOrder.Tests.dll" adapterTypeName="executor://mstestadapter/v2" className="CoffeeOrder.Tests.ReceiptFormatterTests" name="validate_discountsValid_returnsTrue" />
    </UnitTest>
    <UnitTest name="check_EspressoKidFriendly_returnsFalse" storage="d:\programming\school\03\software-quality-i-testing-tools-and-methodologies\asn1\coffeeorder.tests\bin\debug\net8.0\coffeeorder.tests.dll" id="01744df6-beda-edad-8b22-dde861449816">
      <Execution id="c234c83f-8144-41e9-9cc6-046a2c7bc250" />
      <TestMethod codeBase="D:\Programming\School\03\Software-Quality-I-Testing-Tools-and-Methodologies\ASN1\CoffeeOrder.Tests\bin\Debug\net8.0\CoffeeOrder.Tests.dll" adapterTypeName="executor://mstestadapter/v2" className="CoffeeOrder.Tests.BeverageClassifierTests" name="check_EspressoKidFriendly_returnsFalse" />
    </UnitTest>
    <UnitTest name="invalid_milkOption_returnsFailureFlag" storage="d:\programming\school\03\software-quality-i-testing-tools-and-methodologies\asn1\coffeeorder.tests\bin\debug\net8.0\coffeeorder.tests.dll" id="96b958e7-8f0d-ca71-c658-be341d7792c1">
      <Execution id="27ec4402-6bda-46a7-891e-d99be8d48615" />
      <TestMethod codeBase="D:\Programming\School\03\Software-Quality-I-Testing-Tools-and-Methodologies\ASN1\CoffeeOrder.Tests\bin\Debug\net8.0\CoffeeOrder.Tests.dll" adapterTypeName="executor://mstestadapter/v2" className="CoffeeOrder.Tests.BeverageTests" name="invalid_milkOption_returnsFailureFlag" />
    </UnitTest>
    <UnitTest name="validate_addDate_returnString" storage="d:\programming\school\03\software-quality-i-testing-tools-and-methodologies\asn1\coffeeorder.tests\bin\debug\net8.0\coffeeorder.tests.dll" id="b6208d68-0f12-103a-f1ed-6bd8e0d86462">
      <Execution id="61eb972e-cb78-4917-b341-6cb4ea835c69" />
      <TestMethod codeBase="D:\Programming\School\03\Software-Quality-I-Testing-Tools-and-Methodologies\ASN1\CoffeeOrder.Tests\bin\Debug\net8.0\CoffeeOrder.Tests.dll" adapterTypeName="executor://mstestadapter/v2" className="CoffeeOrder.Tests.OrderTests" name="validate_addDate_returnString" />
    </UnitTest>
    <UnitTest name="invalid_maxSyrups_returnsFailureFlag" storage="d:\programming\school\03\software-quality-i-testing-tools-and-methodologies\asn1\coffeeorder.tests\bin\debug\net8.0\coffeeorder.tests.dll" id="b2e73580-fd80-1e2e-5c34-05f7ff670fb0">
      <Execution id="1a734287-73fb-4117-9913-553e6bd7609d" />
      <TestMethod codeBase="D:\Programming\School\03\Software-Quality-I-Testing-Tools-and-Methodologies\ASN1\CoffeeOrder.Tests\bin\Debug\net8.0\CoffeeOrder.Tests.dll" adapterTypeName="executor://mstestadapter/v2" className="CoffeeOrder.Tests.BeverageTests" name="invalid_maxSyrups_returnsFailureFlag" />
    </UnitTest>
    <UnitTest name="validate_milkValid_returnsFalse" storage="d:\programming\school\03\software-quality-i-testing-tools-and-methodologies\asn1\coffeeorder.tests\bin\debug\net8.0\coffeeorder.tests.dll" id="ab321578-5fae-6152-9e60-b19e9102f5a7">
      <Execution id="4627bce8-2087-45a1-8d74-d1a8703800b4" />
      <TestMethod codeBase="D:\Programming\School\03\Software-Quality-I-Testing-Tools-and-Methodologies\ASN1\CoffeeOrder.Tests\bin\Debug\net8.0\CoffeeOrder.Tests.dll" adapterTypeName="executor://mstestadapter/v2" className="CoffeeOrder.Tests.OrderValidatorTests" name="validate_milkValid_returnsFalse" />
    </UnitTest>
    <UnitTest name="validate_happyHourOnVeryHotDrink_returnsDiscount" storage="d:\programming\school\03\software-quality-i-testing-tools-and-methodologies\asn1\coffeeorder.tests\bin\debug\net8.0\coffeeorder.tests.dll" id="e739f344-c1cc-8572-8980-befca5b7bdcc">
      <Execution id="ccc25834-38b4-4939-87ac-3c8599671aa0" />
      <TestMethod codeBase="D:\Programming\School\03\Software-Quality-I-Testing-Tools-and-Methodologies\ASN1\CoffeeOrder.Tests\bin\Debug\net8.0\CoffeeOrder.Tests.dll" adapterTypeName="executor://mstestadapter/v2" className="CoffeeOrder.Tests.PromotionHelperTests" name="validate_happyHourOnVeryHotDrink_returnsDiscount" />
    </UnitTest>
    <UnitTest name="validate_toppingsValid_returnsFalse" storage="d:\programming\school\03\software-quality-i-testing-tools-and-methodologies\asn1\coffeeorder.tests\bin\debug\net8.0\coffeeorder.tests.dll" id="a1294d06-7eb4-9936-43a9-e6dc65d4cf9c">
      <Execution id="a7fe2f03-51c2-4b0f-b04e-fdcd3f4a5546" />
      <TestMethod codeBase="D:\Programming\School\03\Software-Quality-I-Testing-Tools-and-Methodologies\ASN1\CoffeeOrder.Tests\bin\Debug\net8.0\CoffeeOrder.Tests.dll" adapterTypeName="executor://mstestadapter/v2" className="CoffeeOrder.Tests.OrderValidatorTests" name="validate_toppingsValid_returnsFalse" />
    </UnitTest>
    <UnitTest name="invalid_temp_returnsFailureflag" storage="d:\programming\school\03\software-quality-i-testing-tools-and-methodologies\asn1\coffeeorder.tests\bin\debug\net8.0\coffeeorder.tests.dll" id="d4e3120b-08d4-c80d-778e-bdae34940869">
      <Execution id="df7f1c43-e42b-414e-a836-e08cb2aa4d2f" />
      <TestMethod codeBase="D:\Programming\School\03\Software-Quality-I-Testing-Tools-and-Methodologies\ASN1\CoffeeOrder.Tests\bin\Debug\net8.0\CoffeeOrder.Tests.dll" adapterTypeName="executor://mstestadapter/v2" className="CoffeeOrder.Tests.BeverageTests" name="invalid_temp_returnsFailureflag" />
    </UnitTest>
    <UnitTest name="validate_OrderPriceCalculationWithDiscount_returnsDecimal" storage="d:\programming\school\03\software-quality-i-testing-tools-and-methodologies\asn1\coffeeorder.tests\bin\debug\net8.0\coffeeorder.tests.dll" id="f0339a23-4439-35e7-eed6-e862427f24bc">
      <Execution id="f10dacc8-b8d9-488f-838e-bf34881db904" />
      <TestMethod codeBase="D:\Programming\School\03\Software-Quality-I-Testing-Tools-and-Methodologies\ASN1\CoffeeOrder.Tests\bin\Debug\net8.0\CoffeeOrder.Tests.dll" adapterTypeName="executor://mstestadapter/v2" className="CoffeeOrder.Tests.PriceCalculatorTests" name="validate_OrderPriceCalculationWithDiscount_returnsDecimal" />
    </UnitTest>
    <UnitTest name="validate_warningsValid_returnsTrue" storage="d:\programming\school\03\software-quality-i-testing-tools-and-methodologies\asn1\coffeeorder.tests\bin\debug\net8.0\coffeeorder.tests.dll" id="2fb89158-ea33-9e6d-d44e-b51cc81d8f42">
      <Execution id="768da668-aa9e-4c26-9767-c96fa9190b75" />
      <TestMethod codeBase="D:\Programming\School\03\Software-Quality-I-Testing-Tools-and-Methodologies\ASN1\CoffeeOrder.Tests\bin\Debug\net8.0\CoffeeOrder.Tests.dll" adapterTypeName="executor://mstestadapter/v2" className="CoffeeOrder.Tests.ReceiptFormatterTests" name="validate_warningsValid_returnsTrue" />
    </UnitTest>
    <UnitTest name="validate_getSizeString_returnsString" storage="d:\programming\school\03\software-quality-i-testing-tools-and-methodologies\asn1\coffeeorder.tests\bin\debug\net8.0\coffeeorder.tests.dll" id="88b2a1ce-4620-8046-545c-a65300dfd894">
      <Execution id="f19679cb-a02c-4b9d-8f49-60ffbce2a119" />
      <TestMethod codeBase="D:\Programming\School\03\Software-Quality-I-Testing-Tools-and-Methodologies\ASN1\CoffeeOrder.Tests\bin\Debug\net8.0\CoffeeOrder.Tests.dll" adapterTypeName="executor://mstestadapter/v2" className="CoffeeOrder.Tests.BeverageTests" name="validate_getSizeString_returnsString" />
    </UnitTest>
    <UnitTest name="errorCheck_shotsAboveMaximum_returnsTrue" storage="d:\programming\school\03\software-quality-i-testing-tools-and-methodologies\asn1\coffeeorder.tests\bin\debug\net8.0\coffeeorder.tests.dll" id="1ffcd684-6212-bd4c-0e17-9ea4fac907d1">
      <Execution id="6212cf5a-3cc9-445c-9ee5-fd651c37d3c4" />
      <TestMethod codeBase="D:\Programming\School\03\Software-Quality-I-Testing-Tools-and-Methodologies\ASN1\CoffeeOrder.Tests\bin\Debug\net8.0\CoffeeOrder.Tests.dll" adapterTypeName="executor://mstestadapter/v2" className="CoffeeOrder.Tests.OrderValidatorTests" name="errorCheck_shotsAboveMaximum_returnsTrue" />
    </UnitTest>
    <UnitTest name="validate_nameIncluded_returnsTrue" storage="d:\programming\school\03\software-quality-i-testing-tools-and-methodologies\asn1\coffeeorder.tests\bin\debug\net8.0\coffeeorder.tests.dll" id="a22668dd-3ae2-d772-9f10-70f4339f5d81">
      <Execution id="174e58fe-0a0d-43c7-b627-03c95b00fb7f" />
      <TestMethod codeBase="D:\Programming\School\03\Software-Quality-I-Testing-Tools-and-Methodologies\ASN1\CoffeeOrder.Tests\bin\Debug\net8.0\CoffeeOrder.Tests.dll" adapterTypeName="executor://mstestadapter/v2" className="CoffeeOrder.Tests.ReceiptFormatterTests" name="validate_nameIncluded_returnsTrue" />
    </UnitTest>
    <UnitTest name="validate_syrupsNotPresent_returnsFalse" storage="d:\programming\school\03\software-quality-i-testing-tools-and-methodologies\asn1\coffeeorder.tests\bin\debug\net8.0\coffeeorder.tests.dll" id="6aa4eab6-3d85-abf2-6b59-2abc3ef9b765">
      <Execution id="b365f9a9-2e9f-41fc-9299-52407125f797" />
      <TestMethod codeBase="D:\Programming\School\03\Software-Quality-I-Testing-Tools-and-Methodologies\ASN1\CoffeeOrder.Tests\bin\Debug\net8.0\CoffeeOrder.Tests.dll" adapterTypeName="executor://mstestadapter/v2" className="CoffeeOrder.Tests.OrderValidatorTests" name="validate_syrupsNotPresent_returnsFalse" />
    </UnitTest>
    <UnitTest name="validate_lineItemsValid_returnTrue" storage="d:\programming\school\03\software-quality-i-testing-tools-and-methodologies\asn1\coffeeorder.tests\bin\debug\net8.0\coffeeorder.tests.dll" id="3e9d5650-9907-ea94-dd28-1d726631d370">
      <Execution id="5d09379f-d031-44d4-88ac-43d63b5c1472" />
      <TestMethod codeBase="D:\Programming\School\03\Software-Quality-I-Testing-Tools-and-Methodologies\ASN1\CoffeeOrder.Tests\bin\Debug\net8.0\CoffeeOrder.Tests.dll" adapterTypeName="executor://mstestadapter/v2" className="CoffeeOrder.Tests.ReceiptFormatterTests" name="validate_lineItemsValid_returnTrue" />
    </UnitTest>
    <UnitTest name="validate_selectsHappyHourWhenBetterDeal_returnsHappyHourDiscount" storage="d:\programming\school\03\software-quality-i-testing-tools-and-methodologies\asn1\coffeeorder.tests\bin\debug\net8.0\coffeeorder.tests.dll" id="adc9a5d9-e39c-d2b1-eb70-979d26d63e37">
      <Execution id="8bec6183-7a78-4fd6-897f-76db0bf226eb" />
      <TestMethod codeBase="D:\Programming\School\03\Software-Quality-I-Testing-Tools-and-Methodologies\ASN1\CoffeeOrder.Tests\bin\Debug\net8.0\CoffeeOrder.Tests.dll" adapterTypeName="executor://mstestadapter/v2" className="CoffeeOrder.Tests.PromotionHelperTests" name="validate_selectsHappyHourWhenBetterDeal_returnsHappyHourDiscount" />
    </UnitTest>
    <UnitTest name="check_plantMilkAllegenFlag_returnsList" storage="d:\programming\school\03\software-quality-i-testing-tools-and-methodologies\asn1\coffeeorder.tests\bin\debug\net8.0\coffeeorder.tests.dll" id="8cde6510-60ec-3359-52b7-be0d7e4fe308">
      <Execution id="f8aada3e-12d0-4505-b4ef-24fc89d6513b" />
      <TestMethod codeBase="D:\Programming\School\03\Software-Quality-I-Testing-Tools-and-Methodologies\ASN1\CoffeeOrder.Tests\bin\Debug\net8.0\CoffeeOrder.Tests.dll" adapterTypeName="executor://mstestadapter/v2" className="CoffeeOrder.Tests.BeverageClassifierTests" name="check_plantMilkAllegenFlag_returnsList" />
    </UnitTest>
    <UnitTest name="validate_milkNotValid_returnsTrue" storage="d:\programming\school\03\software-quality-i-testing-tools-and-methodologies\asn1\coffeeorder.tests\bin\debug\net8.0\coffeeorder.tests.dll" id="a9a099fe-cea2-d000-34e0-09339dfe85db">
      <Execution id="045d014f-1ec9-4a21-a9a6-5432fb272a0c" />
      <TestMethod codeBase="D:\Programming\School\03\Software-Quality-I-Testing-Tools-and-Methodologies\ASN1\CoffeeOrder.Tests\bin\Debug\net8.0\CoffeeOrder.Tests.dll" adapterTypeName="executor://mstestadapter/v2" className="CoffeeOrder.Tests.OrderValidatorTests" name="validate_milkNotValid_returnsTrue" />
    </UnitTest>
    <UnitTest name="errorCheck_emptyListDedupe_returnsStringList" storage="d:\programming\school\03\software-quality-i-testing-tools-and-methodologies\asn1\coffeeorder.tests\bin\debug\net8.0\coffeeorder.tests.dll" id="a03437ff-13ac-0403-894a-f8a80581a194">
      <Execution id="67b7383b-92c8-499e-96d8-cab2ff16bf58" />
      <TestMethod codeBase="D:\Programming\School\03\Software-Quality-I-Testing-Tools-and-Methodologies\ASN1\CoffeeOrder.Tests\bin\Debug\net8.0\CoffeeOrder.Tests.dll" adapterTypeName="executor://mstestadapter/v2" className="CoffeeOrder.Tests.utilTESTS" name="errorCheck_emptyListDedupe_returnsStringList" />
    </UnitTest>
    <UnitTest name="errorCheck_emptyEnum_returnsString" storage="d:\programming\school\03\software-quality-i-testing-tools-and-methodologies\asn1\coffeeorder.tests\bin\debug\net8.0\coffeeorder.tests.dll" id="0ebb6e1f-31d3-354b-a0aa-51ab6c0d5337">
      <Execution id="8d6dfa4b-d9ca-42fe-a51a-31c78ae7bf81" />
      <TestMethod codeBase="D:\Programming\School\03\Software-Quality-I-Testing-Tools-and-Methodologies\ASN1\CoffeeOrder.Tests\bin\Debug\net8.0\CoffeeOrder.Tests.dll" adapterTypeName="executor://mstestadapter/v2" className="CoffeeOrder.Tests.utilTESTS" name="errorCheck_emptyEnum_returnsString" />
    </UnitTest>
    <UnitTest name="check_decaf_returnsTrue" storage="d:\programming\school\03\software-quality-i-testing-tools-and-methodologies\asn1\coffeeorder.tests\bin\debug\net8.0\coffeeorder.tests.dll" id="1f512e9b-311f-fc1b-3818-46cc7b30a98e">
      <Execution id="b1d58c92-d1f5-4a7b-bfd6-461874134600" />
      <TestMethod codeBase="D:\Programming\School\03\Software-Quality-I-Testing-Tools-and-Methodologies\ASN1\CoffeeOrder.Tests\bin\Debug\net8.0\CoffeeOrder.Tests.dll" adapterTypeName="executor://mstestadapter/v2" className="CoffeeOrder.Tests.BeverageClassifierTests" name="check_decaf_returnsTrue" />
    </UnitTest>
    <UnitTest name="validate_syrupsValid_returnsFalse" storage="d:\programming\school\03\software-quality-i-testing-tools-and-methodologies\asn1\coffeeorder.tests\bin\debug\net8.0\coffeeorder.tests.dll" id="6290c944-d86a-fa9e-aff6-fb0747057ff5">
      <Execution id="aca18d43-70ea-4212-97f6-df9c4bdf608a" />
      <TestMethod codeBase="D:\Programming\School\03\Software-Quality-I-Testing-Tools-and-Methodologies\ASN1\CoffeeOrder.Tests\bin\Debug\net8.0\CoffeeOrder.Tests.dll" adapterTypeName="executor://mstestadapter/v2" className="CoffeeOrder.Tests.OrderValidatorTests" name="validate_syrupsValid_returnsFalse" />
    </UnitTest>
    <UnitTest name="validate_isVeganIncluded_returnsTrue" storage="d:\programming\school\03\software-quality-i-testing-tools-and-methodologies\asn1\coffeeorder.tests\bin\debug\net8.0\coffeeorder.tests.dll" id="b126bb39-a729-03b9-3fe9-cbb1f98763e7">
      <Execution id="aa4fc7dd-0c21-428c-87b7-686d284ef6b7" />
      <TestMethod codeBase="D:\Programming\School\03\Software-Quality-I-Testing-Tools-and-Methodologies\ASN1\CoffeeOrder.Tests\bin\Debug\net8.0\CoffeeOrder.Tests.dll" adapterTypeName="executor://mstestadapter/v2" className="CoffeeOrder.Tests.ReceiptFormatterTests" name="validate_isVeganIncluded_returnsTrue" />
    </UnitTest>
    <UnitTest name="valid_enums_returnsCloset" storage="d:\programming\school\03\software-quality-i-testing-tools-and-methodologies\asn1\coffeeorder.tests\bin\debug\net8.0\coffeeorder.tests.dll" id="ad68016f-2397-a5b2-ddb5-873ba2e96ea0">
      <Execution id="80b860c2-72e8-4a0a-bb51-102ec996f1d6" />
      <TestMethod codeBase="D:\Programming\School\03\Software-Quality-I-Testing-Tools-and-Methodologies\ASN1\CoffeeOrder.Tests\bin\Debug\net8.0\CoffeeOrder.Tests.dll" adapterTypeName="executor://mstestadapter/v2" className="CoffeeOrder.Tests.utilTESTS" name="valid_enums_returnsCloset" />
    </UnitTest>
    <UnitTest name="invalid_toppingsOption_returnsFailureFlag" storage="d:\programming\school\03\software-quality-i-testing-tools-and-methodologies\asn1\coffeeorder.tests\bin\debug\net8.0\coffeeorder.tests.dll" id="73cf283a-78ec-961f-48df-fbc7e3516eb5">
      <Execution id="bb3a1dcc-de89-48e4-b714-2b0b7cfb7b78" />
      <TestMethod codeBase="D:\Programming\School\03\Software-Quality-I-Testing-Tools-and-Methodologies\ASN1\CoffeeOrder.Tests\bin\Debug\net8.0\CoffeeOrder.Tests.dll" adapterTypeName="executor://mstestadapter/v2" className="CoffeeOrder.Tests.BeverageTests" name="invalid_toppingsOption_returnsFailureFlag" />
    </UnitTest>
    <UnitTest name="validate_toppingsNotValid_returnsTrue" storage="d:\programming\school\03\software-quality-i-testing-tools-and-methodologies\asn1\coffeeorder.tests\bin\debug\net8.0\coffeeorder.tests.dll" id="8fa8cb8a-b2fb-0012-f716-122e7992943f">
      <Execution id="5bc00de7-1b73-4a49-be45-a4bd9a6253a6" />
      <TestMethod codeBase="D:\Programming\School\03\Software-Quality-I-Testing-Tools-and-Methodologies\ASN1\CoffeeOrder.Tests\bin\Debug\net8.0\CoffeeOrder.Tests.dll" adapterTypeName="executor://mstestadapter/v2" className="CoffeeOrder.Tests.OrderValidatorTests" name="validate_toppingsNotValid_returnsTrue" />
    </UnitTest>
    <UnitTest name="check_plantMilkAllegenFlag_returnsEmptyList" storage="d:\programming\school\03\software-quality-i-testing-tools-and-methodologies\asn1\coffeeorder.tests\bin\debug\net8.0\coffeeorder.tests.dll" id="1f1c733d-46a1-51a1-40bc-fc63e95fbd4a">
      <Execution id="e58647b2-ed7c-4e28-972e-37bbeabf4072" />
      <TestMethod codeBase="D:\Programming\School\03\Software-Quality-I-Testing-Tools-and-Methodologies\ASN1\CoffeeOrder.Tests\bin\Debug\net8.0\CoffeeOrder.Tests.dll" adapterTypeName="executor://mstestadapter/v2" className="CoffeeOrder.Tests.BeverageClassifierTests" name="check_plantMilkAllegenFlag_returnsEmptyList" />
    </UnitTest>
    <UnitTest name="validate_syrupsNotValid_returnsTrue" storage="d:\programming\school\03\software-quality-i-testing-tools-and-methodologies\asn1\coffeeorder.tests\bin\debug\net8.0\coffeeorder.tests.dll" id="a43d519d-2109-109a-b451-69921fbbcf5f">
      <Execution id="25c98b0c-b201-4e74-a902-6bee23d3827a" />
      <TestMethod codeBase="D:\Programming\School\03\Software-Quality-I-Testing-Tools-and-Methodologies\ASN1\CoffeeOrder.Tests\bin\Debug\net8.0\CoffeeOrder.Tests.dll" adapterTypeName="executor://mstestadapter/v2" className="CoffeeOrder.Tests.OrderValidatorTests" name="validate_syrupsNotValid_returnsTrue" />
    </UnitTest>
    <UnitTest name="invalid_beverageList_returnsDecimal" storage="d:\programming\school\03\software-quality-i-testing-tools-and-methodologies\asn1\coffeeorder.tests\bin\debug\net8.0\coffeeorder.tests.dll" id="d7f2bd3b-8ae5-052d-9eed-b32d1161442f">
      <Execution id="17b26f24-39cb-4a07-a00b-7b0586849eb6" />
      <TestMethod codeBase="D:\Programming\School\03\Software-Quality-I-Testing-Tools-and-Methodologies\ASN1\CoffeeOrder.Tests\bin\Debug\net8.0\CoffeeOrder.Tests.dll" adapterTypeName="executor://mstestadapter/v2" className="CoffeeOrder.Tests.PriceCalculatorTests" name="invalid_beverageList_returnsDecimal" />
    </UnitTest>
    <UnitTest name="validate_priceAccuracyCheck_returnsDecimal" storage="d:\programming\school\03\software-quality-i-testing-tools-and-methodologies\asn1\coffeeorder.tests\bin\debug\net8.0\coffeeorder.tests.dll" id="0ce33c1c-508e-938f-348f-d3424a2d1dff">
      <Execution id="f420b6c9-c9ee-4dd6-ba13-aed73c68bdd4" />
      <TestMethod codeBase="D:\Programming\School\03\Software-Quality-I-Testing-Tools-and-Methodologies\ASN1\CoffeeOrder.Tests\bin\Debug\net8.0\CoffeeOrder.Tests.dll" adapterTypeName="executor://mstestadapter/v2" className="CoffeeOrder.Tests.PriceCalculatorTests" name="validate_priceAccuracyCheck_returnsDecimal" />
    </UnitTest>
    <UnitTest name="check_vegan_returnsTrue" storage="d:\programming\school\03\software-quality-i-testing-tools-and-methodologies\asn1\coffeeorder.tests\bin\debug\net8.0\coffeeorder.tests.dll" id="86c9001e-ba01-1836-ae0f-c054a0d569cd">
      <Execution id="4168aae4-c264-4bdf-ac8d-3355fca8a8f3" />
      <TestMethod codeBase="D:\Programming\School\03\Software-Quality-I-Testing-Tools-and-Methodologies\ASN1\CoffeeOrder.Tests\bin\Debug\net8.0\CoffeeOrder.Tests.dll" adapterTypeName="executor://mstestadapter/v2" className="CoffeeOrder.Tests.BeverageClassifierTests" name="check_vegan_returnsTrue" />
    </UnitTest>
    <UnitTest name="validate_isKidFriendlyIncluded_returnsTrue" storage="d:\programming\school\03\software-quality-i-testing-tools-and-methodologies\asn1\coffeeorder.tests\bin\debug\net8.0\coffeeorder.tests.dll" id="aa1edbe8-fa66-6029-34fb-eb6f51f0b00c">
      <Execution id="3b426223-fc49-43ce-b854-28fb6a1a3e96" />
      <TestMethod codeBase="D:\Programming\School\03\Software-Quality-I-Testing-Tools-and-Methodologies\ASN1\CoffeeOrder.Tests\bin\Debug\net8.0\CoffeeOrder.Tests.dll" adapterTypeName="executor://mstestadapter/v2" className="CoffeeOrder.Tests.ReceiptFormatterTests" name="validate_isKidFriendlyIncluded_returnsTrue" />
    </UnitTest>
    <UnitTest name="validate_addDiscountEmptyBeverages_returnDiscountOBJ" storage="d:\programming\school\03\software-quality-i-testing-tools-and-methodologies\asn1\coffeeorder.tests\bin\debug\net8.0\coffeeorder.tests.dll" id="c2b880c4-6aa3-a22e-c26b-92d66c839b56">
      <Execution id="447c69f9-ac16-4d51-8555-ace57b08f4a9" />
      <TestMethod codeBase="D:\Programming\School\03\Software-Quality-I-Testing-Tools-and-Methodologies\ASN1\CoffeeOrder.Tests\bin\Debug\net8.0\CoffeeOrder.Tests.dll" adapterTypeName="executor://mstestadapter/v2" className="CoffeeOrder.Tests.OrderTests" name="validate_addDiscountEmptyBeverages_returnDiscountOBJ" />
    </UnitTest>
    <UnitTest name="validate_roundValueToNickleRoundDown_returnsDecimal" storage="d:\programming\school\03\software-quality-i-testing-tools-and-methodologies\asn1\coffeeorder.tests\bin\debug\net8.0\coffeeorder.tests.dll" id="29a04268-c10a-2726-9088-840fd26aaeb7">
      <Execution id="f5428f7f-dbf1-4d1b-81bc-05e9fa72de0e" />
      <TestMethod codeBase="D:\Programming\School\03\Software-Quality-I-Testing-Tools-and-Methodologies\ASN1\CoffeeOrder.Tests\bin\Debug\net8.0\CoffeeOrder.Tests.dll" adapterTypeName="executor://mstestadapter/v2" className="CoffeeOrder.Tests.PriceCalculatorTests" name="validate_roundValueToNickleRoundDown_returnsDecimal" />
    </UnitTest>
    <UnitTest name="vlaidate_happyHourOnRoomTempDrink_returnsNoDiscount" storage="d:\programming\school\03\software-quality-i-testing-tools-and-methodologies\asn1\coffeeorder.tests\bin\debug\net8.0\coffeeorder.tests.dll" id="4e7e537f-273c-0576-b102-48f72bf5e3fc">
      <Execution id="5a008ced-8fba-4df1-8916-cc9c6b713689" />
      <TestMethod codeBase="D:\Programming\School\03\Software-Quality-I-Testing-Tools-and-Methodologies\ASN1\CoffeeOrder.Tests\bin\Debug\net8.0\CoffeeOrder.Tests.dll" adapterTypeName="executor://mstestadapter/v2" className="CoffeeOrder.Tests.PromotionHelperTests" name="vlaidate_happyHourOnRoomTempDrink_returnsNoDiscount" />
    </UnitTest>
    <UnitTest name="validate_validDOC_retunsTrue" storage="d:\programming\school\03\software-quality-i-testing-tools-and-methodologies\asn1\coffeeorder.tests\bin\debug\net8.0\coffeeorder.tests.dll" id="de98bbb0-3935-ebb3-d450-d98360f18e06">
      <Execution id="638e0a60-bd22-4a46-812b-8a4a4e33201c" />
      <TestMethod codeBase="D:\Programming\School\03\Software-Quality-I-Testing-Tools-and-Methodologies\ASN1\CoffeeOrder.Tests\bin\Debug\net8.0\CoffeeOrder.Tests.dll" adapterTypeName="executor://mstestadapter/v2" className="CoffeeOrder.Tests.ReceiptFormatterTests" name="validate_validDOC_retunsTrue" />
    </UnitTest>
    <UnitTest name="invalid_size_returnsFailureflag" storage="d:\programming\school\03\software-quality-i-testing-tools-and-methodologies\asn1\coffeeorder.tests\bin\debug\net8.0\coffeeorder.tests.dll" id="e56a46cd-6e7b-7362-63ca-10db6895a1ef">
      <Execution id="b0e34b91-4fbe-4b8c-9f36-950c322e38c4" />
      <TestMethod codeBase="D:\Programming\School\03\Software-Quality-I-Testing-Tools-and-Methodologies\ASN1\CoffeeOrder.Tests\bin\Debug\net8.0\CoffeeOrder.Tests.dll" adapterTypeName="executor://mstestadapter/v2" className="CoffeeOrder.Tests.BeverageTests" name="invalid_size_returnsFailureflag" />
    </UnitTest>
    <UnitTest name="validate_dedupeStringList_returnsStringList" storage="d:\programming\school\03\software-quality-i-testing-tools-and-methodologies\asn1\coffeeorder.tests\bin\debug\net8.0\coffeeorder.tests.dll" id="ff429328-86e1-bfe1-0aea-aa87ae3082f9">
      <Execution id="90fd166f-78dc-49e7-ba05-9f26032f62e8" />
      <TestMethod codeBase="D:\Programming\School\03\Software-Quality-I-Testing-Tools-and-Methodologies\ASN1\CoffeeOrder.Tests\bin\Debug\net8.0\CoffeeOrder.Tests.dll" adapterTypeName="executor://mstestadapter/v2" className="CoffeeOrder.Tests.utilTESTS" name="validate_dedupeStringList_returnsStringList" />
    </UnitTest>
    <UnitTest name="validate_happyHourOnVeryColdDrink_returnsNoDiscount" storage="d:\programming\school\03\software-quality-i-testing-tools-and-methodologies\asn1\coffeeorder.tests\bin\debug\net8.0\coffeeorder.tests.dll" id="39048f2d-7369-2ba0-4d0f-0a33eae532cc">
      <Execution id="b7a758a5-a070-4659-8beb-07fdac85d832" />
      <TestMethod codeBase="D:\Programming\School\03\Software-Quality-I-Testing-Tools-and-Methodologies\ASN1\CoffeeOrder.Tests\bin\Debug\net8.0\CoffeeOrder.Tests.dll" adapterTypeName="executor://mstestadapter/v2" className="CoffeeOrder.Tests.PromotionHelperTests" name="validate_happyHourOnVeryColdDrink_returnsNoDiscount" />
    </UnitTest>
    <UnitTest name="validate_toppingsNotPresent_returnsFalse" storage="d:\programming\school\03\software-quality-i-testing-tools-and-methodologies\asn1\coffeeorder.tests\bin\debug\net8.0\coffeeorder.tests.dll" id="81c3a416-88ce-0ce5-401b-48796f1bcebb">
      <Execution id="e29fd063-b04f-4245-b72e-85e479ee7d57" />
      <TestMethod codeBase="D:\Programming\School\03\Software-Quality-I-Testing-Tools-and-Methodologies\ASN1\CoffeeOrder.Tests\bin\Debug\net8.0\CoffeeOrder.Tests.dll" adapterTypeName="executor://mstestadapter/v2" className="CoffeeOrder.Tests.OrderValidatorTests" name="validate_toppingsNotPresent_returnsFalse" />
    </UnitTest>
    <UnitTest name="validate_addName_returnString" storage="d:\programming\school\03\software-quality-i-testing-tools-and-methodologies\asn1\coffeeorder.tests\bin\debug\net8.0\coffeeorder.tests.dll" id="cfa437dc-fb89-9caa-bc15-10ed2aac71f3">
      <Execution id="907380cc-47ab-406d-8bbf-2480c5bb43c7" />
      <TestMethod codeBase="D:\Programming\School\03\Software-Quality-I-Testing-Tools-and-Methodologies\ASN1\CoffeeOrder.Tests\bin\Debug\net8.0\CoffeeOrder.Tests.dll" adapterTypeName="executor://mstestadapter/v2" className="CoffeeOrder.Tests.OrderTests" name="validate_addName_returnString" />
    </UnitTest>
    <UnitTest name="valid_drink_returnsDrink" storage="d:\programming\school\03\software-quality-i-testing-tools-and-methodologies\asn1\coffeeorder.tests\bin\debug\net8.0\coffeeorder.tests.dll" id="91166a69-5c0c-0669-c2f4-fb5ab83f0226">
      <Execution id="d5a63407-c9b0-4124-be77-c7e70233a8f2" />
      <TestMethod codeBase="D:\Programming\School\03\Software-Quality-I-Testing-Tools-and-Methodologies\ASN1\CoffeeOrder.Tests\bin\Debug\net8.0\CoffeeOrder.Tests.dll" adapterTypeName="executor://mstestadapter/v2" className="CoffeeOrder.Tests.BeverageTests" name="valid_drink_returnsDrink" />
    </UnitTest>
    <UnitTest name="valid_twoStringLists_returnsStringList" storage="d:\programming\school\03\software-quality-i-testing-tools-and-methodologies\asn1\coffeeorder.tests\bin\debug\net8.0\coffeeorder.tests.dll" id="76518acd-d921-4ac8-099b-3cd2b190ab20">
      <Execution id="87bc2954-2920-4139-9815-496a29042daa" />
      <TestMethod codeBase="D:\Programming\School\03\Software-Quality-I-Testing-Tools-and-Methodologies\ASN1\CoffeeOrder.Tests\bin\Debug\net8.0\CoffeeOrder.Tests.dll" adapterTypeName="executor://mstestadapter/v2" className="CoffeeOrder.Tests.utilTESTS" name="valid_twoStringLists_returnsStringList" />
    </UnitTest>
    <UnitTest name="checkError_MaximumDrinkCountReached_returnError" storage="d:\programming\school\03\software-quality-i-testing-tools-and-methodologies\asn1\coffeeorder.tests\bin\debug\net8.0\coffeeorder.tests.dll" id="3636ac50-4684-ff80-ffbd-a0f946c7bf9f">
      <Execution id="ea24592b-6b78-448f-9cc9-a63681250cd4" />
      <TestMethod codeBase="D:\Programming\School\03\Software-Quality-I-Testing-Tools-and-Methodologies\ASN1\CoffeeOrder.Tests\bin\Debug\net8.0\CoffeeOrder.Tests.dll" adapterTypeName="executor://mstestadapter/v2" className="CoffeeOrder.Tests.OrderTests" name="checkError_MaximumDrinkCountReached_returnError" />
    </UnitTest>
    <UnitTest name="invalid_syrupOption_returnsFailureFlag" storage="d:\programming\school\03\software-quality-i-testing-tools-and-methodologies\asn1\coffeeorder.tests\bin\debug\net8.0\coffeeorder.tests.dll" id="f6996d56-dee7-1208-1ebb-d1b04eab1776">
      <Execution id="d37eac0d-91d4-49ea-a85f-bbe52f38b759" />
      <TestMethod codeBase="D:\Programming\School\03\Software-Quality-I-Testing-Tools-and-Methodologies\ASN1\CoffeeOrder.Tests\bin\Debug\net8.0\CoffeeOrder.Tests.dll" adapterTypeName="executor://mstestadapter/v2" className="CoffeeOrder.Tests.BeverageTests" name="invalid_syrupOption_returnsFailureFlag" />
    </UnitTest>
    <UnitTest name="errorCheck_twoStringListsNull_returnsStringList" storage="d:\programming\school\03\software-quality-i-testing-tools-and-methodologies\asn1\coffeeorder.tests\bin\debug\net8.0\coffeeorder.tests.dll" id="c9b7a728-1074-59ef-5688-9829b30b5869">
      <Execution id="b3e6b227-7dc6-461d-bc07-0c16de998f75" />
      <TestMethod codeBase="D:\Programming\School\03\Software-Quality-I-Testing-Tools-and-Methodologies\ASN1\CoffeeOrder.Tests\bin\Debug\net8.0\CoffeeOrder.Tests.dll" adapterTypeName="executor://mstestadapter/v2" className="CoffeeOrder.Tests.utilTESTS" name="errorCheck_twoStringListsNull_returnsStringList" />
    </UnitTest>
    <UnitTest name="errorCheck_shotsBelowMinimum_returnsTrue" storage="d:\programming\school\03\software-quality-i-testing-tools-and-methodologies\asn1\coffeeorder.tests\bin\debug\net8.0\coffeeorder.tests.dll" id="b4511c17-f324-9c7b-e4b9-62dc7ac749cc">
      <Execution id="87678901-25e6-4aaf-b115-58c36b48e9e3" />
      <TestMethod codeBase="D:\Programming\School\03\Software-Quality-I-Testing-Tools-and-Methodologies\ASN1\CoffeeOrder.Tests\bin\Debug\net8.0\CoffeeOrder.Tests.dll" adapterTypeName="executor://mstestadapter/v2" className="CoffeeOrder.Tests.OrderValidatorTests" name="errorCheck_shotsBelowMinimum_returnsTrue" />
    </UnitTest>
    <UnitTest name="validate_bogoOnEqualDrink_returnsDiscount" storage="d:\programming\school\03\software-quality-i-testing-tools-and-methodologies\asn1\coffeeorder.tests\bin\debug\net8.0\coffeeorder.tests.dll" id="18813b9d-33a0-a669-175f-b209bfe13a67">
      <Execution id="312ecc34-dda7-4ef8-b102-913a5a112593" />
      <TestMethod codeBase="D:\Programming\School\03\Software-Quality-I-Testing-Tools-and-Methodologies\ASN1\CoffeeOrder.Tests\bin\Debug\net8.0\CoffeeOrder.Tests.dll" adapterTypeName="executor://mstestadapter/v2" className="CoffeeOrder.Tests.PromotionHelperTests" name="validate_bogoOnEqualDrink_returnsDiscount" />
    </UnitTest>
    <UnitTest name="invalid_maximumShots_returnsFailureFlag" storage="d:\programming\school\03\software-quality-i-testing-tools-and-methodologies\asn1\coffeeorder.tests\bin\debug\net8.0\coffeeorder.tests.dll" id="6981742b-2dcf-eef9-06b5-35e81e577ce0">
      <Execution id="1b817325-a003-4d41-a678-4ccf3d4e5afe" />
      <TestMethod codeBase="D:\Programming\School\03\Software-Quality-I-Testing-Tools-and-Methodologies\ASN1\CoffeeOrder.Tests\bin\Debug\net8.0\CoffeeOrder.Tests.dll" adapterTypeName="executor://mstestadapter/v2" className="CoffeeOrder.Tests.BeverageTests" name="invalid_maximumShots_returnsFailureFlag" />
    </UnitTest>
    <UnitTest name="check_vegan_returnsFalse" storage="d:\programming\school\03\software-quality-i-testing-tools-and-methodologies\asn1\coffeeorder.tests\bin\debug\net8.0\coffeeorder.tests.dll" id="3aba5a6b-2278-fa39-6c62-a9c5c4fd7c2c">
      <Execution id="c8dcfc92-5efe-443c-ad47-9d1897206b36" />
      <TestMethod codeBase="D:\Programming\School\03\Software-Quality-I-Testing-Tools-and-Methodologies\ASN1\CoffeeOrder.Tests\bin\Debug\net8.0\CoffeeOrder.Tests.dll" adapterTypeName="executor://mstestadapter/v2" className="CoffeeOrder.Tests.BeverageClassifierTests" name="check_vegan_returnsFalse" />
    </UnitTest>
    <UnitTest name="validate_milkNotPresent_returnsFalse" storage="d:\programming\school\03\software-quality-i-testing-tools-and-methodologies\asn1\coffeeorder.tests\bin\debug\net8.0\coffeeorder.tests.dll" id="de00b13d-e1f4-2480-99c4-21dc76d2a8b6">
      <Execution id="6b03adf3-1027-4388-abbf-0cc86676fe32" />
      <TestMethod codeBase="D:\Programming\School\03\Software-Quality-I-Testing-Tools-and-Methodologies\ASN1\CoffeeOrder.Tests\bin\Debug\net8.0\CoffeeOrder.Tests.dll" adapterTypeName="executor://mstestadapter/v2" className="CoffeeOrder.Tests.OrderValidatorTests" name="validate_milkNotPresent_returnsFalse" />
    </UnitTest>
    <UnitTest name="invalid_baseDrink_returnsFailureFlag" storage="d:\programming\school\03\software-quality-i-testing-tools-and-methodologies\asn1\coffeeorder.tests\bin\debug\net8.0\coffeeorder.tests.dll" id="26e6f5f7-81e9-6de1-6e9b-b7c4c8544665">
      <Execution id="45e2740c-c833-4295-8a6c-cae577b956ca" />
      <TestMethod codeBase="D:\Programming\School\03\Software-Quality-I-Testing-Tools-and-Methodologies\ASN1\CoffeeOrder.Tests\bin\Debug\net8.0\CoffeeOrder.Tests.dll" adapterTypeName="executor://mstestadapter/v2" className="CoffeeOrder.Tests.BeverageTests" name="invalid_baseDrink_returnsFailureFlag" />
    </UnitTest>
    <UnitTest name="validate_roundValueToNickleRoundUp_returnsDecimal" storage="d:\programming\school\03\software-quality-i-testing-tools-and-methodologies\asn1\coffeeorder.tests\bin\debug\net8.0\coffeeorder.tests.dll" id="d97dafe4-57d6-bac9-6b7b-2615f318c993">
      <Execution id="ce96becf-c902-484a-8491-e5364971ef72" />
      <TestMethod codeBase="D:\Programming\School\03\Software-Quality-I-Testing-Tools-and-Methodologies\ASN1\CoffeeOrder.Tests\bin\Debug\net8.0\CoffeeOrder.Tests.dll" adapterTypeName="executor://mstestadapter/v2" className="CoffeeOrder.Tests.PriceCalculatorTests" name="validate_roundValueToNickleRoundUp_returnsDecimal" />
    </UnitTest>
    <UnitTest name="validate_happyHourOnHotDrink_returnsDiscount" storage="d:\programming\school\03\software-quality-i-testing-tools-and-methodologies\asn1\coffeeorder.tests\bin\debug\net8.0\coffeeorder.tests.dll" id="7b5f8fd9-7465-02da-6f82-9286c6f835af">
      <Execution id="c202fae1-a326-4283-9543-5291e7e41c74" />
      <TestMethod codeBase="D:\Programming\School\03\Software-Quality-I-Testing-Tools-and-Methodologies\ASN1\CoffeeOrder.Tests\bin\Debug\net8.0\CoffeeOrder.Tests.dll" adapterTypeName="executor://mstestadapter/v2" className="CoffeeOrder.Tests.PromotionHelperTests" name="validate_happyHourOnHotDrink_returnsDiscount" />
    </UnitTest>
  </TestDefinitions>
  <TestEntries>
    <TestEntry testId="d97dafe4-57d6-bac9-6b7b-2615f318c993" executionId="ce96becf-c902-484a-8491-e5364971ef72" testListId="8c84fa94-04c1-424b-9868-57a2d4851a1d" />
    <TestEntry testId="ec476349-50aa-b34b-91c9-d9dae68ad857" executionId="90acdfbc-d169-4d29-94c6-69c86e258ae4" testListId="8c84fa94-04c1-424b-9868-57a2d4851a1d" />
    <TestEntry testId="91166a69-5c0c-0669-c2f4-fb5ab83f0226" executionId="d5a63407-c9b0-4124-be77-c7e70233a8f2" testListId="8c84fa94-04c1-424b-9868-57a2d4851a1d" />
    <TestEntry testId="f0339a23-4439-35e7-eed6-e862427f24bc" executionId="f10dacc8-b8d9-488f-838e-bf34881db904" testListId="8c84fa94-04c1-424b-9868-57a2d4851a1d" />
    <TestEntry testId="76518acd-d921-4ac8-099b-3cd2b190ab20" executionId="87bc2954-2920-4139-9815-496a29042daa" testListId="8c84fa94-04c1-424b-9868-57a2d4851a1d" />
    <TestEntry testId="6aa4eab6-3d85-abf2-6b59-2abc3ef9b765" executionId="b365f9a9-2e9f-41fc-9299-52407125f797" testListId="8c84fa94-04c1-424b-9868-57a2d4851a1d" />
    <TestEntry testId="3636ac50-4684-ff80-ffbd-a0f946c7bf9f" executionId="ea24592b-6b78-448f-9cc9-a63681250cd4" testListId="8c84fa94-04c1-424b-9868-57a2d4851a1d" />
    <TestEntry testId="a53b57bb-21f7-01e1-c028-aea17045935c" executionId="b7f189e7-3ec0-4fcf-8bce-18d2f2576baa" testListId="8c84fa94-04c1-424b-9868-57a2d4851a1d" />
    <TestEntry testId="a2fdabb8-6c71-faeb-d05b-e20b9f69e43c" executionId="aee64e6c-3667-4559-8624-7570de0362b8" testListId="8c84fa94-04c1-424b-9868-57a2d4851a1d" />
    <TestEntry testId="29a04268-c10a-2726-9088-840fd26aaeb7" executionId="f5428f7f-dbf1-4d1b-81bc-05e9fa72de0e" testListId="8c84fa94-04c1-424b-9868-57a2d4851a1d" />
    <TestEntry testId="cfa437dc-fb89-9caa-bc15-10ed2aac71f3" executionId="907380cc-47ab-406d-8bbf-2480c5bb43c7" testListId="8c84fa94-04c1-424b-9868-57a2d4851a1d" />
    <TestEntry testId="26e6f5f7-81e9-6de1-6e9b-b7c4c8544665" executionId="45e2740c-c833-4295-8a6c-cae577b956ca" testListId="8c84fa94-04c1-424b-9868-57a2d4851a1d" />
    <TestEntry testId="1f1c733d-46a1-51a1-40bc-fc63e95fbd4a" executionId="e58647b2-ed7c-4e28-972e-37bbeabf4072" testListId="8c84fa94-04c1-424b-9868-57a2d4851a1d" />
    <TestEntry testId="e56a46cd-6e7b-7362-63ca-10db6895a1ef" executionId="b0e34b91-4fbe-4b8c-9f36-950c322e38c4" testListId="8c84fa94-04c1-424b-9868-57a2d4851a1d" />
    <TestEntry testId="3e9d5650-9907-ea94-dd28-1d726631d370" executionId="5d09379f-d031-44d4-88ac-43d63b5c1472" testListId="8c84fa94-04c1-424b-9868-57a2d4851a1d" />
    <TestEntry testId="1ffcd684-6212-bd4c-0e17-9ea4fac907d1" executionId="6212cf5a-3cc9-445c-9ee5-fd651c37d3c4" testListId="8c84fa94-04c1-424b-9868-57a2d4851a1d" />
    <TestEntry testId="c80102e6-670b-1527-6f18-0068aba9f673" executionId="53157b24-5366-4043-b5e2-3666eda7cd0e" testListId="8c84fa94-04c1-424b-9868-57a2d4851a1d" />
    <TestEntry testId="73cf283a-78ec-961f-48df-fbc7e3516eb5" executionId="bb3a1dcc-de89-48e4-b714-2b0b7cfb7b78" testListId="8c84fa94-04c1-424b-9868-57a2d4851a1d" />
    <TestEntry testId="86c9001e-ba01-1836-ae0f-c054a0d569cd" executionId="4168aae4-c264-4bdf-ac8d-3355fca8a8f3" testListId="8c84fa94-04c1-424b-9868-57a2d4851a1d" />
    <TestEntry testId="c9b7a728-1074-59ef-5688-9829b30b5869" executionId="b3e6b227-7dc6-461d-bc07-0c16de998f75" testListId="8c84fa94-04c1-424b-9868-57a2d4851a1d" />
    <TestEntry testId="4e7e537f-273c-0576-b102-48f72bf5e3fc" executionId="5a008ced-8fba-4df1-8916-cc9c6b713689" testListId="8c84fa94-04c1-424b-9868-57a2d4851a1d" />
    <TestEntry testId="39048f2d-7369-2ba0-4d0f-0a33eae532cc" executionId="b7a758a5-a070-4659-8beb-07fdac85d832" testListId="8c84fa94-04c1-424b-9868-57a2d4851a1d" />
    <TestEntry testId="6290c944-d86a-fa9e-aff6-fb0747057ff5" executionId="aca18d43-70ea-4212-97f6-df9c4bdf608a" testListId="8c84fa94-04c1-424b-9868-57a2d4851a1d" />
    <TestEntry testId="96b958e7-8f0d-ca71-c658-be341d7792c1" executionId="27ec4402-6bda-46a7-891e-d99be8d48615" testListId="8c84fa94-04c1-424b-9868-57a2d4851a1d" />
    <TestEntry testId="8fa8cb8a-b2fb-0012-f716-122e7992943f" executionId="5bc00de7-1b73-4a49-be45-a4bd9a6253a6" testListId="8c84fa94-04c1-424b-9868-57a2d4851a1d" />
    <TestEntry testId="15ac5632-9dc1-3615-440a-47451ec30d55" executionId="76600058-71f6-49a6-b407-c2b5ccbf1194" testListId="8c84fa94-04c1-424b-9868-57a2d4851a1d" />
    <TestEntry testId="8cde6510-60ec-3359-52b7-be0d7e4fe308" executionId="f8aada3e-12d0-4505-b4ef-24fc89d6513b" testListId="8c84fa94-04c1-424b-9868-57a2d4851a1d" />
    <TestEntry testId="b126bb39-a729-03b9-3fe9-cbb1f98763e7" executionId="aa4fc7dd-0c21-428c-87b7-686d284ef6b7" testListId="8c84fa94-04c1-424b-9868-57a2d4851a1d" />
    <TestEntry testId="a22668dd-3ae2-d772-9f10-70f4339f5d81" executionId="174e58fe-0a0d-43c7-b627-03c95b00fb7f" testListId="8c84fa94-04c1-424b-9868-57a2d4851a1d" />
    <TestEntry testId="a43d519d-2109-109a-b451-69921fbbcf5f" executionId="25c98b0c-b201-4e74-a902-6bee23d3827a" testListId="8c84fa94-04c1-424b-9868-57a2d4851a1d" />
    <TestEntry testId="e739f344-c1cc-8572-8980-befca5b7bdcc" executionId="ccc25834-38b4-4939-87ac-3c8599671aa0" testListId="8c84fa94-04c1-424b-9868-57a2d4851a1d" />
    <TestEntry testId="1c6110d1-3e41-4d5c-377b-c77d31945bb1" executionId="966c4322-11c2-4f9d-8b86-460734e74fb4" testListId="8c84fa94-04c1-424b-9868-57a2d4851a1d" />
    <TestEntry testId="a9a099fe-cea2-d000-34e0-09339dfe85db" executionId="045d014f-1ec9-4a21-a9a6-5432fb272a0c" testListId="8c84fa94-04c1-424b-9868-57a2d4851a1d" />
    <TestEntry testId="1a882987-184d-9b4b-13c4-9582d56028c1" executionId="3e0799b4-7c94-4a5e-9f82-cf624a778598" testListId="8c84fa94-04c1-424b-9868-57a2d4851a1d" />
    <TestEntry testId="ff429328-86e1-bfe1-0aea-aa87ae3082f9" executionId="90fd166f-78dc-49e7-ba05-9f26032f62e8" testListId="8c84fa94-04c1-424b-9868-57a2d4851a1d" />
    <TestEntry testId="d7f2bd3b-8ae5-052d-9eed-b32d1161442f" executionId="17b26f24-39cb-4a07-a00b-7b0586849eb6" testListId="8c84fa94-04c1-424b-9868-57a2d4851a1d" />
    <TestEntry testId="a1294d06-7eb4-9936-43a9-e6dc65d4cf9c" executionId="a7fe2f03-51c2-4b0f-b04e-fdcd3f4a5546" testListId="8c84fa94-04c1-424b-9868-57a2d4851a1d" />
    <TestEntry testId="bcf43e7e-deda-420e-d5c5-4930529f323a" executionId="995de413-370b-4792-ba63-862698df20c8" testListId="8c84fa94-04c1-424b-9868-57a2d4851a1d" />
    <TestEntry testId="de98bbb0-3935-ebb3-d450-d98360f18e06" executionId="638e0a60-bd22-4a46-812b-8a4a4e33201c" testListId="8c84fa94-04c1-424b-9868-57a2d4851a1d" />
    <TestEntry testId="ad68016f-2397-a5b2-ddb5-873ba2e96ea0" executionId="80b860c2-72e8-4a0a-bb51-102ec996f1d6" testListId="8c84fa94-04c1-424b-9868-57a2d4851a1d" />
    <TestEntry testId="7b5f8fd9-7465-02da-6f82-9286c6f835af" executionId="c202fae1-a326-4283-9543-5291e7e41c74" testListId="8c84fa94-04c1-424b-9868-57a2d4851a1d" />
    <TestEntry testId="3aba5a6b-2278-fa39-6c62-a9c5c4fd7c2c" executionId="c8dcfc92-5efe-443c-ad47-9d1897206b36" testListId="8c84fa94-04c1-424b-9868-57a2d4851a1d" />
    <TestEntry testId="f6996d56-dee7-1208-1ebb-d1b04eab1776" executionId="d37eac0d-91d4-49ea-a85f-bbe52f38b759" testListId="8c84fa94-04c1-424b-9868-57a2d4851a1d" />
    <TestEntry testId="b2e73580-fd80-1e2e-5c34-05f7ff670fb0" executionId="1a734287-73fb-4117-9913-553e6bd7609d" testListId="8c84fa94-04c1-424b-9868-57a2d4851a1d" />
    <TestEntry testId="2fb89158-ea33-9e6d-d44e-b51cc81d8f42" executionId="768da668-aa9e-4c26-9767-c96fa9190b75" testListId="8c84fa94-04c1-424b-9868-57a2d4851a1d" />
    <TestEntry testId="d4e3120b-08d4-c80d-778e-bdae34940869" executionId="df7f1c43-e42b-414e-a836-e08cb2aa4d2f" testListId="8c84fa94-04c1-424b-9868-57a2d4851a1d" />
    <TestEntry testId="0ce33c1c-508e-938f-348f-d3424a2d1dff" executionId="f420b6c9-c9ee-4dd6-ba13-aed73c68bdd4" testListId="8c84fa94-04c1-424b-9868-57a2d4851a1d" />
    <TestEntry testId="0755c290-2d7a-da8f-474d-5a7613517775" executionId="e1738959-a8ba-4b65-8244-6617c44e6cae" testListId="8c84fa94-04c1-424b-9868-57a2d4851a1d" />
    <TestEntry testId="88b2a1ce-4620-8046-545c-a65300dfd894" executionId="f19679cb-a02c-4b9d-8f49-60ffbce2a119" testListId="8c84fa94-04c1-424b-9868-57a2d4851a1d" />
    <TestEntry testId="aa1edbe8-fa66-6029-34fb-eb6f51f0b00c" executionId="3b426223-fc49-43ce-b854-28fb6a1a3e96" testListId="8c84fa94-04c1-424b-9868-57a2d4851a1d" />
    <TestEntry testId="adc9a5d9-e39c-d2b1-eb70-979d26d63e37" executionId="8bec6183-7a78-4fd6-897f-76db0bf226eb" testListId="8c84fa94-04c1-424b-9868-57a2d4851a1d" />
    <TestEntry testId="3313cf34-71ee-c09c-02d6-9c1d00a654d2" executionId="c2aecdcc-48aa-4c8f-84a9-d2ff7e913097" testListId="8c84fa94-04c1-424b-9868-57a2d4851a1d" />
    <TestEntry testId="6dd57b3a-8c69-15a5-c750-a55449d280f1" executionId="1c9f5a01-c212-4c3d-bfee-7828e90e2903" testListId="8c84fa94-04c1-424b-9868-57a2d4851a1d" />
    <TestEntry testId="b6208d68-0f12-103a-f1ed-6bd8e0d86462" executionId="61eb972e-cb78-4917-b341-6cb4ea835c69" testListId="8c84fa94-04c1-424b-9868-57a2d4851a1d" />
    <TestEntry testId="36010a2c-850b-174f-54b5-80641612d7ab" executionId="3d6939b6-be46-400e-93e0-e6cebdc000f3" testListId="8c84fa94-04c1-424b-9868-57a2d4851a1d" />
    <TestEntry testId="65fec8e7-95d7-1798-3572-31a04b19530c" executionId="1759acc0-768e-4dde-b659-a6bfb64585f6" testListId="8c84fa94-04c1-424b-9868-57a2d4851a1d" />
    <TestEntry testId="349befe2-6334-bdb7-8beb-47af4b2fc182" executionId="047c4f98-b26b-42ea-87a2-b6f5af514be7" testListId="8c84fa94-04c1-424b-9868-57a2d4851a1d" />
    <TestEntry testId="c2b880c4-6aa3-a22e-c26b-92d66c839b56" executionId="447c69f9-ac16-4d51-8555-ace57b08f4a9" testListId="8c84fa94-04c1-424b-9868-57a2d4851a1d" />
    <TestEntry testId="01744df6-beda-edad-8b22-dde861449816" executionId="c234c83f-8144-41e9-9cc6-046a2c7bc250" testListId="8c84fa94-04c1-424b-9868-57a2d4851a1d" />
    <TestEntry testId="0ebb6e1f-31d3-354b-a0aa-51ab6c0d5337" executionId="8d6dfa4b-d9ca-42fe-a51a-31c78ae7bf81" testListId="8c84fa94-04c1-424b-9868-57a2d4851a1d" />
    <TestEntry testId="6981742b-2dcf-eef9-06b5-35e81e577ce0" executionId="1b817325-a003-4d41-a678-4ccf3d4e5afe" testListId="8c84fa94-04c1-424b-9868-57a2d4851a1d" />
    <TestEntry testId="a03437ff-13ac-0403-894a-f8a80581a194" executionId="67b7383b-92c8-499e-96d8-cab2ff16bf58" testListId="8c84fa94-04c1-424b-9868-57a2d4851a1d" />
    <TestEntry testId="ab321578-5fae-6152-9e60-b19e9102f5a7" executionId="4627bce8-2087-45a1-8d74-d1a8703800b4" testListId="8c84fa94-04c1-424b-9868-57a2d4851a1d" />
    <TestEntry testId="7b48ba01-5945-d7ac-ebab-80cc260f0d4a" executionId="3d9a40d2-b1f6-49c9-8c0e-f1c26b0b5f16" testListId="8c84fa94-04c1-424b-9868-57a2d4851a1d" />
    <TestEntry testId="de00b13d-e1f4-2480-99c4-21dc76d2a8b6" executionId="6b03adf3-1027-4388-abbf-0cc86676fe32" testListId="8c84fa94-04c1-424b-9868-57a2d4851a1d" />
    <TestEntry testId="b4511c17-f324-9c7b-e4b9-62dc7ac749cc" executionId="87678901-25e6-4aaf-b115-58c36b48e9e3" testListId="8c84fa94-04c1-424b-9868-57a2d4851a1d" />
    <TestEntry testId="390679b4-c47c-97a6-8411-4aecfef0859d" executionId="6ce941d0-627e-41e6-af9a-8474e22b947f" testListId="8c84fa94-04c1-424b-9868-57a2d4851a1d" />
    <TestEntry testId="606ef3a1-3997-4db2-0085-4bcb828b7299" executionId="1e98dfca-112f-4a04-b6a6-2f12b9015b32" testListId="8c84fa94-04c1-424b-9868-57a2d4851a1d" />
    <TestEntry testId="76f28a51-6c6e-f112-dcba-bb316d5f2b0d" executionId="7216c1fc-6a9a-477e-bd0b-09a017773b6d" testListId="8c84fa94-04c1-424b-9868-57a2d4851a1d" />
    <TestEntry testId="18813b9d-33a0-a669-175f-b209bfe13a67" executionId="312ecc34-dda7-4ef8-b102-913a5a112593" testListId="8c84fa94-04c1-424b-9868-57a2d4851a1d" />
    <TestEntry testId="1f512e9b-311f-fc1b-3818-46cc7b30a98e" executionId="b1d58c92-d1f5-4a7b-bfd6-461874134600" testListId="8c84fa94-04c1-424b-9868-57a2d4851a1d" />
    <TestEntry testId="81c3a416-88ce-0ce5-401b-48796f1bcebb" executionId="e29fd063-b04f-4245-b72e-85e479ee7d57" testListId="8c84fa94-04c1-424b-9868-57a2d4851a1d" />
  </TestEntries>
  <TestLists>
    <TestList name="Results Not in a List" id="8c84fa94-04c1-424b-9868-57a2d4851a1d" />
    <TestList name="All Loaded Results" id="19431567-8539-422a-85d7-44ee4e166bda" />
  </TestLists>
  <ResultSummary outcome="Failed">
    <Counters total="72" executed="72" passed="38" failed="34" error="0" timeout="0" aborted="0" inconclusive="0" passedButRunAborted="0" notRunnable="0" notExecuted="0" disconnected="0" warning="0" completed="0" inProgress="0" pending="0" />
    <Output>
      <StdOut>Test Parallelization enabled for D:\Programming\School\03\Software-Quality-I-Testing-Tools-and-Methodologies\ASN1\CoffeeOrder.Tests\bin\Debug\net8.0\CoffeeOrder.Tests.dll (Workers: 20, Scope: MethodLevel)&#xD;
</StdOut>
    </Output>
  </ResultSummary>
</TestRun>