<?xml version="1.0" encoding="utf-8"?>
<TestRun id="9bfe6e31-100c-44be-8e79-c74b2095d501" name="JG@DESKTOP-1304CKW 2025-09-10 10:25:08" runUser="DESKTOP-1304CKW\JG" xmlns="http://microsoft.com/schemas/VisualStudio/TeamTest/2010">
  <Times creation="2025-09-10T10:25:08.0203425-04:00" queuing="2025-09-10T10:25:08.0203427-04:00" start="2025-09-10T10:25:07.7132829-04:00" finish="2025-09-10T10:25:08.0374799-04:00" />
  <TestSettings name="default" id="5ee8055e-c8e5-4009-8d2e-77107b3411cf">
    <Deployment runDeploymentRoot="JG_DESKTOP-1304CKW_2025-09-10_10_25_08" />
  </TestSettings>
  <Results>
    <UnitTestResult executionId="6510814c-ff2e-4173-9747-28d0fb6915c6" testId="a7f4bb39-5719-4585-7450-02d065f24343" testName="TestMethod1" computerName="DESKTOP-1304CKW" duration="00:00:00.0000936" startTime="2025-09-10T10:25:07.9922442-04:00" endTime="2025-09-10T10:25:07.9934048-04:00" testType="13cdc9d9-ddb5-4fa4-a97d-d965ccfc6d4b" outcome="Passed" testListId="8c84fa94-04c1-424b-9868-57a2d4851a1d" relativeResultsDirectory="6510814c-ff2e-4173-9747-28d0fb6915c6" />
    <UnitTestResult executionId="d8ca96dc-eb34-424a-b423-cafdf9e71019" testId="28048fde-4b3a-7904-ce25-dfd59fe3f7df" testName="milkInvalid" computerName="DESKTOP-1304CKW" duration="00:00:00.0000374" startTime="2025-09-10T10:25:07.9921725-04:00" endTime="2025-09-10T10:25:07.9934228-04:00" testType="13cdc9d9-ddb5-4fa4-a97d-d965ccfc6d4b" outcome="Passed" testListId="8c84fa94-04c1-424b-9868-57a2d4851a1d" relativeResultsDirectory="d8ca96dc-eb34-424a-b423-cafdf9e71019" />
    <UnitTestResult executionId="f99b2f9e-c4f8-4f4d-95cf-7e5b5974b3f4" testId="adf4a0a5-8951-10dc-289a-7a976c6608a3" testName="TestMethod1" computerName="DESKTOP-1304CKW" duration="00:00:00.0000629" startTime="2025-09-10T10:25:07.9922098-04:00" endTime="2025-09-10T10:25:07.9934263-04:00" testType="13cdc9d9-ddb5-4fa4-a97d-d965ccfc6d4b" outcome="Passed" testListId="8c84fa94-04c1-424b-9868-57a2d4851a1d" relativeResultsDirectory="f99b2f9e-c4f8-4f4d-95cf-7e5b5974b3f4" />
    <UnitTestResult executionId="66a23e5e-8244-4191-92d2-ba4f7722b7f2" testId="4b48e510-edf1-9592-9aa3-23ba31699697" testName="InvalidSyrups" computerName="DESKTOP-1304CKW" duration="00:00:00.0021969" startTime="2025-09-10T10:25:07.9771893-04:00" endTime="2025-09-10T10:25:07.9934244-04:00" testType="13cdc9d9-ddb5-4fa4-a97d-d965ccfc6d4b" outcome="Passed" testListId="8c84fa94-04c1-424b-9868-57a2d4851a1d" relativeResultsDirectory="66a23e5e-8244-4191-92d2-ba4f7722b7f2" />
    <UnitTestResult executionId="0bf01cc8-df4a-4c55-bd2d-1020acd1603f" testId="ca2e8a37-d262-ed5c-4d43-eb2b875389e9" testName="InvalidToppings" computerName="DESKTOP-1304CKW" duration="00:00:00.0021512" startTime="2025-09-10T10:25:07.9771366-04:00" endTime="2025-09-10T10:25:07.9933980-04:00" testType="13cdc9d9-ddb5-4fa4-a97d-d965ccfc6d4b" outcome="Passed" testListId="8c84fa94-04c1-424b-9868-57a2d4851a1d" relativeResultsDirectory="0bf01cc8-df4a-4c55-bd2d-1020acd1603f" />
    <UnitTestResult executionId="df5a4288-4775-4eb6-b0a3-ff960b0aa178" testId="249a8f61-8a61-0ad8-1cba-8e8a62b36528" testName="invalidMaximumShots" computerName="DESKTOP-1304CKW" duration="00:00:00.0021271" startTime="2025-09-10T10:25:07.9771319-04:00" endTime="2025-09-10T10:25:07.9933979-04:00" testType="13cdc9d9-ddb5-4fa4-a97d-d965ccfc6d4b" outcome="Passed" testListId="8c84fa94-04c1-424b-9868-57a2d4851a1d" relativeResultsDirectory="df5a4288-4775-4eb6-b0a3-ff960b0aa178" />
    <UnitTestResult executionId="b3d1c255-1e93-4a62-9751-123913f02642" testId="4e6859c9-3686-0e6f-abe0-f8d6e3cbd3e1" testName="maximumSyrupsInvalid" computerName="DESKTOP-1304CKW" duration="00:00:00.0022334" startTime="2025-09-10T10:25:07.9771606-04:00" endTime="2025-09-10T10:25:07.9934072-04:00" testType="13cdc9d9-ddb5-4fa4-a97d-d965ccfc6d4b" outcome="Passed" testListId="8c84fa94-04c1-424b-9868-57a2d4851a1d" relativeResultsDirectory="b3d1c255-1e93-4a62-9751-123913f02642" />
    <UnitTestResult executionId="bd404c0c-7e4f-49fe-b2f0-d7d5235e78fd" testId="e69ab169-8b0a-d735-bc13-8230c18b61be" testName="baseDrinkInvalid" computerName="DESKTOP-1304CKW" duration="00:00:00.0022164" startTime="2025-09-10T10:25:07.9771958-04:00" endTime="2025-09-10T10:25:07.9934036-04:00" testType="13cdc9d9-ddb5-4fa4-a97d-d965ccfc6d4b" outcome="Passed" testListId="8c84fa94-04c1-424b-9868-57a2d4851a1d" relativeResultsDirectory="bd404c0c-7e4f-49fe-b2f0-d7d5235e78fd" />
    <UnitTestResult executionId="e29ec067-5054-489d-8f03-51100659094a" testId="7934ff02-b8cb-981f-8b47-9aef393cf21f" testName="TestMethod1" computerName="DESKTOP-1304CKW" duration="00:00:00.0020843" startTime="2025-09-10T10:25:07.9771776-04:00" endTime="2025-09-10T10:25:07.9934194-04:00" testType="13cdc9d9-ddb5-4fa4-a97d-d965ccfc6d4b" outcome="Passed" testListId="8c84fa94-04c1-424b-9868-57a2d4851a1d" relativeResultsDirectory="e29ec067-5054-489d-8f03-51100659094a" />
    <UnitTestResult executionId="754376c9-9c54-4a64-b515-2110a67d2fe2" testId="9ee2218d-4b6d-10df-5152-ad51feda9a76" testName="TestMethod1" computerName="DESKTOP-1304CKW" duration="00:00:00.0021412" startTime="2025-09-10T10:25:07.9771787-04:00" endTime="2025-09-10T10:25:07.9934035-04:00" testType="13cdc9d9-ddb5-4fa4-a97d-d965ccfc6d4b" outcome="Passed" testListId="8c84fa94-04c1-424b-9868-57a2d4851a1d" relativeResultsDirectory="754376c9-9c54-4a64-b515-2110a67d2fe2" />
    <UnitTestResult executionId="3c8c3346-2335-41ed-870c-213e6af44453" testId="2994f7a3-fb5c-a5c5-725b-f27b45a5c17a" testName="baseDrinkNotPresent" computerName="DESKTOP-1304CKW" duration="00:00:00.0000593" startTime="2025-09-10T10:25:07.9921936-04:00" endTime="2025-09-10T10:25:07.9934085-04:00" testType="13cdc9d9-ddb5-4fa4-a97d-d965ccfc6d4b" outcome="Passed" testListId="8c84fa94-04c1-424b-9868-57a2d4851a1d" relativeResultsDirectory="3c8c3346-2335-41ed-870c-213e6af44453" />
    <UnitTestResult executionId="f30949c2-adf0-44fe-852c-34ccf2067f70" testId="d2990c1f-bf0c-05e3-1ebc-bd4366e8e27f" testName="sizeInvalid" computerName="DESKTOP-1304CKW" duration="00:00:00.0022237" startTime="2025-09-10T10:25:07.9772065-04:00" endTime="2025-09-10T10:25:07.9933996-04:00" testType="13cdc9d9-ddb5-4fa4-a97d-d965ccfc6d4b" outcome="Passed" testListId="8c84fa94-04c1-424b-9868-57a2d4851a1d" relativeResultsDirectory="f30949c2-adf0-44fe-852c-34ccf2067f70" />
    <UnitTestResult executionId="6c3bb2f4-360e-4370-81fb-a7f5093faf19" testId="29ebb3ab-b2e7-e971-8a52-922c78cf7a84" testName="plantMilkInvalid" computerName="DESKTOP-1304CKW" duration="00:00:00.0021830" startTime="2025-09-10T10:25:07.9771455-04:00" endTime="2025-09-10T10:25:07.9933979-04:00" testType="13cdc9d9-ddb5-4fa4-a97d-d965ccfc6d4b" outcome="Passed" testListId="8c84fa94-04c1-424b-9868-57a2d4851a1d" relativeResultsDirectory="6c3bb2f4-360e-4370-81fb-a7f5093faf19" />
    <UnitTestResult executionId="c9245181-ec81-4e00-a44b-5f469302424f" testId="1512b057-18b0-ecde-81c5-8bcbcab50300" testName="invalidMinimumShots" computerName="DESKTOP-1304CKW" duration="00:00:00.0000356" startTime="2025-09-10T10:25:07.9921844-04:00" endTime="2025-09-10T10:25:07.9934046-04:00" testType="13cdc9d9-ddb5-4fa4-a97d-d965ccfc6d4b" outcome="Passed" testListId="8c84fa94-04c1-424b-9868-57a2d4851a1d" relativeResultsDirectory="c9245181-ec81-4e00-a44b-5f469302424f" />
  </Results>
  <TestDefinitions>
    <UnitTest name="milkInvalid" storage="d:\programming\school\03\asn1\asn1\coffeeorder.tests\bin\debug\net9.0\coffeeorder.tests.dll" id="28048fde-4b3a-7904-ce25-dfd59fe3f7df">
      <Execution id="d8ca96dc-eb34-424a-b423-cafdf9e71019" />
      <TestMethod codeBase="D:\Programming\School\03\Asn1\ASN1\CoffeeOrder.Tests\bin\Debug\net9.0\CoffeeOrder.Tests.dll" adapterTypeName="executor://mstestadapter/v2" className="CoffeeOrder.Tests.Beverage" name="milkInvalid" />
    </UnitTest>
    <UnitTest name="invalidMinimumShots" storage="d:\programming\school\03\asn1\asn1\coffeeorder.tests\bin\debug\net9.0\coffeeorder.tests.dll" id="1512b057-18b0-ecde-81c5-8bcbcab50300">
      <Execution id="c9245181-ec81-4e00-a44b-5f469302424f" />
      <TestMethod codeBase="D:\Programming\School\03\Asn1\ASN1\CoffeeOrder.Tests\bin\Debug\net9.0\CoffeeOrder.Tests.dll" adapterTypeName="executor://mstestadapter/v2" className="CoffeeOrder.Tests.Beverage" name="invalidMinimumShots" />
    </UnitTest>
    <UnitTest name="TestMethod1" storage="d:\programming\school\03\asn1\asn1\coffeeorder.tests\bin\debug\net9.0\coffeeorder.tests.dll" id="a7f4bb39-5719-4585-7450-02d065f24343">
      <Execution id="6510814c-ff2e-4173-9747-28d0fb6915c6" />
      <TestMethod codeBase="D:\Programming\School\03\Asn1\ASN1\CoffeeOrder.Tests\bin\Debug\net9.0\CoffeeOrder.Tests.dll" adapterTypeName="executor://mstestadapter/v2" className="CoffeeOrder.Tests.PromotionHelper" name="TestMethod1" />
    </UnitTest>
    <UnitTest name="InvalidToppings" storage="d:\programming\school\03\asn1\asn1\coffeeorder.tests\bin\debug\net9.0\coffeeorder.tests.dll" id="ca2e8a37-d262-ed5c-4d43-eb2b875389e9">
      <Execution id="0bf01cc8-df4a-4c55-bd2d-1020acd1603f" />
      <TestMethod codeBase="D:\Programming\School\03\Asn1\ASN1\CoffeeOrder.Tests\bin\Debug\net9.0\CoffeeOrder.Tests.dll" adapterTypeName="executor://mstestadapter/v2" className="CoffeeOrder.Tests.Beverage" name="InvalidToppings" />
    </UnitTest>
    <UnitTest name="plantMilkInvalid" storage="d:\programming\school\03\asn1\asn1\coffeeorder.tests\bin\debug\net9.0\coffeeorder.tests.dll" id="29ebb3ab-b2e7-e971-8a52-922c78cf7a84">
      <Execution id="6c3bb2f4-360e-4370-81fb-a7f5093faf19" />
      <TestMethod codeBase="D:\Programming\School\03\Asn1\ASN1\CoffeeOrder.Tests\bin\Debug\net9.0\CoffeeOrder.Tests.dll" adapterTypeName="executor://mstestadapter/v2" className="CoffeeOrder.Tests.Beverage" name="plantMilkInvalid" />
    </UnitTest>
    <UnitTest name="TestMethod1" storage="d:\programming\school\03\asn1\asn1\coffeeorder.tests\bin\debug\net9.0\coffeeorder.tests.dll" id="7934ff02-b8cb-981f-8b47-9aef393cf21f">
      <Execution id="e29ec067-5054-489d-8f03-51100659094a" />
      <TestMethod codeBase="D:\Programming\School\03\Asn1\ASN1\CoffeeOrder.Tests\bin\Debug\net9.0\CoffeeOrder.Tests.dll" adapterTypeName="executor://mstestadapter/v2" className="CoffeeOrder.Tests.AppDriver" name="TestMethod1" />
    </UnitTest>
    <UnitTest name="invalidMaximumShots" storage="d:\programming\school\03\asn1\asn1\coffeeorder.tests\bin\debug\net9.0\coffeeorder.tests.dll" id="249a8f61-8a61-0ad8-1cba-8e8a62b36528">
      <Execution id="df5a4288-4775-4eb6-b0a3-ff960b0aa178" />
      <TestMethod codeBase="D:\Programming\School\03\Asn1\ASN1\CoffeeOrder.Tests\bin\Debug\net9.0\CoffeeOrder.Tests.dll" adapterTypeName="executor://mstestadapter/v2" className="CoffeeOrder.Tests.Beverage" name="invalidMaximumShots" />
    </UnitTest>
    <UnitTest name="TestMethod1" storage="d:\programming\school\03\asn1\asn1\coffeeorder.tests\bin\debug\net9.0\coffeeorder.tests.dll" id="adf4a0a5-8951-10dc-289a-7a976c6608a3">
      <Execution id="f99b2f9e-c4f8-4f4d-95cf-7e5b5974b3f4" />
      <TestMethod codeBase="D:\Programming\School\03\Asn1\ASN1\CoffeeOrder.Tests\bin\Debug\net9.0\CoffeeOrder.Tests.dll" adapterTypeName="executor://mstestadapter/v2" className="CoffeeOrder.Tests.PriceCalculator" name="TestMethod1" />
    </UnitTest>
    <UnitTest name="maximumSyrupsInvalid" storage="d:\programming\school\03\asn1\asn1\coffeeorder.tests\bin\debug\net9.0\coffeeorder.tests.dll" id="4e6859c9-3686-0e6f-abe0-f8d6e3cbd3e1">
      <Execution id="b3d1c255-1e93-4a62-9751-123913f02642" />
      <TestMethod codeBase="D:\Programming\School\03\Asn1\ASN1\CoffeeOrder.Tests\bin\Debug\net9.0\CoffeeOrder.Tests.dll" adapterTypeName="executor://mstestadapter/v2" className="CoffeeOrder.Tests.Beverage" name="maximumSyrupsInvalid" />
    </UnitTest>
    <UnitTest name="sizeInvalid" storage="d:\programming\school\03\asn1\asn1\coffeeorder.tests\bin\debug\net9.0\coffeeorder.tests.dll" id="d2990c1f-bf0c-05e3-1ebc-bd4366e8e27f">
      <Execution id="f30949c2-adf0-44fe-852c-34ccf2067f70" />
      <TestMethod codeBase="D:\Programming\School\03\Asn1\ASN1\CoffeeOrder.Tests\bin\Debug\net9.0\CoffeeOrder.Tests.dll" adapterTypeName="executor://mstestadapter/v2" className="CoffeeOrder.Tests.Beverage" name="sizeInvalid" />
    </UnitTest>
    <UnitTest name="baseDrinkNotPresent" storage="d:\programming\school\03\asn1\asn1\coffeeorder.tests\bin\debug\net9.0\coffeeorder.tests.dll" id="2994f7a3-fb5c-a5c5-725b-f27b45a5c17a">
      <Execution id="3c8c3346-2335-41ed-870c-213e6af44453" />
      <TestMethod codeBase="D:\Programming\School\03\Asn1\ASN1\CoffeeOrder.Tests\bin\Debug\net9.0\CoffeeOrder.Tests.dll" adapterTypeName="executor://mstestadapter/v2" className="CoffeeOrder.Tests.OrderValidator" name="baseDrinkNotPresent" />
    </UnitTest>
    <UnitTest name="baseDrinkInvalid" storage="d:\programming\school\03\asn1\asn1\coffeeorder.tests\bin\debug\net9.0\coffeeorder.tests.dll" id="e69ab169-8b0a-d735-bc13-8230c18b61be">
      <Execution id="bd404c0c-7e4f-49fe-b2f0-d7d5235e78fd" />
      <TestMethod codeBase="D:\Programming\School\03\Asn1\ASN1\CoffeeOrder.Tests\bin\Debug\net9.0\CoffeeOrder.Tests.dll" adapterTypeName="executor://mstestadapter/v2" className="CoffeeOrder.Tests.Beverage" name="baseDrinkInvalid" />
    </UnitTest>
    <UnitTest name="TestMethod1" storage="d:\programming\school\03\asn1\asn1\coffeeorder.tests\bin\debug\net9.0\coffeeorder.tests.dll" id="9ee2218d-4b6d-10df-5152-ad51feda9a76">
      <Execution id="754376c9-9c54-4a64-b515-2110a67d2fe2" />
      <TestMethod codeBase="D:\Programming\School\03\Asn1\ASN1\CoffeeOrder.Tests\bin\Debug\net9.0\CoffeeOrder.Tests.dll" adapterTypeName="executor://mstestadapter/v2" className="CoffeeOrder.Tests.BeverageClassifier" name="TestMethod1" />
    </UnitTest>
    <UnitTest name="InvalidSyrups" storage="d:\programming\school\03\asn1\asn1\coffeeorder.tests\bin\debug\net9.0\coffeeorder.tests.dll" id="4b48e510-edf1-9592-9aa3-23ba31699697">
      <Execution id="66a23e5e-8244-4191-92d2-ba4f7722b7f2" />
      <TestMethod codeBase="D:\Programming\School\03\Asn1\ASN1\CoffeeOrder.Tests\bin\Debug\net9.0\CoffeeOrder.Tests.dll" adapterTypeName="executor://mstestadapter/v2" className="CoffeeOrder.Tests.Beverage" name="InvalidSyrups" />
    </UnitTest>
  </TestDefinitions>
  <TestEntries>
    <TestEntry testId="a7f4bb39-5719-4585-7450-02d065f24343" executionId="6510814c-ff2e-4173-9747-28d0fb6915c6" testListId="8c84fa94-04c1-424b-9868-57a2d4851a1d" />
    <TestEntry testId="28048fde-4b3a-7904-ce25-dfd59fe3f7df" executionId="d8ca96dc-eb34-424a-b423-cafdf9e71019" testListId="8c84fa94-04c1-424b-9868-57a2d4851a1d" />
    <TestEntry testId="adf4a0a5-8951-10dc-289a-7a976c6608a3" executionId="f99b2f9e-c4f8-4f4d-95cf-7e5b5974b3f4" testListId="8c84fa94-04c1-424b-9868-57a2d4851a1d" />
    <TestEntry testId="4b48e510-edf1-9592-9aa3-23ba31699697" executionId="66a23e5e-8244-4191-92d2-ba4f7722b7f2" testListId="8c84fa94-04c1-424b-9868-57a2d4851a1d" />
    <TestEntry testId="ca2e8a37-d262-ed5c-4d43-eb2b875389e9" executionId="0bf01cc8-df4a-4c55-bd2d-1020acd1603f" testListId="8c84fa94-04c1-424b-9868-57a2d4851a1d" />
    <TestEntry testId="249a8f61-8a61-0ad8-1cba-8e8a62b36528" executionId="df5a4288-4775-4eb6-b0a3-ff960b0aa178" testListId="8c84fa94-04c1-424b-9868-57a2d4851a1d" />
    <TestEntry testId="4e6859c9-3686-0e6f-abe0-f8d6e3cbd3e1" executionId="b3d1c255-1e93-4a62-9751-123913f02642" testListId="8c84fa94-04c1-424b-9868-57a2d4851a1d" />
    <TestEntry testId="e69ab169-8b0a-d735-bc13-8230c18b61be" executionId="bd404c0c-7e4f-49fe-b2f0-d7d5235e78fd" testListId="8c84fa94-04c1-424b-9868-57a2d4851a1d" />
    <TestEntry testId="7934ff02-b8cb-981f-8b47-9aef393cf21f" executionId="e29ec067-5054-489d-8f03-51100659094a" testListId="8c84fa94-04c1-424b-9868-57a2d4851a1d" />
    <TestEntry testId="9ee2218d-4b6d-10df-5152-ad51feda9a76" executionId="754376c9-9c54-4a64-b515-2110a67d2fe2" testListId="8c84fa94-04c1-424b-9868-57a2d4851a1d" />
    <TestEntry testId="2994f7a3-fb5c-a5c5-725b-f27b45a5c17a" executionId="3c8c3346-2335-41ed-870c-213e6af44453" testListId="8c84fa94-04c1-424b-9868-57a2d4851a1d" />
    <TestEntry testId="d2990c1f-bf0c-05e3-1ebc-bd4366e8e27f" executionId="f30949c2-adf0-44fe-852c-34ccf2067f70" testListId="8c84fa94-04c1-424b-9868-57a2d4851a1d" />
    <TestEntry testId="29ebb3ab-b2e7-e971-8a52-922c78cf7a84" executionId="6c3bb2f4-360e-4370-81fb-a7f5093faf19" testListId="8c84fa94-04c1-424b-9868-57a2d4851a1d" />
    <TestEntry testId="1512b057-18b0-ecde-81c5-8bcbcab50300" executionId="c9245181-ec81-4e00-a44b-5f469302424f" testListId="8c84fa94-04c1-424b-9868-57a2d4851a1d" />
  </TestEntries>
  <TestLists>
    <TestList name="Results Not in a List" id="8c84fa94-04c1-424b-9868-57a2d4851a1d" />
    <TestList name="All Loaded Results" id="19431567-8539-422a-85d7-44ee4e166bda" />
  </TestLists>
  <ResultSummary outcome="Completed">
    <Counters total="14" executed="14" passed="14" failed="0" error="0" timeout="0" aborted="0" inconclusive="0" passedButRunAborted="0" notRunnable="0" notExecuted="0" disconnected="0" warning="0" completed="0" inProgress="0" pending="0" />
    <Output>
      <StdOut>Test Parallelization enabled for D:\Programming\School\03\Asn1\ASN1\CoffeeOrder.Tests\bin\Debug\net9.0\CoffeeOrder.Tests.dll (Workers: 20, Scope: MethodLevel)&#xD;
</StdOut>
    </Output>
  </ResultSummary>
</TestRun>