<?xml version="1.0" encoding="utf-8"?>
<TestRun id="737e4532-be50-4c7e-97a0-679ce3414222" name="JG@DESKTOP-1304CKW 2025-09-13 17:14:42" runUser="DESKTOP-1304CKW\JG" xmlns="http://microsoft.com/schemas/VisualStudio/TeamTest/2010">
  <Times creation="2025-09-13T17:14:42.9424523-04:00" queuing="2025-09-13T17:14:42.9424525-04:00" start="2025-09-13T17:14:42.5235678-04:00" finish="2025-09-13T17:14:42.9723173-04:00" />
  <TestSettings name="default" id="229510a7-88a6-4955-a08a-da180ef6d4de">
    <Deployment runDeploymentRoot="JG_DESKTOP-1304CKW_2025-09-13_17_14_42" />
  </TestSettings>
  <Results>
    <UnitTestResult executionId="070dc6a8-c3b4-4bb1-be4d-f3bf32978b4f" testId="8fa8cb8a-b2fb-0012-f716-122e7992943f" testName="validate_toppingsNotValid_returnsTrue" computerName="DESKTOP-1304CKW" duration="00:00:00.0000324" startTime="2025-09-13T17:14:42.9232795-04:00" endTime="2025-09-13T17:14:42.9233316-04:00" testType="13cdc9d9-ddb5-4fa4-a97d-d965ccfc6d4b" outcome="Passed" testListId="8c84fa94-04c1-424b-9868-57a2d4851a1d" relativeResultsDirectory="070dc6a8-c3b4-4bb1-be4d-f3bf32978b4f" />
    <UnitTestResult executionId="7e70d70f-e371-4a77-aaf4-4327e892e43e" testId="4e7e537f-273c-0576-b102-48f72bf5e3fc" testName="vlaidate_happyHourOnRoomTempDrink_returnsNoDiscount" computerName="DESKTOP-1304CKW" duration="00:00:00.0001139" startTime="2025-09-13T17:14:42.9277343-04:00" endTime="2025-09-13T17:14:42.9278788-04:00" testType="13cdc9d9-ddb5-4fa4-a97d-d965ccfc6d4b" outcome="Passed" testListId="8c84fa94-04c1-424b-9868-57a2d4851a1d" relativeResultsDirectory="7e70d70f-e371-4a77-aaf4-4327e892e43e" />
    <UnitTestResult executionId="d14b3620-b7eb-4334-ba1e-f49aac2da07c" testId="6290c944-d86a-fa9e-aff6-fb0747057ff5" testName="validate_syrupsValid_returnsFalse" computerName="DESKTOP-1304CKW" duration="00:00:00.0001552" startTime="2025-09-13T17:14:42.9229676-04:00" endTime="2025-09-13T17:14:42.9231439-04:00" testType="13cdc9d9-ddb5-4fa4-a97d-d965ccfc6d4b" outcome="Failed" testListId="8c84fa94-04c1-424b-9868-57a2d4851a1d" relativeResultsDirectory="d14b3620-b7eb-4334-ba1e-f49aac2da07c">
      <Output>
        <ErrorInfo>
          <Message>Assert.IsFalse failed. </Message>
          <StackTrace>   at CoffeeOrder.Tests.OrderValidatorTests.validate_syrupsValid_returnsFalse() in D:\Programming\School\03\Software-Quality-I-Testing-Tools-and-Methodologies\ASN1\CoffeeOrder.Tests\OrderValidatorTEST.cs:line 83&#xD;
   at System.RuntimeMethodHandle.InvokeMethod(Object target, Void** arguments, Signature sig, Boolean isConstructor)&#xD;
   at System.Reflection.MethodBaseInvoker.InvokeWithNoArgs(Object obj, BindingFlags invokeAttr)&#xD;
</StackTrace>
        </ErrorInfo>
      </Output>
    </UnitTestResult>
    <UnitTestResult executionId="58d8c518-4ee8-4135-8e13-7c6e70292443" testId="ab321578-5fae-6152-9e60-b19e9102f5a7" testName="validate_milkValid_returnsFalse" computerName="DESKTOP-1304CKW" duration="00:00:00.0000218" startTime="2025-09-13T17:14:42.9232306-04:00" endTime="2025-09-13T17:14:42.9232721-04:00" testType="13cdc9d9-ddb5-4fa4-a97d-d965ccfc6d4b" outcome="Passed" testListId="8c84fa94-04c1-424b-9868-57a2d4851a1d" relativeResultsDirectory="58d8c518-4ee8-4135-8e13-7c6e70292443" />
    <UnitTestResult executionId="3a3fb1b5-f999-41bf-ab26-de483aae6808" testId="3aba5a6b-2278-fa39-6c62-a9c5c4fd7c2c" testName="check_vegan_returnsFalse" computerName="DESKTOP-1304CKW" duration="00:00:00.0000694" startTime="2025-09-13T17:14:42.8922941-04:00" endTime="2025-09-13T17:14:42.8923860-04:00" testType="13cdc9d9-ddb5-4fa4-a97d-d965ccfc6d4b" outcome="Passed" testListId="8c84fa94-04c1-424b-9868-57a2d4851a1d" relativeResultsDirectory="3a3fb1b5-f999-41bf-ab26-de483aae6808" />
    <UnitTestResult executionId="c844f653-3461-4748-9e4c-1a44c12b002b" testId="36010a2c-850b-174f-54b5-80641612d7ab" testName="invalid_minimumShots_returnsFailureFlag" computerName="DESKTOP-1304CKW" duration="00:00:00.0001102" startTime="2025-09-13T17:14:42.9154016-04:00" endTime="2025-09-13T17:14:42.9155439-04:00" testType="13cdc9d9-ddb5-4fa4-a97d-d965ccfc6d4b" outcome="Passed" testListId="8c84fa94-04c1-424b-9868-57a2d4851a1d" relativeResultsDirectory="c844f653-3461-4748-9e4c-1a44c12b002b" />
    <UnitTestResult executionId="a3ab9f13-5f20-4f91-ba25-d2f1ad92a0cb" testId="c80102e6-670b-1527-6f18-0068aba9f673" testName="errorCheck_milkNoneShotsMoreThan0_returnsTrue" computerName="DESKTOP-1304CKW" duration="00:00:00.0000182" startTime="2025-09-13T17:14:42.9240567-04:00" endTime="2025-09-13T17:14:42.9240928-04:00" testType="13cdc9d9-ddb5-4fa4-a97d-d965ccfc6d4b" outcome="Passed" testListId="8c84fa94-04c1-424b-9868-57a2d4851a1d" relativeResultsDirectory="a3ab9f13-5f20-4f91-ba25-d2f1ad92a0cb" />
    <UnitTestResult executionId="58a5b3fa-31a5-4f7e-8cd3-40b11cce6ef3" testId="adc9a5d9-e39c-d2b1-eb70-979d26d63e37" testName="validate_selectsHappyHourWhenBetterDeal_returnsHappyHourDiscount" computerName="DESKTOP-1304CKW" duration="00:00:00.0002528" startTime="2025-09-13T17:14:42.9271518-04:00" endTime="2025-09-13T17:14:42.9274428-04:00" testType="13cdc9d9-ddb5-4fa4-a97d-d965ccfc6d4b" outcome="Failed" testListId="8c84fa94-04c1-424b-9868-57a2d4851a1d" relativeResultsDirectory="58a5b3fa-31a5-4f7e-8cd3-40b11cce6ef3">
      <Output>
        <ErrorInfo>
          <Message>Assert.AreEqual failed. Expected:&lt;1.50&gt;. Actual:&lt;0.31&gt;. </Message>
          <StackTrace>   at CoffeeOrder.Tests.PromotionHelperTests.validate_selectsHappyHourWhenBetterDeal_returnsHappyHourDiscount() in D:\Programming\School\03\Software-Quality-I-Testing-Tools-and-Methodologies\ASN1\CoffeeOrder.Tests\PromotionHelperTEST.cs:line 212&#xD;
   at System.RuntimeMethodHandle.InvokeMethod(Object target, Void** arguments, Signature sig, Boolean isConstructor)&#xD;
   at System.Reflection.MethodBaseInvoker.InvokeWithNoArgs(Object obj, BindingFlags invokeAttr)&#xD;
</StackTrace>
        </ErrorInfo>
      </Output>
    </UnitTestResult>
    <UnitTestResult executionId="f2fd36a1-d4ac-4a6b-9e61-9ac57ddcd40f" testId="c9b7a728-1074-59ef-5688-9829b30b5869" testName="errorCheck_twoStringListsNull_returnsStringList" computerName="DESKTOP-1304CKW" duration="00:00:00.0000351" startTime="2025-09-13T17:14:42.9325127-04:00" endTime="2025-09-13T17:14:42.9329500-04:00" testType="13cdc9d9-ddb5-4fa4-a97d-d965ccfc6d4b" outcome="Passed" testListId="8c84fa94-04c1-424b-9868-57a2d4851a1d" relativeResultsDirectory="f2fd36a1-d4ac-4a6b-9e61-9ac57ddcd40f" />
    <UnitTestResult executionId="7048945c-ece7-48e3-b332-8b92e8e9f4ca" testId="f0339a23-4439-35e7-eed6-e862427f24bc" testName="validate_OrderPriceCalculationWithDiscount_returnsDecimal" computerName="DESKTOP-1304CKW" duration="00:00:00.0003998" startTime="2025-09-13T17:14:42.9244066-04:00" endTime="2025-09-13T17:14:42.9248447-04:00" testType="13cdc9d9-ddb5-4fa4-a97d-d965ccfc6d4b" outcome="Failed" testListId="8c84fa94-04c1-424b-9868-57a2d4851a1d" relativeResultsDirectory="7048945c-ece7-48e3-b332-8b92e8e9f4ca">
      <Output>
        <ErrorInfo>
          <Message>Assert.AreEqual failed. Expected:&lt;2.55&gt;. Actual:&lt;0.79100&gt;. </Message>
          <StackTrace>   at CoffeeOrder.Tests.PriceCalculatorTests.validate_OrderPriceCalculationWithDiscount_returnsDecimal() in D:\Programming\School\03\Software-Quality-I-Testing-Tools-and-Methodologies\ASN1\CoffeeOrder.Tests\PriceCalculatorTests.cs:line 69&#xD;
   at System.RuntimeMethodHandle.InvokeMethod(Object target, Void** arguments, Signature sig, Boolean isConstructor)&#xD;
   at System.Reflection.MethodBaseInvoker.InvokeWithNoArgs(Object obj, BindingFlags invokeAttr)&#xD;
</StackTrace>
        </ErrorInfo>
      </Output>
    </UnitTestResult>
    <UnitTestResult executionId="7e741cf0-e42b-49d5-a66e-47b6c9f17710" testId="18813b9d-33a0-a669-175f-b209bfe13a67" testName="validate_bogoOnEqualDrink_returnsDiscount" computerName="DESKTOP-1304CKW" duration="00:00:00.0002242" startTime="2025-09-13T17:14:42.9274588-04:00" endTime="2025-09-13T17:14:42.9277192-04:00" testType="13cdc9d9-ddb5-4fa4-a97d-d965ccfc6d4b" outcome="Failed" testListId="8c84fa94-04c1-424b-9868-57a2d4851a1d" relativeResultsDirectory="7e741cf0-e42b-49d5-a66e-47b6c9f17710">
      <Output>
        <ErrorInfo>
          <Message>Assert.AreEqual failed. Expected:&lt;3.80&gt;. Actual:&lt;1.55&gt;. </Message>
          <StackTrace>   at CoffeeOrder.Tests.PromotionHelperTests.validate_bogoOnEqualDrink_returnsDiscount() in D:\Programming\School\03\Software-Quality-I-Testing-Tools-and-Methodologies\ASN1\CoffeeOrder.Tests\PromotionHelperTEST.cs:line 257&#xD;
   at System.RuntimeMethodHandle.InvokeMethod(Object target, Void** arguments, Signature sig, Boolean isConstructor)&#xD;
   at System.Reflection.MethodBaseInvoker.InvokeWithNoArgs(Object obj, BindingFlags invokeAttr)&#xD;
</StackTrace>
        </ErrorInfo>
      </Output>
    </UnitTestResult>
    <UnitTestResult executionId="417abc07-d714-4661-8602-3ae51a1f623e" testId="ad68016f-2397-a5b2-ddb5-873ba2e96ea0" testName="valid_enums_returnsCloset" computerName="DESKTOP-1304CKW" duration="00:00:00.0001290" startTime="2025-09-13T17:14:42.9316584-04:00" endTime="2025-09-13T17:14:42.9318827-04:00" testType="13cdc9d9-ddb5-4fa4-a97d-d965ccfc6d4b" outcome="Passed" testListId="8c84fa94-04c1-424b-9868-57a2d4851a1d" relativeResultsDirectory="417abc07-d714-4661-8602-3ae51a1f623e" />
    <UnitTestResult executionId="9142e744-b7f9-4105-a8bb-397bedb386e1" testId="a43d519d-2109-109a-b451-69921fbbcf5f" testName="validate_syrupsNotValid_returnsTrue" computerName="DESKTOP-1304CKW" duration="00:00:00.0000347" startTime="2025-09-13T17:14:42.9229018-04:00" endTime="2025-09-13T17:14:42.9229574-04:00" testType="13cdc9d9-ddb5-4fa4-a97d-d965ccfc6d4b" outcome="Passed" testListId="8c84fa94-04c1-424b-9868-57a2d4851a1d" relativeResultsDirectory="9142e744-b7f9-4105-a8bb-397bedb386e1" />
    <UnitTestResult executionId="d5f4e845-10b8-4a40-8b29-f66289026b52" testId="ea01fe68-6181-ad45-8034-2c8bbf6d21d3" testName="validate_oneGo_returnsReceiptString" computerName="DESKTOP-1304CKW" duration="00:00:00.0027536" startTime="2025-09-13T17:14:42.9287350-04:00" endTime="2025-09-13T17:14:42.9316152-04:00" testType="13cdc9d9-ddb5-4fa4-a97d-d965ccfc6d4b" outcome="Failed" testListId="8c84fa94-04c1-424b-9868-57a2d4851a1d" relativeResultsDirectory="d5f4e845-10b8-4a40-8b29-f66289026b52">
      <Output>
        <ErrorInfo>
          <Message>StringAssert.Contains failed. String 'ORDER FOR: Test Name&#xD;
DOC: 2025-09-13 1714
&#xD;
Large Hot Latte | 2-Milk |  Vanilla  |  Milk Foam  Matcha 
Large Hot Latte | 2-Milk |  Vanilla  |  Milk Foam  Matcha 
&#xD;
_SUBTOTAL: 2.80&#xD;
_DISCOUNT: 1.55 | BUY ONE GET ONE FREE SAME PRICE OR CHEAPER&#xD;
_TAX: 0.35&#xD;
TOTAL: 1.60&#xD;

ALLERGEN NOTICES:&#xD;
 allergen&#xD;
 allergen&#xD;

OTHER NOTICES:&#xD;
 Is Decaf: False&#xD;
 Is Kid Friendly: True&#xD;
 Is Vegan: False&#xD;
' does not contain string 'Discount:'. .</Message>
          <StackTrace>   at CoffeeOrder.Tests.ReceiptFormatterTests.validate_oneGo_returnsReceiptString() in D:\Programming\School\03\Software-Quality-I-Testing-Tools-and-Methodologies\ASN1\CoffeeOrder.Tests\ReceiptFormatterTEST.cs:line 79&#xD;
   at System.RuntimeMethodHandle.InvokeMethod(Object target, Void** arguments, Signature sig, Boolean isConstructor)&#xD;
   at System.Reflection.MethodBaseInvoker.InvokeWithNoArgs(Object obj, BindingFlags invokeAttr)&#xD;
</StackTrace>
        </ErrorInfo>
      </Output>
    </UnitTestResult>
    <UnitTestResult executionId="21da22cc-c9eb-4f62-9417-1eaacd16e8f1" testId="d97dafe4-57d6-bac9-6b7b-2615f318c993" testName="validate_roundValueToNickleRoundUp_returnsDecimal" computerName="DESKTOP-1304CKW" duration="00:00:00.0000529" startTime="2025-09-13T17:14:42.9255584-04:00" endTime="2025-09-13T17:14:42.9256425-04:00" testType="13cdc9d9-ddb5-4fa4-a97d-d965ccfc6d4b" outcome="Passed" testListId="8c84fa94-04c1-424b-9868-57a2d4851a1d" relativeResultsDirectory="21da22cc-c9eb-4f62-9417-1eaacd16e8f1" />
    <UnitTestResult executionId="85229294-d4cc-4d93-bdc3-67df380c4a9d" testId="a2fdabb8-6c71-faeb-d05b-e20b9f69e43c" testName="check_decaf_returnsFalse" computerName="DESKTOP-1304CKW" duration="00:00:00.0000792" startTime="2025-09-13T17:14:42.8921755-04:00" endTime="2025-09-13T17:14:42.8922818-04:00" testType="13cdc9d9-ddb5-4fa4-a97d-d965ccfc6d4b" outcome="Passed" testListId="8c84fa94-04c1-424b-9868-57a2d4851a1d" relativeResultsDirectory="85229294-d4cc-4d93-bdc3-67df380c4a9d" />
    <UnitTestResult executionId="c8c03b0b-f1ca-4c24-8622-daf7c44b916c" testId="b6208d68-0f12-103a-f1ed-6bd8e0d86462" testName="validate_addDate_returnString" computerName="DESKTOP-1304CKW" duration="00:00:00.0031222" startTime="2025-09-13T17:14:42.9173815-04:00" endTime="2025-09-13T17:14:42.9205721-04:00" testType="13cdc9d9-ddb5-4fa4-a97d-d965ccfc6d4b" outcome="Passed" testListId="8c84fa94-04c1-424b-9868-57a2d4851a1d" relativeResultsDirectory="c8c03b0b-f1ca-4c24-8622-daf7c44b916c" />
    <UnitTestResult executionId="7a34d813-5e19-4a95-899c-0e557f4fc258" testId="86c9001e-ba01-1836-ae0f-c054a0d569cd" testName="check_vegan_returnsTrue" computerName="DESKTOP-1304CKW" duration="00:00:00.0001245" startTime="2025-09-13T17:14:42.8919933-04:00" endTime="2025-09-13T17:14:42.8921601-04:00" testType="13cdc9d9-ddb5-4fa4-a97d-d965ccfc6d4b" outcome="Passed" testListId="8c84fa94-04c1-424b-9868-57a2d4851a1d" relativeResultsDirectory="7a34d813-5e19-4a95-899c-0e557f4fc258" />
    <UnitTestResult executionId="08683960-bc93-498f-9c45-bfac6f0336c9" testId="606ef3a1-3997-4db2-0085-4bcb828b7299" testName="validate_happyHourOnColdDrink_returnsNoDiscount" computerName="DESKTOP-1304CKW" duration="00:00:00.0001024" startTime="2025-09-13T17:14:42.9278945-04:00" endTime="2025-09-13T17:14:42.9280261-04:00" testType="13cdc9d9-ddb5-4fa4-a97d-d965ccfc6d4b" outcome="Passed" testListId="8c84fa94-04c1-424b-9868-57a2d4851a1d" relativeResultsDirectory="08683960-bc93-498f-9c45-bfac6f0336c9" />
    <UnitTestResult executionId="01d7f3b6-7269-4a17-b2c3-530e11bfbc87" testId="1ffcd684-6212-bd4c-0e17-9ea4fac907d1" testName="errorCheck_shotsAboveMaximum_returnsTrue" computerName="DESKTOP-1304CKW" duration="00:00:00.0000221" startTime="2025-09-13T17:14:42.9240026-04:00" endTime="2025-09-13T17:14:42.9240465-04:00" testType="13cdc9d9-ddb5-4fa4-a97d-d965ccfc6d4b" outcome="Passed" testListId="8c84fa94-04c1-424b-9868-57a2d4851a1d" relativeResultsDirectory="01d7f3b6-7269-4a17-b2c3-530e11bfbc87" />
    <UnitTestResult executionId="a8476402-caf9-4abb-939f-157943e6be80" testId="6981742b-2dcf-eef9-06b5-35e81e577ce0" testName="invalid_maximumShots_returnsFailureFlag" computerName="DESKTOP-1304CKW" duration="00:00:00.0000919" startTime="2025-09-13T17:14:42.9155555-04:00" endTime="2025-09-13T17:14:42.9156736-04:00" testType="13cdc9d9-ddb5-4fa4-a97d-d965ccfc6d4b" outcome="Passed" testListId="8c84fa94-04c1-424b-9868-57a2d4851a1d" relativeResultsDirectory="a8476402-caf9-4abb-939f-157943e6be80" />
    <UnitTestResult executionId="b1d87813-7042-441b-96e6-34863ae03413" testId="1f512e9b-311f-fc1b-3818-46cc7b30a98e" testName="check_decaf_returnsTrue" computerName="DESKTOP-1304CKW" duration="00:00:00.0001411" startTime="2025-09-13T17:14:42.8916497-04:00" endTime="2025-09-13T17:14:42.8918507-04:00" testType="13cdc9d9-ddb5-4fa4-a97d-d965ccfc6d4b" outcome="Passed" testListId="8c84fa94-04c1-424b-9868-57a2d4851a1d" relativeResultsDirectory="b1d87813-7042-441b-96e6-34863ae03413" />
    <UnitTestResult executionId="112e34d5-5ba6-4b9b-acaf-11a7d2e70d32" testId="0ce33c1c-508e-938f-348f-d3424a2d1dff" testName="validate_priceAccuracyCheck_returnsDecimal" computerName="DESKTOP-1304CKW" duration="00:00:00.0002368" startTime="2025-09-13T17:14:42.9241000-04:00" endTime="2025-09-13T17:14:42.9243885-04:00" testType="13cdc9d9-ddb5-4fa4-a97d-d965ccfc6d4b" outcome="Failed" testListId="8c84fa94-04c1-424b-9868-57a2d4851a1d" relativeResultsDirectory="112e34d5-5ba6-4b9b-acaf-11a7d2e70d32">
      <Output>
        <ErrorInfo>
          <Message>Assert.AreEqual failed. Expected:&lt;3.20&gt;. Actual:&lt;1.01700&gt;. </Message>
          <StackTrace>   at CoffeeOrder.Tests.PriceCalculatorTests.validate_priceAccuracyCheck_returnsDecimal() in D:\Programming\School\03\Software-Quality-I-Testing-Tools-and-Methodologies\ASN1\CoffeeOrder.Tests\PriceCalculatorTests.cs:line 34&#xD;
   at System.RuntimeMethodHandle.InvokeMethod(Object target, Void** arguments, Signature sig, Boolean isConstructor)&#xD;
   at System.Reflection.MethodBaseInvoker.InvokeWithNoArgs(Object obj, BindingFlags invokeAttr)&#xD;
</StackTrace>
        </ErrorInfo>
      </Output>
    </UnitTestResult>
    <UnitTestResult executionId="1a83e920-f174-4d03-b731-27f6b87ff843" testId="65fec8e7-95d7-1798-3572-31a04b19530c" testName="validate_selectsBOGOWhenBetterDeal_returnsBOGODiscount" computerName="DESKTOP-1304CKW" duration="00:00:00.0002433" startTime="2025-09-13T17:14:42.9268491-04:00" endTime="2025-09-13T17:14:42.9271339-04:00" testType="13cdc9d9-ddb5-4fa4-a97d-d965ccfc6d4b" outcome="Failed" testListId="8c84fa94-04c1-424b-9868-57a2d4851a1d" relativeResultsDirectory="1a83e920-f174-4d03-b731-27f6b87ff843">
      <Output>
        <ErrorInfo>
          <Message>Assert.AreEqual failed. Expected:&lt;2.45&gt;. Actual:&lt;0.56&gt;. </Message>
          <StackTrace>   at CoffeeOrder.Tests.PromotionHelperTests.validate_selectsBOGOWhenBetterDeal_returnsBOGODiscount() in D:\Programming\School\03\Software-Quality-I-Testing-Tools-and-Methodologies\ASN1\CoffeeOrder.Tests\PromotionHelperTEST.cs:line 163&#xD;
   at System.RuntimeMethodHandle.InvokeMethod(Object target, Void** arguments, Signature sig, Boolean isConstructor)&#xD;
   at System.Reflection.MethodBaseInvoker.InvokeWithNoArgs(Object obj, BindingFlags invokeAttr)&#xD;
</StackTrace>
        </ErrorInfo>
      </Output>
    </UnitTestResult>
    <UnitTestResult executionId="193a740d-c2a0-423b-9d98-8609bd2626c1" testId="e739f344-c1cc-8572-8980-befca5b7bdcc" testName="validate_happyHourOnVeryHotDrink_returnsDiscount" computerName="DESKTOP-1304CKW" duration="00:00:00.0002868" startTime="2025-09-13T17:14:42.9260196-04:00" endTime="2025-09-13T17:14:42.9263401-04:00" testType="13cdc9d9-ddb5-4fa4-a97d-d965ccfc6d4b" outcome="Failed" testListId="8c84fa94-04c1-424b-9868-57a2d4851a1d" relativeResultsDirectory="193a740d-c2a0-423b-9d98-8609bd2626c1">
      <Output>
        <ErrorInfo>
          <Message>Assert.AreEqual failed. Expected:&lt;0.75&gt;. Actual:&lt;0.31&gt;. </Message>
          <StackTrace>   at CoffeeOrder.Tests.PromotionHelperTests.validate_happyHourOnVeryHotDrink_returnsDiscount() in D:\Programming\School\03\Software-Quality-I-Testing-Tools-and-Methodologies\ASN1\CoffeeOrder.Tests\PromotionHelperTEST.cs:line 72&#xD;
   at System.RuntimeMethodHandle.InvokeMethod(Object target, Void** arguments, Signature sig, Boolean isConstructor)&#xD;
   at System.Reflection.MethodBaseInvoker.InvokeWithNoArgs(Object obj, BindingFlags invokeAttr)&#xD;
</StackTrace>
        </ErrorInfo>
      </Output>
    </UnitTestResult>
    <UnitTestResult executionId="3cc13110-de97-4814-85f5-8fa5d45dc27a" testId="b4511c17-f324-9c7b-e4b9-62dc7ac749cc" testName="errorCheck_shotsBelowMinimum_returnsTrue" computerName="DESKTOP-1304CKW" duration="00:00:00.0000312" startTime="2025-09-13T17:14:42.9239379-04:00" endTime="2025-09-13T17:14:42.9239904-04:00" testType="13cdc9d9-ddb5-4fa4-a97d-d965ccfc6d4b" outcome="Passed" testListId="8c84fa94-04c1-424b-9868-57a2d4851a1d" relativeResultsDirectory="3cc13110-de97-4814-85f5-8fa5d45dc27a" />
    <UnitTestResult executionId="61224cb8-52b6-4751-8b28-4e96f65bb59d" testId="73cf283a-78ec-961f-48df-fbc7e3516eb5" testName="invalid_toppingsOption_returnsFailureFlag" computerName="DESKTOP-1304CKW" duration="00:00:00.0000943" startTime="2025-09-13T17:14:42.9172459-04:00" endTime="2025-09-13T17:14:42.9173688-04:00" testType="13cdc9d9-ddb5-4fa4-a97d-d965ccfc6d4b" outcome="Passed" testListId="8c84fa94-04c1-424b-9868-57a2d4851a1d" relativeResultsDirectory="61224cb8-52b6-4751-8b28-4e96f65bb59d" />
    <UnitTestResult executionId="2192f59b-7e2c-4460-a8e3-1fe9301d8ffb" testId="bcf43e7e-deda-420e-d5c5-4930529f323a" testName="validate_getTempString_returnString" computerName="DESKTOP-1304CKW" duration="00:00:00.0001815" startTime="2025-09-13T17:14:42.9151571-04:00" endTime="2025-09-13T17:14:42.9153852-04:00" testType="13cdc9d9-ddb5-4fa4-a97d-d965ccfc6d4b" outcome="Passed" testListId="8c84fa94-04c1-424b-9868-57a2d4851a1d" relativeResultsDirectory="2192f59b-7e2c-4460-a8e3-1fe9301d8ffb" />
    <UnitTestResult executionId="460a4548-8a5d-43c6-bb69-0365b592f9f7" testId="91166a69-5c0c-0669-c2f4-fb5ab83f0226" testName="valid_drink_returnsDrink" computerName="DESKTOP-1304CKW" duration="00:00:00.0018590" startTime="2025-09-13T17:14:42.9125341-04:00" endTime="2025-09-13T17:14:42.9145400-04:00" testType="13cdc9d9-ddb5-4fa4-a97d-d965ccfc6d4b" outcome="Failed" testListId="8c84fa94-04c1-424b-9868-57a2d4851a1d" relativeResultsDirectory="460a4548-8a5d-43c6-bb69-0365b592f9f7">
      <Output>
        <ErrorInfo>
          <Message>Assert.AreEqual failed. Expected:&lt;3.80&gt;. Actual:&lt;1.58200&gt;. </Message>
          <StackTrace>   at CoffeeOrder.Tests.BeverageTests.valid_drink_returnsDrink() in D:\Programming\School\03\Software-Quality-I-Testing-Tools-and-Methodologies\ASN1\CoffeeOrder.Tests\BeverageTEST.cs:line 56&#xD;
   at System.RuntimeMethodHandle.InvokeMethod(Object target, Void** arguments, Signature sig, Boolean isConstructor)&#xD;
   at System.Reflection.MethodBaseInvoker.InvokeWithNoArgs(Object obj, BindingFlags invokeAttr)&#xD;
</StackTrace>
        </ErrorInfo>
      </Output>
    </UnitTestResult>
    <UnitTestResult executionId="7ef94b9e-f89c-4afa-9613-87cdaebbfedf" testId="88b2a1ce-4620-8046-545c-a65300dfd894" testName="validate_getSizeString_returnsString" computerName="DESKTOP-1304CKW" duration="00:00:00.0004811" startTime="2025-09-13T17:14:42.9145826-04:00" endTime="2025-09-13T17:14:42.9151247-04:00" testType="13cdc9d9-ddb5-4fa4-a97d-d965ccfc6d4b" outcome="Passed" testListId="8c84fa94-04c1-424b-9868-57a2d4851a1d" relativeResultsDirectory="7ef94b9e-f89c-4afa-9613-87cdaebbfedf" />
    <UnitTestResult executionId="b20fd298-7349-4c2c-a5b2-a006fffc6737" testId="0ebb6e1f-31d3-354b-a0aa-51ab6c0d5337" testName="errorCheck_emptyEnum_returnsString" computerName="DESKTOP-1304CKW" duration="00:00:00.0000592" startTime="2025-09-13T17:14:42.9323497-04:00" endTime="2025-09-13T17:14:42.9324284-04:00" testType="13cdc9d9-ddb5-4fa4-a97d-d965ccfc6d4b" outcome="Passed" testListId="8c84fa94-04c1-424b-9868-57a2d4851a1d" relativeResultsDirectory="b20fd298-7349-4c2c-a5b2-a006fffc6737" />
    <UnitTestResult executionId="18bd0ee9-8964-44fa-850b-4351f93cb517" testId="cfa437dc-fb89-9caa-bc15-10ed2aac71f3" testName="validate_addName_returnString" computerName="DESKTOP-1304CKW" duration="00:00:00.0000907" startTime="2025-09-13T17:14:42.9209473-04:00" endTime="2025-09-13T17:14:42.9210790-04:00" testType="13cdc9d9-ddb5-4fa4-a97d-d965ccfc6d4b" outcome="Passed" testListId="8c84fa94-04c1-424b-9868-57a2d4851a1d" relativeResultsDirectory="18bd0ee9-8964-44fa-850b-4351f93cb517" />
    <UnitTestResult executionId="2f90cbda-111d-4137-8676-347215375f17" testId="6aa4eab6-3d85-abf2-6b59-2abc3ef9b765" testName="validate_syrupsNotPresent_returnsFalse" computerName="DESKTOP-1304CKW" duration="00:00:00.0000803" startTime="2025-09-13T17:14:42.9225127-04:00" endTime="2025-09-13T17:14:42.9226835-04:00" testType="13cdc9d9-ddb5-4fa4-a97d-d965ccfc6d4b" outcome="Passed" testListId="8c84fa94-04c1-424b-9868-57a2d4851a1d" relativeResultsDirectory="2f90cbda-111d-4137-8676-347215375f17" />
    <UnitTestResult executionId="20cce4db-9b7c-4edf-87b6-e571cf122ead" testId="c2b880c4-6aa3-a22e-c26b-92d66c839b56" testName="validate_addDiscountEmptyBeverages_returnDiscountOBJ" computerName="DESKTOP-1304CKW" duration="00:00:00.0000971" startTime="2025-09-13T17:14:42.9218686-04:00" endTime="2025-09-13T17:14:42.9219992-04:00" testType="13cdc9d9-ddb5-4fa4-a97d-d965ccfc6d4b" outcome="Passed" testListId="8c84fa94-04c1-424b-9868-57a2d4851a1d" relativeResultsDirectory="20cce4db-9b7c-4edf-87b6-e571cf122ead" />
    <UnitTestResult executionId="c4cf86fc-60f0-43ef-bc1a-eee6e1117481" testId="7b5f8fd9-7465-02da-6f82-9286c6f835af" testName="validate_happyHourOnHotDrink_returnsDiscount" computerName="DESKTOP-1304CKW" duration="00:00:00.0002867" startTime="2025-09-13T17:14:42.9256588-04:00" endTime="2025-09-13T17:14:42.9260017-04:00" testType="13cdc9d9-ddb5-4fa4-a97d-d965ccfc6d4b" outcome="Failed" testListId="8c84fa94-04c1-424b-9868-57a2d4851a1d" relativeResultsDirectory="c4cf86fc-60f0-43ef-bc1a-eee6e1117481">
      <Output>
        <ErrorInfo>
          <Message>Assert.AreEqual failed. Expected:&lt;0.75&gt;. Actual:&lt;0.31&gt;. </Message>
          <StackTrace>   at CoffeeOrder.Tests.PromotionHelperTests.validate_happyHourOnHotDrink_returnsDiscount() in D:\Programming\School\03\Software-Quality-I-Testing-Tools-and-Methodologies\ASN1\CoffeeOrder.Tests\PromotionHelperTEST.cs:line 38&#xD;
   at System.RuntimeMethodHandle.InvokeMethod(Object target, Void** arguments, Signature sig, Boolean isConstructor)&#xD;
   at System.Reflection.MethodBaseInvoker.InvokeWithNoArgs(Object obj, BindingFlags invokeAttr)&#xD;
</StackTrace>
        </ErrorInfo>
      </Output>
    </UnitTestResult>
    <UnitTestResult executionId="7b14db8d-177c-4376-a54c-38f1688f4d75" testId="81c3a416-88ce-0ce5-401b-48796f1bcebb" testName="validate_toppingsNotPresent_returnsFalse" computerName="DESKTOP-1304CKW" duration="00:00:00.0000943" startTime="2025-09-13T17:14:42.9226982-04:00" endTime="2025-09-13T17:14:42.9228244-04:00" testType="13cdc9d9-ddb5-4fa4-a97d-d965ccfc6d4b" outcome="Passed" testListId="8c84fa94-04c1-424b-9868-57a2d4851a1d" relativeResultsDirectory="7b14db8d-177c-4376-a54c-38f1688f4d75" />
    <UnitTestResult executionId="3dd863bd-cd12-4a38-bd89-2ca78a187628" testId="b2e73580-fd80-1e2e-5c34-05f7ff670fb0" testName="invalid_maxSyrups_returnsFailureFlag" computerName="DESKTOP-1304CKW" duration="00:00:00.0001067" startTime="2025-09-13T17:14:42.9156835-04:00" endTime="2025-09-13T17:14:42.9158152-04:00" testType="13cdc9d9-ddb5-4fa4-a97d-d965ccfc6d4b" outcome="Passed" testListId="8c84fa94-04c1-424b-9868-57a2d4851a1d" relativeResultsDirectory="3dd863bd-cd12-4a38-bd89-2ca78a187628" />
    <UnitTestResult executionId="8f7dd20c-65bf-4a81-840e-0341c6163d36" testId="f6996d56-dee7-1208-1ebb-d1b04eab1776" testName="invalid_syrupOption_returnsFailureFlag" computerName="DESKTOP-1304CKW" duration="00:00:00.0001079" startTime="2025-09-13T17:14:42.9170912-04:00" endTime="2025-09-13T17:14:42.9172312-04:00" testType="13cdc9d9-ddb5-4fa4-a97d-d965ccfc6d4b" outcome="Passed" testListId="8c84fa94-04c1-424b-9868-57a2d4851a1d" relativeResultsDirectory="8f7dd20c-65bf-4a81-840e-0341c6163d36" />
    <UnitTestResult executionId="ef149213-1bb2-4774-8e32-9189733b5120" testId="3636ac50-4684-ff80-ffbd-a0f946c7bf9f" testName="checkError_MaximumDrinkCountReached_returnError" computerName="DESKTOP-1304CKW" duration="00:00:00.0001906" startTime="2025-09-13T17:14:42.9216174-04:00" endTime="2025-09-13T17:14:42.9218512-04:00" testType="13cdc9d9-ddb5-4fa4-a97d-d965ccfc6d4b" outcome="Passed" testListId="8c84fa94-04c1-424b-9868-57a2d4851a1d" relativeResultsDirectory="ef149213-1bb2-4774-8e32-9189733b5120" />
    <UnitTestResult executionId="d3479e65-9d47-4e65-ac6d-b515c2ba8336" testId="96b958e7-8f0d-ca71-c658-be341d7792c1" testName="invalid_milkOption_returnsFailureFlag" computerName="DESKTOP-1304CKW" duration="00:00:00.0001324" startTime="2025-09-13T17:14:42.9168933-04:00" endTime="2025-09-13T17:14:42.9170743-04:00" testType="13cdc9d9-ddb5-4fa4-a97d-d965ccfc6d4b" outcome="Passed" testListId="8c84fa94-04c1-424b-9868-57a2d4851a1d" relativeResultsDirectory="d3479e65-9d47-4e65-ac6d-b515c2ba8336" />
    <UnitTestResult executionId="582b39c3-c9d5-4a6d-84ee-5f1ed86c82f4" testId="d4e3120b-08d4-c80d-778e-bdae34940869" testName="invalid_temp_returnsFailureflag" computerName="DESKTOP-1304CKW" duration="00:00:00.0000989" startTime="2025-09-13T17:14:42.9160555-04:00" endTime="2025-09-13T17:14:42.9161771-04:00" testType="13cdc9d9-ddb5-4fa4-a97d-d965ccfc6d4b" outcome="Passed" testListId="8c84fa94-04c1-424b-9868-57a2d4851a1d" relativeResultsDirectory="582b39c3-c9d5-4a6d-84ee-5f1ed86c82f4" />
    <UnitTestResult executionId="4be16707-9e49-43a6-99ad-cef0831e7e4d" testId="76f28a51-6c6e-f112-dcba-bb316d5f2b0d" testName="validate_bogoOnCheaperDrink_returnsDiscount" computerName="DESKTOP-1304CKW" duration="00:00:00.0004313" startTime="2025-09-13T17:14:42.9263580-04:00" endTime="2025-09-13T17:14:42.9268291-04:00" testType="13cdc9d9-ddb5-4fa4-a97d-d965ccfc6d4b" outcome="Failed" testListId="8c84fa94-04c1-424b-9868-57a2d4851a1d" relativeResultsDirectory="4be16707-9e49-43a6-99ad-cef0831e7e4d">
      <Output>
        <ErrorInfo>
          <Message>Assert.AreEqual failed. Expected:&lt;2.45&gt;. Actual:&lt;0.56&gt;. </Message>
          <StackTrace>   at CoffeeOrder.Tests.PromotionHelperTests.validate_bogoOnCheaperDrink_returnsDiscount() in D:\Programming\School\03\Software-Quality-I-Testing-Tools-and-Methodologies\ASN1\CoffeeOrder.Tests\PromotionHelperTEST.cs:line 117&#xD;
   at System.RuntimeMethodHandle.InvokeMethod(Object target, Void** arguments, Signature sig, Boolean isConstructor)&#xD;
   at System.Reflection.MethodBaseInvoker.InvokeWithNoArgs(Object obj, BindingFlags invokeAttr)&#xD;
</StackTrace>
        </ErrorInfo>
      </Output>
    </UnitTestResult>
    <UnitTestResult executionId="62c9dfa0-657e-417f-b91a-a149df94745c" testId="26e6f5f7-81e9-6de1-6e9b-b7c4c8544665" testName="invalid_baseDrink_returnsFailureFlag" computerName="DESKTOP-1304CKW" duration="00:00:00.0000865" startTime="2025-09-13T17:14:42.9158252-04:00" endTime="2025-09-13T17:14:42.9159359-04:00" testType="13cdc9d9-ddb5-4fa4-a97d-d965ccfc6d4b" outcome="Passed" testListId="8c84fa94-04c1-424b-9868-57a2d4851a1d" relativeResultsDirectory="62c9dfa0-657e-417f-b91a-a149df94745c" />
    <UnitTestResult executionId="7f8c24fd-88d3-46fd-a970-1232655a09d5" testId="76518acd-d921-4ac8-099b-3cd2b190ab20" testName="valid_twoStringLists_returnsStringList" computerName="DESKTOP-1304CKW" duration="00:00:00.0001835" startTime="2025-09-13T17:14:42.9319040-04:00" endTime="2025-09-13T17:14:42.9321270-04:00" testType="13cdc9d9-ddb5-4fa4-a97d-d965ccfc6d4b" outcome="Passed" testListId="8c84fa94-04c1-424b-9868-57a2d4851a1d" relativeResultsDirectory="7f8c24fd-88d3-46fd-a970-1232655a09d5" />
    <UnitTestResult executionId="23ae5962-f0a1-4712-b997-23980f24ca00" testId="8cde6510-60ec-3359-52b7-be0d7e4fe308" testName="check_plantMilkAllegenFlag_returnsList" computerName="DESKTOP-1304CKW" duration="00:00:00.0819432" startTime="2025-09-13T17:14:42.7919725-04:00" endTime="2025-09-13T17:14:42.8882207-04:00" testType="13cdc9d9-ddb5-4fa4-a97d-d965ccfc6d4b" outcome="Failed" testListId="8c84fa94-04c1-424b-9868-57a2d4851a1d" relativeResultsDirectory="23ae5962-f0a1-4712-b997-23980f24ca00">
      <Output>
        <ErrorInfo>
          <Message>Assert.AreEqual failed. Expected:&lt;Contains ALMONDS&gt;. Actual:&lt;Contains Nuts&gt;. </Message>
          <StackTrace>   at CoffeeOrder.Tests.BeverageClassifierTests.check_plantMilkAllegenFlag_returnsList() in D:\Programming\School\03\Software-Quality-I-Testing-Tools-and-Methodologies\ASN1\CoffeeOrder.Tests\BeverageClassifierTEST.cs:line 37&#xD;
   at System.RuntimeMethodHandle.InvokeMethod(Object target, Void** arguments, Signature sig, Boolean isConstructor)&#xD;
   at System.Reflection.MethodBaseInvoker.InvokeWithNoArgs(Object obj, BindingFlags invokeAttr)&#xD;
</StackTrace>
        </ErrorInfo>
      </Output>
    </UnitTestResult>
    <UnitTestResult executionId="dc2c0b4a-536d-4934-a9f6-22de5f30a7d1" testId="01744df6-beda-edad-8b22-dde861449816" testName="check_EspressoKidFriendly_returnsFalse" computerName="DESKTOP-1304CKW" duration="00:00:00.0000966" startTime="2025-09-13T17:14:42.8923969-04:00" endTime="2025-09-13T17:14:42.8925190-04:00" testType="13cdc9d9-ddb5-4fa4-a97d-d965ccfc6d4b" outcome="Passed" testListId="8c84fa94-04c1-424b-9868-57a2d4851a1d" relativeResultsDirectory="dc2c0b4a-536d-4934-a9f6-22de5f30a7d1" />
    <UnitTestResult executionId="666e38ca-564c-436d-855f-6ecd03cc5b8b" testId="a9a099fe-cea2-d000-34e0-09339dfe85db" testName="validate_milkNotValid_returnsTrue" computerName="DESKTOP-1304CKW" duration="00:00:00.0000324" startTime="2025-09-13T17:14:42.9231605-04:00" endTime="2025-09-13T17:14:42.9232183-04:00" testType="13cdc9d9-ddb5-4fa4-a97d-d965ccfc6d4b" outcome="Passed" testListId="8c84fa94-04c1-424b-9868-57a2d4851a1d" relativeResultsDirectory="666e38ca-564c-436d-855f-6ecd03cc5b8b" />
    <UnitTestResult executionId="40f0c915-fe86-4519-a8c5-7d817ea905ed" testId="226c32f5-84c0-5cd7-f6db-d0fc7c3dbba0" testName="validate_milkNotPresent_returnsTrue" computerName="DESKTOP-1304CKW" duration="00:00:00.0000251" startTime="2025-09-13T17:14:42.9228376-04:00" endTime="2025-09-13T17:14:42.9228904-04:00" testType="13cdc9d9-ddb5-4fa4-a97d-d965ccfc6d4b" outcome="Passed" testListId="8c84fa94-04c1-424b-9868-57a2d4851a1d" relativeResultsDirectory="40f0c915-fe86-4519-a8c5-7d817ea905ed" />
    <UnitTestResult executionId="42e2e1c0-ffc3-4c1c-a8e7-d1b1674d5c2f" testId="ec476349-50aa-b34b-91c9-d9dae68ad857" testName="validate_addBeverage_returnList" computerName="DESKTOP-1304CKW" duration="00:00:00.0002849" startTime="2025-09-13T17:14:42.9205980-04:00" endTime="2025-09-13T17:14:42.9209295-04:00" testType="13cdc9d9-ddb5-4fa4-a97d-d965ccfc6d4b" outcome="Passed" testListId="8c84fa94-04c1-424b-9868-57a2d4851a1d" relativeResultsDirectory="42e2e1c0-ffc3-4c1c-a8e7-d1b1674d5c2f" />
    <UnitTestResult executionId="68c40160-c078-4e7c-b892-064754dbbf50" testId="6dd57b3a-8c69-15a5-c750-a55449d280f1" testName="errorCheck_oneStringListNull_returnsStringList" computerName="DESKTOP-1304CKW" duration="00:00:00.0000429" startTime="2025-09-13T17:14:42.9324366-04:00" endTime="2025-09-13T17:14:42.9325047-04:00" testType="13cdc9d9-ddb5-4fa4-a97d-d965ccfc6d4b" outcome="Passed" testListId="8c84fa94-04c1-424b-9868-57a2d4851a1d" relativeResultsDirectory="68c40160-c078-4e7c-b892-064754dbbf50" />
    <UnitTestResult executionId="5e870827-c14b-4ddb-b68f-853a22efa088" testId="1f1c733d-46a1-51a1-40bc-fc63e95fbd4a" testName="check_plantMilkAllegenFlag_returnsEmptyList" computerName="DESKTOP-1304CKW" duration="00:00:00.0002546" startTime="2025-09-13T17:14:42.8926372-04:00" endTime="2025-09-13T17:14:42.8929708-04:00" testType="13cdc9d9-ddb5-4fa4-a97d-d965ccfc6d4b" outcome="Passed" testListId="8c84fa94-04c1-424b-9868-57a2d4851a1d" relativeResultsDirectory="5e870827-c14b-4ddb-b68f-853a22efa088" />
    <UnitTestResult executionId="24454d32-135e-4635-8b43-93a0d27d839b" testId="390679b4-c47c-97a6-8411-4aecfef0859d" testName="errorCheck_baseDrinkNotPresent_returnsTrue" computerName="DESKTOP-1304CKW" duration="00:00:00.0000401" startTime="2025-09-13T17:14:42.9238535-04:00" endTime="2025-09-13T17:14:42.9239253-04:00" testType="13cdc9d9-ddb5-4fa4-a97d-d965ccfc6d4b" outcome="Passed" testListId="8c84fa94-04c1-424b-9868-57a2d4851a1d" relativeResultsDirectory="24454d32-135e-4635-8b43-93a0d27d839b" />
    <UnitTestResult executionId="ebf49e0e-0c17-463d-8d97-c3f0568d3ee3" testId="39048f2d-7369-2ba0-4d0f-0a33eae532cc" testName="validate_happyHourOnVeryColdDrink_returnsNoDiscount" computerName="DESKTOP-1304CKW" duration="00:00:00.0001336" startTime="2025-09-13T17:14:42.9285447-04:00" endTime="2025-09-13T17:14:42.9287176-04:00" testType="13cdc9d9-ddb5-4fa4-a97d-d965ccfc6d4b" outcome="Passed" testListId="8c84fa94-04c1-424b-9868-57a2d4851a1d" relativeResultsDirectory="ebf49e0e-0c17-463d-8d97-c3f0568d3ee3" />
    <UnitTestResult executionId="02d7b828-b19f-4dfc-8a63-ae0f07265274" testId="d7f2bd3b-8ae5-052d-9eed-b32d1161442f" testName="invalid_beverageList_returnsDecimal" computerName="DESKTOP-1304CKW" duration="00:00:00.0000438" startTime="2025-09-13T17:14:42.9249652-04:00" endTime="2025-09-13T17:14:42.9250325-04:00" testType="13cdc9d9-ddb5-4fa4-a97d-d965ccfc6d4b" outcome="Passed" testListId="8c84fa94-04c1-424b-9868-57a2d4851a1d" relativeResultsDirectory="02d7b828-b19f-4dfc-8a63-ae0f07265274" />
    <UnitTestResult executionId="083ec6d5-aff2-48a3-9096-7e18d122cfaf" testId="29a04268-c10a-2726-9088-840fd26aaeb7" testName="validate_roundValueToNickleRoundDown_returnsDecimal" computerName="DESKTOP-1304CKW" duration="00:00:00.0000334" startTime="2025-09-13T17:14:42.9250409-04:00" endTime="2025-09-13T17:14:42.9250975-04:00" testType="13cdc9d9-ddb5-4fa4-a97d-d965ccfc6d4b" outcome="Passed" testListId="8c84fa94-04c1-424b-9868-57a2d4851a1d" relativeResultsDirectory="083ec6d5-aff2-48a3-9096-7e18d122cfaf" />
    <UnitTestResult executionId="34952d76-0cb6-4140-9d81-d676a7dc6160" testId="0755c290-2d7a-da8f-474d-5a7613517775" testName="check_lessThanVeryHotOrEspressoKidFriendly_returnsTrue" computerName="DESKTOP-1304CKW" duration="00:00:00.0004418" startTime="2025-09-13T17:14:42.8909992-04:00" endTime="2025-09-13T17:14:42.8915921-04:00" testType="13cdc9d9-ddb5-4fa4-a97d-d965ccfc6d4b" outcome="Passed" testListId="8c84fa94-04c1-424b-9868-57a2d4851a1d" relativeResultsDirectory="34952d76-0cb6-4140-9d81-d676a7dc6160" />
    <UnitTestResult executionId="570b0f29-1b09-42cf-a48a-59fa0b1975da" testId="7b48ba01-5945-d7ac-ebab-80cc260f0d4a" testName="check_VeryHotKidFriendly_returnsFalse" computerName="DESKTOP-1304CKW" duration="00:00:00.0000740" startTime="2025-09-13T17:14:42.8925287-04:00" endTime="2025-09-13T17:14:42.8926284-04:00" testType="13cdc9d9-ddb5-4fa4-a97d-d965ccfc6d4b" outcome="Passed" testListId="8c84fa94-04c1-424b-9868-57a2d4851a1d" relativeResultsDirectory="570b0f29-1b09-42cf-a48a-59fa0b1975da" />
    <UnitTestResult executionId="3d227d92-a90f-4e96-a40c-c4e3fca0d300" testId="a03437ff-13ac-0403-894a-f8a80581a194" testName="errorCheck_emptyListDedupe_returnsStringList" computerName="DESKTOP-1304CKW" duration="00:00:00.0000463" startTime="2025-09-13T17:14:42.9322683-04:00" endTime="2025-09-13T17:14:42.9323372-04:00" testType="13cdc9d9-ddb5-4fa4-a97d-d965ccfc6d4b" outcome="Passed" testListId="8c84fa94-04c1-424b-9868-57a2d4851a1d" relativeResultsDirectory="3d227d92-a90f-4e96-a40c-c4e3fca0d300" />
    <UnitTestResult executionId="bd3ec189-fb08-419a-9e9b-0da7b10c0ea7" testId="1c6110d1-3e41-4d5c-377b-c77d31945bb1" testName="validate_roundValueToNickle_returnsDecimal" computerName="DESKTOP-1304CKW" duration="00:00:00.0000537" startTime="2025-09-13T17:14:42.9248639-04:00" endTime="2025-09-13T17:14:42.9249509-04:00" testType="13cdc9d9-ddb5-4fa4-a97d-d965ccfc6d4b" outcome="Passed" testListId="8c84fa94-04c1-424b-9868-57a2d4851a1d" relativeResultsDirectory="bd3ec189-fb08-419a-9e9b-0da7b10c0ea7" />
    <UnitTestResult executionId="b6c09c07-a8ba-45b9-9e39-96998a60d1d8" testId="ff429328-86e1-bfe1-0aea-aa87ae3082f9" testName="validate_dedupeStringList_returnsStringList" computerName="DESKTOP-1304CKW" duration="00:00:00.0000798" startTime="2025-09-13T17:14:42.9321443-04:00" endTime="2025-09-13T17:14:42.9322582-04:00" testType="13cdc9d9-ddb5-4fa4-a97d-d965ccfc6d4b" outcome="Passed" testListId="8c84fa94-04c1-424b-9868-57a2d4851a1d" relativeResultsDirectory="b6c09c07-a8ba-45b9-9e39-96998a60d1d8" />
    <UnitTestResult executionId="dd95ad1b-2c11-4916-b2cf-f4f58a3b99ff" testId="a1294d06-7eb4-9936-43a9-e6dc65d4cf9c" testName="validate_toppingsValid_returnsFalse" computerName="DESKTOP-1304CKW" duration="00:00:00.0000256" startTime="2025-09-13T17:14:42.9233392-04:00" endTime="2025-09-13T17:14:42.9233821-04:00" testType="13cdc9d9-ddb5-4fa4-a97d-d965ccfc6d4b" outcome="Passed" testListId="8c84fa94-04c1-424b-9868-57a2d4851a1d" relativeResultsDirectory="dd95ad1b-2c11-4916-b2cf-f4f58a3b99ff" />
    <UnitTestResult executionId="4e227b0a-c54b-4f5e-b05f-7ea7004b42de" testId="1a882987-184d-9b4b-13c4-9582d56028c1" testName="validate_addDiscount_returnDiscountOBJ" computerName="DESKTOP-1304CKW" duration="00:00:00.0004737" startTime="2025-09-13T17:14:42.9210907-04:00" endTime="2025-09-13T17:14:42.9215976-04:00" testType="13cdc9d9-ddb5-4fa4-a97d-d965ccfc6d4b" outcome="Failed" testListId="8c84fa94-04c1-424b-9868-57a2d4851a1d" relativeResultsDirectory="4e227b0a-c54b-4f5e-b05f-7ea7004b42de">
      <Output>
        <ErrorInfo>
          <Message>Assert.AreEqual failed. Expected:&lt;0.75&gt;. Actual:&lt;0.31&gt;. </Message>
          <StackTrace>   at CoffeeOrder.Tests.OrderTests.validate_addDiscount_returnDiscountOBJ() in D:\Programming\School\03\Software-Quality-I-Testing-Tools-and-Methodologies\ASN1\CoffeeOrder.Tests\OrderTEST.cs:line 110&#xD;
   at System.RuntimeMethodHandle.InvokeMethod(Object target, Void** arguments, Signature sig, Boolean isConstructor)&#xD;
   at System.Reflection.MethodBaseInvoker.InvokeWithNoArgs(Object obj, BindingFlags invokeAttr)&#xD;
</StackTrace>
        </ErrorInfo>
      </Output>
    </UnitTestResult>
    <UnitTestResult executionId="748fedf2-cac5-43f4-9a20-3523ca922588" testId="e56a46cd-6e7b-7362-63ca-10db6895a1ef" testName="invalid_size_returnsFailureflag" computerName="DESKTOP-1304CKW" duration="00:00:00.0000797" startTime="2025-09-13T17:14:42.9159451-04:00" endTime="2025-09-13T17:14:42.9160467-04:00" testType="13cdc9d9-ddb5-4fa4-a97d-d965ccfc6d4b" outcome="Passed" testListId="8c84fa94-04c1-424b-9868-57a2d4851a1d" relativeResultsDirectory="748fedf2-cac5-43f4-9a20-3523ca922588" />
  </Results>
  <TestDefinitions>
    <UnitTest name="check_plantMilkAllegenFlag_returnsList" storage="d:\programming\school\03\software-quality-i-testing-tools-and-methodologies\asn1\coffeeorder.tests\bin\debug\net8.0\coffeeorder.tests.dll" id="8cde6510-60ec-3359-52b7-be0d7e4fe308">
      <Execution id="23ae5962-f0a1-4712-b997-23980f24ca00" />
      <TestMethod codeBase="D:\Programming\School\03\Software-Quality-I-Testing-Tools-and-Methodologies\ASN1\CoffeeOrder.Tests\bin\Debug\net8.0\CoffeeOrder.Tests.dll" adapterTypeName="executor://mstestadapter/v2" className="CoffeeOrder.Tests.BeverageClassifierTests" name="check_plantMilkAllegenFlag_returnsList" />
    </UnitTest>
    <UnitTest name="validate_OrderPriceCalculationWithDiscount_returnsDecimal" storage="d:\programming\school\03\software-quality-i-testing-tools-and-methodologies\asn1\coffeeorder.tests\bin\debug\net8.0\coffeeorder.tests.dll" id="f0339a23-4439-35e7-eed6-e862427f24bc">
      <Execution id="7048945c-ece7-48e3-b332-8b92e8e9f4ca" />
      <TestMethod codeBase="D:\Programming\School\03\Software-Quality-I-Testing-Tools-and-Methodologies\ASN1\CoffeeOrder.Tests\bin\Debug\net8.0\CoffeeOrder.Tests.dll" adapterTypeName="executor://mstestadapter/v2" className="CoffeeOrder.Tests.PriceCalculatorTests" name="validate_OrderPriceCalculationWithDiscount_returnsDecimal" />
    </UnitTest>
    <UnitTest name="invalid_beverageList_returnsDecimal" storage="d:\programming\school\03\software-quality-i-testing-tools-and-methodologies\asn1\coffeeorder.tests\bin\debug\net8.0\coffeeorder.tests.dll" id="d7f2bd3b-8ae5-052d-9eed-b32d1161442f">
      <Execution id="02d7b828-b19f-4dfc-8a63-ae0f07265274" />
      <TestMethod codeBase="D:\Programming\School\03\Software-Quality-I-Testing-Tools-and-Methodologies\ASN1\CoffeeOrder.Tests\bin\Debug\net8.0\CoffeeOrder.Tests.dll" adapterTypeName="executor://mstestadapter/v2" className="CoffeeOrder.Tests.PriceCalculatorTests" name="invalid_beverageList_returnsDecimal" />
    </UnitTest>
    <UnitTest name="invalid_minimumShots_returnsFailureFlag" storage="d:\programming\school\03\software-quality-i-testing-tools-and-methodologies\asn1\coffeeorder.tests\bin\debug\net8.0\coffeeorder.tests.dll" id="36010a2c-850b-174f-54b5-80641612d7ab">
      <Execution id="c844f653-3461-4748-9e4c-1a44c12b002b" />
      <TestMethod codeBase="D:\Programming\School\03\Software-Quality-I-Testing-Tools-and-Methodologies\ASN1\CoffeeOrder.Tests\bin\Debug\net8.0\CoffeeOrder.Tests.dll" adapterTypeName="executor://mstestadapter/v2" className="CoffeeOrder.Tests.BeverageTests" name="invalid_minimumShots_returnsFailureFlag" />
    </UnitTest>
    <UnitTest name="check_plantMilkAllegenFlag_returnsEmptyList" storage="d:\programming\school\03\software-quality-i-testing-tools-and-methodologies\asn1\coffeeorder.tests\bin\debug\net8.0\coffeeorder.tests.dll" id="1f1c733d-46a1-51a1-40bc-fc63e95fbd4a">
      <Execution id="5e870827-c14b-4ddb-b68f-853a22efa088" />
      <TestMethod codeBase="D:\Programming\School\03\Software-Quality-I-Testing-Tools-and-Methodologies\ASN1\CoffeeOrder.Tests\bin\Debug\net8.0\CoffeeOrder.Tests.dll" adapterTypeName="executor://mstestadapter/v2" className="CoffeeOrder.Tests.BeverageClassifierTests" name="check_plantMilkAllegenFlag_returnsEmptyList" />
    </UnitTest>
    <UnitTest name="validate_roundValueToNickle_returnsDecimal" storage="d:\programming\school\03\software-quality-i-testing-tools-and-methodologies\asn1\coffeeorder.tests\bin\debug\net8.0\coffeeorder.tests.dll" id="1c6110d1-3e41-4d5c-377b-c77d31945bb1">
      <Execution id="bd3ec189-fb08-419a-9e9b-0da7b10c0ea7" />
      <TestMethod codeBase="D:\Programming\School\03\Software-Quality-I-Testing-Tools-and-Methodologies\ASN1\CoffeeOrder.Tests\bin\Debug\net8.0\CoffeeOrder.Tests.dll" adapterTypeName="executor://mstestadapter/v2" className="CoffeeOrder.Tests.PriceCalculatorTests" name="validate_roundValueToNickle_returnsDecimal" />
    </UnitTest>
    <UnitTest name="invalid_maxSyrups_returnsFailureFlag" storage="d:\programming\school\03\software-quality-i-testing-tools-and-methodologies\asn1\coffeeorder.tests\bin\debug\net8.0\coffeeorder.tests.dll" id="b2e73580-fd80-1e2e-5c34-05f7ff670fb0">
      <Execution id="3dd863bd-cd12-4a38-bd89-2ca78a187628" />
      <TestMethod codeBase="D:\Programming\School\03\Software-Quality-I-Testing-Tools-and-Methodologies\ASN1\CoffeeOrder.Tests\bin\Debug\net8.0\CoffeeOrder.Tests.dll" adapterTypeName="executor://mstestadapter/v2" className="CoffeeOrder.Tests.BeverageTests" name="invalid_maxSyrups_returnsFailureFlag" />
    </UnitTest>
    <UnitTest name="validate_happyHourOnHotDrink_returnsDiscount" storage="d:\programming\school\03\software-quality-i-testing-tools-and-methodologies\asn1\coffeeorder.tests\bin\debug\net8.0\coffeeorder.tests.dll" id="7b5f8fd9-7465-02da-6f82-9286c6f835af">
      <Execution id="c4cf86fc-60f0-43ef-bc1a-eee6e1117481" />
      <TestMethod codeBase="D:\Programming\School\03\Software-Quality-I-Testing-Tools-and-Methodologies\ASN1\CoffeeOrder.Tests\bin\Debug\net8.0\CoffeeOrder.Tests.dll" adapterTypeName="executor://mstestadapter/v2" className="CoffeeOrder.Tests.PromotionHelperTests" name="validate_happyHourOnHotDrink_returnsDiscount" />
    </UnitTest>
    <UnitTest name="check_vegan_returnsTrue" storage="d:\programming\school\03\software-quality-i-testing-tools-and-methodologies\asn1\coffeeorder.tests\bin\debug\net8.0\coffeeorder.tests.dll" id="86c9001e-ba01-1836-ae0f-c054a0d569cd">
      <Execution id="7a34d813-5e19-4a95-899c-0e557f4fc258" />
      <TestMethod codeBase="D:\Programming\School\03\Software-Quality-I-Testing-Tools-and-Methodologies\ASN1\CoffeeOrder.Tests\bin\Debug\net8.0\CoffeeOrder.Tests.dll" adapterTypeName="executor://mstestadapter/v2" className="CoffeeOrder.Tests.BeverageClassifierTests" name="check_vegan_returnsTrue" />
    </UnitTest>
    <UnitTest name="checkError_MaximumDrinkCountReached_returnError" storage="d:\programming\school\03\software-quality-i-testing-tools-and-methodologies\asn1\coffeeorder.tests\bin\debug\net8.0\coffeeorder.tests.dll" id="3636ac50-4684-ff80-ffbd-a0f946c7bf9f">
      <Execution id="ef149213-1bb2-4774-8e32-9189733b5120" />
      <TestMethod codeBase="D:\Programming\School\03\Software-Quality-I-Testing-Tools-and-Methodologies\ASN1\CoffeeOrder.Tests\bin\Debug\net8.0\CoffeeOrder.Tests.dll" adapterTypeName="executor://mstestadapter/v2" className="CoffeeOrder.Tests.OrderTests" name="checkError_MaximumDrinkCountReached_returnError" />
    </UnitTest>
    <UnitTest name="errorCheck_twoStringListsNull_returnsStringList" storage="d:\programming\school\03\software-quality-i-testing-tools-and-methodologies\asn1\coffeeorder.tests\bin\debug\net8.0\coffeeorder.tests.dll" id="c9b7a728-1074-59ef-5688-9829b30b5869">
      <Execution id="f2fd36a1-d4ac-4a6b-9e61-9ac57ddcd40f" />
      <TestMethod codeBase="D:\Programming\School\03\Software-Quality-I-Testing-Tools-and-Methodologies\ASN1\CoffeeOrder.Tests\bin\Debug\net8.0\CoffeeOrder.Tests.dll" adapterTypeName="executor://mstestadapter/v2" className="CoffeeOrder.Tests.utilTESTS" name="errorCheck_twoStringListsNull_returnsStringList" />
    </UnitTest>
    <UnitTest name="validate_toppingsValid_returnsFalse" storage="d:\programming\school\03\software-quality-i-testing-tools-and-methodologies\asn1\coffeeorder.tests\bin\debug\net8.0\coffeeorder.tests.dll" id="a1294d06-7eb4-9936-43a9-e6dc65d4cf9c">
      <Execution id="dd95ad1b-2c11-4916-b2cf-f4f58a3b99ff" />
      <TestMethod codeBase="D:\Programming\School\03\Software-Quality-I-Testing-Tools-and-Methodologies\ASN1\CoffeeOrder.Tests\bin\Debug\net8.0\CoffeeOrder.Tests.dll" adapterTypeName="executor://mstestadapter/v2" className="CoffeeOrder.Tests.OrderValidatorTests" name="validate_toppingsValid_returnsFalse" />
    </UnitTest>
    <UnitTest name="validate_happyHourOnVeryHotDrink_returnsDiscount" storage="d:\programming\school\03\software-quality-i-testing-tools-and-methodologies\asn1\coffeeorder.tests\bin\debug\net8.0\coffeeorder.tests.dll" id="e739f344-c1cc-8572-8980-befca5b7bdcc">
      <Execution id="193a740d-c2a0-423b-9d98-8609bd2626c1" />
      <TestMethod codeBase="D:\Programming\School\03\Software-Quality-I-Testing-Tools-and-Methodologies\ASN1\CoffeeOrder.Tests\bin\Debug\net8.0\CoffeeOrder.Tests.dll" adapterTypeName="executor://mstestadapter/v2" className="CoffeeOrder.Tests.PromotionHelperTests" name="validate_happyHourOnVeryHotDrink_returnsDiscount" />
    </UnitTest>
    <UnitTest name="errorCheck_shotsAboveMaximum_returnsTrue" storage="d:\programming\school\03\software-quality-i-testing-tools-and-methodologies\asn1\coffeeorder.tests\bin\debug\net8.0\coffeeorder.tests.dll" id="1ffcd684-6212-bd4c-0e17-9ea4fac907d1">
      <Execution id="01d7f3b6-7269-4a17-b2c3-530e11bfbc87" />
      <TestMethod codeBase="D:\Programming\School\03\Software-Quality-I-Testing-Tools-and-Methodologies\ASN1\CoffeeOrder.Tests\bin\Debug\net8.0\CoffeeOrder.Tests.dll" adapterTypeName="executor://mstestadapter/v2" className="CoffeeOrder.Tests.OrderValidatorTests" name="errorCheck_shotsAboveMaximum_returnsTrue" />
    </UnitTest>
    <UnitTest name="validate_roundValueToNickleRoundUp_returnsDecimal" storage="d:\programming\school\03\software-quality-i-testing-tools-and-methodologies\asn1\coffeeorder.tests\bin\debug\net8.0\coffeeorder.tests.dll" id="d97dafe4-57d6-bac9-6b7b-2615f318c993">
      <Execution id="21da22cc-c9eb-4f62-9417-1eaacd16e8f1" />
      <TestMethod codeBase="D:\Programming\School\03\Software-Quality-I-Testing-Tools-and-Methodologies\ASN1\CoffeeOrder.Tests\bin\Debug\net8.0\CoffeeOrder.Tests.dll" adapterTypeName="executor://mstestadapter/v2" className="CoffeeOrder.Tests.PriceCalculatorTests" name="validate_roundValueToNickleRoundUp_returnsDecimal" />
    </UnitTest>
    <UnitTest name="validate_bogoOnCheaperDrink_returnsDiscount" storage="d:\programming\school\03\software-quality-i-testing-tools-and-methodologies\asn1\coffeeorder.tests\bin\debug\net8.0\coffeeorder.tests.dll" id="76f28a51-6c6e-f112-dcba-bb316d5f2b0d">
      <Execution id="4be16707-9e49-43a6-99ad-cef0831e7e4d" />
      <TestMethod codeBase="D:\Programming\School\03\Software-Quality-I-Testing-Tools-and-Methodologies\ASN1\CoffeeOrder.Tests\bin\Debug\net8.0\CoffeeOrder.Tests.dll" adapterTypeName="executor://mstestadapter/v2" className="CoffeeOrder.Tests.PromotionHelperTests" name="validate_bogoOnCheaperDrink_returnsDiscount" />
    </UnitTest>
    <UnitTest name="invalid_maximumShots_returnsFailureFlag" storage="d:\programming\school\03\software-quality-i-testing-tools-and-methodologies\asn1\coffeeorder.tests\bin\debug\net8.0\coffeeorder.tests.dll" id="6981742b-2dcf-eef9-06b5-35e81e577ce0">
      <Execution id="a8476402-caf9-4abb-939f-157943e6be80" />
      <TestMethod codeBase="D:\Programming\School\03\Software-Quality-I-Testing-Tools-and-Methodologies\ASN1\CoffeeOrder.Tests\bin\Debug\net8.0\CoffeeOrder.Tests.dll" adapterTypeName="executor://mstestadapter/v2" className="CoffeeOrder.Tests.BeverageTests" name="invalid_maximumShots_returnsFailureFlag" />
    </UnitTest>
    <UnitTest name="validate_selectsHappyHourWhenBetterDeal_returnsHappyHourDiscount" storage="d:\programming\school\03\software-quality-i-testing-tools-and-methodologies\asn1\coffeeorder.tests\bin\debug\net8.0\coffeeorder.tests.dll" id="adc9a5d9-e39c-d2b1-eb70-979d26d63e37">
      <Execution id="58a5b3fa-31a5-4f7e-8cd3-40b11cce6ef3" />
      <TestMethod codeBase="D:\Programming\School\03\Software-Quality-I-Testing-Tools-and-Methodologies\ASN1\CoffeeOrder.Tests\bin\Debug\net8.0\CoffeeOrder.Tests.dll" adapterTypeName="executor://mstestadapter/v2" className="CoffeeOrder.Tests.PromotionHelperTests" name="validate_selectsHappyHourWhenBetterDeal_returnsHappyHourDiscount" />
    </UnitTest>
    <UnitTest name="validate_addDate_returnString" storage="d:\programming\school\03\software-quality-i-testing-tools-and-methodologies\asn1\coffeeorder.tests\bin\debug\net8.0\coffeeorder.tests.dll" id="b6208d68-0f12-103a-f1ed-6bd8e0d86462">
      <Execution id="c8c03b0b-f1ca-4c24-8622-daf7c44b916c" />
      <TestMethod codeBase="D:\Programming\School\03\Software-Quality-I-Testing-Tools-and-Methodologies\ASN1\CoffeeOrder.Tests\bin\Debug\net8.0\CoffeeOrder.Tests.dll" adapterTypeName="executor://mstestadapter/v2" className="CoffeeOrder.Tests.OrderTests" name="validate_addDate_returnString" />
    </UnitTest>
    <UnitTest name="validate_getTempString_returnString" storage="d:\programming\school\03\software-quality-i-testing-tools-and-methodologies\asn1\coffeeorder.tests\bin\debug\net8.0\coffeeorder.tests.dll" id="bcf43e7e-deda-420e-d5c5-4930529f323a">
      <Execution id="2192f59b-7e2c-4460-a8e3-1fe9301d8ffb" />
      <TestMethod codeBase="D:\Programming\School\03\Software-Quality-I-Testing-Tools-and-Methodologies\ASN1\CoffeeOrder.Tests\bin\Debug\net8.0\CoffeeOrder.Tests.dll" adapterTypeName="executor://mstestadapter/v2" className="CoffeeOrder.Tests.BeverageTests" name="validate_getTempString_returnString" />
    </UnitTest>
    <UnitTest name="invalid_milkOption_returnsFailureFlag" storage="d:\programming\school\03\software-quality-i-testing-tools-and-methodologies\asn1\coffeeorder.tests\bin\debug\net8.0\coffeeorder.tests.dll" id="96b958e7-8f0d-ca71-c658-be341d7792c1">
      <Execution id="d3479e65-9d47-4e65-ac6d-b515c2ba8336" />
      <TestMethod codeBase="D:\Programming\School\03\Software-Quality-I-Testing-Tools-and-Methodologies\ASN1\CoffeeOrder.Tests\bin\Debug\net8.0\CoffeeOrder.Tests.dll" adapterTypeName="executor://mstestadapter/v2" className="CoffeeOrder.Tests.BeverageTests" name="invalid_milkOption_returnsFailureFlag" />
    </UnitTest>
    <UnitTest name="invalid_syrupOption_returnsFailureFlag" storage="d:\programming\school\03\software-quality-i-testing-tools-and-methodologies\asn1\coffeeorder.tests\bin\debug\net8.0\coffeeorder.tests.dll" id="f6996d56-dee7-1208-1ebb-d1b04eab1776">
      <Execution id="8f7dd20c-65bf-4a81-840e-0341c6163d36" />
      <TestMethod codeBase="D:\Programming\School\03\Software-Quality-I-Testing-Tools-and-Methodologies\ASN1\CoffeeOrder.Tests\bin\Debug\net8.0\CoffeeOrder.Tests.dll" adapterTypeName="executor://mstestadapter/v2" className="CoffeeOrder.Tests.BeverageTests" name="invalid_syrupOption_returnsFailureFlag" />
    </UnitTest>
    <UnitTest name="validate_milkNotPresent_returnsTrue" storage="d:\programming\school\03\software-quality-i-testing-tools-and-methodologies\asn1\coffeeorder.tests\bin\debug\net8.0\coffeeorder.tests.dll" id="226c32f5-84c0-5cd7-f6db-d0fc7c3dbba0">
      <Execution id="40f0c915-fe86-4519-a8c5-7d817ea905ed" />
      <TestMethod codeBase="D:\Programming\School\03\Software-Quality-I-Testing-Tools-and-Methodologies\ASN1\CoffeeOrder.Tests\bin\Debug\net8.0\CoffeeOrder.Tests.dll" adapterTypeName="executor://mstestadapter/v2" className="CoffeeOrder.Tests.OrderValidatorTests" name="validate_milkNotPresent_returnsTrue" />
    </UnitTest>
    <UnitTest name="errorCheck_emptyListDedupe_returnsStringList" storage="d:\programming\school\03\software-quality-i-testing-tools-and-methodologies\asn1\coffeeorder.tests\bin\debug\net8.0\coffeeorder.tests.dll" id="a03437ff-13ac-0403-894a-f8a80581a194">
      <Execution id="3d227d92-a90f-4e96-a40c-c4e3fca0d300" />
      <TestMethod codeBase="D:\Programming\School\03\Software-Quality-I-Testing-Tools-and-Methodologies\ASN1\CoffeeOrder.Tests\bin\Debug\net8.0\CoffeeOrder.Tests.dll" adapterTypeName="executor://mstestadapter/v2" className="CoffeeOrder.Tests.utilTESTS" name="errorCheck_emptyListDedupe_returnsStringList" />
    </UnitTest>
    <UnitTest name="errorCheck_emptyEnum_returnsString" storage="d:\programming\school\03\software-quality-i-testing-tools-and-methodologies\asn1\coffeeorder.tests\bin\debug\net8.0\coffeeorder.tests.dll" id="0ebb6e1f-31d3-354b-a0aa-51ab6c0d5337">
      <Execution id="b20fd298-7349-4c2c-a5b2-a006fffc6737" />
      <TestMethod codeBase="D:\Programming\School\03\Software-Quality-I-Testing-Tools-and-Methodologies\ASN1\CoffeeOrder.Tests\bin\Debug\net8.0\CoffeeOrder.Tests.dll" adapterTypeName="executor://mstestadapter/v2" className="CoffeeOrder.Tests.utilTESTS" name="errorCheck_emptyEnum_returnsString" />
    </UnitTest>
    <UnitTest name="validate_addName_returnString" storage="d:\programming\school\03\software-quality-i-testing-tools-and-methodologies\asn1\coffeeorder.tests\bin\debug\net8.0\coffeeorder.tests.dll" id="cfa437dc-fb89-9caa-bc15-10ed2aac71f3">
      <Execution id="18bd0ee9-8964-44fa-850b-4351f93cb517" />
      <TestMethod codeBase="D:\Programming\School\03\Software-Quality-I-Testing-Tools-and-Methodologies\ASN1\CoffeeOrder.Tests\bin\Debug\net8.0\CoffeeOrder.Tests.dll" adapterTypeName="executor://mstestadapter/v2" className="CoffeeOrder.Tests.OrderTests" name="validate_addName_returnString" />
    </UnitTest>
    <UnitTest name="validate_bogoOnEqualDrink_returnsDiscount" storage="d:\programming\school\03\software-quality-i-testing-tools-and-methodologies\asn1\coffeeorder.tests\bin\debug\net8.0\coffeeorder.tests.dll" id="18813b9d-33a0-a669-175f-b209bfe13a67">
      <Execution id="7e741cf0-e42b-49d5-a66e-47b6c9f17710" />
      <TestMethod codeBase="D:\Programming\School\03\Software-Quality-I-Testing-Tools-and-Methodologies\ASN1\CoffeeOrder.Tests\bin\Debug\net8.0\CoffeeOrder.Tests.dll" adapterTypeName="executor://mstestadapter/v2" className="CoffeeOrder.Tests.PromotionHelperTests" name="validate_bogoOnEqualDrink_returnsDiscount" />
    </UnitTest>
    <UnitTest name="validate_roundValueToNickleRoundDown_returnsDecimal" storage="d:\programming\school\03\software-quality-i-testing-tools-and-methodologies\asn1\coffeeorder.tests\bin\debug\net8.0\coffeeorder.tests.dll" id="29a04268-c10a-2726-9088-840fd26aaeb7">
      <Execution id="083ec6d5-aff2-48a3-9096-7e18d122cfaf" />
      <TestMethod codeBase="D:\Programming\School\03\Software-Quality-I-Testing-Tools-and-Methodologies\ASN1\CoffeeOrder.Tests\bin\Debug\net8.0\CoffeeOrder.Tests.dll" adapterTypeName="executor://mstestadapter/v2" className="CoffeeOrder.Tests.PriceCalculatorTests" name="validate_roundValueToNickleRoundDown_returnsDecimal" />
    </UnitTest>
    <UnitTest name="validate_toppingsNotValid_returnsTrue" storage="d:\programming\school\03\software-quality-i-testing-tools-and-methodologies\asn1\coffeeorder.tests\bin\debug\net8.0\coffeeorder.tests.dll" id="8fa8cb8a-b2fb-0012-f716-122e7992943f">
      <Execution id="070dc6a8-c3b4-4bb1-be4d-f3bf32978b4f" />
      <TestMethod codeBase="D:\Programming\School\03\Software-Quality-I-Testing-Tools-and-Methodologies\ASN1\CoffeeOrder.Tests\bin\Debug\net8.0\CoffeeOrder.Tests.dll" adapterTypeName="executor://mstestadapter/v2" className="CoffeeOrder.Tests.OrderValidatorTests" name="validate_toppingsNotValid_returnsTrue" />
    </UnitTest>
    <UnitTest name="invalid_baseDrink_returnsFailureFlag" storage="d:\programming\school\03\software-quality-i-testing-tools-and-methodologies\asn1\coffeeorder.tests\bin\debug\net8.0\coffeeorder.tests.dll" id="26e6f5f7-81e9-6de1-6e9b-b7c4c8544665">
      <Execution id="62c9dfa0-657e-417f-b91a-a149df94745c" />
      <TestMethod codeBase="D:\Programming\School\03\Software-Quality-I-Testing-Tools-and-Methodologies\ASN1\CoffeeOrder.Tests\bin\Debug\net8.0\CoffeeOrder.Tests.dll" adapterTypeName="executor://mstestadapter/v2" className="CoffeeOrder.Tests.BeverageTests" name="invalid_baseDrink_returnsFailureFlag" />
    </UnitTest>
    <UnitTest name="invalid_temp_returnsFailureflag" storage="d:\programming\school\03\software-quality-i-testing-tools-and-methodologies\asn1\coffeeorder.tests\bin\debug\net8.0\coffeeorder.tests.dll" id="d4e3120b-08d4-c80d-778e-bdae34940869">
      <Execution id="582b39c3-c9d5-4a6d-84ee-5f1ed86c82f4" />
      <TestMethod codeBase="D:\Programming\School\03\Software-Quality-I-Testing-Tools-and-Methodologies\ASN1\CoffeeOrder.Tests\bin\Debug\net8.0\CoffeeOrder.Tests.dll" adapterTypeName="executor://mstestadapter/v2" className="CoffeeOrder.Tests.BeverageTests" name="invalid_temp_returnsFailureflag" />
    </UnitTest>
    <UnitTest name="validate_addDiscount_returnDiscountOBJ" storage="d:\programming\school\03\software-quality-i-testing-tools-and-methodologies\asn1\coffeeorder.tests\bin\debug\net8.0\coffeeorder.tests.dll" id="1a882987-184d-9b4b-13c4-9582d56028c1">
      <Execution id="4e227b0a-c54b-4f5e-b05f-7ea7004b42de" />
      <TestMethod codeBase="D:\Programming\School\03\Software-Quality-I-Testing-Tools-and-Methodologies\ASN1\CoffeeOrder.Tests\bin\Debug\net8.0\CoffeeOrder.Tests.dll" adapterTypeName="executor://mstestadapter/v2" className="CoffeeOrder.Tests.OrderTests" name="validate_addDiscount_returnDiscountOBJ" />
    </UnitTest>
    <UnitTest name="validate_addDiscountEmptyBeverages_returnDiscountOBJ" storage="d:\programming\school\03\software-quality-i-testing-tools-and-methodologies\asn1\coffeeorder.tests\bin\debug\net8.0\coffeeorder.tests.dll" id="c2b880c4-6aa3-a22e-c26b-92d66c839b56">
      <Execution id="20cce4db-9b7c-4edf-87b6-e571cf122ead" />
      <TestMethod codeBase="D:\Programming\School\03\Software-Quality-I-Testing-Tools-and-Methodologies\ASN1\CoffeeOrder.Tests\bin\Debug\net8.0\CoffeeOrder.Tests.dll" adapterTypeName="executor://mstestadapter/v2" className="CoffeeOrder.Tests.OrderTests" name="validate_addDiscountEmptyBeverages_returnDiscountOBJ" />
    </UnitTest>
    <UnitTest name="validate_priceAccuracyCheck_returnsDecimal" storage="d:\programming\school\03\software-quality-i-testing-tools-and-methodologies\asn1\coffeeorder.tests\bin\debug\net8.0\coffeeorder.tests.dll" id="0ce33c1c-508e-938f-348f-d3424a2d1dff">
      <Execution id="112e34d5-5ba6-4b9b-acaf-11a7d2e70d32" />
      <TestMethod codeBase="D:\Programming\School\03\Software-Quality-I-Testing-Tools-and-Methodologies\ASN1\CoffeeOrder.Tests\bin\Debug\net8.0\CoffeeOrder.Tests.dll" adapterTypeName="executor://mstestadapter/v2" className="CoffeeOrder.Tests.PriceCalculatorTests" name="validate_priceAccuracyCheck_returnsDecimal" />
    </UnitTest>
    <UnitTest name="check_lessThanVeryHotOrEspressoKidFriendly_returnsTrue" storage="d:\programming\school\03\software-quality-i-testing-tools-and-methodologies\asn1\coffeeorder.tests\bin\debug\net8.0\coffeeorder.tests.dll" id="0755c290-2d7a-da8f-474d-5a7613517775">
      <Execution id="34952d76-0cb6-4140-9d81-d676a7dc6160" />
      <TestMethod codeBase="D:\Programming\School\03\Software-Quality-I-Testing-Tools-and-Methodologies\ASN1\CoffeeOrder.Tests\bin\Debug\net8.0\CoffeeOrder.Tests.dll" adapterTypeName="executor://mstestadapter/v2" className="CoffeeOrder.Tests.BeverageClassifierTests" name="check_lessThanVeryHotOrEspressoKidFriendly_returnsTrue" />
    </UnitTest>
    <UnitTest name="validate_selectsBOGOWhenBetterDeal_returnsBOGODiscount" storage="d:\programming\school\03\software-quality-i-testing-tools-and-methodologies\asn1\coffeeorder.tests\bin\debug\net8.0\coffeeorder.tests.dll" id="65fec8e7-95d7-1798-3572-31a04b19530c">
      <Execution id="1a83e920-f174-4d03-b731-27f6b87ff843" />
      <TestMethod codeBase="D:\Programming\School\03\Software-Quality-I-Testing-Tools-and-Methodologies\ASN1\CoffeeOrder.Tests\bin\Debug\net8.0\CoffeeOrder.Tests.dll" adapterTypeName="executor://mstestadapter/v2" className="CoffeeOrder.Tests.PromotionHelperTests" name="validate_selectsBOGOWhenBetterDeal_returnsBOGODiscount" />
    </UnitTest>
    <UnitTest name="validate_happyHourOnVeryColdDrink_returnsNoDiscount" storage="d:\programming\school\03\software-quality-i-testing-tools-and-methodologies\asn1\coffeeorder.tests\bin\debug\net8.0\coffeeorder.tests.dll" id="39048f2d-7369-2ba0-4d0f-0a33eae532cc">
      <Execution id="ebf49e0e-0c17-463d-8d97-c3f0568d3ee3" />
      <TestMethod codeBase="D:\Programming\School\03\Software-Quality-I-Testing-Tools-and-Methodologies\ASN1\CoffeeOrder.Tests\bin\Debug\net8.0\CoffeeOrder.Tests.dll" adapterTypeName="executor://mstestadapter/v2" className="CoffeeOrder.Tests.PromotionHelperTests" name="validate_happyHourOnVeryColdDrink_returnsNoDiscount" />
    </UnitTest>
    <UnitTest name="errorCheck_milkNoneShotsMoreThan0_returnsTrue" storage="d:\programming\school\03\software-quality-i-testing-tools-and-methodologies\asn1\coffeeorder.tests\bin\debug\net8.0\coffeeorder.tests.dll" id="c80102e6-670b-1527-6f18-0068aba9f673">
      <Execution id="a3ab9f13-5f20-4f91-ba25-d2f1ad92a0cb" />
      <TestMethod codeBase="D:\Programming\School\03\Software-Quality-I-Testing-Tools-and-Methodologies\ASN1\CoffeeOrder.Tests\bin\Debug\net8.0\CoffeeOrder.Tests.dll" adapterTypeName="executor://mstestadapter/v2" className="CoffeeOrder.Tests.OrderValidatorTests" name="errorCheck_milkNoneShotsMoreThan0_returnsTrue" />
    </UnitTest>
    <UnitTest name="validate_syrupsNotValid_returnsTrue" storage="d:\programming\school\03\software-quality-i-testing-tools-and-methodologies\asn1\coffeeorder.tests\bin\debug\net8.0\coffeeorder.tests.dll" id="a43d519d-2109-109a-b451-69921fbbcf5f">
      <Execution id="9142e744-b7f9-4105-a8bb-397bedb386e1" />
      <TestMethod codeBase="D:\Programming\School\03\Software-Quality-I-Testing-Tools-and-Methodologies\ASN1\CoffeeOrder.Tests\bin\Debug\net8.0\CoffeeOrder.Tests.dll" adapterTypeName="executor://mstestadapter/v2" className="CoffeeOrder.Tests.OrderValidatorTests" name="validate_syrupsNotValid_returnsTrue" />
    </UnitTest>
    <UnitTest name="check_vegan_returnsFalse" storage="d:\programming\school\03\software-quality-i-testing-tools-and-methodologies\asn1\coffeeorder.tests\bin\debug\net8.0\coffeeorder.tests.dll" id="3aba5a6b-2278-fa39-6c62-a9c5c4fd7c2c">
      <Execution id="3a3fb1b5-f999-41bf-ab26-de483aae6808" />
      <TestMethod codeBase="D:\Programming\School\03\Software-Quality-I-Testing-Tools-and-Methodologies\ASN1\CoffeeOrder.Tests\bin\Debug\net8.0\CoffeeOrder.Tests.dll" adapterTypeName="executor://mstestadapter/v2" className="CoffeeOrder.Tests.BeverageClassifierTests" name="check_vegan_returnsFalse" />
    </UnitTest>
    <UnitTest name="validate_syrupsValid_returnsFalse" storage="d:\programming\school\03\software-quality-i-testing-tools-and-methodologies\asn1\coffeeorder.tests\bin\debug\net8.0\coffeeorder.tests.dll" id="6290c944-d86a-fa9e-aff6-fb0747057ff5">
      <Execution id="d14b3620-b7eb-4334-ba1e-f49aac2da07c" />
      <TestMethod codeBase="D:\Programming\School\03\Software-Quality-I-Testing-Tools-and-Methodologies\ASN1\CoffeeOrder.Tests\bin\Debug\net8.0\CoffeeOrder.Tests.dll" adapterTypeName="executor://mstestadapter/v2" className="CoffeeOrder.Tests.OrderValidatorTests" name="validate_syrupsValid_returnsFalse" />
    </UnitTest>
    <UnitTest name="vlaidate_happyHourOnRoomTempDrink_returnsNoDiscount" storage="d:\programming\school\03\software-quality-i-testing-tools-and-methodologies\asn1\coffeeorder.tests\bin\debug\net8.0\coffeeorder.tests.dll" id="4e7e537f-273c-0576-b102-48f72bf5e3fc">
      <Execution id="7e70d70f-e371-4a77-aaf4-4327e892e43e" />
      <TestMethod codeBase="D:\Programming\School\03\Software-Quality-I-Testing-Tools-and-Methodologies\ASN1\CoffeeOrder.Tests\bin\Debug\net8.0\CoffeeOrder.Tests.dll" adapterTypeName="executor://mstestadapter/v2" className="CoffeeOrder.Tests.PromotionHelperTests" name="vlaidate_happyHourOnRoomTempDrink_returnsNoDiscount" />
    </UnitTest>
    <UnitTest name="validate_getSizeString_returnsString" storage="d:\programming\school\03\software-quality-i-testing-tools-and-methodologies\asn1\coffeeorder.tests\bin\debug\net8.0\coffeeorder.tests.dll" id="88b2a1ce-4620-8046-545c-a65300dfd894">
      <Execution id="7ef94b9e-f89c-4afa-9613-87cdaebbfedf" />
      <TestMethod codeBase="D:\Programming\School\03\Software-Quality-I-Testing-Tools-and-Methodologies\ASN1\CoffeeOrder.Tests\bin\Debug\net8.0\CoffeeOrder.Tests.dll" adapterTypeName="executor://mstestadapter/v2" className="CoffeeOrder.Tests.BeverageTests" name="validate_getSizeString_returnsString" />
    </UnitTest>
    <UnitTest name="errorCheck_baseDrinkNotPresent_returnsTrue" storage="d:\programming\school\03\software-quality-i-testing-tools-and-methodologies\asn1\coffeeorder.tests\bin\debug\net8.0\coffeeorder.tests.dll" id="390679b4-c47c-97a6-8411-4aecfef0859d">
      <Execution id="24454d32-135e-4635-8b43-93a0d27d839b" />
      <TestMethod codeBase="D:\Programming\School\03\Software-Quality-I-Testing-Tools-and-Methodologies\ASN1\CoffeeOrder.Tests\bin\Debug\net8.0\CoffeeOrder.Tests.dll" adapterTypeName="executor://mstestadapter/v2" className="CoffeeOrder.Tests.OrderValidatorTests" name="errorCheck_baseDrinkNotPresent_returnsTrue" />
    </UnitTest>
    <UnitTest name="check_VeryHotKidFriendly_returnsFalse" storage="d:\programming\school\03\software-quality-i-testing-tools-and-methodologies\asn1\coffeeorder.tests\bin\debug\net8.0\coffeeorder.tests.dll" id="7b48ba01-5945-d7ac-ebab-80cc260f0d4a">
      <Execution id="570b0f29-1b09-42cf-a48a-59fa0b1975da" />
      <TestMethod codeBase="D:\Programming\School\03\Software-Quality-I-Testing-Tools-and-Methodologies\ASN1\CoffeeOrder.Tests\bin\Debug\net8.0\CoffeeOrder.Tests.dll" adapterTypeName="executor://mstestadapter/v2" className="CoffeeOrder.Tests.BeverageClassifierTests" name="check_VeryHotKidFriendly_returnsFalse" />
    </UnitTest>
    <UnitTest name="validate_milkValid_returnsFalse" storage="d:\programming\school\03\software-quality-i-testing-tools-and-methodologies\asn1\coffeeorder.tests\bin\debug\net8.0\coffeeorder.tests.dll" id="ab321578-5fae-6152-9e60-b19e9102f5a7">
      <Execution id="58d8c518-4ee8-4135-8e13-7c6e70292443" />
      <TestMethod codeBase="D:\Programming\School\03\Software-Quality-I-Testing-Tools-and-Methodologies\ASN1\CoffeeOrder.Tests\bin\Debug\net8.0\CoffeeOrder.Tests.dll" adapterTypeName="executor://mstestadapter/v2" className="CoffeeOrder.Tests.OrderValidatorTests" name="validate_milkValid_returnsFalse" />
    </UnitTest>
    <UnitTest name="validate_dedupeStringList_returnsStringList" storage="d:\programming\school\03\software-quality-i-testing-tools-and-methodologies\asn1\coffeeorder.tests\bin\debug\net8.0\coffeeorder.tests.dll" id="ff429328-86e1-bfe1-0aea-aa87ae3082f9">
      <Execution id="b6c09c07-a8ba-45b9-9e39-96998a60d1d8" />
      <TestMethod codeBase="D:\Programming\School\03\Software-Quality-I-Testing-Tools-and-Methodologies\ASN1\CoffeeOrder.Tests\bin\Debug\net8.0\CoffeeOrder.Tests.dll" adapterTypeName="executor://mstestadapter/v2" className="CoffeeOrder.Tests.utilTESTS" name="validate_dedupeStringList_returnsStringList" />
    </UnitTest>
    <UnitTest name="validate_happyHourOnColdDrink_returnsNoDiscount" storage="d:\programming\school\03\software-quality-i-testing-tools-and-methodologies\asn1\coffeeorder.tests\bin\debug\net8.0\coffeeorder.tests.dll" id="606ef3a1-3997-4db2-0085-4bcb828b7299">
      <Execution id="08683960-bc93-498f-9c45-bfac6f0336c9" />
      <TestMethod codeBase="D:\Programming\School\03\Software-Quality-I-Testing-Tools-and-Methodologies\ASN1\CoffeeOrder.Tests\bin\Debug\net8.0\CoffeeOrder.Tests.dll" adapterTypeName="executor://mstestadapter/v2" className="CoffeeOrder.Tests.PromotionHelperTests" name="validate_happyHourOnColdDrink_returnsNoDiscount" />
    </UnitTest>
    <UnitTest name="validate_toppingsNotPresent_returnsFalse" storage="d:\programming\school\03\software-quality-i-testing-tools-and-methodologies\asn1\coffeeorder.tests\bin\debug\net8.0\coffeeorder.tests.dll" id="81c3a416-88ce-0ce5-401b-48796f1bcebb">
      <Execution id="7b14db8d-177c-4376-a54c-38f1688f4d75" />
      <TestMethod codeBase="D:\Programming\School\03\Software-Quality-I-Testing-Tools-and-Methodologies\ASN1\CoffeeOrder.Tests\bin\Debug\net8.0\CoffeeOrder.Tests.dll" adapterTypeName="executor://mstestadapter/v2" className="CoffeeOrder.Tests.OrderValidatorTests" name="validate_toppingsNotPresent_returnsFalse" />
    </UnitTest>
    <UnitTest name="check_EspressoKidFriendly_returnsFalse" storage="d:\programming\school\03\software-quality-i-testing-tools-and-methodologies\asn1\coffeeorder.tests\bin\debug\net8.0\coffeeorder.tests.dll" id="01744df6-beda-edad-8b22-dde861449816">
      <Execution id="dc2c0b4a-536d-4934-a9f6-22de5f30a7d1" />
      <TestMethod codeBase="D:\Programming\School\03\Software-Quality-I-Testing-Tools-and-Methodologies\ASN1\CoffeeOrder.Tests\bin\Debug\net8.0\CoffeeOrder.Tests.dll" adapterTypeName="executor://mstestadapter/v2" className="CoffeeOrder.Tests.BeverageClassifierTests" name="check_EspressoKidFriendly_returnsFalse" />
    </UnitTest>
    <UnitTest name="validate_oneGo_returnsReceiptString" storage="d:\programming\school\03\software-quality-i-testing-tools-and-methodologies\asn1\coffeeorder.tests\bin\debug\net8.0\coffeeorder.tests.dll" id="ea01fe68-6181-ad45-8034-2c8bbf6d21d3">
      <Execution id="d5f4e845-10b8-4a40-8b29-f66289026b52" />
      <TestMethod codeBase="D:\Programming\School\03\Software-Quality-I-Testing-Tools-and-Methodologies\ASN1\CoffeeOrder.Tests\bin\Debug\net8.0\CoffeeOrder.Tests.dll" adapterTypeName="executor://mstestadapter/v2" className="CoffeeOrder.Tests.ReceiptFormatterTests" name="validate_oneGo_returnsReceiptString" />
    </UnitTest>
    <UnitTest name="errorCheck_shotsBelowMinimum_returnsTrue" storage="d:\programming\school\03\software-quality-i-testing-tools-and-methodologies\asn1\coffeeorder.tests\bin\debug\net8.0\coffeeorder.tests.dll" id="b4511c17-f324-9c7b-e4b9-62dc7ac749cc">
      <Execution id="3cc13110-de97-4814-85f5-8fa5d45dc27a" />
      <TestMethod codeBase="D:\Programming\School\03\Software-Quality-I-Testing-Tools-and-Methodologies\ASN1\CoffeeOrder.Tests\bin\Debug\net8.0\CoffeeOrder.Tests.dll" adapterTypeName="executor://mstestadapter/v2" className="CoffeeOrder.Tests.OrderValidatorTests" name="errorCheck_shotsBelowMinimum_returnsTrue" />
    </UnitTest>
    <UnitTest name="invalid_toppingsOption_returnsFailureFlag" storage="d:\programming\school\03\software-quality-i-testing-tools-and-methodologies\asn1\coffeeorder.tests\bin\debug\net8.0\coffeeorder.tests.dll" id="73cf283a-78ec-961f-48df-fbc7e3516eb5">
      <Execution id="61224cb8-52b6-4751-8b28-4e96f65bb59d" />
      <TestMethod codeBase="D:\Programming\School\03\Software-Quality-I-Testing-Tools-and-Methodologies\ASN1\CoffeeOrder.Tests\bin\Debug\net8.0\CoffeeOrder.Tests.dll" adapterTypeName="executor://mstestadapter/v2" className="CoffeeOrder.Tests.BeverageTests" name="invalid_toppingsOption_returnsFailureFlag" />
    </UnitTest>
    <UnitTest name="check_decaf_returnsTrue" storage="d:\programming\school\03\software-quality-i-testing-tools-and-methodologies\asn1\coffeeorder.tests\bin\debug\net8.0\coffeeorder.tests.dll" id="1f512e9b-311f-fc1b-3818-46cc7b30a98e">
      <Execution id="b1d87813-7042-441b-96e6-34863ae03413" />
      <TestMethod codeBase="D:\Programming\School\03\Software-Quality-I-Testing-Tools-and-Methodologies\ASN1\CoffeeOrder.Tests\bin\Debug\net8.0\CoffeeOrder.Tests.dll" adapterTypeName="executor://mstestadapter/v2" className="CoffeeOrder.Tests.BeverageClassifierTests" name="check_decaf_returnsTrue" />
    </UnitTest>
    <UnitTest name="validate_milkNotValid_returnsTrue" storage="d:\programming\school\03\software-quality-i-testing-tools-and-methodologies\asn1\coffeeorder.tests\bin\debug\net8.0\coffeeorder.tests.dll" id="a9a099fe-cea2-d000-34e0-09339dfe85db">
      <Execution id="666e38ca-564c-436d-855f-6ecd03cc5b8b" />
      <TestMethod codeBase="D:\Programming\School\03\Software-Quality-I-Testing-Tools-and-Methodologies\ASN1\CoffeeOrder.Tests\bin\Debug\net8.0\CoffeeOrder.Tests.dll" adapterTypeName="executor://mstestadapter/v2" className="CoffeeOrder.Tests.OrderValidatorTests" name="validate_milkNotValid_returnsTrue" />
    </UnitTest>
    <UnitTest name="invalid_size_returnsFailureflag" storage="d:\programming\school\03\software-quality-i-testing-tools-and-methodologies\asn1\coffeeorder.tests\bin\debug\net8.0\coffeeorder.tests.dll" id="e56a46cd-6e7b-7362-63ca-10db6895a1ef">
      <Execution id="748fedf2-cac5-43f4-9a20-3523ca922588" />
      <TestMethod codeBase="D:\Programming\School\03\Software-Quality-I-Testing-Tools-and-Methodologies\ASN1\CoffeeOrder.Tests\bin\Debug\net8.0\CoffeeOrder.Tests.dll" adapterTypeName="executor://mstestadapter/v2" className="CoffeeOrder.Tests.BeverageTests" name="invalid_size_returnsFailureflag" />
    </UnitTest>
    <UnitTest name="errorCheck_oneStringListNull_returnsStringList" storage="d:\programming\school\03\software-quality-i-testing-tools-and-methodologies\asn1\coffeeorder.tests\bin\debug\net8.0\coffeeorder.tests.dll" id="6dd57b3a-8c69-15a5-c750-a55449d280f1">
      <Execution id="68c40160-c078-4e7c-b892-064754dbbf50" />
      <TestMethod codeBase="D:\Programming\School\03\Software-Quality-I-Testing-Tools-and-Methodologies\ASN1\CoffeeOrder.Tests\bin\Debug\net8.0\CoffeeOrder.Tests.dll" adapterTypeName="executor://mstestadapter/v2" className="CoffeeOrder.Tests.utilTESTS" name="errorCheck_oneStringListNull_returnsStringList" />
    </UnitTest>
    <UnitTest name="validate_addBeverage_returnList" storage="d:\programming\school\03\software-quality-i-testing-tools-and-methodologies\asn1\coffeeorder.tests\bin\debug\net8.0\coffeeorder.tests.dll" id="ec476349-50aa-b34b-91c9-d9dae68ad857">
      <Execution id="42e2e1c0-ffc3-4c1c-a8e7-d1b1674d5c2f" />
      <TestMethod codeBase="D:\Programming\School\03\Software-Quality-I-Testing-Tools-and-Methodologies\ASN1\CoffeeOrder.Tests\bin\Debug\net8.0\CoffeeOrder.Tests.dll" adapterTypeName="executor://mstestadapter/v2" className="CoffeeOrder.Tests.OrderTests" name="validate_addBeverage_returnList" />
    </UnitTest>
    <UnitTest name="check_decaf_returnsFalse" storage="d:\programming\school\03\software-quality-i-testing-tools-and-methodologies\asn1\coffeeorder.tests\bin\debug\net8.0\coffeeorder.tests.dll" id="a2fdabb8-6c71-faeb-d05b-e20b9f69e43c">
      <Execution id="85229294-d4cc-4d93-bdc3-67df380c4a9d" />
      <TestMethod codeBase="D:\Programming\School\03\Software-Quality-I-Testing-Tools-and-Methodologies\ASN1\CoffeeOrder.Tests\bin\Debug\net8.0\CoffeeOrder.Tests.dll" adapterTypeName="executor://mstestadapter/v2" className="CoffeeOrder.Tests.BeverageClassifierTests" name="check_decaf_returnsFalse" />
    </UnitTest>
    <UnitTest name="valid_enums_returnsCloset" storage="d:\programming\school\03\software-quality-i-testing-tools-and-methodologies\asn1\coffeeorder.tests\bin\debug\net8.0\coffeeorder.tests.dll" id="ad68016f-2397-a5b2-ddb5-873ba2e96ea0">
      <Execution id="417abc07-d714-4661-8602-3ae51a1f623e" />
      <TestMethod codeBase="D:\Programming\School\03\Software-Quality-I-Testing-Tools-and-Methodologies\ASN1\CoffeeOrder.Tests\bin\Debug\net8.0\CoffeeOrder.Tests.dll" adapterTypeName="executor://mstestadapter/v2" className="CoffeeOrder.Tests.utilTESTS" name="valid_enums_returnsCloset" />
    </UnitTest>
    <UnitTest name="valid_twoStringLists_returnsStringList" storage="d:\programming\school\03\software-quality-i-testing-tools-and-methodologies\asn1\coffeeorder.tests\bin\debug\net8.0\coffeeorder.tests.dll" id="76518acd-d921-4ac8-099b-3cd2b190ab20">
      <Execution id="7f8c24fd-88d3-46fd-a970-1232655a09d5" />
      <TestMethod codeBase="D:\Programming\School\03\Software-Quality-I-Testing-Tools-and-Methodologies\ASN1\CoffeeOrder.Tests\bin\Debug\net8.0\CoffeeOrder.Tests.dll" adapterTypeName="executor://mstestadapter/v2" className="CoffeeOrder.Tests.utilTESTS" name="valid_twoStringLists_returnsStringList" />
    </UnitTest>
    <UnitTest name="valid_drink_returnsDrink" storage="d:\programming\school\03\software-quality-i-testing-tools-and-methodologies\asn1\coffeeorder.tests\bin\debug\net8.0\coffeeorder.tests.dll" id="91166a69-5c0c-0669-c2f4-fb5ab83f0226">
      <Execution id="460a4548-8a5d-43c6-bb69-0365b592f9f7" />
      <TestMethod codeBase="D:\Programming\School\03\Software-Quality-I-Testing-Tools-and-Methodologies\ASN1\CoffeeOrder.Tests\bin\Debug\net8.0\CoffeeOrder.Tests.dll" adapterTypeName="executor://mstestadapter/v2" className="CoffeeOrder.Tests.BeverageTests" name="valid_drink_returnsDrink" />
    </UnitTest>
    <UnitTest name="validate_syrupsNotPresent_returnsFalse" storage="d:\programming\school\03\software-quality-i-testing-tools-and-methodologies\asn1\coffeeorder.tests\bin\debug\net8.0\coffeeorder.tests.dll" id="6aa4eab6-3d85-abf2-6b59-2abc3ef9b765">
      <Execution id="2f90cbda-111d-4137-8676-347215375f17" />
      <TestMethod codeBase="D:\Programming\School\03\Software-Quality-I-Testing-Tools-and-Methodologies\ASN1\CoffeeOrder.Tests\bin\Debug\net8.0\CoffeeOrder.Tests.dll" adapterTypeName="executor://mstestadapter/v2" className="CoffeeOrder.Tests.OrderValidatorTests" name="validate_syrupsNotPresent_returnsFalse" />
    </UnitTest>
  </TestDefinitions>
  <TestEntries>
    <TestEntry testId="8fa8cb8a-b2fb-0012-f716-122e7992943f" executionId="070dc6a8-c3b4-4bb1-be4d-f3bf32978b4f" testListId="8c84fa94-04c1-424b-9868-57a2d4851a1d" />
    <TestEntry testId="4e7e537f-273c-0576-b102-48f72bf5e3fc" executionId="7e70d70f-e371-4a77-aaf4-4327e892e43e" testListId="8c84fa94-04c1-424b-9868-57a2d4851a1d" />
    <TestEntry testId="6290c944-d86a-fa9e-aff6-fb0747057ff5" executionId="d14b3620-b7eb-4334-ba1e-f49aac2da07c" testListId="8c84fa94-04c1-424b-9868-57a2d4851a1d" />
    <TestEntry testId="ab321578-5fae-6152-9e60-b19e9102f5a7" executionId="58d8c518-4ee8-4135-8e13-7c6e70292443" testListId="8c84fa94-04c1-424b-9868-57a2d4851a1d" />
    <TestEntry testId="3aba5a6b-2278-fa39-6c62-a9c5c4fd7c2c" executionId="3a3fb1b5-f999-41bf-ab26-de483aae6808" testListId="8c84fa94-04c1-424b-9868-57a2d4851a1d" />
    <TestEntry testId="36010a2c-850b-174f-54b5-80641612d7ab" executionId="c844f653-3461-4748-9e4c-1a44c12b002b" testListId="8c84fa94-04c1-424b-9868-57a2d4851a1d" />
    <TestEntry testId="c80102e6-670b-1527-6f18-0068aba9f673" executionId="a3ab9f13-5f20-4f91-ba25-d2f1ad92a0cb" testListId="8c84fa94-04c1-424b-9868-57a2d4851a1d" />
    <TestEntry testId="adc9a5d9-e39c-d2b1-eb70-979d26d63e37" executionId="58a5b3fa-31a5-4f7e-8cd3-40b11cce6ef3" testListId="8c84fa94-04c1-424b-9868-57a2d4851a1d" />
    <TestEntry testId="c9b7a728-1074-59ef-5688-9829b30b5869" executionId="f2fd36a1-d4ac-4a6b-9e61-9ac57ddcd40f" testListId="8c84fa94-04c1-424b-9868-57a2d4851a1d" />
    <TestEntry testId="f0339a23-4439-35e7-eed6-e862427f24bc" executionId="7048945c-ece7-48e3-b332-8b92e8e9f4ca" testListId="8c84fa94-04c1-424b-9868-57a2d4851a1d" />
    <TestEntry testId="18813b9d-33a0-a669-175f-b209bfe13a67" executionId="7e741cf0-e42b-49d5-a66e-47b6c9f17710" testListId="8c84fa94-04c1-424b-9868-57a2d4851a1d" />
    <TestEntry testId="ad68016f-2397-a5b2-ddb5-873ba2e96ea0" executionId="417abc07-d714-4661-8602-3ae51a1f623e" testListId="8c84fa94-04c1-424b-9868-57a2d4851a1d" />
    <TestEntry testId="a43d519d-2109-109a-b451-69921fbbcf5f" executionId="9142e744-b7f9-4105-a8bb-397bedb386e1" testListId="8c84fa94-04c1-424b-9868-57a2d4851a1d" />
    <TestEntry testId="ea01fe68-6181-ad45-8034-2c8bbf6d21d3" executionId="d5f4e845-10b8-4a40-8b29-f66289026b52" testListId="8c84fa94-04c1-424b-9868-57a2d4851a1d" />
    <TestEntry testId="d97dafe4-57d6-bac9-6b7b-2615f318c993" executionId="21da22cc-c9eb-4f62-9417-1eaacd16e8f1" testListId="8c84fa94-04c1-424b-9868-57a2d4851a1d" />
    <TestEntry testId="a2fdabb8-6c71-faeb-d05b-e20b9f69e43c" executionId="85229294-d4cc-4d93-bdc3-67df380c4a9d" testListId="8c84fa94-04c1-424b-9868-57a2d4851a1d" />
    <TestEntry testId="b6208d68-0f12-103a-f1ed-6bd8e0d86462" executionId="c8c03b0b-f1ca-4c24-8622-daf7c44b916c" testListId="8c84fa94-04c1-424b-9868-57a2d4851a1d" />
    <TestEntry testId="86c9001e-ba01-1836-ae0f-c054a0d569cd" executionId="7a34d813-5e19-4a95-899c-0e557f4fc258" testListId="8c84fa94-04c1-424b-9868-57a2d4851a1d" />
    <TestEntry testId="606ef3a1-3997-4db2-0085-4bcb828b7299" executionId="08683960-bc93-498f-9c45-bfac6f0336c9" testListId="8c84fa94-04c1-424b-9868-57a2d4851a1d" />
    <TestEntry testId="1ffcd684-6212-bd4c-0e17-9ea4fac907d1" executionId="01d7f3b6-7269-4a17-b2c3-530e11bfbc87" testListId="8c84fa94-04c1-424b-9868-57a2d4851a1d" />
    <TestEntry testId="6981742b-2dcf-eef9-06b5-35e81e577ce0" executionId="a8476402-caf9-4abb-939f-157943e6be80" testListId="8c84fa94-04c1-424b-9868-57a2d4851a1d" />
    <TestEntry testId="1f512e9b-311f-fc1b-3818-46cc7b30a98e" executionId="b1d87813-7042-441b-96e6-34863ae03413" testListId="8c84fa94-04c1-424b-9868-57a2d4851a1d" />
    <TestEntry testId="0ce33c1c-508e-938f-348f-d3424a2d1dff" executionId="112e34d5-5ba6-4b9b-acaf-11a7d2e70d32" testListId="8c84fa94-04c1-424b-9868-57a2d4851a1d" />
    <TestEntry testId="65fec8e7-95d7-1798-3572-31a04b19530c" executionId="1a83e920-f174-4d03-b731-27f6b87ff843" testListId="8c84fa94-04c1-424b-9868-57a2d4851a1d" />
    <TestEntry testId="e739f344-c1cc-8572-8980-befca5b7bdcc" executionId="193a740d-c2a0-423b-9d98-8609bd2626c1" testListId="8c84fa94-04c1-424b-9868-57a2d4851a1d" />
    <TestEntry testId="b4511c17-f324-9c7b-e4b9-62dc7ac749cc" executionId="3cc13110-de97-4814-85f5-8fa5d45dc27a" testListId="8c84fa94-04c1-424b-9868-57a2d4851a1d" />
    <TestEntry testId="73cf283a-78ec-961f-48df-fbc7e3516eb5" executionId="61224cb8-52b6-4751-8b28-4e96f65bb59d" testListId="8c84fa94-04c1-424b-9868-57a2d4851a1d" />
    <TestEntry testId="bcf43e7e-deda-420e-d5c5-4930529f323a" executionId="2192f59b-7e2c-4460-a8e3-1fe9301d8ffb" testListId="8c84fa94-04c1-424b-9868-57a2d4851a1d" />
    <TestEntry testId="91166a69-5c0c-0669-c2f4-fb5ab83f0226" executionId="460a4548-8a5d-43c6-bb69-0365b592f9f7" testListId="8c84fa94-04c1-424b-9868-57a2d4851a1d" />
    <TestEntry testId="88b2a1ce-4620-8046-545c-a65300dfd894" executionId="7ef94b9e-f89c-4afa-9613-87cdaebbfedf" testListId="8c84fa94-04c1-424b-9868-57a2d4851a1d" />
    <TestEntry testId="0ebb6e1f-31d3-354b-a0aa-51ab6c0d5337" executionId="b20fd298-7349-4c2c-a5b2-a006fffc6737" testListId="8c84fa94-04c1-424b-9868-57a2d4851a1d" />
    <TestEntry testId="cfa437dc-fb89-9caa-bc15-10ed2aac71f3" executionId="18bd0ee9-8964-44fa-850b-4351f93cb517" testListId="8c84fa94-04c1-424b-9868-57a2d4851a1d" />
    <TestEntry testId="6aa4eab6-3d85-abf2-6b59-2abc3ef9b765" executionId="2f90cbda-111d-4137-8676-347215375f17" testListId="8c84fa94-04c1-424b-9868-57a2d4851a1d" />
    <TestEntry testId="c2b880c4-6aa3-a22e-c26b-92d66c839b56" executionId="20cce4db-9b7c-4edf-87b6-e571cf122ead" testListId="8c84fa94-04c1-424b-9868-57a2d4851a1d" />
    <TestEntry testId="7b5f8fd9-7465-02da-6f82-9286c6f835af" executionId="c4cf86fc-60f0-43ef-bc1a-eee6e1117481" testListId="8c84fa94-04c1-424b-9868-57a2d4851a1d" />
    <TestEntry testId="81c3a416-88ce-0ce5-401b-48796f1bcebb" executionId="7b14db8d-177c-4376-a54c-38f1688f4d75" testListId="8c84fa94-04c1-424b-9868-57a2d4851a1d" />
    <TestEntry testId="b2e73580-fd80-1e2e-5c34-05f7ff670fb0" executionId="3dd863bd-cd12-4a38-bd89-2ca78a187628" testListId="8c84fa94-04c1-424b-9868-57a2d4851a1d" />
    <TestEntry testId="f6996d56-dee7-1208-1ebb-d1b04eab1776" executionId="8f7dd20c-65bf-4a81-840e-0341c6163d36" testListId="8c84fa94-04c1-424b-9868-57a2d4851a1d" />
    <TestEntry testId="3636ac50-4684-ff80-ffbd-a0f946c7bf9f" executionId="ef149213-1bb2-4774-8e32-9189733b5120" testListId="8c84fa94-04c1-424b-9868-57a2d4851a1d" />
    <TestEntry testId="96b958e7-8f0d-ca71-c658-be341d7792c1" executionId="d3479e65-9d47-4e65-ac6d-b515c2ba8336" testListId="8c84fa94-04c1-424b-9868-57a2d4851a1d" />
    <TestEntry testId="d4e3120b-08d4-c80d-778e-bdae34940869" executionId="582b39c3-c9d5-4a6d-84ee-5f1ed86c82f4" testListId="8c84fa94-04c1-424b-9868-57a2d4851a1d" />
    <TestEntry testId="76f28a51-6c6e-f112-dcba-bb316d5f2b0d" executionId="4be16707-9e49-43a6-99ad-cef0831e7e4d" testListId="8c84fa94-04c1-424b-9868-57a2d4851a1d" />
    <TestEntry testId="26e6f5f7-81e9-6de1-6e9b-b7c4c8544665" executionId="62c9dfa0-657e-417f-b91a-a149df94745c" testListId="8c84fa94-04c1-424b-9868-57a2d4851a1d" />
    <TestEntry testId="76518acd-d921-4ac8-099b-3cd2b190ab20" executionId="7f8c24fd-88d3-46fd-a970-1232655a09d5" testListId="8c84fa94-04c1-424b-9868-57a2d4851a1d" />
    <TestEntry testId="8cde6510-60ec-3359-52b7-be0d7e4fe308" executionId="23ae5962-f0a1-4712-b997-23980f24ca00" testListId="8c84fa94-04c1-424b-9868-57a2d4851a1d" />
    <TestEntry testId="01744df6-beda-edad-8b22-dde861449816" executionId="dc2c0b4a-536d-4934-a9f6-22de5f30a7d1" testListId="8c84fa94-04c1-424b-9868-57a2d4851a1d" />
    <TestEntry testId="a9a099fe-cea2-d000-34e0-09339dfe85db" executionId="666e38ca-564c-436d-855f-6ecd03cc5b8b" testListId="8c84fa94-04c1-424b-9868-57a2d4851a1d" />
    <TestEntry testId="226c32f5-84c0-5cd7-f6db-d0fc7c3dbba0" executionId="40f0c915-fe86-4519-a8c5-7d817ea905ed" testListId="8c84fa94-04c1-424b-9868-57a2d4851a1d" />
    <TestEntry testId="ec476349-50aa-b34b-91c9-d9dae68ad857" executionId="42e2e1c0-ffc3-4c1c-a8e7-d1b1674d5c2f" testListId="8c84fa94-04c1-424b-9868-57a2d4851a1d" />
    <TestEntry testId="6dd57b3a-8c69-15a5-c750-a55449d280f1" executionId="68c40160-c078-4e7c-b892-064754dbbf50" testListId="8c84fa94-04c1-424b-9868-57a2d4851a1d" />
    <TestEntry testId="1f1c733d-46a1-51a1-40bc-fc63e95fbd4a" executionId="5e870827-c14b-4ddb-b68f-853a22efa088" testListId="8c84fa94-04c1-424b-9868-57a2d4851a1d" />
    <TestEntry testId="390679b4-c47c-97a6-8411-4aecfef0859d" executionId="24454d32-135e-4635-8b43-93a0d27d839b" testListId="8c84fa94-04c1-424b-9868-57a2d4851a1d" />
    <TestEntry testId="39048f2d-7369-2ba0-4d0f-0a33eae532cc" executionId="ebf49e0e-0c17-463d-8d97-c3f0568d3ee3" testListId="8c84fa94-04c1-424b-9868-57a2d4851a1d" />
    <TestEntry testId="d7f2bd3b-8ae5-052d-9eed-b32d1161442f" executionId="02d7b828-b19f-4dfc-8a63-ae0f07265274" testListId="8c84fa94-04c1-424b-9868-57a2d4851a1d" />
    <TestEntry testId="29a04268-c10a-2726-9088-840fd26aaeb7" executionId="083ec6d5-aff2-48a3-9096-7e18d122cfaf" testListId="8c84fa94-04c1-424b-9868-57a2d4851a1d" />
    <TestEntry testId="0755c290-2d7a-da8f-474d-5a7613517775" executionId="34952d76-0cb6-4140-9d81-d676a7dc6160" testListId="8c84fa94-04c1-424b-9868-57a2d4851a1d" />
    <TestEntry testId="7b48ba01-5945-d7ac-ebab-80cc260f0d4a" executionId="570b0f29-1b09-42cf-a48a-59fa0b1975da" testListId="8c84fa94-04c1-424b-9868-57a2d4851a1d" />
    <TestEntry testId="a03437ff-13ac-0403-894a-f8a80581a194" executionId="3d227d92-a90f-4e96-a40c-c4e3fca0d300" testListId="8c84fa94-04c1-424b-9868-57a2d4851a1d" />
    <TestEntry testId="1c6110d1-3e41-4d5c-377b-c77d31945bb1" executionId="bd3ec189-fb08-419a-9e9b-0da7b10c0ea7" testListId="8c84fa94-04c1-424b-9868-57a2d4851a1d" />
    <TestEntry testId="ff429328-86e1-bfe1-0aea-aa87ae3082f9" executionId="b6c09c07-a8ba-45b9-9e39-96998a60d1d8" testListId="8c84fa94-04c1-424b-9868-57a2d4851a1d" />
    <TestEntry testId="a1294d06-7eb4-9936-43a9-e6dc65d4cf9c" executionId="dd95ad1b-2c11-4916-b2cf-f4f58a3b99ff" testListId="8c84fa94-04c1-424b-9868-57a2d4851a1d" />
    <TestEntry testId="1a882987-184d-9b4b-13c4-9582d56028c1" executionId="4e227b0a-c54b-4f5e-b05f-7ea7004b42de" testListId="8c84fa94-04c1-424b-9868-57a2d4851a1d" />
    <TestEntry testId="e56a46cd-6e7b-7362-63ca-10db6895a1ef" executionId="748fedf2-cac5-43f4-9a20-3523ca922588" testListId="8c84fa94-04c1-424b-9868-57a2d4851a1d" />
  </TestEntries>
  <TestLists>
    <TestList name="Results Not in a List" id="8c84fa94-04c1-424b-9868-57a2d4851a1d" />
    <TestList name="All Loaded Results" id="19431567-8539-422a-85d7-44ee4e166bda" />
  </TestLists>
  <ResultSummary outcome="Failed">
    <Counters total="63" executed="63" passed="50" failed="13" error="0" timeout="0" aborted="0" inconclusive="0" passedButRunAborted="0" notRunnable="0" notExecuted="0" disconnected="0" warning="0" completed="0" inProgress="0" pending="0" />
  </ResultSummary>
</TestRun>